#
# There is insufficient memory for the Java Runtime Environment to continue.
# Native memory allocation (mmap) failed to map 94371840 bytes for G1 virtual space
# Possible reasons:
#   The system is out of physical RAM or swap space
#   The process is running with CompressedOops enabled, and the Java Heap may be blocking the growth of the native heap
# Possible solutions:
#   Reduce memory load on the system
#   Increase physical memory or swap space
#   Check if swap backing store is full
#   Decrease Java heap size (-Xmx/-Xms)
#   Decrease number of Java threads
#   Decrease Java thread stack sizes (-Xss)
#   Set larger code cache with -XX:ReservedCodeCacheSize=
#   JVM is running with Zero Based Compressed Oops mode in which the Java heap is
#     placed in the first 32GB address space. The Java Heap base address is the
#     maximum limit for the native heap growth. Please use -XX:HeapBaseMinAddress
#     to set the Java Heap base and to place the Java Heap above 32GB virtual address.
# This output file may be truncated or incomplete.
#
#  Out of Memory Error (./open/src/hotspot/os/windows/os_windows.cpp:3321), pid=11968, tid=24092
#
# JRE version: OpenJDK Runtime Environment (15.0.2+7) (build 15.0.2+7-27)
# Java VM: OpenJDK 64-Bit Server VM (15.0.2+7-27, mixed mode, tiered, compressed oops, g1 gc, windows-amd64)
# No core dump will be written. Minidumps are not enabled by default on client versions of Windows
#

---------------  S U M M A R Y ------------

Command Line: -ea -ea -Dfile.encoding=UTF-8 -XX:+ShowCodeDetailsInExceptionMessages org.eclipse.jdt.internal.junit.runner.RemoteTestRunner -version 3 -port 64913 -testLoaderClass org.eclipse.jdt.internal.junit4.runner.JUnit4TestLoader -loaderpluginname org.eclipse.jdt.junit4.runtime -classNames Werkzeuge.AlphaBetaCyborgSpeedTest

Host: Intel(R) Core(TM) i5-9400 CPU @ 2.90GHz, 6 cores, 15G,  Windows 10 , 64 bit Build 19041 (10.0.19041.1151)
Time: Sat Aug 21 16:48:44 2021 W. Europe Summer Time elapsed time: 6.198407 seconds (0d 0h 0m 6s)

---------------  T H R E A D  ---------------

Current thread (0x000001de3a39e420):  VMThread "VM Thread" [stack: 0x00000099a2500000,0x00000099a2600000] [id=24092]

Stack: [0x00000099a2500000,0x00000099a2600000]
[error occurred during error reporting (printing stack bounds), id 0xc0000005, EXCEPTION_ACCESS_VIOLATION (0xc0000005) at pc=0x000001de1f2b10ad]

Native frames: (J=compiled Java code, j=interpreted, Vv=VM code, C=native code)
V  [jvm.dll+0x62ae9a]
V  [jvm.dll+0x7817a9]
V  [jvm.dll+0x782f03]
V  [jvm.dll+0x7834c5]
V  [jvm.dll+0x78347b]
V  [jvm.dll+0x62a2b9]
V  [jvm.dll+0x62aa88]
C  [ntdll.dll+0xa217f]
C  [ntdll.dll+0x51454]
C  [ntdll.dll+0xa0cae]
C  0x000001de1f2b10ad

VM_Operation (0x00000099a1ffd390): G1CollectForAllocation, mode: safepoint, requested by thread 0x000001de1b899050


---------------  P R O C E S S  ---------------

Threads class SMR info:
_java_thread_list=0x000001de3b42fe70, length=12, elements={
0x000001de1b899050, 0x000001de3a39e840, 0x000001de3ac0b400, 0x000001de3ac31000,
0x000001de3ac358e0, 0x000001de3abf3720, 0x000001de3abf5320, 0x000001de3abf9120,
0x000001de3ac3ddc0, 0x000001de3ad9bb60, 0x000001de3add18e0, 0x000001de3b2042d0
}

Java Threads: ( => current thread )
  0x000001de1b899050 JavaThread "main" [_thread_blocked, id=22272, stack(0x00000099a1f00000,0x00000099a2000000)]
  0x000001de3a39e840 JavaThread "Reference Handler" daemon [_thread_blocked, id=20592, stack(0x00000099a2600000,0x00000099a2700000)]
  0x000001de3ac0b400 JavaThread "Finalizer" daemon [_thread_blocked, id=21936, stack(0x00000099a2700000,0x00000099a2800000)]
  0x000001de3ac31000 JavaThread "Signal Dispatcher" daemon [_thread_blocked, id=24704, stack(0x00000099a2800000,0x00000099a2900000)]
  0x000001de3ac358e0 JavaThread "Attach Listener" daemon [_thread_blocked, id=24744, stack(0x00000099a2900000,0x00000099a2a00000)]
  0x000001de3abf3720 JavaThread "Service Thread" daemon [_thread_blocked, id=24008, stack(0x00000099a2a00000,0x00000099a2b00000)]
  0x000001de3abf5320 JavaThread "C2 CompilerThread0" daemon [_thread_blocked, id=19676, stack(0x00000099a2b00000,0x00000099a2c00000)]
  0x000001de3abf9120 JavaThread "C1 CompilerThread0" daemon [_thread_blocked, id=25508, stack(0x00000099a2c00000,0x00000099a2d00000)]
  0x000001de3ac3ddc0 JavaThread "Sweeper thread" daemon [_thread_blocked, id=23216, stack(0x00000099a2d00000,0x00000099a2e00000)]
  0x000001de3ad9bb60 JavaThread "Notification Thread" daemon [_thread_blocked, id=25436, stack(0x00000099a2e00000,0x00000099a2f00000)]
  0x000001de3add18e0 JavaThread "Common-Cleaner" daemon [_thread_blocked, id=24848, stack(0x00000099a3000000,0x00000099a3100000)]
  0x000001de3b2042d0 JavaThread "ReaderThread" [_thread_in_native, id=23060, stack(0x00000099a3200000,0x00000099a3300000)]

Other Threads:
=>0x000001de3a39e420 VMThread "VM Thread" [stack: 0x00000099a2500000,0x00000099a2600000] [id=24092]
  0x000001de3ad9c030 WatcherThread [stack: 0x00000099a2f00000,0x00000099a3000000] [id=20132]
  0x000001de1b8e32f0 GCTaskThread "GC Thread#0" [stack: 0x00000099a2000000,0x00000099a2100000] [id=848]
  0x000001de3ae1e380 GCTaskThread "GC Thread#1" [stack: 0x00000099a3300000,0x00000099a3400000] [id=15116]
  0x000001de3ae1e6b0 GCTaskThread "GC Thread#2" [stack: 0x00000099a3400000,0x00000099a3500000] [id=8940]
  0x000001de3ae20030 GCTaskThread "GC Thread#3" [stack: 0x00000099a3500000,0x00000099a3600000] [id=23820]
  0x000001de3ae20360 GCTaskThread "GC Thread#4" [stack: 0x00000099a3600000,0x00000099a3700000] [id=8124]
  0x000001de3ae1fd00 GCTaskThread "GC Thread#5" [stack: 0x00000099a3700000,0x00000099a3800000] [id=25440]
  0x000001de1b8f5330 ConcurrentGCThread "G1 Main Marker" [stack: 0x00000099a2100000,0x00000099a2200000] [id=23496]
  0x000001de1b8f65d0 ConcurrentGCThread "G1 Conc#0" [stack: 0x00000099a2200000,0x00000099a2300000] [id=240]
  0x000001de3a2020c0 ConcurrentGCThread "G1 Refine#0" [stack: 0x00000099a2300000,0x00000099a2400000] [id=15232]
  0x000001de3a203a80 ConcurrentGCThread "G1 Young RemSet Sampling" [stack: 0x00000099a2400000,0x00000099a2500000] [id=20004]

Threads with active compile tasks:

VM state: at safepoint (normal execution)

VM Mutex/Monitor currently owned by a thread:  ([mutex/lock_event])
[0x000001de1b895310] Threads_lock - owner thread: 0x000001de3a39e420
[0x000001de1b894500] Heap_lock - owner thread: 0x000001de1b899050

Heap address: 0x0000000701200000, size: 4078 MB, Compressed Oops mode: Zero based, Oop shift amount: 3
CDS disabled.
Compressed class space mapped at: 0x0000000800000000-0x0000000840000000, size: 1073741824
Narrow klass base: 0x0000000800000000, Narrow klass shift: 0, Narrow klass range: 0x40000000

GC Precious Log:
 CPUs: 6 total, 6 available
 Memory: 16310M
 Large Page Support: Disabled
 NUMA Support: Disabled
 Compressed Oops: Enabled (Zero based)
 Heap Region Size: 2M
 Heap Min Capacity: 8M
 Heap Initial Capacity: 256M
 Heap Max Capacity: 4078M
 Pre-touch: Disabled
 Parallel Workers: 6
 Concurrent Workers: 2
 Concurrent Refinement Workers: 6
 Periodic GC: Disabled

Heap:
 garbage-first heap   total 546816K, used 8487K [0x0000000701200000, 0x0000000800000000)
  region size 2048K, 2 young (4096K), 2 survivors (4096K)
 Metaspace       used 11420K, capacity 11541K, committed 11648K, reserved 1060864K
  class space    used 1033K, capacity 1053K, committed 1152K, reserved 1048576K

Heap Regions: E=young(eden), S=young(survivor), O=old, HS=humongous(starts), HC=humongous(continues), CS=collection set, F=free, OA=open archive, CA=closed archive, TAMS=top-at-mark-start (previous, next)
|   0|0x0000000701200000, 0x0000000701400000, 0x0000000701400000|100%| O|  |TAMS 0x0000000701200000, 0x0000000701200000| Untracked 
|   1|0x0000000701400000, 0x0000000701600000, 0x0000000701600000|100%| O|  |TAMS 0x0000000701400000, 0x0000000701400000| Untracked 
|   2|0x0000000701600000, 0x0000000701774000, 0x0000000701800000| 72%| O|  |TAMS 0x0000000701600000, 0x0000000701600000| Untracked 
|   3|0x0000000701800000, 0x0000000701800000, 0x0000000701a00000|  0%| F|  |TAMS 0x0000000701800000, 0x0000000701800000| Untracked 
|   4|0x0000000701a00000, 0x0000000701a00000, 0x0000000701c00000|  0%| F|  |TAMS 0x0000000701a00000, 0x0000000701a00000| Untracked 
|   5|0x0000000701c00000, 0x0000000701c00000, 0x0000000701e00000|  0%| F|  |TAMS 0x0000000701c00000, 0x0000000701c00000| Untracked 
|   6|0x0000000701e00000, 0x0000000701e00000, 0x0000000702000000|  0%| F|  |TAMS 0x0000000701e00000, 0x0000000701e00000| Untracked 
|   7|0x0000000702000000, 0x0000000702000000, 0x0000000702200000|  0%| F|  |TAMS 0x0000000702000000, 0x0000000702000000| Untracked 
|   8|0x0000000702200000, 0x0000000702200000, 0x0000000702400000|  0%| F|  |TAMS 0x0000000702200000, 0x0000000702200000| Untracked 
|   9|0x0000000702400000, 0x0000000702400000, 0x0000000702600000|  0%| F|  |TAMS 0x0000000702400000, 0x0000000702400000| Untracked 
|  10|0x0000000702600000, 0x0000000702600000, 0x0000000702800000|  0%| F|  |TAMS 0x0000000702600000, 0x0000000702600000| Untracked 
|  11|0x0000000702800000, 0x0000000702800000, 0x0000000702a00000|  0%| F|  |TAMS 0x0000000702800000, 0x0000000702800000| Untracked 
|  12|0x0000000702a00000, 0x0000000702a00000, 0x0000000702c00000|  0%| F|  |TAMS 0x0000000702a00000, 0x0000000702a00000| Untracked 
|  13|0x0000000702c00000, 0x0000000702c00000, 0x0000000702e00000|  0%| F|  |TAMS 0x0000000702c00000, 0x0000000702c00000| Untracked 
|  14|0x0000000702e00000, 0x0000000702e00000, 0x0000000703000000|  0%| F|  |TAMS 0x0000000702e00000, 0x0000000702e00000| Untracked 
|  15|0x0000000703000000, 0x0000000703000000, 0x0000000703200000|  0%| F|  |TAMS 0x0000000703000000, 0x0000000703000000| Untracked 
|  16|0x0000000703200000, 0x0000000703200000, 0x0000000703400000|  0%| F|  |TAMS 0x0000000703200000, 0x0000000703200000| Untracked 
|  17|0x0000000703400000, 0x0000000703400000, 0x0000000703600000|  0%| F|  |TAMS 0x0000000703400000, 0x0000000703400000| Untracked 
|  18|0x0000000703600000, 0x0000000703600000, 0x0000000703800000|  0%| F|  |TAMS 0x0000000703600000, 0x0000000703600000| Untracked 
|  19|0x0000000703800000, 0x0000000703800000, 0x0000000703a00000|  0%| F|  |TAMS 0x0000000703800000, 0x0000000703800000| Untracked 
|  20|0x0000000703a00000, 0x0000000703a00000, 0x0000000703c00000|  0%| F|  |TAMS 0x0000000703a00000, 0x0000000703a00000| Untracked 
|  21|0x0000000703c00000, 0x0000000703c00000, 0x0000000703e00000|  0%| F|  |TAMS 0x0000000703c00000, 0x0000000703c00000| Untracked 
|  22|0x0000000703e00000, 0x0000000703e00000, 0x0000000704000000|  0%| F|  |TAMS 0x0000000703e00000, 0x0000000703e00000| Untracked 
|  23|0x0000000704000000, 0x0000000704000000, 0x0000000704200000|  0%| F|  |TAMS 0x0000000704000000, 0x0000000704000000| Untracked 
|  24|0x0000000704200000, 0x0000000704200000, 0x0000000704400000|  0%| F|  |TAMS 0x0000000704200000, 0x0000000704200000| Untracked 
|  25|0x0000000704400000, 0x0000000704400000, 0x0000000704600000|  0%| F|  |TAMS 0x0000000704400000, 0x0000000704400000| Untracked 
|  26|0x0000000704600000, 0x0000000704600000, 0x0000000704800000|  0%| F|  |TAMS 0x0000000704600000, 0x0000000704600000| Untracked 
|  27|0x0000000704800000, 0x0000000704800000, 0x0000000704a00000|  0%| F|  |TAMS 0x0000000704800000, 0x0000000704800000| Untracked 
|  28|0x0000000704a00000, 0x0000000704a00000, 0x0000000704c00000|  0%| F|  |TAMS 0x0000000704a00000, 0x0000000704a00000| Untracked 
|  29|0x0000000704c00000, 0x0000000704c00000, 0x0000000704e00000|  0%| F|  |TAMS 0x0000000704c00000, 0x0000000704c00000| Untracked 
|  30|0x0000000704e00000, 0x0000000704e00000, 0x0000000705000000|  0%| F|  |TAMS 0x0000000704e00000, 0x0000000704e00000| Untracked 
|  31|0x0000000705000000, 0x0000000705000000, 0x0000000705200000|  0%| F|  |TAMS 0x0000000705000000, 0x0000000705000000| Untracked 
|  32|0x0000000705200000, 0x0000000705200000, 0x0000000705400000|  0%| F|  |TAMS 0x0000000705200000, 0x0000000705200000| Untracked 
|  33|0x0000000705400000, 0x0000000705400000, 0x0000000705600000|  0%| F|  |TAMS 0x0000000705400000, 0x0000000705400000| Untracked 
|  34|0x0000000705600000, 0x0000000705600000, 0x0000000705800000|  0%| F|  |TAMS 0x0000000705600000, 0x0000000705600000| Untracked 
|  35|0x0000000705800000, 0x0000000705800000, 0x0000000705a00000|  0%| F|  |TAMS 0x0000000705800000, 0x0000000705800000| Untracked 
|  36|0x0000000705a00000, 0x0000000705a00000, 0x0000000705c00000|  0%| F|  |TAMS 0x0000000705a00000, 0x0000000705a00000| Untracked 
|  37|0x0000000705c00000, 0x0000000705c00000, 0x0000000705e00000|  0%| F|  |TAMS 0x0000000705c00000, 0x0000000705c00000| Untracked 
|  38|0x0000000705e00000, 0x0000000705e00000, 0x0000000706000000|  0%| F|  |TAMS 0x0000000705e00000, 0x0000000705e00000| Untracked 
|  39|0x0000000706000000, 0x0000000706000000, 0x0000000706200000|  0%| F|  |TAMS 0x0000000706000000, 0x0000000706000000| Untracked 
|  40|0x0000000706200000, 0x0000000706200000, 0x0000000706400000|  0%| F|  |TAMS 0x0000000706200000, 0x0000000706200000| Untracked 
|  41|0x0000000706400000, 0x0000000706400000, 0x0000000706600000|  0%| F|  |TAMS 0x0000000706400000, 0x0000000706400000| Untracked 
|  42|0x0000000706600000, 0x0000000706600000, 0x0000000706800000|  0%| F|  |TAMS 0x0000000706600000, 0x0000000706600000| Untracked 
|  43|0x0000000706800000, 0x0000000706800000, 0x0000000706a00000|  0%| F|  |TAMS 0x0000000706800000, 0x0000000706800000| Untracked 
|  44|0x0000000706a00000, 0x0000000706a00000, 0x0000000706c00000|  0%| F|  |TAMS 0x0000000706a00000, 0x0000000706a00000| Untracked 
|  45|0x0000000706c00000, 0x0000000706c00000, 0x0000000706e00000|  0%| F|  |TAMS 0x0000000706c00000, 0x0000000706c00000| Untracked 
|  46|0x0000000706e00000, 0x0000000706e00000, 0x0000000707000000|  0%| F|  |TAMS 0x0000000706e00000, 0x0000000706e00000| Untracked 
|  47|0x0000000707000000, 0x0000000707000000, 0x0000000707200000|  0%| F|  |TAMS 0x0000000707000000, 0x0000000707000000| Untracked 
|  48|0x0000000707200000, 0x0000000707200000, 0x0000000707400000|  0%| F|  |TAMS 0x0000000707200000, 0x0000000707200000| Untracked 
|  49|0x0000000707400000, 0x0000000707400000, 0x0000000707600000|  0%| F|  |TAMS 0x0000000707400000, 0x0000000707400000| Untracked 
|  50|0x0000000707600000, 0x0000000707600000, 0x0000000707800000|  0%| F|  |TAMS 0x0000000707600000, 0x0000000707600000| Untracked 
|  51|0x0000000707800000, 0x0000000707800000, 0x0000000707a00000|  0%| F|  |TAMS 0x0000000707800000, 0x0000000707800000| Untracked 
|  52|0x0000000707a00000, 0x0000000707a00000, 0x0000000707c00000|  0%| F|  |TAMS 0x0000000707a00000, 0x0000000707a00000| Untracked 
|  53|0x0000000707c00000, 0x0000000707c00000, 0x0000000707e00000|  0%| F|  |TAMS 0x0000000707c00000, 0x0000000707c00000| Untracked 
|  54|0x0000000707e00000, 0x0000000707e00000, 0x0000000708000000|  0%| F|  |TAMS 0x0000000707e00000, 0x0000000707e00000| Untracked 
|  55|0x0000000708000000, 0x0000000708000000, 0x0000000708200000|  0%| F|  |TAMS 0x0000000708000000, 0x0000000708000000| Untracked 
|  56|0x0000000708200000, 0x0000000708200000, 0x0000000708400000|  0%| F|  |TAMS 0x0000000708200000, 0x0000000708200000| Untracked 
|  57|0x0000000708400000, 0x0000000708400000, 0x0000000708600000|  0%| F|  |TAMS 0x0000000708400000, 0x0000000708400000| Untracked 
|  58|0x0000000708600000, 0x0000000708600000, 0x0000000708800000|  0%| F|  |TAMS 0x0000000708600000, 0x0000000708600000| Untracked 
|  59|0x0000000708800000, 0x0000000708800000, 0x0000000708a00000|  0%| F|  |TAMS 0x0000000708800000, 0x0000000708800000| Untracked 
|  60|0x0000000708a00000, 0x0000000708a00000, 0x0000000708c00000|  0%| F|  |TAMS 0x0000000708a00000, 0x0000000708a00000| Untracked 
|  61|0x0000000708c00000, 0x0000000708c00000, 0x0000000708e00000|  0%| F|  |TAMS 0x0000000708c00000, 0x0000000708c00000| Untracked 
|  62|0x0000000708e00000, 0x0000000708e00000, 0x0000000709000000|  0%| F|  |TAMS 0x0000000708e00000, 0x0000000708e00000| Untracked 
|  63|0x0000000709000000, 0x0000000709000000, 0x0000000709200000|  0%| F|  |TAMS 0x0000000709000000, 0x0000000709000000| Untracked 
|  64|0x0000000709200000, 0x0000000709200000, 0x0000000709400000|  0%| F|  |TAMS 0x0000000709200000, 0x0000000709200000| Untracked 
|  65|0x0000000709400000, 0x0000000709400000, 0x0000000709600000|  0%| F|  |TAMS 0x0000000709400000, 0x0000000709400000| Untracked 
|  66|0x0000000709600000, 0x0000000709600000, 0x0000000709800000|  0%| F|  |TAMS 0x0000000709600000, 0x0000000709600000| Untracked 
|  67|0x0000000709800000, 0x0000000709800000, 0x0000000709a00000|  0%| F|  |TAMS 0x0000000709800000, 0x0000000709800000| Untracked 
|  68|0x0000000709a00000, 0x0000000709a00000, 0x0000000709c00000|  0%| F|  |TAMS 0x0000000709a00000, 0x0000000709a00000| Untracked 
|  69|0x0000000709c00000, 0x0000000709c00000, 0x0000000709e00000|  0%| F|  |TAMS 0x0000000709c00000, 0x0000000709c00000| Untracked 
|  70|0x0000000709e00000, 0x0000000709e00000, 0x000000070a000000|  0%| F|  |TAMS 0x0000000709e00000, 0x0000000709e00000| Untracked 
|  71|0x000000070a000000, 0x000000070a000000, 0x000000070a200000|  0%| F|  |TAMS 0x000000070a000000, 0x000000070a000000| Untracked 
|  72|0x000000070a200000, 0x000000070a200000, 0x000000070a400000|  0%| F|  |TAMS 0x000000070a200000, 0x000000070a200000| Untracked 
|  73|0x000000070a400000, 0x000000070a400000, 0x000000070a600000|  0%| F|  |TAMS 0x000000070a400000, 0x000000070a400000| Untracked 
|  74|0x000000070a600000, 0x000000070a600000, 0x000000070a800000|  0%| F|  |TAMS 0x000000070a600000, 0x000000070a600000| Untracked 
|  75|0x000000070a800000, 0x000000070a800000, 0x000000070aa00000|  0%| F|  |TAMS 0x000000070a800000, 0x000000070a800000| Untracked 
|  76|0x000000070aa00000, 0x000000070aa00000, 0x000000070ac00000|  0%| F|  |TAMS 0x000000070aa00000, 0x000000070aa00000| Untracked 
|  77|0x000000070ac00000, 0x000000070ac00000, 0x000000070ae00000|  0%| F|  |TAMS 0x000000070ac00000, 0x000000070ac00000| Untracked 
|  78|0x000000070ae00000, 0x000000070ae00000, 0x000000070b000000|  0%| F|  |TAMS 0x000000070ae00000, 0x000000070ae00000| Untracked 
|  79|0x000000070b000000, 0x000000070b000000, 0x000000070b200000|  0%| F|  |TAMS 0x000000070b000000, 0x000000070b000000| Untracked 
|  80|0x000000070b200000, 0x000000070b200000, 0x000000070b400000|  0%| F|  |TAMS 0x000000070b200000, 0x000000070b200000| Untracked 
|  81|0x000000070b400000, 0x000000070b400000, 0x000000070b600000|  0%| F|  |TAMS 0x000000070b400000, 0x000000070b400000| Untracked 
|  82|0x000000070b600000, 0x000000070b600000, 0x000000070b800000|  0%| F|  |TAMS 0x000000070b600000, 0x000000070b600000| Untracked 
|  83|0x000000070b800000, 0x000000070b800000, 0x000000070ba00000|  0%| F|  |TAMS 0x000000070b800000, 0x000000070b800000| Untracked 
|  84|0x000000070ba00000, 0x000000070ba00000, 0x000000070bc00000|  0%| F|  |TAMS 0x000000070ba00000, 0x000000070ba00000| Untracked 
|  85|0x000000070bc00000, 0x000000070bc00000, 0x000000070be00000|  0%| F|  |TAMS 0x000000070bc00000, 0x000000070bc00000| Untracked 
|  86|0x000000070be00000, 0x000000070be00000, 0x000000070c000000|  0%| F|  |TAMS 0x000000070be00000, 0x000000070be00000| Untracked 
|  87|0x000000070c000000, 0x000000070c0d5e70, 0x000000070c200000| 41%| S|CS|TAMS 0x000000070c000000, 0x000000070c000000| Complete 
|  88|0x000000070c200000, 0x000000070c400000, 0x000000070c400000|100%| S|CS|TAMS 0x000000070c200000, 0x000000070c200000| Complete 
|  89|0x000000070c400000, 0x000000070c400000, 0x000000070c600000|  0%| F|  |TAMS 0x000000070c400000, 0x000000070c400000| Untracked 
|  90|0x000000070c600000, 0x000000070c600000, 0x000000070c800000|  0%| F|  |TAMS 0x000000070c600000, 0x000000070c600000| Untracked 
|  91|0x000000070c800000, 0x000000070c800000, 0x000000070ca00000|  0%| F|  |TAMS 0x000000070c800000, 0x000000070c800000| Untracked 
|  92|0x000000070ca00000, 0x000000070ca00000, 0x000000070cc00000|  0%| F|  |TAMS 0x000000070ca00000, 0x000000070ca00000| Untracked 
|  93|0x000000070cc00000, 0x000000070cc00000, 0x000000070ce00000|  0%| F|  |TAMS 0x000000070cc00000, 0x000000070cc00000| Untracked 
|  94|0x000000070ce00000, 0x000000070ce00000, 0x000000070d000000|  0%| F|  |TAMS 0x000000070ce00000, 0x000000070ce00000| Untracked 
|  95|0x000000070d000000, 0x000000070d000000, 0x000000070d200000|  0%| F|  |TAMS 0x000000070d000000, 0x000000070d000000| Untracked 
|  96|0x000000070d200000, 0x000000070d200000, 0x000000070d400000|  0%| F|  |TAMS 0x000000070d200000, 0x000000070d200000| Untracked 
|  97|0x000000070d400000, 0x000000070d400000, 0x000000070d600000|  0%| F|  |TAMS 0x000000070d400000, 0x000000070d400000| Untracked 
|  98|0x000000070d600000, 0x000000070d600000, 0x000000070d800000|  0%| F|  |TAMS 0x000000070d600000, 0x000000070d600000| Untracked 
|  99|0x000000070d800000, 0x000000070d800000, 0x000000070da00000|  0%| F|  |TAMS 0x000000070d800000, 0x000000070d800000| Untracked 
| 100|0x000000070da00000, 0x000000070da00000, 0x000000070dc00000|  0%| F|  |TAMS 0x000000070da00000, 0x000000070da00000| Untracked 
| 101|0x000000070dc00000, 0x000000070dc00000, 0x000000070de00000|  0%| F|  |TAMS 0x000000070dc00000, 0x000000070dc00000| Untracked 
| 102|0x000000070de00000, 0x000000070de00000, 0x000000070e000000|  0%| F|  |TAMS 0x000000070de00000, 0x000000070de00000| Untracked 
| 103|0x000000070e000000, 0x000000070e000000, 0x000000070e200000|  0%| F|  |TAMS 0x000000070e000000, 0x000000070e000000| Untracked 
| 104|0x000000070e200000, 0x000000070e200000, 0x000000070e400000|  0%| F|  |TAMS 0x000000070e200000, 0x000000070e200000| Untracked 
| 105|0x000000070e400000, 0x000000070e400000, 0x000000070e600000|  0%| F|  |TAMS 0x000000070e400000, 0x000000070e400000| Untracked 
| 106|0x000000070e600000, 0x000000070e600000, 0x000000070e800000|  0%| F|  |TAMS 0x000000070e600000, 0x000000070e600000| Untracked 
| 107|0x000000070e800000, 0x000000070e800000, 0x000000070ea00000|  0%| F|  |TAMS 0x000000070e800000, 0x000000070e800000| Untracked 
| 108|0x000000070ea00000, 0x000000070ea00000, 0x000000070ec00000|  0%| F|  |TAMS 0x000000070ea00000, 0x000000070ea00000| Untracked 
| 109|0x000000070ec00000, 0x000000070ec00000, 0x000000070ee00000|  0%| F|  |TAMS 0x000000070ec00000, 0x000000070ec00000| Untracked 
| 110|0x000000070ee00000, 0x000000070ee00000, 0x000000070f000000|  0%| F|  |TAMS 0x000000070ee00000, 0x000000070ee00000| Untracked 
| 111|0x000000070f000000, 0x000000070f000000, 0x000000070f200000|  0%| F|  |TAMS 0x000000070f000000, 0x000000070f000000| Untracked 
| 112|0x000000070f200000, 0x000000070f200000, 0x000000070f400000|  0%| F|  |TAMS 0x000000070f200000, 0x000000070f200000| Untracked 
| 113|0x000000070f400000, 0x000000070f400000, 0x000000070f600000|  0%| F|  |TAMS 0x000000070f400000, 0x000000070f400000| Untracked 
| 114|0x000000070f600000, 0x000000070f600000, 0x000000070f800000|  0%| F|  |TAMS 0x000000070f600000, 0x000000070f600000| Untracked 
| 115|0x000000070f800000, 0x000000070f800000, 0x000000070fa00000|  0%| F|  |TAMS 0x000000070f800000, 0x000000070f800000| Untracked 
| 116|0x000000070fa00000, 0x000000070fa00000, 0x000000070fc00000|  0%| F|  |TAMS 0x000000070fa00000, 0x000000070fa00000| Untracked 
| 117|0x000000070fc00000, 0x000000070fc00000, 0x000000070fe00000|  0%| F|  |TAMS 0x000000070fc00000, 0x000000070fc00000| Untracked 
| 118|0x000000070fe00000, 0x000000070fe00000, 0x0000000710000000|  0%| F|  |TAMS 0x000000070fe00000, 0x000000070fe00000| Untracked 
| 119|0x0000000710000000, 0x0000000710000000, 0x0000000710200000|  0%| F|  |TAMS 0x0000000710000000, 0x0000000710000000| Untracked 
| 120|0x0000000710200000, 0x0000000710200000, 0x0000000710400000|  0%| F|  |TAMS 0x0000000710200000, 0x0000000710200000| Untracked 
| 121|0x0000000710400000, 0x0000000710400000, 0x0000000710600000|  0%| F|  |TAMS 0x0000000710400000, 0x0000000710400000| Untracked 
| 122|0x0000000710600000, 0x0000000710600000, 0x0000000710800000|  0%| F|  |TAMS 0x0000000710600000, 0x0000000710600000| Untracked 
| 123|0x0000000710800000, 0x0000000710800000, 0x0000000710a00000|  0%| F|  |TAMS 0x0000000710800000, 0x0000000710800000| Untracked 
| 124|0x0000000710a00000, 0x0000000710a00000, 0x0000000710c00000|  0%| F|  |TAMS 0x0000000710a00000, 0x0000000710a00000| Untracked 
| 125|0x0000000710c00000, 0x0000000710c00000, 0x0000000710e00000|  0%| F|  |TAMS 0x0000000710c00000, 0x0000000710c00000| Untracked 
| 126|0x0000000710e00000, 0x0000000710e00000, 0x0000000711000000|  0%| F|  |TAMS 0x0000000710e00000, 0x0000000710e00000| Untracked 
| 127|0x0000000711000000, 0x0000000711000000, 0x0000000711200000|  0%| F|  |TAMS 0x0000000711000000, 0x0000000711000000| Untracked 
| 128|0x0000000711200000, 0x0000000711200000, 0x0000000711400000|  0%| F|  |TAMS 0x0000000711200000, 0x0000000711200000| Untracked 
| 129|0x0000000711400000, 0x0000000711400000, 0x0000000711600000|  0%| F|  |TAMS 0x0000000711400000, 0x0000000711400000| Untracked 
| 130|0x0000000711600000, 0x0000000711600000, 0x0000000711800000|  0%| F|  |TAMS 0x0000000711600000, 0x0000000711600000| Untracked 
| 131|0x0000000711800000, 0x0000000711800000, 0x0000000711a00000|  0%| F|  |TAMS 0x0000000711800000, 0x0000000711800000| Untracked 
| 132|0x0000000711a00000, 0x0000000711a00000, 0x0000000711c00000|  0%| F|  |TAMS 0x0000000711a00000, 0x0000000711a00000| Untracked 
| 133|0x0000000711c00000, 0x0000000711c00000, 0x0000000711e00000|  0%| F|  |TAMS 0x0000000711c00000, 0x0000000711c00000| Untracked 
| 134|0x0000000711e00000, 0x0000000711e00000, 0x0000000712000000|  0%| F|  |TAMS 0x0000000711e00000, 0x0000000711e00000| Untracked 
| 135|0x0000000712000000, 0x0000000712000000, 0x0000000712200000|  0%| F|  |TAMS 0x0000000712000000, 0x0000000712000000| Untracked 
| 136|0x0000000712200000, 0x0000000712200000, 0x0000000712400000|  0%| F|  |TAMS 0x0000000712200000, 0x0000000712200000| Untracked 
| 137|0x0000000712400000, 0x0000000712400000, 0x0000000712600000|  0%| F|  |TAMS 0x0000000712400000, 0x0000000712400000| Untracked 
| 138|0x0000000712600000, 0x0000000712600000, 0x0000000712800000|  0%| F|  |TAMS 0x0000000712600000, 0x0000000712600000| Untracked 
| 139|0x0000000712800000, 0x0000000712800000, 0x0000000712a00000|  0%| F|  |TAMS 0x0000000712800000, 0x0000000712800000| Untracked 
| 140|0x0000000712a00000, 0x0000000712a00000, 0x0000000712c00000|  0%| F|  |TAMS 0x0000000712a00000, 0x0000000712a00000| Untracked 
| 141|0x0000000712c00000, 0x0000000712c00000, 0x0000000712e00000|  0%| F|  |TAMS 0x0000000712c00000, 0x0000000712c00000| Untracked 
| 142|0x0000000712e00000, 0x0000000712e00000, 0x0000000713000000|  0%| F|  |TAMS 0x0000000712e00000, 0x0000000712e00000| Untracked 
| 143|0x0000000713000000, 0x0000000713000000, 0x0000000713200000|  0%| F|  |TAMS 0x0000000713000000, 0x0000000713000000| Untracked 
| 144|0x0000000713200000, 0x0000000713200000, 0x0000000713400000|  0%| F|  |TAMS 0x0000000713200000, 0x0000000713200000| Untracked 
| 145|0x0000000713400000, 0x0000000713400000, 0x0000000713600000|  0%| F|  |TAMS 0x0000000713400000, 0x0000000713400000| Untracked 
| 146|0x0000000713600000, 0x0000000713600000, 0x0000000713800000|  0%| F|  |TAMS 0x0000000713600000, 0x0000000713600000| Untracked 
| 147|0x0000000713800000, 0x0000000713800000, 0x0000000713a00000|  0%| F|  |TAMS 0x0000000713800000, 0x0000000713800000| Untracked 
| 148|0x0000000713a00000, 0x0000000713a00000, 0x0000000713c00000|  0%| F|  |TAMS 0x0000000713a00000, 0x0000000713a00000| Untracked 
| 149|0x0000000713c00000, 0x0000000713c00000, 0x0000000713e00000|  0%| F|  |TAMS 0x0000000713c00000, 0x0000000713c00000| Untracked 
| 150|0x0000000713e00000, 0x0000000713e00000, 0x0000000714000000|  0%| F|  |TAMS 0x0000000713e00000, 0x0000000713e00000| Untracked 
| 151|0x0000000714000000, 0x0000000714000000, 0x0000000714200000|  0%| F|  |TAMS 0x0000000714000000, 0x0000000714000000| Untracked 
| 152|0x0000000714200000, 0x0000000714200000, 0x0000000714400000|  0%| F|  |TAMS 0x0000000714200000, 0x0000000714200000| Untracked 
| 153|0x0000000714400000, 0x0000000714400000, 0x0000000714600000|  0%| F|  |TAMS 0x0000000714400000, 0x0000000714400000| Untracked 
| 154|0x0000000714600000, 0x0000000714600000, 0x0000000714800000|  0%| F|  |TAMS 0x0000000714600000, 0x0000000714600000| Untracked 
| 155|0x0000000714800000, 0x0000000714800000, 0x0000000714a00000|  0%| F|  |TAMS 0x0000000714800000, 0x0000000714800000| Untracked 
| 156|0x0000000714a00000, 0x0000000714a00000, 0x0000000714c00000|  0%| F|  |TAMS 0x0000000714a00000, 0x0000000714a00000| Untracked 
| 157|0x0000000714c00000, 0x0000000714c00000, 0x0000000714e00000|  0%| F|  |TAMS 0x0000000714c00000, 0x0000000714c00000| Untracked 
| 158|0x0000000714e00000, 0x0000000714e00000, 0x0000000715000000|  0%| F|  |TAMS 0x0000000714e00000, 0x0000000714e00000| Untracked 
| 159|0x0000000715000000, 0x0000000715000000, 0x0000000715200000|  0%| F|  |TAMS 0x0000000715000000, 0x0000000715000000| Untracked 
| 160|0x0000000715200000, 0x0000000715200000, 0x0000000715400000|  0%| F|  |TAMS 0x0000000715200000, 0x0000000715200000| Untracked 
| 161|0x0000000715400000, 0x0000000715400000, 0x0000000715600000|  0%| F|  |TAMS 0x0000000715400000, 0x0000000715400000| Untracked 
| 162|0x0000000715600000, 0x0000000715600000, 0x0000000715800000|  0%| F|  |TAMS 0x0000000715600000, 0x0000000715600000| Untracked 
| 163|0x0000000715800000, 0x0000000715800000, 0x0000000715a00000|  0%| F|  |TAMS 0x0000000715800000, 0x0000000715800000| Untracked 
| 164|0x0000000715a00000, 0x0000000715a00000, 0x0000000715c00000|  0%| F|  |TAMS 0x0000000715a00000, 0x0000000715a00000| Untracked 
| 165|0x0000000715c00000, 0x0000000715c00000, 0x0000000715e00000|  0%| F|  |TAMS 0x0000000715c00000, 0x0000000715c00000| Untracked 
| 166|0x0000000715e00000, 0x0000000715e00000, 0x0000000716000000|  0%| F|  |TAMS 0x0000000715e00000, 0x0000000715e00000| Untracked 
| 167|0x0000000716000000, 0x0000000716000000, 0x0000000716200000|  0%| F|  |TAMS 0x0000000716000000, 0x0000000716000000| Untracked 
| 168|0x0000000716200000, 0x0000000716200000, 0x0000000716400000|  0%| F|  |TAMS 0x0000000716200000, 0x0000000716200000| Untracked 
| 169|0x0000000716400000, 0x0000000716400000, 0x0000000716600000|  0%| F|  |TAMS 0x0000000716400000, 0x0000000716400000| Untracked 
| 170|0x0000000716600000, 0x0000000716600000, 0x0000000716800000|  0%| F|  |TAMS 0x0000000716600000, 0x0000000716600000| Untracked 
| 171|0x0000000716800000, 0x0000000716800000, 0x0000000716a00000|  0%| F|  |TAMS 0x0000000716800000, 0x0000000716800000| Untracked 
| 172|0x0000000716a00000, 0x0000000716a00000, 0x0000000716c00000|  0%| F|  |TAMS 0x0000000716a00000, 0x0000000716a00000| Untracked 
| 173|0x0000000716c00000, 0x0000000716c00000, 0x0000000716e00000|  0%| F|  |TAMS 0x0000000716c00000, 0x0000000716c00000| Untracked 
| 174|0x0000000716e00000, 0x0000000716e00000, 0x0000000717000000|  0%| F|  |TAMS 0x0000000716e00000, 0x0000000716e00000| Untracked 
| 175|0x0000000717000000, 0x0000000717000000, 0x0000000717200000|  0%| F|  |TAMS 0x0000000717000000, 0x0000000717000000| Untracked 
| 176|0x0000000717200000, 0x0000000717200000, 0x0000000717400000|  0%| F|  |TAMS 0x0000000717200000, 0x0000000717200000| Untracked 
| 177|0x0000000717400000, 0x0000000717400000, 0x0000000717600000|  0%| F|  |TAMS 0x0000000717400000, 0x0000000717400000| Untracked 
| 178|0x0000000717600000, 0x0000000717600000, 0x0000000717800000|  0%| F|  |TAMS 0x0000000717600000, 0x0000000717600000| Untracked 
| 179|0x0000000717800000, 0x0000000717800000, 0x0000000717a00000|  0%| F|  |TAMS 0x0000000717800000, 0x0000000717800000| Untracked 
| 180|0x0000000717a00000, 0x0000000717a00000, 0x0000000717c00000|  0%| F|  |TAMS 0x0000000717a00000, 0x0000000717a00000| Untracked 
| 181|0x0000000717c00000, 0x0000000717c00000, 0x0000000717e00000|  0%| F|  |TAMS 0x0000000717c00000, 0x0000000717c00000| Untracked 
| 182|0x0000000717e00000, 0x0000000717e00000, 0x0000000718000000|  0%| F|  |TAMS 0x0000000717e00000, 0x0000000717e00000| Untracked 
| 183|0x0000000718000000, 0x0000000718000000, 0x0000000718200000|  0%| F|  |TAMS 0x0000000718000000, 0x0000000718000000| Untracked 
| 184|0x0000000718200000, 0x0000000718200000, 0x0000000718400000|  0%| F|  |TAMS 0x0000000718200000, 0x0000000718200000| Untracked 
| 185|0x0000000718400000, 0x0000000718400000, 0x0000000718600000|  0%| F|  |TAMS 0x0000000718400000, 0x0000000718400000| Untracked 
| 186|0x0000000718600000, 0x0000000718600000, 0x0000000718800000|  0%| F|  |TAMS 0x0000000718600000, 0x0000000718600000| Untracked 
| 187|0x0000000718800000, 0x0000000718800000, 0x0000000718a00000|  0%| F|  |TAMS 0x0000000718800000, 0x0000000718800000| Untracked 
| 188|0x0000000718a00000, 0x0000000718a00000, 0x0000000718c00000|  0%| F|  |TAMS 0x0000000718a00000, 0x0000000718a00000| Untracked 
| 189|0x0000000718c00000, 0x0000000718c00000, 0x0000000718e00000|  0%| F|  |TAMS 0x0000000718c00000, 0x0000000718c00000| Untracked 
| 190|0x0000000718e00000, 0x0000000718e00000, 0x0000000719000000|  0%| F|  |TAMS 0x0000000718e00000, 0x0000000718e00000| Untracked 
| 191|0x0000000719000000, 0x0000000719000000, 0x0000000719200000|  0%| F|  |TAMS 0x0000000719000000, 0x0000000719000000| Untracked 
| 192|0x0000000719200000, 0x0000000719200000, 0x0000000719400000|  0%| F|  |TAMS 0x0000000719200000, 0x0000000719200000| Untracked 
| 193|0x0000000719400000, 0x0000000719400000, 0x0000000719600000|  0%| F|  |TAMS 0x0000000719400000, 0x0000000719400000| Untracked 
| 194|0x0000000719600000, 0x0000000719600000, 0x0000000719800000|  0%| F|  |TAMS 0x0000000719600000, 0x0000000719600000| Untracked 
| 195|0x0000000719800000, 0x0000000719800000, 0x0000000719a00000|  0%| F|  |TAMS 0x0000000719800000, 0x0000000719800000| Untracked 
| 196|0x0000000719a00000, 0x0000000719a00000, 0x0000000719c00000|  0%| F|  |TAMS 0x0000000719a00000, 0x0000000719a00000| Untracked 
| 197|0x0000000719c00000, 0x0000000719c00000, 0x0000000719e00000|  0%| F|  |TAMS 0x0000000719c00000, 0x0000000719c00000| Untracked 
| 198|0x0000000719e00000, 0x0000000719e00000, 0x000000071a000000|  0%| F|  |TAMS 0x0000000719e00000, 0x0000000719e00000| Untracked 
| 199|0x000000071a000000, 0x000000071a000000, 0x000000071a200000|  0%| F|  |TAMS 0x000000071a000000, 0x000000071a000000| Untracked 
| 200|0x000000071a200000, 0x000000071a200000, 0x000000071a400000|  0%| F|  |TAMS 0x000000071a200000, 0x000000071a200000| Untracked 
| 201|0x000000071a400000, 0x000000071a400000, 0x000000071a600000|  0%| F|  |TAMS 0x000000071a400000, 0x000000071a400000| Untracked 
| 202|0x000000071a600000, 0x000000071a600000, 0x000000071a800000|  0%| F|  |TAMS 0x000000071a600000, 0x000000071a600000| Untracked 
| 203|0x000000071a800000, 0x000000071a800000, 0x000000071aa00000|  0%| F|  |TAMS 0x000000071a800000, 0x000000071a800000| Untracked 
| 204|0x000000071aa00000, 0x000000071aa00000, 0x000000071ac00000|  0%| F|  |TAMS 0x000000071aa00000, 0x000000071aa00000| Untracked 
| 205|0x000000071ac00000, 0x000000071ac00000, 0x000000071ae00000|  0%| F|  |TAMS 0x000000071ac00000, 0x000000071ac00000| Untracked 
| 206|0x000000071ae00000, 0x000000071ae00000, 0x000000071b000000|  0%| F|  |TAMS 0x000000071ae00000, 0x000000071ae00000| Untracked 
| 207|0x000000071b000000, 0x000000071b000000, 0x000000071b200000|  0%| F|  |TAMS 0x000000071b000000, 0x000000071b000000| Untracked 
| 208|0x000000071b200000, 0x000000071b200000, 0x000000071b400000|  0%| F|  |TAMS 0x000000071b200000, 0x000000071b200000| Untracked 
| 209|0x000000071b400000, 0x000000071b400000, 0x000000071b600000|  0%| F|  |TAMS 0x000000071b400000, 0x000000071b400000| Untracked 
| 210|0x000000071b600000, 0x000000071b600000, 0x000000071b800000|  0%| F|  |TAMS 0x000000071b600000, 0x000000071b600000| Untracked 
| 211|0x000000071b800000, 0x000000071b800000, 0x000000071ba00000|  0%| F|  |TAMS 0x000000071b800000, 0x000000071b800000| Untracked 
| 212|0x000000071ba00000, 0x000000071ba00000, 0x000000071bc00000|  0%| F|  |TAMS 0x000000071ba00000, 0x000000071ba00000| Untracked 
| 213|0x000000071bc00000, 0x000000071bc00000, 0x000000071be00000|  0%| F|  |TAMS 0x000000071bc00000, 0x000000071bc00000| Untracked 
| 214|0x000000071be00000, 0x000000071be00000, 0x000000071c000000|  0%| F|  |TAMS 0x000000071be00000, 0x000000071be00000| Untracked 
| 215|0x000000071c000000, 0x000000071c000000, 0x000000071c200000|  0%| F|  |TAMS 0x000000071c000000, 0x000000071c000000| Untracked 
| 216|0x000000071c200000, 0x000000071c200000, 0x000000071c400000|  0%| F|  |TAMS 0x000000071c200000, 0x000000071c200000| Untracked 
| 217|0x000000071c400000, 0x000000071c400000, 0x000000071c600000|  0%| F|  |TAMS 0x000000071c400000, 0x000000071c400000| Untracked 
| 218|0x000000071c600000, 0x000000071c600000, 0x000000071c800000|  0%| F|  |TAMS 0x000000071c600000, 0x000000071c600000| Untracked 
| 219|0x000000071c800000, 0x000000071c800000, 0x000000071ca00000|  0%| F|  |TAMS 0x000000071c800000, 0x000000071c800000| Untracked 
| 220|0x000000071ca00000, 0x000000071ca00000, 0x000000071cc00000|  0%| F|  |TAMS 0x000000071ca00000, 0x000000071ca00000| Untracked 
| 221|0x000000071cc00000, 0x000000071cc00000, 0x000000071ce00000|  0%| F|  |TAMS 0x000000071cc00000, 0x000000071cc00000| Untracked 

Card table byte_map: [0x000001de2ebc0000,0x000001de2f3c0000] _byte_map_base: 0x000001de2b3b7000

Marking Bits (Prev, Next): (CMBitMap*) 0x000001de1b8e3a70, (CMBitMap*) 0x000001de1b8e3ab0
 Prev Bits: [0x000001de2fbc0000, 0x000001de33b78000)
 Next Bits: [0x000001de33b80000, 0x000001de37b38000)

Polling page: 0x000001de19840000

Metaspace:

Usage:
  Non-class:     10.24 MB capacity,    10.14 MB (>99%) used,    92.91 KB ( <1%) free+waste,     7.88 KB ( <1%) overhead. 
      Class:      1.03 MB capacity,     1.01 MB ( 98%) used,    17.41 KB (  2%) free+waste,     2.50 KB ( <1%) overhead. 
       Both:     11.27 MB capacity,    11.15 MB ( 99%) used,   110.32 KB ( <1%) free+waste,    10.38 KB ( <1%) overhead. 

Virtual space:
  Non-class space:       12.00 MB reserved,      10.25 MB ( 85%) committed 
      Class space:        1.00 GB reserved,       1.12 MB ( <1%) committed 
             Both:        1.01 GB reserved,      11.38 MB (  1%) committed 

Chunk freelists:
   Non-Class:  8.00 KB
       Class:  3.00 KB
        Both:  11.00 KB

MaxMetaspaceSize: 17179869184.00 GB
CompressedClassSpaceSize: 1.00 GB

CodeHeap 'non-profiled nmethods': size=120000Kb used=937Kb max_used=937Kb free=119062Kb
 bounds [0x000001de26d80000, 0x000001de26ff0000, 0x000001de2e2b0000]
CodeHeap 'profiled nmethods': size=120000Kb used=1979Kb max_used=1979Kb free=118020Kb
 bounds [0x000001de1f850000, 0x000001de1fac0000, 0x000001de26d80000]
CodeHeap 'non-nmethods': size=5760Kb used=1150Kb max_used=1189Kb free=4609Kb
 bounds [0x000001de1f2b0000, 0x000001de1f520000, 0x000001de1f850000]
 total_blobs=1303 nmethods=903 adapters=313
 compilation: enabled
              stopped_count=0, restarted_count=0
 full_count=0

Compilation events (20 events):
Event: 1.845 Thread 0x000001de3abf5320  895       4       Werkzeuge.AlphaBetaCyborg::max (390 bytes)
Event: 1.887 Thread 0x000001de3abf5320 nmethod 895 0x000001de26e54910 code [0x000001de26e54ca0, 0x000001de26e57358]
Event: 2.567 Thread 0x000001de3abf9120  896       3       Material.Position::makeMove (837 bytes)
Event: 2.569 Thread 0x000001de3abf9120 nmethod 896 0x000001de1fa29390 code [0x000001de1fa299a0, 0x000001de1fa2e8f8]
Event: 2.592 Thread 0x000001de3abf5320  897       4       Material.Position::makeMove (837 bytes)
Event: 2.673 Thread 0x000001de3abf5320 nmethod 897 0x000001de26e58910 code [0x000001de26e58ce0, 0x000001de26e5c0b8]
Event: 5.704 Thread 0x000001de3abf9120  898       3       Services.PositionCalc::getLegalFollowingPositions (368 bytes)
Event: 5.706 Thread 0x000001de3abf9120 nmethod 898 0x000001de1fa2fb90 code [0x000001de1fa30180, 0x000001de1fa34068]
Event: 5.725 Thread 0x000001de3abf9120  899       3       Material.Position::promotion (47 bytes)
Event: 5.725 Thread 0x000001de3abf9120 nmethod 899 0x000001de1fa35290 code [0x000001de1fa35480, 0x000001de1fa35a18]
Event: 5.769 Thread 0x000001de3abf5320  900       4       Services.PositionCalc::getLegalFollowingPositions (368 bytes)
Event: 5.807 Thread 0x000001de3abf5320 nmethod 900 0x000001de26e5e090 code [0x000001de26e5e3c0, 0x000001de26e602a8]
Event: 5.824 Thread 0x000001de3abf5320  901       4       java.util.ArrayList::iterator (9 bytes)
Event: 5.824 Thread 0x000001de3abf9120  902       3       Services.PositionCalc::getLegalFollowingPositions (368 bytes)
Event: 5.824 Thread 0x000001de3abf5320 nmethod 901 0x000001de26e61410 code [0x000001de26e615a0, 0x000001de26e61678]
Event: 5.826 Thread 0x000001de3abf9120 nmethod 902 0x000001de1fa35c10 code [0x000001de1fa36200, 0x000001de1fa3a0e8]
Event: 5.871 Thread 0x000001de3abf5320  903       4       Services.PositionCalc::getLegalFollowingPositions (368 bytes)
Event: 6.016 Thread 0x000001de3abf5320 nmethod 903 0x000001de26e61710 code [0x000001de26e61ba0, 0x000001de26e67e70]
Event: 6.191 Thread 0x000001de3abf9120  904       3       Werkzeuge.AlphaBetaCyborg::min (389 bytes)
Event: 6.192 Thread 0x000001de3abf9120 nmethod 904 0x000001de1fa3b310 code [0x000001de1fa3b800, 0x000001de1fa3e0d8]

GC Heap History (20 events):
Event: 5.149 GC heap after
{Heap after GC invocations=48 (full 0):
 garbage-first heap   total 454656K, used 6346K [0x0000000701200000, 0x0000000800000000)
  region size 2048K, 1 young (2048K), 1 survivors (2048K)
 Metaspace       used 11420K, capacity 11541K, committed 11648K, reserved 1060864K
  class space    used 1033K, capacity 1053K, committed 1152K, reserved 1048576K
}
Event: 5.257 GC heap before
{Heap before GC invocations=48 (full 0):
 garbage-first heap   total 454656K, used 276682K [0x0000000701200000, 0x0000000800000000)
  region size 2048K, 133 young (272384K), 1 survivors (2048K)
 Metaspace       used 11420K, capacity 11541K, committed 11648K, reserved 1060864K
  class space    used 1033K, capacity 1053K, committed 1152K, reserved 1048576K
}
Event: 5.258 GC heap after
{Heap after GC invocations=49 (full 0):
 garbage-first heap   total 454656K, used 6655K [0x0000000701200000, 0x0000000800000000)
  region size 2048K, 2 young (4096K), 2 survivors (4096K)
 Metaspace       used 11420K, capacity 11541K, committed 11648K, reserved 1060864K
  class space    used 1033K, capacity 1053K, committed 1152K, reserved 1048576K
}
Event: 5.364 GC heap before
{Heap before GC invocations=49 (full 0):
 garbage-first heap   total 454656K, used 274943K [0x0000000701200000, 0x0000000800000000)
  region size 2048K, 133 young (272384K), 2 survivors (4096K)
 Metaspace       used 11420K, capacity 11541K, committed 11648K, reserved 1060864K
  class space    used 1033K, capacity 1053K, committed 1152K, reserved 1048576K
}
Event: 5.365 GC heap after
{Heap after GC invocations=50 (full 0):
 garbage-first heap   total 454656K, used 6939K [0x0000000701200000, 0x0000000800000000)
  region size 2048K, 2 young (4096K), 2 survivors (4096K)
 Metaspace       used 11420K, capacity 11541K, committed 11648K, reserved 1060864K
  class space    used 1033K, capacity 1053K, committed 1152K, reserved 1048576K
}
Event: 5.465 GC heap before
{Heap before GC invocations=50 (full 0):
 garbage-first heap   total 454656K, used 275227K [0x0000000701200000, 0x0000000800000000)
  region size 2048K, 133 young (272384K), 2 survivors (4096K)
 Metaspace       used 11420K, capacity 11541K, committed 11648K, reserved 1060864K
  class space    used 1033K, capacity 1053K, committed 1152K, reserved 1048576K
}
Event: 5.466 GC heap after
{Heap after GC invocations=51 (full 0):
 garbage-first heap   total 454656K, used 6859K [0x0000000701200000, 0x0000000800000000)
  region size 2048K, 1 young (2048K), 1 survivors (2048K)
 Metaspace       used 11420K, capacity 11541K, committed 11648K, reserved 1060864K
  class space    used 1033K, capacity 1053K, committed 1152K, reserved 1048576K
}
Event: 5.564 GC heap before
{Heap before GC invocations=51 (full 0):
 garbage-first heap   total 454656K, used 277195K [0x0000000701200000, 0x0000000800000000)
  region size 2048K, 133 young (272384K), 1 survivors (2048K)
 Metaspace       used 11420K, capacity 11541K, committed 11648K, reserved 1060864K
  class space    used 1033K, capacity 1053K, committed 1152K, reserved 1048576K
}
Event: 5.566 GC heap after
{Heap after GC invocations=52 (full 0):
 garbage-first heap   total 454656K, used 7534K [0x0000000701200000, 0x0000000800000000)
  region size 2048K, 2 young (4096K), 2 survivors (4096K)
 Metaspace       used 11420K, capacity 11541K, committed 11648K, reserved 1060864K
  class space    used 1033K, capacity 1053K, committed 1152K, reserved 1048576K
}
Event: 5.663 GC heap before
{Heap before GC invocations=52 (full 0):
 garbage-first heap   total 454656K, used 275822K [0x0000000701200000, 0x0000000800000000)
  region size 2048K, 133 young (272384K), 2 survivors (4096K)
 Metaspace       used 11420K, capacity 11541K, committed 11648K, reserved 1060864K
  class space    used 1033K, capacity 1053K, committed 1152K, reserved 1048576K
}
Event: 5.664 GC heap after
{Heap after GC invocations=53 (full 0):
 garbage-first heap   total 454656K, used 7639K [0x0000000701200000, 0x0000000800000000)
  region size 2048K, 2 young (4096K), 2 survivors (4096K)
 Metaspace       used 11420K, capacity 11541K, committed 11648K, reserved 1060864K
  class space    used 1033K, capacity 1053K, committed 1152K, reserved 1048576K
}
Event: 5.771 GC heap before
{Heap before GC invocations=53 (full 0):
 garbage-first heap   total 454656K, used 275927K [0x0000000701200000, 0x0000000800000000)
  region size 2048K, 133 young (272384K), 2 survivors (4096K)
 Metaspace       used 11420K, capacity 11541K, committed 11648K, reserved 1060864K
  class space    used 1033K, capacity 1053K, committed 1152K, reserved 1048576K
}
Event: 5.773 GC heap after
{Heap after GC invocations=54 (full 0):
 garbage-first heap   total 454656K, used 9156K [0x0000000701200000, 0x0000000800000000)
  region size 2048K, 2 young (4096K), 2 survivors (4096K)
 Metaspace       used 11420K, capacity 11541K, committed 11648K, reserved 1060864K
  class space    used 1033K, capacity 1053K, committed 1152K, reserved 1048576K
}
Event: 5.878 GC heap before
{Heap before GC invocations=54 (full 0):
 garbage-first heap   total 454656K, used 277444K [0x0000000701200000, 0x0000000800000000)
  region size 2048K, 133 young (272384K), 2 survivors (4096K)
 Metaspace       used 11420K, capacity 11541K, committed 11648K, reserved 1060864K
  class space    used 1033K, capacity 1053K, committed 1152K, reserved 1048576K
}
Event: 5.880 GC heap after
{Heap after GC invocations=55 (full 0):
 garbage-first heap   total 454656K, used 9251K [0x0000000701200000, 0x0000000800000000)
  region size 2048K, 2 young (4096K), 2 survivors (4096K)
 Metaspace       used 11420K, capacity 11541K, committed 11648K, reserved 1060864K
  class space    used 1033K, capacity 1053K, committed 1152K, reserved 1048576K
}
Event: 5.989 GC heap before
{Heap before GC invocations=55 (full 0):
 garbage-first heap   total 454656K, used 277539K [0x0000000701200000, 0x0000000800000000)
  region size 2048K, 133 young (272384K), 2 survivors (4096K)
 Metaspace       used 11420K, capacity 11541K, committed 11648K, reserved 1060864K
  class space    used 1033K, capacity 1053K, committed 1152K, reserved 1048576K
}
Event: 5.991 GC heap after
{Heap after GC invocations=56 (full 0):
 garbage-first heap   total 454656K, used 9835K [0x0000000701200000, 0x0000000800000000)
  region size 2048K, 3 young (6144K), 3 survivors (6144K)
 Metaspace       used 11420K, capacity 11541K, committed 11648K, reserved 1060864K
  class space    used 1033K, capacity 1053K, committed 1152K, reserved 1048576K
}
Event: 6.097 GC heap before
{Heap before GC invocations=56 (full 0):
 garbage-first heap   total 454656K, used 276075K [0x0000000701200000, 0x0000000800000000)
  region size 2048K, 133 young (272384K), 3 survivors (6144K)
 Metaspace       used 11420K, capacity 11541K, committed 11648K, reserved 1060864K
  class space    used 1033K, capacity 1053K, committed 1152K, reserved 1048576K
}
Event: 6.099 GC heap after
{Heap after GC invocations=57 (full 0):
 garbage-first heap   total 454656K, used 10373K [0x0000000701200000, 0x0000000800000000)
  region size 2048K, 3 young (6144K), 3 survivors (6144K)
 Metaspace       used 11420K, capacity 11541K, committed 11648K, reserved 1060864K
  class space    used 1033K, capacity 1053K, committed 1152K, reserved 1048576K
}
Event: 6.195 GC heap before
{Heap before GC invocations=57 (full 0):
 garbage-first heap   total 454656K, used 276613K [0x0000000701200000, 0x0000000800000000)
  region size 2048K, 133 young (272384K), 3 survivors (6144K)
 Metaspace       used 11420K, capacity 11541K, committed 11648K, reserved 1060864K
  class space    used 1033K, capacity 1053K, committed 1152K, reserved 1048576K
}

Deoptimization events (20 events):
Event: 5.926 Thread 0x000001de1b899050 DEOPT PACKING pc=0x000001de1fa39856 sp=0x00000099a1ffba20
Event: 5.926 Thread 0x000001de1b899050 DEOPT UNPACKING pc=0x000001de1f2fe23f sp=0x00000099a1ffaf98 mode 0
Event: 5.942 Thread 0x000001de1b899050 DEOPT PACKING pc=0x000001de1fa3976d sp=0x00000099a1ffb8e0
Event: 5.942 Thread 0x000001de1b899050 DEOPT UNPACKING pc=0x000001de1f2fe23f sp=0x00000099a1ffae58 mode 0
Event: 5.958 Thread 0x000001de1b899050 DEOPT PACKING pc=0x000001de1fa39856 sp=0x00000099a1ffb660
Event: 5.958 Thread 0x000001de1b899050 DEOPT UNPACKING pc=0x000001de1f2fe23f sp=0x00000099a1ffabd8 mode 0
Event: 5.974 Thread 0x000001de1b899050 DEOPT PACKING pc=0x000001de1fa3976d sp=0x00000099a1ffb660
Event: 5.974 Thread 0x000001de1b899050 DEOPT UNPACKING pc=0x000001de1f2fe23f sp=0x00000099a1ffabd8 mode 0
Event: 5.994 Thread 0x000001de1b899050 DEOPT PACKING pc=0x000001de1fa39856 sp=0x00000099a1ffba20
Event: 5.994 Thread 0x000001de1b899050 DEOPT UNPACKING pc=0x000001de1f2fe23f sp=0x00000099a1ffaf98 mode 0
Event: 6.009 Thread 0x000001de1b899050 DEOPT PACKING pc=0x000001de1fa39856 sp=0x00000099a1ffb520
Event: 6.009 Thread 0x000001de1b899050 DEOPT UNPACKING pc=0x000001de1f2fe23f sp=0x00000099a1ffaa98 mode 0
Event: 6.190 Thread 0x000001de1b899050 Uncommon trap: trap_request=0xffffff45 fr.pc=0x000001de26e4e604 relative=0x0000000000001684
Event: 6.190 Thread 0x000001de1b899050 Uncommon trap: reason=unstable_if action=reinterpret pc=0x000001de26e4e604 method=Werkzeuge.AlphaBetaCyborg.min(LMaterial/Position;IDD)D @ 146 c2
Event: 6.190 Thread 0x000001de1b899050 DEOPT PACKING pc=0x000001de26e4e604 sp=0x00000099a1ffb530
Event: 6.190 Thread 0x000001de1b899050 DEOPT UNPACKING pc=0x000001de1f2fe42f sp=0x00000099a1ffb4d0 mode 2
Event: 6.190 Thread 0x000001de1b899050 Uncommon trap: trap_request=0xffffff45 fr.pc=0x000001de26e55a10 relative=0x0000000000000d70
Event: 6.190 Thread 0x000001de1b899050 Uncommon trap: reason=unstable_if action=reinterpret pc=0x000001de26e55a10 method=Werkzeuge.AlphaBetaCyborg.max(LMaterial/Position;IDD)D @ 378 c2
Event: 6.190 Thread 0x000001de1b899050 DEOPT PACKING pc=0x000001de26e55a10 sp=0x00000099a1ffb5d0
Event: 6.190 Thread 0x000001de1b899050 DEOPT UNPACKING pc=0x000001de1f2fe42f sp=0x00000099a1ffb570 mode 2

Classes unloaded (0 events):
No events

Classes redefined (0 events):
No events

Internal exceptions (7 events):
Event: 0.147 Thread 0x000001de1b899050 Exception <a 'java/lang/NoSuchMethodError'{0x0000000710e65778}: 'void java.lang.invoke.DirectMethodHandle$Holder.invokeStatic(java.lang.Object, java.lang.Object)'> (0x0000000710e65778) 
thrown [./open/src/hotspot/share/interpreter/linkResolver.cpp, line 782]
Event: 0.148 Thread 0x000001de1b899050 Exception <a 'java/lang/NoSuchMethodError'{0x0000000710e69538}: 'void java.lang.invoke.DirectMethodHandle$Holder.invokeStaticInit(java.lang.Object, java.lang.Object)'> (0x0000000710e69538) 
thrown [./open/src/hotspot/share/interpreter/linkResolver.cpp, line 782]
Event: 0.231 Thread 0x000001de1b899050 Exception <a 'java/lang/NoSuchMethodError'{0x0000000710c56f68}: 'java.lang.Object java.lang.invoke.DirectMethodHandle$Holder.invokeStatic(java.lang.Object)'> (0x0000000710c56f68) 
thrown [./open/src/hotspot/share/interpreter/linkResolver.cpp, line 782]
Event: 0.232 Thread 0x000001de1b899050 Exception <a 'java/lang/NoSuchMethodError'{0x0000000710c5a5d8}: 'java.lang.Object java.lang.invoke.DirectMethodHandle$Holder.invokeStaticInit(java.lang.Object)'> (0x0000000710c5a5d8) 
thrown [./open/src/hotspot/share/interpreter/linkResolver.cpp, line 782]
Event: 0.295 Thread 0x000001de1b899050 Exception <a 'java/lang/NoSuchMethodError'{0x0000000710a81170}: 'java.lang.Object java.lang.invoke.DirectMethodHandle$Holder.invokeInterface(java.lang.Object, java.lang.Object)'> (0x0000000710a81170) 
thrown [./open/src/hotspot/share/interpreter/linkResolver.cpp, line 782]
Event: 0.296 Thread 0x000001de1b899050 Exception <a 'java/lang/IncompatibleClassChangeError'{0x0000000710a84c08}: Found class java.lang.Object, but interface was expected> (0x0000000710a84c08) 
thrown [./open/src/hotspot/share/interpreter/linkResolver.cpp, line 848]
Event: 0.312 Thread 0x000001de1b899050 Exception <a 'java/lang/NoSuchMethodError'{0x0000000710afcd30}: 'java.lang.Object java.lang.invoke.DirectMethodHandle$Holder.newInvokeSpecial(java.lang.Object, java.lang.Object, java.lang.Object, java.lang.Object, java.lang.Object)'> (0x0000000710afcd30) 
thrown [./open/src/hotspot/share/interpreter/linkResolver.cpp, line 782]

Events (20 events):
Event: 5.149 Executing VM operation: G1CollectForAllocation done
Event: 5.257 Executing VM operation: G1CollectForAllocation
Event: 5.258 Executing VM operation: G1CollectForAllocation done
Event: 5.364 Executing VM operation: G1CollectForAllocation
Event: 5.365 Executing VM operation: G1CollectForAllocation done
Event: 5.465 Executing VM operation: G1CollectForAllocation
Event: 5.466 Executing VM operation: G1CollectForAllocation done
Event: 5.564 Executing VM operation: G1CollectForAllocation
Event: 5.566 Executing VM operation: G1CollectForAllocation done
Event: 5.663 Executing VM operation: G1CollectForAllocation
Event: 5.664 Executing VM operation: G1CollectForAllocation done
Event: 5.771 Executing VM operation: G1CollectForAllocation
Event: 5.774 Executing VM operation: G1CollectForAllocation done
Event: 5.878 Executing VM operation: G1CollectForAllocation
Event: 5.880 Executing VM operation: G1CollectForAllocation done
Event: 5.989 Executing VM operation: G1CollectForAllocation
Event: 5.991 Executing VM operation: G1CollectForAllocation done
Event: 6.097 Executing VM operation: G1CollectForAllocation
Event: 6.099 Executing VM operation: G1CollectForAllocation done
Event: 6.195 Executing VM operation: G1CollectForAllocation


Dynamic libraries:
0x00007ff78aac0000 - 0x00007ff78aacd000 	C:\Users\janme\.p2\pool\plugins\org.eclipse.justj.openjdk.hotspot.jre.full.win32.x86_64_15.0.2.v20210201-0955\jre\bin\javaw.exe
0x00007ffd716f0000 - 0x00007ffd718e5000 	C:\WINDOWS\SYSTEM32\ntdll.dll
0x00007ffd70250000 - 0x00007ffd7030d000 	C:\WINDOWS\System32\KERNEL32.DLL
0x00007ffd6f120000 - 0x00007ffd6f3e9000 	C:\WINDOWS\System32\KERNELBASE.dll
0x00007ffd6f650000 - 0x00007ffd6f750000 	C:\WINDOWS\System32\ucrtbase.dll
0x00007ffd58e40000 - 0x00007ffd58e58000 	C:\Users\janme\.p2\pool\plugins\org.eclipse.justj.openjdk.hotspot.jre.full.win32.x86_64_15.0.2.v20210201-0955\jre\bin\jli.dll
0x00007ffd700b0000 - 0x00007ffd70250000 	C:\WINDOWS\System32\USER32.dll
0x00007ffd6f620000 - 0x00007ffd6f642000 	C:\WINDOWS\System32\win32u.dll
0x00007ffd71060000 - 0x00007ffd7108a000 	C:\WINDOWS\System32\GDI32.dll
0x00007ffd6ee20000 - 0x00007ffd6ef2b000 	C:\WINDOWS\System32\gdi32full.dll
0x00007ffd6f4d0000 - 0x00007ffd6f56d000 	C:\WINDOWS\System32\msvcp_win.dll
0x00007ffd5a940000 - 0x00007ffd5a959000 	C:\Users\janme\.p2\pool\plugins\org.eclipse.justj.openjdk.hotspot.jre.full.win32.x86_64_15.0.2.v20210201-0955\jre\bin\VCRUNTIME140.dll
0x00007ffd5fcb0000 - 0x00007ffd5ff4a000 	C:\WINDOWS\WinSxS\amd64_microsoft.windows.common-controls_6595b64144ccf1df_6.0.19041.1110_none_60b5254171f9507e\COMCTL32.dll
0x00007ffd70de0000 - 0x00007ffd70e7e000 	C:\WINDOWS\System32\msvcrt.dll
0x00007ffd6f900000 - 0x00007ffd6f930000 	C:\WINDOWS\System32\IMM32.DLL
0x00007ffd6a940000 - 0x00007ffd6a94c000 	C:\Users\janme\.p2\pool\plugins\org.eclipse.justj.openjdk.hotspot.jre.full.win32.x86_64_15.0.2.v20210201-0955\jre\bin\vcruntime140_1.dll
0x00007ffd47d20000 - 0x00007ffd47db1000 	C:\Users\janme\.p2\pool\plugins\org.eclipse.justj.openjdk.hotspot.jre.full.win32.x86_64_15.0.2.v20210201-0955\jre\bin\msvcp140.dll
0x00007ffd31a20000 - 0x00007ffd3257e000 	C:\Users\janme\.p2\pool\plugins\org.eclipse.justj.openjdk.hotspot.jre.full.win32.x86_64_15.0.2.v20210201-0955\jre\bin\server\jvm.dll
0x00007ffd71480000 - 0x00007ffd7152c000 	C:\WINDOWS\System32\ADVAPI32.dll
0x00007ffd6fe60000 - 0x00007ffd6fefb000 	C:\WINDOWS\System32\sechost.dll
0x00007ffd6ff00000 - 0x00007ffd7002a000 	C:\WINDOWS\System32\RPCRT4.dll
0x00007ffd70b20000 - 0x00007ffd70b28000 	C:\WINDOWS\System32\PSAPI.DLL
0x00007ffd69d50000 - 0x00007ffd69d59000 	C:\WINDOWS\SYSTEM32\WSOCK32.dll
0x00007ffd61860000 - 0x00007ffd61887000 	C:\WINDOWS\SYSTEM32\WINMM.dll
0x00007ffd70c90000 - 0x00007ffd70cfb000 	C:\WINDOWS\System32\WS2_32.dll
0x00007ffd68990000 - 0x00007ffd6899a000 	C:\WINDOWS\SYSTEM32\VERSION.dll
0x00007ffd6cd50000 - 0x00007ffd6cd62000 	C:\WINDOWS\SYSTEM32\kernel.appcore.dll
0x00007ffd5eb30000 - 0x00007ffd5eb3a000 	C:\Users\janme\.p2\pool\plugins\org.eclipse.justj.openjdk.hotspot.jre.full.win32.x86_64_15.0.2.v20210201-0955\jre\bin\jimage.dll
0x00007ffd587c0000 - 0x00007ffd589a4000 	C:\WINDOWS\SYSTEM32\DBGHELP.DLL
0x00007ffd58750000 - 0x00007ffd5877c000 	C:\WINDOWS\SYSTEM32\dbgcore.DLL
0x00007ffd6f440000 - 0x00007ffd6f4c3000 	C:\WINDOWS\System32\bcryptPrimitives.dll
0x00007ffd4b0b0000 - 0x00007ffd4b0d5000 	C:\Users\janme\.p2\pool\plugins\org.eclipse.justj.openjdk.hotspot.jre.full.win32.x86_64_15.0.2.v20210201-0955\jre\bin\java.dll
0x00007ffd54670000 - 0x00007ffd54688000 	C:\Users\janme\.p2\pool\plugins\org.eclipse.justj.openjdk.hotspot.jre.full.win32.x86_64_15.0.2.v20210201-0955\jre\bin\zip.dll
0x00007ffd703e0000 - 0x00007ffd70b1f000 	C:\WINDOWS\System32\SHELL32.dll
0x00007ffd6cf50000 - 0x00007ffd6d6e0000 	C:\WINDOWS\SYSTEM32\windows.storage.dll
0x00007ffd71120000 - 0x00007ffd71475000 	C:\WINDOWS\System32\combase.dll
0x00007ffd6e880000 - 0x00007ffd6e8ac000 	C:\WINDOWS\SYSTEM32\Wldp.dll
0x00007ffd70fb0000 - 0x00007ffd7105e000 	C:\WINDOWS\System32\SHCORE.dll
0x00007ffd70050000 - 0x00007ffd700a5000 	C:\WINDOWS\System32\shlwapi.dll
0x00007ffd6ed60000 - 0x00007ffd6ed7f000 	C:\WINDOWS\SYSTEM32\profapi.dll
0x00007ffd52e10000 - 0x00007ffd52e29000 	C:\Users\janme\.p2\pool\plugins\org.eclipse.justj.openjdk.hotspot.jre.full.win32.x86_64_15.0.2.v20210201-0955\jre\bin\net.dll
0x00007ffd65510000 - 0x00007ffd65618000 	C:\WINDOWS\SYSTEM32\WINHTTP.dll
0x00007ffd6e5e0000 - 0x00007ffd6e64a000 	C:\WINDOWS\system32\mswsock.dll
0x00007ffd51e30000 - 0x00007ffd51e42000 	C:\Users\janme\.p2\pool\plugins\org.eclipse.justj.openjdk.hotspot.jre.full.win32.x86_64_15.0.2.v20210201-0955\jre\bin\nio.dll
0x00007ffd6e280000 - 0x00007ffd6e2bb000 	C:\WINDOWS\SYSTEM32\IPHLPAPI.DLL
0x00007ffd70c80000 - 0x00007ffd70c88000 	C:\WINDOWS\System32\NSI.dll
0x00007ffd68a60000 - 0x00007ffd68a77000 	C:\WINDOWS\SYSTEM32\dhcpcsvc6.DLL
0x00007ffd689a0000 - 0x00007ffd689bd000 	C:\WINDOWS\SYSTEM32\dhcpcsvc.DLL
0x00007ffd6e2c0000 - 0x00007ffd6e38c000 	C:\WINDOWS\SYSTEM32\DNSAPI.dll
0x00007ffd5e9d0000 - 0x00007ffd5e9e0000 	C:\Users\janme\.p2\pool\plugins\org.eclipse.justj.openjdk.hotspot.jre.full.win32.x86_64_15.0.2.v20210201-0955\jre\bin\verify.dll

dbghelp: loaded successfully - version: 4.0.5 - missing functions: none
symbol engine: initialized successfully - sym options: 0x614 - pdb path: .;C:\Users\janme\.p2\pool\plugins\org.eclipse.justj.openjdk.hotspot.jre.full.win32.x86_64_15.0.2.v20210201-0955\jre\bin;C:\WINDOWS\SYSTEM32;C:\WINDOWS\WinSxS\amd64_microsoft.windows.common-controls_6595b64144ccf1df_6.0.19041.1110_none_60b5254171f9507e;C:\Users\janme\.p2\pool\plugins\org.eclipse.justj.openjdk.hotspot.jre.full.win32.x86_64_15.0.2.v20210201-0955\jre\bin\server

VM Arguments:
jvm_args: -ea -ea -Dfile.encoding=UTF-8 -XX:+ShowCodeDetailsInExceptionMessages 
java_command: org.eclipse.jdt.internal.junit.runner.RemoteTestRunner -version 3 -port 64913 -testLoaderClass org.eclipse.jdt.internal.junit4.runner.JUnit4TestLoader -loaderpluginname org.eclipse.jdt.junit4.runtime -classNames Werkzeuge.AlphaBetaCyborgSpeedTest
java_class_path (initial): C:\Users\janme\Documents\GitHub\Cyborg\Chess\bin;C:\Users\janme\.p2\pool\plugins\org.junit_4.13.0.v20200204-1500.jar;C:\Users\janme\.p2\pool\plugins\org.hamcrest.core_1.3.0.v20180420-1519.jar;C:\Users\janme\eclipse\java-2021-03\eclipse\configuration\org.eclipse.osgi\579\0\.cp;C:\Users\janme\eclipse\java-2021-03\eclipse\configuration\org.eclipse.osgi\578\0\.cp
Launcher Type: SUN_STANDARD

[Global flags]
     intx CICompilerCount                          = 3                                         {product} {ergonomic}
     uint ConcGCThreads                            = 2                                         {product} {ergonomic}
     uint G1ConcRefinementThreads                  = 6                                         {product} {ergonomic}
   size_t G1HeapRegionSize                         = 2097152                                   {product} {ergonomic}
    uintx GCDrainStackTargetSize                   = 64                                        {product} {ergonomic}
   size_t InitialHeapSize                          = 268435456                                 {product} {ergonomic}
   size_t MarkStackSize                            = 4194304                                   {product} {ergonomic}
   size_t MaxHeapSize                              = 4276092928                                {product} {ergonomic}
   size_t MaxNewSize                               = 2564816896                                {product} {ergonomic}
   size_t MinHeapDeltaBytes                        = 2097152                                   {product} {ergonomic}
   size_t MinHeapSize                              = 8388608                                   {product} {ergonomic}
    uintx NonNMethodCodeHeapSize                   = 5832780                                {pd product} {ergonomic}
    uintx NonProfiledCodeHeapSize                  = 122912730                              {pd product} {ergonomic}
    uintx ProfiledCodeHeapSize                     = 122912730                              {pd product} {ergonomic}
    uintx ReservedCodeCacheSize                    = 251658240                              {pd product} {ergonomic}
     bool SegmentedCodeCache                       = true                                      {product} {ergonomic}
     bool ShowCodeDetailsInExceptionMessages       = true                                   {manageable} {command line}
   size_t SoftMaxHeapSize                          = 4276092928                             {manageable} {ergonomic}
     bool UseCompressedClassPointers               = true                                 {lp64_product} {ergonomic}
     bool UseCompressedOops                        = true                                 {lp64_product} {ergonomic}
     bool UseG1GC                                  = true                                      {product} {ergonomic}
     bool UseLargePagesIndividualAllocation        = false                                  {pd product} {ergonomic}

Logging:
Log output configuration:
 #0: stdout all=warning uptime,level,tags
 #1: stderr all=off uptime,level,tags

Environment Variables:
PATH=C:/Users/janme/.p2/pool/plugins/org.eclipse.justj.openjdk.hotspot.jre.full.win32.x86_64_15.0.2.v20210201-0955/jre/bin/server;C:/Users/janme/.p2/pool/plugins/org.eclipse.justj.openjdk.hotspot.jre.full.win32.x86_64_15.0.2.v20210201-0955/jre/bin;C:\Program Files\AdoptOpenJDK\jdk-8.0.282.8-hotspot\bin;C:\Program Files (x86)\Common Files\Oracle\Java\javapath;C:\Windows\system32;C:\Windows;C:\Windows\System32\Wbem;C:\Windows\System32\WindowsPowerShell\v1.0\;C:\Windows\System32\OpenSSH\;C:\Program Files (x86)\NVIDIA Corporation\PhysX\Common;C:\WINDOWS\system32;C:\WINDOWS;C:\WINDOWS\System32\Wbem;C:\WINDOWS\System32\WindowsPowerShell\v1.0\;C:\WINDOWS\System32\OpenSSH\;C:\Users\janme\AppData\Local\Microsoft\WindowsApps;C:\Users\janme\AppData\Local\atom\bin;C:\Users\janme\AppData\Local\Microsoft\WindowsApps;C:\Users\janme\AppData\Local\GitHubDesktop\bin;C:\Users\janme\AppData\Roaming\OpenShell\Pinned;
USERNAME=janme
OS=Windows_NT
PROCESSOR_IDENTIFIER=Intel64 Family 6 Model 158 Stepping 12, GenuineIntel



---------------  S Y S T E M  ---------------

OS:
 Windows 10 , 64 bit Build 19041 (10.0.19041.1151)
OS uptime: 4 days 21:43 hours

CPU: total 6 (initial active 6) (6 cores per cpu, 1 threads per core) family 6 model 158 stepping 12 microcode 0xde, cmov, cx8, fxsr, mmx, sse, sse2, sse3, ssse3, sse4.1, sse4.2, popcnt, vzeroupper, avx, avx2, aes, clmul, erms, 3dnowpref, lzcnt, tsc, tscinvbit, bmi1, bmi2, adx, fma, clflush, clflushopt

Memory: 4k page, system-wide physical 16310M (3669M free)
TotalPageFile size 16310M (AvailPageFile size 66M)
current process WorkingSet (physical memory assigned to process): 410M, peak: 413M
current process commit charge ("private bytes"): 553M, peak: 643M

vm_info: OpenJDK 64-Bit Server VM (15.0.2+7-27) for windows-amd64 JRE (15.0.2+7-27), built on Dec  7 2020 20:02:38 by "mach5one" with unknown MS VC++:1925

END.
