#
# There is insufficient memory for the Java Runtime Environment to continue.
# Native memory allocation (mmap) failed to map 385875968 bytes for G1 virtual space
# Possible reasons:
#   The system is out of physical RAM or swap space
#   The process is running with CompressedOops enabled, and the Java Heap may be blocking the growth of the native heap
# Possible solutions:
#   Reduce memory load on the system
#   Increase physical memory or swap space
#   Check if swap backing store is full
#   Decrease Java heap size (-Xmx/-Xms)
#   Decrease number of Java threads
#   Decrease Java thread stack sizes (-Xss)
#   Set larger code cache with -XX:ReservedCodeCacheSize=
#   JVM is running with Zero Based Compressed Oops mode in which the Java heap is
#     placed in the first 32GB address space. The Java Heap base address is the
#     maximum limit for the native heap growth. Please use -XX:HeapBaseMinAddress
#     to set the Java Heap base and to place the Java Heap above 32GB virtual address.
# This output file may be truncated or incomplete.
#
#  Out of Memory Error (./open/src/hotspot/os/windows/os_windows.cpp:3321), pid=6732, tid=14296
#
# JRE version: OpenJDK Runtime Environment (15.0.2+7) (build 15.0.2+7-27)
# Java VM: OpenJDK 64-Bit Server VM (15.0.2+7-27, mixed mode, tiered, compressed oops, g1 gc, windows-amd64)
# No core dump will be written. Minidumps are not enabled by default on client versions of Windows
#

---------------  S U M M A R Y ------------

Command Line: -ea -ea -Dfile.encoding=UTF-8 -XX:+ShowCodeDetailsInExceptionMessages org.eclipse.jdt.internal.junit.runner.RemoteTestRunner -version 3 -port 57009 -testLoaderClass org.eclipse.jdt.internal.junit4.runner.JUnit4TestLoader -loaderpluginname org.eclipse.jdt.junit4.runtime -classNames Services.PositionCalc3Test

Host: Intel(R) Core(TM) i5-9400 CPU @ 2.90GHz, 6 cores, 15G,  Windows 10 , 64 bit Build 19041 (10.0.19041.1023)
Time: Thu Aug 12 13:21:22 2021 W. Europe Summer Time elapsed time: 1.154966 seconds (0d 0h 0m 1s)

---------------  T H R E A D  ---------------

Current thread (0x000001fa741d5840):  VMThread "VM Thread" [stack: 0x000000ceccc00000,0x000000ceccd00000] [id=14296]

Stack: [0x000000ceccc00000,0x000000ceccd00000]
[error occurred during error reporting (printing stack bounds), id 0xc0000005, EXCEPTION_ACCESS_VIOLATION (0xc0000005) at pc=0x000001fa580e10ad]

Native frames: (J=compiled Java code, j=interpreted, Vv=VM code, C=native code)
V  [jvm.dll+0x62ae9a]
V  [jvm.dll+0x7817a9]
V  [jvm.dll+0x782f03]
V  [jvm.dll+0x7834c5]
V  [jvm.dll+0x78347b]
V  [jvm.dll+0x62a2b9]
V  [jvm.dll+0x62aa88]
C  [ntdll.dll+0xa217f]
C  [ntdll.dll+0x51454]
C  [ntdll.dll+0xa0cae]
C  0x000001fa580e10ad

VM_Operation (0x000000cecc6fd790): G1CollectForAllocation, mode: safepoint, requested by thread 0x000001fa52eb8fa0


---------------  P R O C E S S  ---------------

Threads class SMR info:
_java_thread_list=0x000001fa7499fdd0, length=12, elements={
0x000001fa52eb8fa0, 0x000001fa741effd0, 0x000001fa741f0990, 0x000001fa7421a820,
0x000001fa7421d0f0, 0x000001fa74221dd0, 0x000001fa7422efd0, 0x000001fa7422f8d0,
0x000001fa742309b0, 0x000001fa743d29c0, 0x000001fa743d6eb0, 0x000001fa746c9540
}

Java Threads: ( => current thread )
  0x000001fa52eb8fa0 JavaThread "main" [_thread_blocked, id=4956, stack(0x000000cecc600000,0x000000cecc700000)]
  0x000001fa741effd0 JavaThread "Reference Handler" daemon [_thread_blocked, id=2836, stack(0x000000ceccd00000,0x000000cecce00000)]
  0x000001fa741f0990 JavaThread "Finalizer" daemon [_thread_blocked, id=11084, stack(0x000000cecce00000,0x000000ceccf00000)]
  0x000001fa7421a820 JavaThread "Signal Dispatcher" daemon [_thread_blocked, id=2404, stack(0x000000ceccf00000,0x000000cecd000000)]
  0x000001fa7421d0f0 JavaThread "Attach Listener" daemon [_thread_blocked, id=8540, stack(0x000000cecd000000,0x000000cecd100000)]
  0x000001fa74221dd0 JavaThread "Service Thread" daemon [_thread_blocked, id=11596, stack(0x000000cecd100000,0x000000cecd200000)]
  0x000001fa7422efd0 JavaThread "C2 CompilerThread0" daemon [_thread_blocked, id=4896, stack(0x000000cecd200000,0x000000cecd300000)]
  0x000001fa7422f8d0 JavaThread "C1 CompilerThread0" daemon [_thread_blocked, id=14692, stack(0x000000cecd300000,0x000000cecd400000)]
  0x000001fa742309b0 JavaThread "Sweeper thread" daemon [_thread_blocked, id=16880, stack(0x000000cecd400000,0x000000cecd500000)]
  0x000001fa743d29c0 JavaThread "Notification Thread" daemon [_thread_blocked, id=14096, stack(0x000000cecd500000,0x000000cecd600000)]
  0x000001fa743d6eb0 JavaThread "Common-Cleaner" daemon [_thread_blocked, id=16724, stack(0x000000cecd700000,0x000000cecd800000)]
  0x000001fa746c9540 JavaThread "ReaderThread" [_thread_in_native, id=17200, stack(0x000000cecd900000,0x000000cecda00000)]

Other Threads:
=>0x000001fa741d5840 VMThread "VM Thread" [stack: 0x000000ceccc00000,0x000000ceccd00000] [id=14296]
  0x000001fa742c8e70 WatcherThread [stack: 0x000000cecd600000,0x000000cecd700000] [id=15380]
  0x000001fa52f03240 GCTaskThread "GC Thread#0" [stack: 0x000000cecc700000,0x000000cecc800000] [id=13880]
  0x000001fa748a9fd0 GCTaskThread "GC Thread#1" [stack: 0x000000cecda00000,0x000000cecdb00000] [id=6380]
  0x000001fa748aa300 GCTaskThread "GC Thread#2" [stack: 0x000000cecdb00000,0x000000cecdc00000] [id=8564]
  0x000001fa748a8650 GCTaskThread "GC Thread#3" [stack: 0x000000cecdc00000,0x000000cecdd00000] [id=16228]
  0x000001fa748a8980 GCTaskThread "GC Thread#4" [stack: 0x000000cecdd00000,0x000000cecde00000] [id=11464]
  0x000001fa748a8cb0 GCTaskThread "GC Thread#5" [stack: 0x000000cecde00000,0x000000cecdf00000] [id=12580]
  0x000001fa52f142f0 ConcurrentGCThread "G1 Main Marker" [stack: 0x000000cecc800000,0x000000cecc900000] [id=10472]
  0x000001fa52f166e0 ConcurrentGCThread "G1 Conc#0" [stack: 0x000000cecc900000,0x000000cecca00000] [id=11828]
  0x000001fa52f83200 ConcurrentGCThread "G1 Refine#0" [stack: 0x000000cecca00000,0x000000ceccb00000] [id=5928]
  0x000001fa52f84bc0 ConcurrentGCThread "G1 Young RemSet Sampling" [stack: 0x000000ceccb00000,0x000000ceccc00000] [id=15640]

Threads with active compile tasks:
C2 CompilerThread0     1164  806       4       Material.King::getMoves (731 bytes)

VM state: at safepoint (normal execution)

VM Mutex/Monitor currently owned by a thread:  ([mutex/lock_event])
[0x000001fa52eb4c30] Threads_lock - owner thread: 0x000001fa741d5840
[0x000001fa52eb4180] Heap_lock - owner thread: 0x000001fa52eb8fa0

Heap address: 0x0000000701200000, size: 4078 MB, Compressed Oops mode: Zero based, Oop shift amount: 3
CDS disabled.
Compressed class space mapped at: 0x0000000800000000-0x0000000840000000, size: 1073741824
Narrow klass base: 0x0000000800000000, Narrow klass shift: 0, Narrow klass range: 0x40000000

GC Precious Log:
 CPUs: 6 total, 6 available
 Memory: 16310M
 Large Page Support: Disabled
 NUMA Support: Disabled
 Compressed Oops: Enabled (Zero based)
 Heap Region Size: 2M
 Heap Min Capacity: 8M
 Heap Initial Capacity: 256M
 Heap Max Capacity: 4078M
 Pre-touch: Disabled
 Parallel Workers: 6
 Concurrent Workers: 2
 Concurrent Refinement Workers: 6
 Periodic GC: Disabled

Heap:
 garbage-first heap   total 743424K, used 114688K [0x0000000701200000, 0x0000000800000000)
  region size 2048K, 8 young (16384K), 8 survivors (16384K)
 Metaspace       used 11388K, capacity 11541K, committed 11648K, reserved 1060864K
  class space    used 1033K, capacity 1053K, committed 1152K, reserved 1048576K

Heap Regions: E=young(eden), S=young(survivor), O=old, HS=humongous(starts), HC=humongous(continues), CS=collection set, F=free, OA=open archive, CA=closed archive, TAMS=top-at-mark-start (previous, next)
|   0|0x0000000701200000, 0x0000000701400000, 0x0000000701400000|100%| O|  |TAMS 0x0000000701200000, 0x0000000701200000| Untracked 
|   1|0x0000000701400000, 0x0000000701600000, 0x0000000701600000|100%| O|  |TAMS 0x0000000701400000, 0x0000000701400000| Untracked 
|   2|0x0000000701600000, 0x0000000701800000, 0x0000000701800000|100%| O|  |TAMS 0x0000000701600000, 0x0000000701600000| Untracked 
|   3|0x0000000701800000, 0x0000000701a00000, 0x0000000701a00000|100%| O|  |TAMS 0x0000000701800000, 0x0000000701800000| Untracked 
|   4|0x0000000701a00000, 0x0000000701c00000, 0x0000000701c00000|100%| O|  |TAMS 0x0000000701a00000, 0x0000000701a00000| Untracked 
|   5|0x0000000701c00000, 0x0000000701e00000, 0x0000000701e00000|100%| O|  |TAMS 0x0000000701c00000, 0x0000000701c00000| Untracked 
|   6|0x0000000701e00000, 0x0000000702000000, 0x0000000702000000|100%| O|  |TAMS 0x0000000701e00000, 0x0000000701e00000| Untracked 
|   7|0x0000000702000000, 0x0000000702200000, 0x0000000702200000|100%| O|  |TAMS 0x0000000702000000, 0x0000000702000000| Untracked 
|   8|0x0000000702200000, 0x0000000702400000, 0x0000000702400000|100%| O|  |TAMS 0x0000000702200000, 0x0000000702200000| Untracked 
|   9|0x0000000702400000, 0x0000000702600000, 0x0000000702600000|100%| O|  |TAMS 0x0000000702400000, 0x0000000702400000| Untracked 
|  10|0x0000000702600000, 0x0000000702800000, 0x0000000702800000|100%| O|  |TAMS 0x0000000702600000, 0x0000000702600000| Untracked 
|  11|0x0000000702800000, 0x0000000702a00000, 0x0000000702a00000|100%| O|  |TAMS 0x0000000702800000, 0x0000000702800000| Untracked 
|  12|0x0000000702a00000, 0x0000000702c00000, 0x0000000702c00000|100%| O|  |TAMS 0x0000000702a00000, 0x0000000702a00000| Untracked 
|  13|0x0000000702c00000, 0x0000000702e00000, 0x0000000702e00000|100%| O|  |TAMS 0x0000000702c00000, 0x0000000702c00000| Untracked 
|  14|0x0000000702e00000, 0x0000000703000000, 0x0000000703000000|100%| O|  |TAMS 0x0000000702e00000, 0x0000000702e00000| Untracked 
|  15|0x0000000703000000, 0x0000000703200000, 0x0000000703200000|100%| O|  |TAMS 0x0000000703000000, 0x0000000703000000| Untracked 
|  16|0x0000000703200000, 0x0000000703400000, 0x0000000703400000|100%| O|  |TAMS 0x0000000703200000, 0x0000000703200000| Untracked 
|  17|0x0000000703400000, 0x0000000703600000, 0x0000000703600000|100%| O|  |TAMS 0x0000000703400000, 0x0000000703400000| Untracked 
|  18|0x0000000703600000, 0x0000000703800000, 0x0000000703800000|100%| O|  |TAMS 0x0000000703600000, 0x0000000703600000| Untracked 
|  19|0x0000000703800000, 0x0000000703a00000, 0x0000000703a00000|100%| O|  |TAMS 0x0000000703800000, 0x0000000703800000| Untracked 
|  20|0x0000000703a00000, 0x0000000703c00000, 0x0000000703c00000|100%| O|  |TAMS 0x0000000703a00000, 0x0000000703a00000| Untracked 
|  21|0x0000000703c00000, 0x0000000703e00000, 0x0000000703e00000|100%| O|  |TAMS 0x0000000703c00000, 0x0000000703c00000| Untracked 
|  22|0x0000000703e00000, 0x0000000704000000, 0x0000000704000000|100%| O|  |TAMS 0x0000000703e00000, 0x0000000703e00000| Untracked 
|  23|0x0000000704000000, 0x0000000704200000, 0x0000000704200000|100%| O|  |TAMS 0x0000000704000000, 0x0000000704000000| Untracked 
|  24|0x0000000704200000, 0x0000000704400000, 0x0000000704400000|100%| O|  |TAMS 0x0000000704200000, 0x0000000704200000| Untracked 
|  25|0x0000000704400000, 0x0000000704600000, 0x0000000704600000|100%| O|  |TAMS 0x0000000704400000, 0x0000000704400000| Untracked 
|  26|0x0000000704600000, 0x0000000704800000, 0x0000000704800000|100%| O|  |TAMS 0x0000000704600000, 0x0000000704600000| Untracked 
|  27|0x0000000704800000, 0x0000000704a00000, 0x0000000704a00000|100%| O|  |TAMS 0x0000000704800000, 0x0000000704800000| Untracked 
|  28|0x0000000704a00000, 0x0000000704c00000, 0x0000000704c00000|100%| O|  |TAMS 0x0000000704a00000, 0x0000000704a00000| Untracked 
|  29|0x0000000704c00000, 0x0000000704e00000, 0x0000000704e00000|100%| O|  |TAMS 0x0000000704c00000, 0x0000000704c00000| Untracked 
|  30|0x0000000704e00000, 0x0000000705000000, 0x0000000705000000|100%| O|  |TAMS 0x0000000704e00000, 0x0000000704e00000| Untracked 
|  31|0x0000000705000000, 0x0000000705200000, 0x0000000705200000|100%| O|  |TAMS 0x0000000705000000, 0x0000000705000000| Untracked 
|  32|0x0000000705200000, 0x0000000705400000, 0x0000000705400000|100%| O|  |TAMS 0x0000000705200000, 0x0000000705200000| Untracked 
|  33|0x0000000705400000, 0x0000000705600000, 0x0000000705600000|100%| O|  |TAMS 0x0000000705400000, 0x0000000705400000| Untracked 
|  34|0x0000000705600000, 0x0000000705800000, 0x0000000705800000|100%| O|  |TAMS 0x0000000705600000, 0x0000000705600000| Untracked 
|  35|0x0000000705800000, 0x0000000705a00000, 0x0000000705a00000|100%| O|  |TAMS 0x0000000705800000, 0x0000000705800000| Untracked 
|  36|0x0000000705a00000, 0x0000000705c00000, 0x0000000705c00000|100%| O|  |TAMS 0x0000000705a00000, 0x0000000705a00000| Untracked 
|  37|0x0000000705c00000, 0x0000000705e00000, 0x0000000705e00000|100%| O|  |TAMS 0x0000000705c00000, 0x0000000705c00000| Untracked 
|  38|0x0000000705e00000, 0x0000000706000000, 0x0000000706000000|100%| O|  |TAMS 0x0000000705e00000, 0x0000000705e00000| Untracked 
|  39|0x0000000706000000, 0x0000000706200000, 0x0000000706200000|100%| O|  |TAMS 0x0000000706000000, 0x0000000706000000| Untracked 
|  40|0x0000000706200000, 0x0000000706400000, 0x0000000706400000|100%| O|  |TAMS 0x0000000706200000, 0x0000000706200000| Untracked 
|  41|0x0000000706400000, 0x0000000706600000, 0x0000000706600000|100%| O|  |TAMS 0x0000000706400000, 0x0000000706400000| Untracked 
|  42|0x0000000706600000, 0x0000000706800000, 0x0000000706800000|100%| O|  |TAMS 0x0000000706600000, 0x0000000706600000| Untracked 
|  43|0x0000000706800000, 0x0000000706a00000, 0x0000000706a00000|100%| O|  |TAMS 0x0000000706800000, 0x0000000706800000| Untracked 
|  44|0x0000000706a00000, 0x0000000706c00000, 0x0000000706c00000|100%| O|  |TAMS 0x0000000706a00000, 0x0000000706a00000| Untracked 
|  45|0x0000000706c00000, 0x0000000706e00000, 0x0000000706e00000|100%| O|  |TAMS 0x0000000706c00000, 0x0000000706c00000| Untracked 
|  46|0x0000000706e00000, 0x0000000707000000, 0x0000000707000000|100%| O|  |TAMS 0x0000000706e00000, 0x0000000706e00000| Untracked 
|  47|0x0000000707000000, 0x0000000707200000, 0x0000000707200000|100%| O|  |TAMS 0x0000000707000000, 0x0000000707000000| Untracked 
|  48|0x0000000707200000, 0x0000000707200000, 0x0000000707400000|  0%| F|  |TAMS 0x0000000707200000, 0x0000000707200000| Untracked 
|  49|0x0000000707400000, 0x0000000707400000, 0x0000000707600000|  0%| F|  |TAMS 0x0000000707400000, 0x0000000707400000| Untracked 
|  50|0x0000000707600000, 0x0000000707600000, 0x0000000707800000|  0%| F|  |TAMS 0x0000000707600000, 0x0000000707600000| Untracked 
|  51|0x0000000707800000, 0x0000000707800000, 0x0000000707a00000|  0%| F|  |TAMS 0x0000000707800000, 0x0000000707800000| Untracked 
|  52|0x0000000707a00000, 0x0000000707a00000, 0x0000000707c00000|  0%| F|  |TAMS 0x0000000707a00000, 0x0000000707a00000| Untracked 
|  53|0x0000000707c00000, 0x0000000707c00000, 0x0000000707e00000|  0%| F|  |TAMS 0x0000000707c00000, 0x0000000707c00000| Untracked 
|  54|0x0000000707e00000, 0x0000000707e00000, 0x0000000708000000|  0%| F|  |TAMS 0x0000000707e00000, 0x0000000707e00000| Untracked 
|  55|0x0000000708000000, 0x0000000708000000, 0x0000000708200000|  0%| F|  |TAMS 0x0000000708000000, 0x0000000708000000| Untracked 
|  56|0x0000000708200000, 0x0000000708200000, 0x0000000708400000|  0%| F|  |TAMS 0x0000000708200000, 0x0000000708200000| Untracked 
|  57|0x0000000708400000, 0x0000000708400000, 0x0000000708600000|  0%| F|  |TAMS 0x0000000708400000, 0x0000000708400000| Untracked 
|  58|0x0000000708600000, 0x0000000708600000, 0x0000000708800000|  0%| F|  |TAMS 0x0000000708600000, 0x0000000708600000| Untracked 
|  59|0x0000000708800000, 0x0000000708800000, 0x0000000708a00000|  0%| F|  |TAMS 0x0000000708800000, 0x0000000708800000| Untracked 
|  60|0x0000000708a00000, 0x0000000708a00000, 0x0000000708c00000|  0%| F|  |TAMS 0x0000000708a00000, 0x0000000708a00000| Untracked 
|  61|0x0000000708c00000, 0x0000000708c00000, 0x0000000708e00000|  0%| F|  |TAMS 0x0000000708c00000, 0x0000000708c00000| Untracked 
|  62|0x0000000708e00000, 0x0000000708e00000, 0x0000000709000000|  0%| F|  |TAMS 0x0000000708e00000, 0x0000000708e00000| Untracked 
|  63|0x0000000709000000, 0x0000000709000000, 0x0000000709200000|  0%| F|  |TAMS 0x0000000709000000, 0x0000000709000000| Untracked 
|  64|0x0000000709200000, 0x0000000709200000, 0x0000000709400000|  0%| F|  |TAMS 0x0000000709200000, 0x0000000709200000| Untracked 
|  65|0x0000000709400000, 0x0000000709400000, 0x0000000709600000|  0%| F|  |TAMS 0x0000000709400000, 0x0000000709400000| Untracked 
|  66|0x0000000709600000, 0x0000000709600000, 0x0000000709800000|  0%| F|  |TAMS 0x0000000709600000, 0x0000000709600000| Untracked 
|  67|0x0000000709800000, 0x0000000709800000, 0x0000000709a00000|  0%| F|  |TAMS 0x0000000709800000, 0x0000000709800000| Untracked 
|  68|0x0000000709a00000, 0x0000000709a00000, 0x0000000709c00000|  0%| F|  |TAMS 0x0000000709a00000, 0x0000000709a00000| Untracked 
|  69|0x0000000709c00000, 0x0000000709c00000, 0x0000000709e00000|  0%| F|  |TAMS 0x0000000709c00000, 0x0000000709c00000| Untracked 
|  70|0x0000000709e00000, 0x0000000709e00000, 0x000000070a000000|  0%| F|  |TAMS 0x0000000709e00000, 0x0000000709e00000| Untracked 
|  71|0x000000070a000000, 0x000000070a000000, 0x000000070a200000|  0%| F|  |TAMS 0x000000070a000000, 0x000000070a000000| Untracked 
|  72|0x000000070a200000, 0x000000070a200000, 0x000000070a400000|  0%| F|  |TAMS 0x000000070a200000, 0x000000070a200000| Untracked 
|  73|0x000000070a400000, 0x000000070a400000, 0x000000070a600000|  0%| F|  |TAMS 0x000000070a400000, 0x000000070a400000| Untracked 
|  74|0x000000070a600000, 0x000000070a600000, 0x000000070a800000|  0%| F|  |TAMS 0x000000070a600000, 0x000000070a600000| Untracked 
|  75|0x000000070a800000, 0x000000070a800000, 0x000000070aa00000|  0%| F|  |TAMS 0x000000070a800000, 0x000000070a800000| Untracked 
|  76|0x000000070aa00000, 0x000000070aa00000, 0x000000070ac00000|  0%| F|  |TAMS 0x000000070aa00000, 0x000000070aa00000| Untracked 
|  77|0x000000070ac00000, 0x000000070ac00000, 0x000000070ae00000|  0%| F|  |TAMS 0x000000070ac00000, 0x000000070ac00000| Untracked 
|  78|0x000000070ae00000, 0x000000070ae00000, 0x000000070b000000|  0%| F|  |TAMS 0x000000070ae00000, 0x000000070ae00000| Untracked 
|  79|0x000000070b000000, 0x000000070b000000, 0x000000070b200000|  0%| F|  |TAMS 0x000000070b000000, 0x000000070b000000| Untracked 
|  80|0x000000070b200000, 0x000000070b200000, 0x000000070b400000|  0%| F|  |TAMS 0x000000070b200000, 0x000000070b200000| Untracked 
|  81|0x000000070b400000, 0x000000070b600000, 0x000000070b600000|100%| S|CS|TAMS 0x000000070b400000, 0x000000070b400000| Complete 
|  82|0x000000070b600000, 0x000000070b800000, 0x000000070b800000|100%| S|CS|TAMS 0x000000070b600000, 0x000000070b600000| Complete 
|  83|0x000000070b800000, 0x000000070ba00000, 0x000000070ba00000|100%| S|CS|TAMS 0x000000070b800000, 0x000000070b800000| Complete 
|  84|0x000000070ba00000, 0x000000070bc00000, 0x000000070bc00000|100%| S|CS|TAMS 0x000000070ba00000, 0x000000070ba00000| Complete 
|  85|0x000000070bc00000, 0x000000070be00000, 0x000000070be00000|100%| S|CS|TAMS 0x000000070bc00000, 0x000000070bc00000| Complete 
|  86|0x000000070be00000, 0x000000070c000000, 0x000000070c000000|100%| S|CS|TAMS 0x000000070be00000, 0x000000070be00000| Complete 
|  87|0x000000070c000000, 0x000000070c200000, 0x000000070c200000|100%| S|CS|TAMS 0x000000070c000000, 0x000000070c000000| Complete 
|  88|0x000000070c200000, 0x000000070c400000, 0x000000070c400000|100%| S|CS|TAMS 0x000000070c200000, 0x000000070c200000| Complete 
|  89|0x000000070c400000, 0x000000070c400000, 0x000000070c600000|  0%| F|  |TAMS 0x000000070c400000, 0x000000070c400000| Untracked 
|  90|0x000000070c600000, 0x000000070c600000, 0x000000070c800000|  0%| F|  |TAMS 0x000000070c600000, 0x000000070c600000| Untracked 
|  91|0x000000070c800000, 0x000000070c800000, 0x000000070ca00000|  0%| F|  |TAMS 0x000000070c800000, 0x000000070c800000| Untracked 
|  92|0x000000070ca00000, 0x000000070ca00000, 0x000000070cc00000|  0%| F|  |TAMS 0x000000070ca00000, 0x000000070ca00000| Untracked 
|  93|0x000000070cc00000, 0x000000070cc00000, 0x000000070ce00000|  0%| F|  |TAMS 0x000000070cc00000, 0x000000070cc00000| Untracked 
|  94|0x000000070ce00000, 0x000000070ce00000, 0x000000070d000000|  0%| F|  |TAMS 0x000000070ce00000, 0x000000070ce00000| Untracked 
|  95|0x000000070d000000, 0x000000070d000000, 0x000000070d200000|  0%| F|  |TAMS 0x000000070d000000, 0x000000070d000000| Untracked 
|  96|0x000000070d200000, 0x000000070d200000, 0x000000070d400000|  0%| F|  |TAMS 0x000000070d200000, 0x000000070d200000| Untracked 
|  97|0x000000070d400000, 0x000000070d400000, 0x000000070d600000|  0%| F|  |TAMS 0x000000070d400000, 0x000000070d400000| Untracked 
|  98|0x000000070d600000, 0x000000070d600000, 0x000000070d800000|  0%| F|  |TAMS 0x000000070d600000, 0x000000070d600000| Untracked 
|  99|0x000000070d800000, 0x000000070d800000, 0x000000070da00000|  0%| F|  |TAMS 0x000000070d800000, 0x000000070d800000| Untracked 
| 100|0x000000070da00000, 0x000000070da00000, 0x000000070dc00000|  0%| F|  |TAMS 0x000000070da00000, 0x000000070da00000| Untracked 
| 101|0x000000070dc00000, 0x000000070dc00000, 0x000000070de00000|  0%| F|  |TAMS 0x000000070dc00000, 0x000000070dc00000| Untracked 
| 102|0x000000070de00000, 0x000000070de00000, 0x000000070e000000|  0%| F|  |TAMS 0x000000070de00000, 0x000000070de00000| Untracked 
| 103|0x000000070e000000, 0x000000070e000000, 0x000000070e200000|  0%| F|  |TAMS 0x000000070e000000, 0x000000070e000000| Untracked 
| 104|0x000000070e200000, 0x000000070e200000, 0x000000070e400000|  0%| F|  |TAMS 0x000000070e200000, 0x000000070e200000| Untracked 
| 105|0x000000070e400000, 0x000000070e400000, 0x000000070e600000|  0%| F|  |TAMS 0x000000070e400000, 0x000000070e400000| Untracked 
| 106|0x000000070e600000, 0x000000070e600000, 0x000000070e800000|  0%| F|  |TAMS 0x000000070e600000, 0x000000070e600000| Untracked 
| 107|0x000000070e800000, 0x000000070e800000, 0x000000070ea00000|  0%| F|  |TAMS 0x000000070e800000, 0x000000070e800000| Untracked 
| 108|0x000000070ea00000, 0x000000070ea00000, 0x000000070ec00000|  0%| F|  |TAMS 0x000000070ea00000, 0x000000070ea00000| Untracked 
| 109|0x000000070ec00000, 0x000000070ec00000, 0x000000070ee00000|  0%| F|  |TAMS 0x000000070ec00000, 0x000000070ec00000| Untracked 
| 110|0x000000070ee00000, 0x000000070ee00000, 0x000000070f000000|  0%| F|  |TAMS 0x000000070ee00000, 0x000000070ee00000| Untracked 
| 111|0x000000070f000000, 0x000000070f000000, 0x000000070f200000|  0%| F|  |TAMS 0x000000070f000000, 0x000000070f000000| Untracked 
| 112|0x000000070f200000, 0x000000070f200000, 0x000000070f400000|  0%| F|  |TAMS 0x000000070f200000, 0x000000070f200000| Untracked 
| 113|0x000000070f400000, 0x000000070f400000, 0x000000070f600000|  0%| F|  |TAMS 0x000000070f400000, 0x000000070f400000| Untracked 
| 114|0x000000070f600000, 0x000000070f600000, 0x000000070f800000|  0%| F|  |TAMS 0x000000070f600000, 0x000000070f600000| Untracked 
| 115|0x000000070f800000, 0x000000070f800000, 0x000000070fa00000|  0%| F|  |TAMS 0x000000070f800000, 0x000000070f800000| Untracked 
| 116|0x000000070fa00000, 0x000000070fa00000, 0x000000070fc00000|  0%| F|  |TAMS 0x000000070fa00000, 0x000000070fa00000| Untracked 
| 117|0x000000070fc00000, 0x000000070fc00000, 0x000000070fe00000|  0%| F|  |TAMS 0x000000070fc00000, 0x000000070fc00000| Untracked 
| 118|0x000000070fe00000, 0x000000070fe00000, 0x0000000710000000|  0%| F|  |TAMS 0x000000070fe00000, 0x000000070fe00000| Untracked 
| 119|0x0000000710000000, 0x0000000710000000, 0x0000000710200000|  0%| F|  |TAMS 0x0000000710000000, 0x0000000710000000| Untracked 
| 120|0x0000000710200000, 0x0000000710200000, 0x0000000710400000|  0%| F|  |TAMS 0x0000000710200000, 0x0000000710200000| Untracked 
| 121|0x0000000710400000, 0x0000000710400000, 0x0000000710600000|  0%| F|  |TAMS 0x0000000710400000, 0x0000000710400000| Untracked 
| 122|0x0000000710600000, 0x0000000710600000, 0x0000000710800000|  0%| F|  |TAMS 0x0000000710600000, 0x0000000710600000| Untracked 
| 123|0x0000000710800000, 0x0000000710800000, 0x0000000710a00000|  0%| F|  |TAMS 0x0000000710800000, 0x0000000710800000| Untracked 
| 124|0x0000000710a00000, 0x0000000710a00000, 0x0000000710c00000|  0%| F|  |TAMS 0x0000000710a00000, 0x0000000710a00000| Untracked 
| 125|0x0000000710c00000, 0x0000000710c00000, 0x0000000710e00000|  0%| F|  |TAMS 0x0000000710c00000, 0x0000000710c00000| Untracked 
| 126|0x0000000710e00000, 0x0000000710e00000, 0x0000000711000000|  0%| F|  |TAMS 0x0000000710e00000, 0x0000000710e00000| Untracked 
| 127|0x0000000711000000, 0x0000000711000000, 0x0000000711200000|  0%| F|  |TAMS 0x0000000711000000, 0x0000000711000000| Untracked 
| 128|0x0000000711200000, 0x0000000711200000, 0x0000000711400000|  0%| F|  |TAMS 0x0000000711200000, 0x0000000711200000| Untracked 
| 129|0x0000000711400000, 0x0000000711400000, 0x0000000711600000|  0%| F|  |TAMS 0x0000000711400000, 0x0000000711400000| Untracked 
| 130|0x0000000711600000, 0x0000000711600000, 0x0000000711800000|  0%| F|  |TAMS 0x0000000711600000, 0x0000000711600000| Untracked 
| 131|0x0000000711800000, 0x0000000711800000, 0x0000000711a00000|  0%| F|  |TAMS 0x0000000711800000, 0x0000000711800000| Untracked 
| 132|0x0000000711a00000, 0x0000000711a00000, 0x0000000711c00000|  0%| F|  |TAMS 0x0000000711a00000, 0x0000000711a00000| Untracked 
| 133|0x0000000711c00000, 0x0000000711c00000, 0x0000000711e00000|  0%| F|  |TAMS 0x0000000711c00000, 0x0000000711c00000| Untracked 
| 134|0x0000000711e00000, 0x0000000711e00000, 0x0000000712000000|  0%| F|  |TAMS 0x0000000711e00000, 0x0000000711e00000| Untracked 
| 135|0x0000000712000000, 0x0000000712000000, 0x0000000712200000|  0%| F|  |TAMS 0x0000000712000000, 0x0000000712000000| Untracked 
| 136|0x0000000712200000, 0x0000000712200000, 0x0000000712400000|  0%| F|  |TAMS 0x0000000712200000, 0x0000000712200000| Untracked 
| 137|0x0000000712400000, 0x0000000712400000, 0x0000000712600000|  0%| F|  |TAMS 0x0000000712400000, 0x0000000712400000| Untracked 
| 138|0x0000000712600000, 0x0000000712600000, 0x0000000712800000|  0%| F|  |TAMS 0x0000000712600000, 0x0000000712600000| Untracked 
| 139|0x0000000712800000, 0x0000000712800000, 0x0000000712a00000|  0%| F|  |TAMS 0x0000000712800000, 0x0000000712800000| Untracked 
| 140|0x0000000712a00000, 0x0000000712a00000, 0x0000000712c00000|  0%| F|  |TAMS 0x0000000712a00000, 0x0000000712a00000| Untracked 
| 141|0x0000000712c00000, 0x0000000712c00000, 0x0000000712e00000|  0%| F|  |TAMS 0x0000000712c00000, 0x0000000712c00000| Untracked 
| 142|0x0000000712e00000, 0x0000000712e00000, 0x0000000713000000|  0%| F|  |TAMS 0x0000000712e00000, 0x0000000712e00000| Untracked 
| 143|0x0000000713000000, 0x0000000713000000, 0x0000000713200000|  0%| F|  |TAMS 0x0000000713000000, 0x0000000713000000| Untracked 
| 144|0x0000000713200000, 0x0000000713200000, 0x0000000713400000|  0%| F|  |TAMS 0x0000000713200000, 0x0000000713200000| Untracked 
| 145|0x0000000713400000, 0x0000000713400000, 0x0000000713600000|  0%| F|  |TAMS 0x0000000713400000, 0x0000000713400000| Untracked 
| 146|0x0000000713600000, 0x0000000713600000, 0x0000000713800000|  0%| F|  |TAMS 0x0000000713600000, 0x0000000713600000| Untracked 
| 147|0x0000000713800000, 0x0000000713800000, 0x0000000713a00000|  0%| F|  |TAMS 0x0000000713800000, 0x0000000713800000| Untracked 
| 148|0x0000000713a00000, 0x0000000713a00000, 0x0000000713c00000|  0%| F|  |TAMS 0x0000000713a00000, 0x0000000713a00000| Untracked 
| 149|0x0000000713c00000, 0x0000000713c00000, 0x0000000713e00000|  0%| F|  |TAMS 0x0000000713c00000, 0x0000000713c00000| Untracked 
| 150|0x0000000713e00000, 0x0000000713e00000, 0x0000000714000000|  0%| F|  |TAMS 0x0000000713e00000, 0x0000000713e00000| Untracked 
| 151|0x0000000714000000, 0x0000000714000000, 0x0000000714200000|  0%| F|  |TAMS 0x0000000714000000, 0x0000000714000000| Untracked 
| 152|0x0000000714200000, 0x0000000714200000, 0x0000000714400000|  0%| F|  |TAMS 0x0000000714200000, 0x0000000714200000| Untracked 
| 153|0x0000000714400000, 0x0000000714400000, 0x0000000714600000|  0%| F|  |TAMS 0x0000000714400000, 0x0000000714400000| Untracked 
| 154|0x0000000714600000, 0x0000000714600000, 0x0000000714800000|  0%| F|  |TAMS 0x0000000714600000, 0x0000000714600000| Untracked 
| 155|0x0000000714800000, 0x0000000714800000, 0x0000000714a00000|  0%| F|  |TAMS 0x0000000714800000, 0x0000000714800000| Untracked 
| 156|0x0000000714a00000, 0x0000000714a00000, 0x0000000714c00000|  0%| F|  |TAMS 0x0000000714a00000, 0x0000000714a00000| Untracked 
| 157|0x0000000714c00000, 0x0000000714c00000, 0x0000000714e00000|  0%| F|  |TAMS 0x0000000714c00000, 0x0000000714c00000| Untracked 
| 158|0x0000000714e00000, 0x0000000714e00000, 0x0000000715000000|  0%| F|  |TAMS 0x0000000714e00000, 0x0000000714e00000| Untracked 
| 159|0x0000000715000000, 0x0000000715000000, 0x0000000715200000|  0%| F|  |TAMS 0x0000000715000000, 0x0000000715000000| Untracked 
| 160|0x0000000715200000, 0x0000000715200000, 0x0000000715400000|  0%| F|  |TAMS 0x0000000715200000, 0x0000000715200000| Untracked 
| 161|0x0000000715400000, 0x0000000715400000, 0x0000000715600000|  0%| F|  |TAMS 0x0000000715400000, 0x0000000715400000| Untracked 
| 162|0x0000000715600000, 0x0000000715600000, 0x0000000715800000|  0%| F|  |TAMS 0x0000000715600000, 0x0000000715600000| Untracked 
| 163|0x0000000715800000, 0x0000000715800000, 0x0000000715a00000|  0%| F|  |TAMS 0x0000000715800000, 0x0000000715800000| Untracked 
| 164|0x0000000715a00000, 0x0000000715a00000, 0x0000000715c00000|  0%| F|  |TAMS 0x0000000715a00000, 0x0000000715a00000| Untracked 
| 165|0x0000000715c00000, 0x0000000715c00000, 0x0000000715e00000|  0%| F|  |TAMS 0x0000000715c00000, 0x0000000715c00000| Untracked 
| 166|0x0000000715e00000, 0x0000000715e00000, 0x0000000716000000|  0%| F|  |TAMS 0x0000000715e00000, 0x0000000715e00000| Untracked 
| 167|0x0000000716000000, 0x0000000716000000, 0x0000000716200000|  0%| F|  |TAMS 0x0000000716000000, 0x0000000716000000| Untracked 
| 168|0x0000000716200000, 0x0000000716200000, 0x0000000716400000|  0%| F|  |TAMS 0x0000000716200000, 0x0000000716200000| Untracked 
| 169|0x0000000716400000, 0x0000000716400000, 0x0000000716600000|  0%| F|  |TAMS 0x0000000716400000, 0x0000000716400000| Untracked 
| 170|0x0000000716600000, 0x0000000716600000, 0x0000000716800000|  0%| F|  |TAMS 0x0000000716600000, 0x0000000716600000| Untracked 
| 171|0x0000000716800000, 0x0000000716800000, 0x0000000716a00000|  0%| F|  |TAMS 0x0000000716800000, 0x0000000716800000| Untracked 
| 172|0x0000000716a00000, 0x0000000716a00000, 0x0000000716c00000|  0%| F|  |TAMS 0x0000000716a00000, 0x0000000716a00000| Untracked 
| 173|0x0000000716c00000, 0x0000000716c00000, 0x0000000716e00000|  0%| F|  |TAMS 0x0000000716c00000, 0x0000000716c00000| Untracked 
| 174|0x0000000716e00000, 0x0000000716e00000, 0x0000000717000000|  0%| F|  |TAMS 0x0000000716e00000, 0x0000000716e00000| Untracked 
| 175|0x0000000717000000, 0x0000000717000000, 0x0000000717200000|  0%| F|  |TAMS 0x0000000717000000, 0x0000000717000000| Untracked 
| 176|0x0000000717200000, 0x0000000717200000, 0x0000000717400000|  0%| F|  |TAMS 0x0000000717200000, 0x0000000717200000| Untracked 
| 177|0x0000000717400000, 0x0000000717400000, 0x0000000717600000|  0%| F|  |TAMS 0x0000000717400000, 0x0000000717400000| Untracked 
| 178|0x0000000717600000, 0x0000000717600000, 0x0000000717800000|  0%| F|  |TAMS 0x0000000717600000, 0x0000000717600000| Untracked 

Card table byte_map: [0x000001fa68130000,0x000001fa68930000] _byte_map_base: 0x000001fa64927000

Marking Bits (Prev, Next): (CMBitMap*) 0x000001fa52f039c0, (CMBitMap*) 0x000001fa52f03a00
 Prev Bits: [0x000001fa69130000, 0x000001fa6d0e8000)
 Next Bits: [0x000001fa6d0f0000, 0x000001fa710a8000)

Polling page: 0x000001fa52f90000

Metaspace:

Usage:
  Non-class:     10.24 MB capacity,    10.11 MB ( 99%) used,   125.73 KB (  1%) free+waste,     7.88 KB ( <1%) overhead. 
      Class:      1.03 MB capacity,     1.01 MB ( 98%) used,    16.64 KB (  2%) free+waste,     2.50 KB ( <1%) overhead. 
       Both:     11.27 MB capacity,    11.12 MB ( 99%) used,   142.37 KB (  1%) free+waste,    10.38 KB ( <1%) overhead. 

Virtual space:
  Non-class space:       12.00 MB reserved,      10.25 MB ( 85%) committed 
      Class space:        1.00 GB reserved,       1.12 MB ( <1%) committed 
             Both:        1.01 GB reserved,      11.38 MB (  1%) committed 

Chunk freelists:
   Non-Class:  8.00 KB
       Class:  3.00 KB
        Both:  11.00 KB

MaxMetaspaceSize: 17179869184.00 GB
CompressedClassSpaceSize: 1.00 GB

CodeHeap 'non-profiled nmethods': size=120000Kb used=559Kb max_used=559Kb free=119440Kb
 bounds [0x000001fa5fbb0000, 0x000001fa5fe20000, 0x000001fa670e0000]
CodeHeap 'profiled nmethods': size=120000Kb used=1551Kb max_used=1551Kb free=118448Kb
 bounds [0x000001fa58680000, 0x000001fa588f0000, 0x000001fa5fbb0000]
CodeHeap 'non-nmethods': size=5760Kb used=1149Kb max_used=1186Kb free=4610Kb
 bounds [0x000001fa580e0000, 0x000001fa58350000, 0x000001fa58680000]
 total_blobs=1204 nmethods=805 adapters=312
 compilation: enabled
              stopped_count=0, restarted_count=0
 full_count=0

Compilation events (20 events):
Event: 0.776 Thread 0x000001fa7422f8d0  797       3       java.util.ArrayList::fastRemove (44 bytes)
Event: 0.776 Thread 0x000001fa7422f8d0 nmethod 797 0x000001fa587ea710 code [0x000001fa587ea8c0, 0x000001fa587eacc8]
Event: 0.777 Thread 0x000001fa7422f8d0  798   !   3       java.util.ArrayList$Itr::remove (68 bytes)
Event: 0.777 Thread 0x000001fa7422f8d0 nmethod 798 0x000001fa587eae10 code [0x000001fa587eb000, 0x000001fa587eb3f8]
Event: 0.830 Thread 0x000001fa7422f8d0  799       3       Services.PositionCalc3::<init> (90 bytes)
Event: 0.830 Thread 0x000001fa7422f8d0 nmethod 799 0x000001fa587eb610 code [0x000001fa587eb840, 0x000001fa587ebee8]
Event: 0.830 Thread 0x000001fa7422f8d0  800       3       Material.King::getMoves (731 bytes)
Event: 0.833 Thread 0x000001fa7422f8d0 nmethod 800 0x000001fa587ec110 code [0x000001fa587ecb60, 0x000001fa587f3ec8]
Event: 0.833 Thread 0x000001fa7422f8d0  801       3       Material.Pawn::getMoves (602 bytes)
Event: 0.836 Thread 0x000001fa7422f8d0 nmethod 801 0x000001fa587f6290 code [0x000001fa587f6a80, 0x000001fa587fd8b8]
Event: 0.837 Thread 0x000001fa7422efd0  802       4       Material.Pawn::getMoves (602 bytes)
Event: 0.837 Thread 0x000001fa7422f8d0  803 %     3       Services.PositionCalc3::getLegalFollowingPositions @ 68 (152 bytes)
Event: 0.838 Thread 0x000001fa7422f8d0 nmethod 803% 0x000001fa587ff610 code [0x000001fa587ff960, 0x000001fa588013e8]
Event: 0.841 Thread 0x000001fa7422f8d0  804       3       Services.PositionCalc3::getLegalFollowingPositions (152 bytes)
Event: 0.841 Thread 0x000001fa7422f8d0 nmethod 804 0x000001fa58801c10 code [0x000001fa58801f40, 0x000001fa588037e8]
Event: 0.969 Thread 0x000001fa7422efd0 nmethod 802 0x000001fa5fc29510 code [0x000001fa5fc29940, 0x000001fa5fc2f618]
Event: 0.970 Thread 0x000001fa7422efd0  805       4       Services.PositionCalc3::getLegalFollowingPositions (152 bytes)
Event: 1.001 Thread 0x000001fa746c8c20 nmethod 795 0x000001fa5fc31d10 code [0x000001fa5fc32140, 0x000001fa5fc35f30]
Event: 1.037 Thread 0x000001fa7422efd0 nmethod 805 0x000001fa5fc38690 code [0x000001fa5fc38960, 0x000001fa5fc3ad30]
Event: 1.109 Thread 0x000001fa7422efd0  806       4       Material.King::getMoves (731 bytes)

GC Heap History (17 events):
Event: 0.385 GC heap before
{Heap before GC invocations=0 (full 0):
 garbage-first heap   total 262144K, used 20480K [0x0000000701200000, 0x0000000800000000)
  region size 2048K, 10 young (20480K), 0 survivors (0K)
 Metaspace       used 11373K, capacity 11477K, committed 11648K, reserved 1060864K
  class space    used 1033K, capacity 1053K, committed 1152K, reserved 1048576K
}
Event: 0.388 GC heap after
{Heap after GC invocations=1 (full 0):
 garbage-first heap   total 262144K, used 3126K [0x0000000701200000, 0x0000000800000000)
  region size 2048K, 2 young (4096K), 2 survivors (4096K)
 Metaspace       used 11373K, capacity 11477K, committed 11648K, reserved 1060864K
  class space    used 1033K, capacity 1053K, committed 1152K, reserved 1048576K
}
Event: 0.422 GC heap before
{Heap before GC invocations=1 (full 0):
 garbage-first heap   total 262144K, used 29750K [0x0000000701200000, 0x0000000800000000)
  region size 2048K, 15 young (30720K), 2 survivors (4096K)
 Metaspace       used 11376K, capacity 11477K, committed 11648K, reserved 1060864K
  class space    used 1033K, capacity 1053K, committed 1152K, reserved 1048576K
}
Event: 0.425 GC heap after
{Heap after GC invocations=2 (full 0):
 garbage-first heap   total 262144K, used 5935K [0x0000000701200000, 0x0000000800000000)
  region size 2048K, 2 young (4096K), 2 survivors (4096K)
 Metaspace       used 11376K, capacity 11477K, committed 11648K, reserved 1060864K
  class space    used 1033K, capacity 1053K, committed 1152K, reserved 1048576K
}
Event: 0.555 GC heap before
{Heap before GC invocations=2 (full 0):
 garbage-first heap   total 262144K, used 114479K [0x0000000701200000, 0x0000000800000000)
  region size 2048K, 55 young (112640K), 2 survivors (4096K)
 Metaspace       used 11386K, capacity 11541K, committed 11648K, reserved 1060864K
  class space    used 1033K, capacity 1053K, committed 1152K, reserved 1048576K
}
Event: 0.562 GC heap after
{Heap after GC invocations=3 (full 0):
 garbage-first heap   total 262144K, used 16115K [0x0000000701200000, 0x0000000800000000)
  region size 2048K, 7 young (14336K), 7 survivors (14336K)
 Metaspace       used 11386K, capacity 11541K, committed 11648K, reserved 1060864K
  class space    used 1033K, capacity 1053K, committed 1152K, reserved 1048576K
}
Event: 0.661 GC heap before
{Heap before GC invocations=3 (full 0):
 garbage-first heap   total 262144K, used 157427K [0x0000000701200000, 0x0000000800000000)
  region size 2048K, 76 young (155648K), 7 survivors (14336K)
 Metaspace       used 11386K, capacity 11541K, committed 11648K, reserved 1060864K
  class space    used 1033K, capacity 1053K, committed 1152K, reserved 1048576K
}
Event: 0.671 GC heap after
{Heap after GC invocations=4 (full 0):
 garbage-first heap   total 262144K, used 30019K [0x0000000701200000, 0x0000000800000000)
  region size 2048K, 7 young (14336K), 7 survivors (14336K)
 Metaspace       used 11386K, capacity 11541K, committed 11648K, reserved 1060864K
  class space    used 1033K, capacity 1053K, committed 1152K, reserved 1048576K
}
Event: 0.739 GC heap before
{Heap before GC invocations=4 (full 0):
 garbage-first heap   total 262144K, used 171331K [0x0000000701200000, 0x0000000800000000)
  region size 2048K, 76 young (155648K), 7 survivors (14336K)
 Metaspace       used 11386K, capacity 11541K, committed 11648K, reserved 1060864K
  class space    used 1033K, capacity 1053K, committed 1152K, reserved 1048576K
}
Event: 0.750 GC heap after
{Heap after GC invocations=5 (full 0):
 garbage-first heap   total 366592K, used 44298K [0x0000000701200000, 0x0000000800000000)
  region size 2048K, 7 young (14336K), 7 survivors (14336K)
 Metaspace       used 11386K, capacity 11541K, committed 11648K, reserved 1060864K
  class space    used 1033K, capacity 1053K, committed 1152K, reserved 1048576K
}
Event: 0.873 GC heap before
{Heap before GC invocations=5 (full 0):
 garbage-first heap   total 366592K, used 249098K [0x0000000701200000, 0x0000000800000000)
  region size 2048K, 107 young (219136K), 7 survivors (14336K)
 Metaspace       used 11388K, capacity 11541K, committed 11648K, reserved 1060864K
  class space    used 1033K, capacity 1053K, committed 1152K, reserved 1048576K
}
Event: 0.893 GC heap after
{Heap after GC invocations=6 (full 0):
 garbage-first heap   total 366592K, used 61843K [0x0000000701200000, 0x0000000800000000)
  region size 2048K, 14 young (28672K), 14 survivors (28672K)
 Metaspace       used 11388K, capacity 11541K, committed 11648K, reserved 1060864K
  class space    used 1033K, capacity 1053K, committed 1152K, reserved 1048576K
}
Event: 0.976 GC heap before
{Heap before GC invocations=6 (full 0):
 garbage-first heap   total 366592K, used 252307K [0x0000000701200000, 0x0000000800000000)
  region size 2048K, 107 young (219136K), 14 survivors (28672K)
 Metaspace       used 11388K, capacity 11541K, committed 11648K, reserved 1060864K
  class space    used 1033K, capacity 1053K, committed 1152K, reserved 1048576K
}
Event: 0.997 GC heap after
{Heap after GC invocations=7 (full 0):
 garbage-first heap   total 366592K, used 80854K [0x0000000701200000, 0x0000000800000000)
  region size 2048K, 9 young (18432K), 9 survivors (18432K)
 Metaspace       used 11388K, capacity 11541K, committed 11648K, reserved 1060864K
  class space    used 1033K, capacity 1053K, committed 1152K, reserved 1048576K
}
Event: 1.063 GC heap before
{Heap before GC invocations=7 (full 0):
 garbage-first heap   total 366592K, used 277462K [0x0000000701200000, 0x0000000800000000)
  region size 2048K, 105 young (215040K), 9 survivors (18432K)
 Metaspace       used 11388K, capacity 11541K, committed 11648K, reserved 1060864K
  class space    used 1033K, capacity 1053K, committed 1152K, reserved 1048576K
}
Event: 1.076 GC heap after
{Heap after GC invocations=8 (full 0):
 garbage-first heap   total 366592K, used 99055K [0x0000000701200000, 0x0000000800000000)
  region size 2048K, 9 young (18432K), 9 survivors (18432K)
 Metaspace       used 11388K, capacity 11541K, committed 11648K, reserved 1060864K
  class space    used 1033K, capacity 1053K, committed 1152K, reserved 1048576K
}
Event: 1.136 GC heap before
{Heap before GC invocations=8 (full 0):
 garbage-first heap   total 366592K, used 283375K [0x0000000701200000, 0x0000000800000000)
  region size 2048K, 99 young (202752K), 9 survivors (18432K)
 Metaspace       used 11388K, capacity 11541K, committed 11648K, reserved 1060864K
  class space    used 1033K, capacity 1053K, committed 1152K, reserved 1048576K
}

Deoptimization events (20 events):
Event: 0.924 Thread 0x000001fa52eb8fa0 DEOPT PACKING pc=0x000001fa587e9c73 sp=0x000000cecc6fdb30
Event: 0.924 Thread 0x000001fa52eb8fa0 DEOPT UNPACKING pc=0x000001fa5812e23f sp=0x000000cecc6fcfd0 mode 0
Event: 0.933 Thread 0x000001fa52eb8fa0 DEOPT PACKING pc=0x000001fa587e9c73 sp=0x000000cecc6fdb30
Event: 0.933 Thread 0x000001fa52eb8fa0 DEOPT UNPACKING pc=0x000001fa5812e23f sp=0x000000cecc6fcfd0 mode 0
Event: 0.940 Thread 0x000001fa52eb8fa0 DEOPT PACKING pc=0x000001fa5880357c sp=0x000000cecc6fdb90
Event: 0.940 Thread 0x000001fa52eb8fa0 DEOPT UNPACKING pc=0x000001fa5812e23f sp=0x000000cecc6fd0b0 mode 0
Event: 0.941 Thread 0x000001fa52eb8fa0 DEOPT PACKING pc=0x000001fa587e9c73 sp=0x000000cecc6fdb30
Event: 0.941 Thread 0x000001fa52eb8fa0 DEOPT UNPACKING pc=0x000001fa5812e23f sp=0x000000cecc6fcfd0 mode 0
Event: 0.950 Thread 0x000001fa52eb8fa0 DEOPT PACKING pc=0x000001fa587e9c73 sp=0x000000cecc6fdb30
Event: 0.950 Thread 0x000001fa52eb8fa0 DEOPT UNPACKING pc=0x000001fa5812e23f sp=0x000000cecc6fcfd0 mode 0
Event: 0.959 Thread 0x000001fa52eb8fa0 DEOPT PACKING pc=0x000001fa587e9c73 sp=0x000000cecc6fdb30
Event: 0.959 Thread 0x000001fa52eb8fa0 DEOPT UNPACKING pc=0x000001fa5812e23f sp=0x000000cecc6fcfd0 mode 0
Event: 0.966 Thread 0x000001fa52eb8fa0 DEOPT PACKING pc=0x000001fa5880357c sp=0x000000cecc6fdb90
Event: 0.966 Thread 0x000001fa52eb8fa0 DEOPT UNPACKING pc=0x000001fa5812e23f sp=0x000000cecc6fd0b0 mode 0
Event: 0.969 Thread 0x000001fa52eb8fa0 DEOPT PACKING pc=0x000001fa587e9c73 sp=0x000000cecc6fdb30
Event: 0.969 Thread 0x000001fa52eb8fa0 DEOPT UNPACKING pc=0x000001fa5812e23f sp=0x000000cecc6fcfd0 mode 0
Event: 0.998 Thread 0x000001fa52eb8fa0 DEOPT PACKING pc=0x000001fa587e9c73 sp=0x000000cecc6fdb30
Event: 0.998 Thread 0x000001fa52eb8fa0 DEOPT UNPACKING pc=0x000001fa5812e23f sp=0x000000cecc6fcfd0 mode 0
Event: 1.010 Thread 0x000001fa52eb8fa0 DEOPT PACKING pc=0x000001fa5880357c sp=0x000000cecc6fdb90
Event: 1.010 Thread 0x000001fa52eb8fa0 DEOPT UNPACKING pc=0x000001fa5812e23f sp=0x000000cecc6fd0b0 mode 0

Classes unloaded (0 events):
No events

Classes redefined (0 events):
No events

Internal exceptions (7 events):
Event: 0.148 Thread 0x000001fa52eb8fa0 Exception <a 'java/lang/NoSuchMethodError'{0x0000000710e63820}: 'void java.lang.invoke.DirectMethodHandle$Holder.invokeStatic(java.lang.Object, java.lang.Object)'> (0x0000000710e63820) 
thrown [./open/src/hotspot/share/interpreter/linkResolver.cpp, line 782]
Event: 0.148 Thread 0x000001fa52eb8fa0 Exception <a 'java/lang/NoSuchMethodError'{0x0000000710e675e0}: 'void java.lang.invoke.DirectMethodHandle$Holder.invokeStaticInit(java.lang.Object, java.lang.Object)'> (0x0000000710e675e0) 
thrown [./open/src/hotspot/share/interpreter/linkResolver.cpp, line 782]
Event: 0.228 Thread 0x000001fa52eb8fa0 Exception <a 'java/lang/NoSuchMethodError'{0x0000000710c56010}: 'java.lang.Object java.lang.invoke.DirectMethodHandle$Holder.invokeStatic(java.lang.Object)'> (0x0000000710c56010) 
thrown [./open/src/hotspot/share/interpreter/linkResolver.cpp, line 782]
Event: 0.229 Thread 0x000001fa52eb8fa0 Exception <a 'java/lang/NoSuchMethodError'{0x0000000710c59680}: 'java.lang.Object java.lang.invoke.DirectMethodHandle$Holder.invokeStaticInit(java.lang.Object)'> (0x0000000710c59680) 
thrown [./open/src/hotspot/share/interpreter/linkResolver.cpp, line 782]
Event: 0.288 Thread 0x000001fa52eb8fa0 Exception <a 'java/lang/NoSuchMethodError'{0x0000000710a8b8d0}: 'java.lang.Object java.lang.invoke.DirectMethodHandle$Holder.invokeInterface(java.lang.Object, java.lang.Object)'> (0x0000000710a8b8d0) 
thrown [./open/src/hotspot/share/interpreter/linkResolver.cpp, line 782]
Event: 0.289 Thread 0x000001fa52eb8fa0 Exception <a 'java/lang/IncompatibleClassChangeError'{0x0000000710a8f368}: Found class java.lang.Object, but interface was expected> (0x0000000710a8f368) 
thrown [./open/src/hotspot/share/interpreter/linkResolver.cpp, line 848]
Event: 0.304 Thread 0x000001fa52eb8fa0 Exception <a 'java/lang/NoSuchMethodError'{0x0000000710b07628}: 'java.lang.Object java.lang.invoke.DirectMethodHandle$Holder.newInvokeSpecial(java.lang.Object, java.lang.Object, java.lang.Object, java.lang.Object, java.lang.Object)'> (0x0000000710b07628) 
thrown [./open/src/hotspot/share/interpreter/linkResolver.cpp, line 782]

Events (20 events):
Event: 0.385 Executing VM operation: G1CollectForAllocation
Event: 0.388 Executing VM operation: G1CollectForAllocation done
Event: 0.388 Executing VM operation: HandshakeAllThreads
Event: 0.388 Executing VM operation: HandshakeAllThreads done
Event: 0.422 Executing VM operation: G1CollectForAllocation
Event: 0.426 Executing VM operation: G1CollectForAllocation done
Event: 0.555 Executing VM operation: G1CollectForAllocation
Event: 0.562 Executing VM operation: G1CollectForAllocation done
Event: 0.661 Executing VM operation: G1CollectForAllocation
Event: 0.671 Executing VM operation: G1CollectForAllocation done
Event: 0.739 Executing VM operation: G1CollectForAllocation
Event: 0.750 Executing VM operation: G1CollectForAllocation done
Event: 0.873 Executing VM operation: G1CollectForAllocation
Event: 0.893 Executing VM operation: G1CollectForAllocation done
Event: 0.976 Executing VM operation: G1CollectForAllocation
Event: 0.997 Executing VM operation: G1CollectForAllocation done
Event: 1.063 Executing VM operation: G1CollectForAllocation
Event: 1.076 Executing VM operation: G1CollectForAllocation done
Event: 1.109 Thread 0x000001fa746c8c20 Thread exited: 0x000001fa746c8c20
Event: 1.136 Executing VM operation: G1CollectForAllocation


Dynamic libraries:
0x00007ff75bdb0000 - 0x00007ff75bdbd000 	C:\Users\janme\.p2\pool\plugins\org.eclipse.justj.openjdk.hotspot.jre.full.win32.x86_64_15.0.2.v20210201-0955\jre\bin\javaw.exe
0x00007ffeb5350000 - 0x00007ffeb5545000 	C:\WINDOWS\SYSTEM32\ntdll.dll
0x00007ffeb4690000 - 0x00007ffeb474d000 	C:\WINDOWS\System32\KERNEL32.DLL
0x00007ffeb2e90000 - 0x00007ffeb3159000 	C:\WINDOWS\System32\KERNELBASE.dll
0x00007ffeb2c20000 - 0x00007ffeb2d20000 	C:\WINDOWS\System32\ucrtbase.dll
0x00007ffe9be70000 - 0x00007ffe9be89000 	C:\Users\janme\.p2\pool\plugins\org.eclipse.justj.openjdk.hotspot.jre.full.win32.x86_64_15.0.2.v20210201-0955\jre\bin\VCRUNTIME140.dll
0x00007ffe9bd30000 - 0x00007ffe9bd48000 	C:\Users\janme\.p2\pool\plugins\org.eclipse.justj.openjdk.hotspot.jre.full.win32.x86_64_15.0.2.v20210201-0955\jre\bin\jli.dll
0x00007ffeb3ce0000 - 0x00007ffeb3e80000 	C:\WINDOWS\System32\USER32.dll
0x00007ffeb2bf0000 - 0x00007ffeb2c12000 	C:\WINDOWS\System32\win32u.dll
0x00007ffeb33c0000 - 0x00007ffeb33ea000 	C:\WINDOWS\System32\GDI32.dll
0x00007ffeb2d20000 - 0x00007ffeb2e2b000 	C:\WINDOWS\System32\gdi32full.dll
0x00007ffeb3320000 - 0x00007ffeb33bd000 	C:\WINDOWS\System32\msvcp_win.dll
0x00007ffea36d0000 - 0x00007ffea396a000 	C:\WINDOWS\WinSxS\amd64_microsoft.windows.common-controls_6595b64144ccf1df_6.0.19041.1110_none_60b5254171f9507e\COMCTL32.dll
0x00007ffeb45c0000 - 0x00007ffeb465e000 	C:\WINDOWS\System32\msvcrt.dll
0x00007ffeb4660000 - 0x00007ffeb4690000 	C:\WINDOWS\System32\IMM32.DLL
0x00007ffea1750000 - 0x00007ffea175c000 	C:\Users\janme\.p2\pool\plugins\org.eclipse.justj.openjdk.hotspot.jre.full.win32.x86_64_15.0.2.v20210201-0955\jre\bin\vcruntime140_1.dll
0x00007ffe81cc0000 - 0x00007ffe81d51000 	C:\Users\janme\.p2\pool\plugins\org.eclipse.justj.openjdk.hotspot.jre.full.win32.x86_64_15.0.2.v20210201-0955\jre\bin\msvcp140.dll
0x00007ffe80130000 - 0x00007ffe80c8e000 	C:\Users\janme\.p2\pool\plugins\org.eclipse.justj.openjdk.hotspot.jre.full.win32.x86_64_15.0.2.v20210201-0955\jre\bin\server\jvm.dll
0x00007ffeb4e90000 - 0x00007ffeb4f3c000 	C:\WINDOWS\System32\ADVAPI32.dll
0x00007ffeb4750000 - 0x00007ffeb47eb000 	C:\WINDOWS\System32\sechost.dll
0x00007ffeb3740000 - 0x00007ffeb386a000 	C:\WINDOWS\System32\RPCRT4.dll
0x00007ffeb33f0000 - 0x00007ffeb33f8000 	C:\WINDOWS\System32\PSAPI.DLL
0x00007ffea53d0000 - 0x00007ffea53f7000 	C:\WINDOWS\SYSTEM32\WINMM.dll
0x00007ffeac740000 - 0x00007ffeac74a000 	C:\WINDOWS\SYSTEM32\VERSION.dll
0x00007ffeae5b0000 - 0x00007ffeae5b9000 	C:\WINDOWS\SYSTEM32\WSOCK32.dll
0x00007ffeb4fd0000 - 0x00007ffeb503b000 	C:\WINDOWS\System32\WS2_32.dll
0x00007ffeb09e0000 - 0x00007ffeb09f2000 	C:\WINDOWS\SYSTEM32\kernel.appcore.dll
0x00007ffead950000 - 0x00007ffead95a000 	C:\Users\janme\.p2\pool\plugins\org.eclipse.justj.openjdk.hotspot.jre.full.win32.x86_64_15.0.2.v20210201-0955\jre\bin\jimage.dll
0x00007ffe9c300000 - 0x00007ffe9c4e4000 	C:\WINDOWS\SYSTEM32\DBGHELP.DLL
0x00007ffe9c140000 - 0x00007ffe9c16c000 	C:\WINDOWS\SYSTEM32\dbgcore.DLL
0x00007ffeb3210000 - 0x00007ffeb3293000 	C:\WINDOWS\System32\bcryptPrimitives.dll
0x00007ffe9d6d0000 - 0x00007ffe9d6f5000 	C:\Users\janme\.p2\pool\plugins\org.eclipse.justj.openjdk.hotspot.jre.full.win32.x86_64_15.0.2.v20210201-0955\jre\bin\java.dll
0x00007ffea2070000 - 0x00007ffea2088000 	C:\Users\janme\.p2\pool\plugins\org.eclipse.justj.openjdk.hotspot.jre.full.win32.x86_64_15.0.2.v20210201-0955\jre\bin\zip.dll
0x00007ffeb3e80000 - 0x00007ffeb45bf000 	C:\WINDOWS\System32\SHELL32.dll
0x00007ffeb0be0000 - 0x00007ffeb1371000 	C:\WINDOWS\SYSTEM32\windows.storage.dll
0x00007ffeb47f0000 - 0x00007ffeb4b45000 	C:\WINDOWS\System32\combase.dll
0x00007ffeb2500000 - 0x00007ffeb252c000 	C:\WINDOWS\SYSTEM32\Wldp.dll
0x00007ffeb3690000 - 0x00007ffeb373e000 	C:\WINDOWS\System32\SHCORE.dll
0x00007ffeb4b70000 - 0x00007ffeb4bc5000 	C:\WINDOWS\System32\shlwapi.dll
0x00007ffeb29d0000 - 0x00007ffeb29ef000 	C:\WINDOWS\SYSTEM32\profapi.dll
0x00007ffea1630000 - 0x00007ffea1649000 	C:\Users\janme\.p2\pool\plugins\org.eclipse.justj.openjdk.hotspot.jre.full.win32.x86_64_15.0.2.v20210201-0955\jre\bin\net.dll
0x00007ffea91f0000 - 0x00007ffea92fa000 	C:\WINDOWS\SYSTEM32\WINHTTP.dll
0x00007ffeb2260000 - 0x00007ffeb22ca000 	C:\WINDOWS\system32\mswsock.dll
0x00007ffe9bf90000 - 0x00007ffe9bfa2000 	C:\Users\janme\.p2\pool\plugins\org.eclipse.justj.openjdk.hotspot.jre.full.win32.x86_64_15.0.2.v20210201-0955\jre\bin\nio.dll
0x00007ffeb1f00000 - 0x00007ffeb1f3b000 	C:\WINDOWS\SYSTEM32\IPHLPAPI.DLL
0x00007ffeb4b50000 - 0x00007ffeb4b58000 	C:\WINDOWS\System32\NSI.dll
0x00007ffeac6c0000 - 0x00007ffeac6d7000 	C:\WINDOWS\SYSTEM32\dhcpcsvc6.DLL
0x00007ffeac750000 - 0x00007ffeac76d000 	C:\WINDOWS\SYSTEM32\dhcpcsvc.DLL
0x00007ffeb1f40000 - 0x00007ffeb200c000 	C:\WINDOWS\SYSTEM32\DNSAPI.dll
0x00007ffeaa2d0000 - 0x00007ffeaa2e0000 	C:\Users\janme\.p2\pool\plugins\org.eclipse.justj.openjdk.hotspot.jre.full.win32.x86_64_15.0.2.v20210201-0955\jre\bin\verify.dll

dbghelp: loaded successfully - version: 4.0.5 - missing functions: none
symbol engine: initialized successfully - sym options: 0x614 - pdb path: .;C:\Users\janme\.p2\pool\plugins\org.eclipse.justj.openjdk.hotspot.jre.full.win32.x86_64_15.0.2.v20210201-0955\jre\bin;C:\WINDOWS\SYSTEM32;C:\WINDOWS\WinSxS\amd64_microsoft.windows.common-controls_6595b64144ccf1df_6.0.19041.1110_none_60b5254171f9507e;C:\Users\janme\.p2\pool\plugins\org.eclipse.justj.openjdk.hotspot.jre.full.win32.x86_64_15.0.2.v20210201-0955\jre\bin\server

VM Arguments:
jvm_args: -ea -ea -Dfile.encoding=UTF-8 -XX:+ShowCodeDetailsInExceptionMessages 
java_command: org.eclipse.jdt.internal.junit.runner.RemoteTestRunner -version 3 -port 57009 -testLoaderClass org.eclipse.jdt.internal.junit4.runner.JUnit4TestLoader -loaderpluginname org.eclipse.jdt.junit4.runtime -classNames Services.PositionCalc3Test
java_class_path (initial): C:\Users\janme\Documents\GitHub\Cyborg\Chess\bin;C:\Users\janme\.p2\pool\plugins\org.junit_4.13.0.v20200204-1500.jar;C:\Users\janme\.p2\pool\plugins\org.hamcrest.core_1.3.0.v20180420-1519.jar;C:\Users\janme\eclipse\java-2021-03\eclipse\configuration\org.eclipse.osgi\579\0\.cp;C:\Users\janme\eclipse\java-2021-03\eclipse\configuration\org.eclipse.osgi\578\0\.cp
Launcher Type: SUN_STANDARD

[Global flags]
     intx CICompilerCount                          = 3                                         {product} {ergonomic}
     uint ConcGCThreads                            = 2                                         {product} {ergonomic}
     uint G1ConcRefinementThreads                  = 6                                         {product} {ergonomic}
   size_t G1HeapRegionSize                         = 2097152                                   {product} {ergonomic}
    uintx GCDrainStackTargetSize                   = 64                                        {product} {ergonomic}
   size_t InitialHeapSize                          = 268435456                                 {product} {ergonomic}
   size_t MarkStackSize                            = 4194304                                   {product} {ergonomic}
   size_t MaxHeapSize                              = 4276092928                                {product} {ergonomic}
   size_t MaxNewSize                               = 2564816896                                {product} {ergonomic}
   size_t MinHeapDeltaBytes                        = 2097152                                   {product} {ergonomic}
   size_t MinHeapSize                              = 8388608                                   {product} {ergonomic}
    uintx NonNMethodCodeHeapSize                   = 5832780                                {pd product} {ergonomic}
    uintx NonProfiledCodeHeapSize                  = 122912730                              {pd product} {ergonomic}
    uintx ProfiledCodeHeapSize                     = 122912730                              {pd product} {ergonomic}
    uintx ReservedCodeCacheSize                    = 251658240                              {pd product} {ergonomic}
     bool SegmentedCodeCache                       = true                                      {product} {ergonomic}
     bool ShowCodeDetailsInExceptionMessages       = true                                   {manageable} {command line}
   size_t SoftMaxHeapSize                          = 4276092928                             {manageable} {ergonomic}
     bool UseCompressedClassPointers               = true                                 {lp64_product} {ergonomic}
     bool UseCompressedOops                        = true                                 {lp64_product} {ergonomic}
     bool UseG1GC                                  = true                                      {product} {ergonomic}
     bool UseLargePagesIndividualAllocation        = false                                  {pd product} {ergonomic}

Logging:
Log output configuration:
 #0: stdout all=warning uptime,level,tags
 #1: stderr all=off uptime,level,tags

Environment Variables:
PATH=C:/Users/janme/.p2/pool/plugins/org.eclipse.justj.openjdk.hotspot.jre.full.win32.x86_64_15.0.2.v20210201-0955/jre/bin/server;C:/Users/janme/.p2/pool/plugins/org.eclipse.justj.openjdk.hotspot.jre.full.win32.x86_64_15.0.2.v20210201-0955/jre/bin;C:\Program Files\AdoptOpenJDK\jdk-8.0.282.8-hotspot\bin;C:\Program Files (x86)\Common Files\Oracle\Java\javapath;C:\Windows\system32;C:\Windows;C:\Windows\System32\Wbem;C:\Windows\System32\WindowsPowerShell\v1.0\;C:\Windows\System32\OpenSSH\;C:\Program Files (x86)\NVIDIA Corporation\PhysX\Common;C:\WINDOWS\system32;C:\WINDOWS;C:\WINDOWS\System32\Wbem;C:\WINDOWS\System32\WindowsPowerShell\v1.0\;C:\WINDOWS\System32\OpenSSH\;C:\Users\janme\AppData\Local\Microsoft\WindowsApps;C:\Users\janme\AppData\Local\atom\bin;C:\Users\janme\AppData\Local\Microsoft\WindowsApps;C:\Users\janme\AppData\Local\GitHubDesktop\bin;C:\Users\janme\AppData\Roaming\OpenShell\Pinned;
USERNAME=janme
OS=Windows_NT
PROCESSOR_IDENTIFIER=Intel64 Family 6 Model 158 Stepping 12, GenuineIntel



---------------  S Y S T E M  ---------------

OS:
 Windows 10 , 64 bit Build 19041 (10.0.19041.1023)
OS uptime: 1 days 20:13 hours

CPU: total 6 (initial active 6) (6 cores per cpu, 1 threads per core) family 6 model 158 stepping 12 microcode 0xde, cmov, cx8, fxsr, mmx, sse, sse2, sse3, ssse3, sse4.1, sse4.2, popcnt, vzeroupper, avx, avx2, aes, clmul, erms, 3dnowpref, lzcnt, tsc, tscinvbit, bmi1, bmi2, adx, fma, clflush, clflushopt

Memory: 4k page, system-wide physical 16310M (3648M free)
TotalPageFile size 16310M (AvailPageFile size 145M)
current process WorkingSet (physical memory assigned to process): 420M, peak: 420M
current process commit charge ("private bytes"): 469M, peak: 837M

vm_info: OpenJDK 64-Bit Server VM (15.0.2+7-27) for windows-amd64 JRE (15.0.2+7-27), built on Dec  7 2020 20:02:38 by "mach5one" with unknown MS VC++:1925

END.
