#
# There is insufficient memory for the Java Runtime Environment to continue.
# Native memory allocation (mmap) failed to map 54525952 bytes for G1 virtual space
# Possible reasons:
#   The system is out of physical RAM or swap space
#   The process is running with CompressedOops enabled, and the Java Heap may be blocking the growth of the native heap
# Possible solutions:
#   Reduce memory load on the system
#   Increase physical memory or swap space
#   Check if swap backing store is full
#   Decrease Java heap size (-Xmx/-Xms)
#   Decrease number of Java threads
#   Decrease Java thread stack sizes (-Xss)
#   Set larger code cache with -XX:ReservedCodeCacheSize=
#   JVM is running with Zero Based Compressed Oops mode in which the Java heap is
#     placed in the first 32GB address space. The Java Heap base address is the
#     maximum limit for the native heap growth. Please use -XX:HeapBaseMinAddress
#     to set the Java Heap base and to place the Java Heap above 32GB virtual address.
# This output file may be truncated or incomplete.
#
#  Out of Memory Error (./open/src/hotspot/os/windows/os_windows.cpp:3321), pid=13336, tid=17140
#
# JRE version: OpenJDK Runtime Environment (15.0.2+7) (build 15.0.2+7-27)
# Java VM: OpenJDK 64-Bit Server VM (15.0.2+7-27, mixed mode, tiered, compressed oops, g1 gc, windows-amd64)
# No core dump will be written. Minidumps are not enabled by default on client versions of Windows
#

---------------  S U M M A R Y ------------

Command Line: -ea -ea -Dfile.encoding=UTF-8 -XX:+ShowCodeDetailsInExceptionMessages org.eclipse.jdt.internal.junit.runner.RemoteTestRunner -version 3 -port 55615 -testLoaderClass org.eclipse.jdt.internal.junit4.runner.JUnit4TestLoader -loaderpluginname org.eclipse.jdt.junit4.runtime -classNames Werkzeuge.AlphaBetaCyborgSpeedTest

Host: Intel(R) Core(TM) i5-9400 CPU @ 2.90GHz, 6 cores, 15G,  Windows 10 , 64 bit Build 19041 (10.0.19041.1151)
Time: Wed Aug 18 19:51:55 2021 W. Europe Summer Time elapsed time: 0.882505 seconds (0d 0h 0m 0s)

---------------  T H R E A D  ---------------

Current thread (0x000001d470dc3950):  VMThread "VM Thread" [stack: 0x00000080a4800000,0x00000080a4900000] [id=17140]

Stack: [0x00000080a4800000,0x00000080a4900000]
[error occurred during error reporting (printing stack bounds), id 0xc0000005, EXCEPTION_ACCESS_VIOLATION (0xc0000005) at pc=0x000001d4554a10ad]

Native frames: (J=compiled Java code, j=interpreted, Vv=VM code, C=native code)
V  [jvm.dll+0x62ae9a]
V  [jvm.dll+0x7817a9]
V  [jvm.dll+0x782f03]
V  [jvm.dll+0x7834c5]
V  [jvm.dll+0x78347b]
V  [jvm.dll+0x62a2b9]
V  [jvm.dll+0x62aa88]
C  [ntdll.dll+0xa217f]
C  [ntdll.dll+0x51454]
C  [ntdll.dll+0xa0cae]
C  0x000001d4554a10ad

VM_Operation (0x00000080a42fdb80): G1CollectForAllocation, mode: safepoint, requested by thread 0x000001d451a89130


---------------  P R O C E S S  ---------------

Threads class SMR info:
_java_thread_list=0x000001d4712c7850, length=13, elements={
0x000001d451a89130, 0x000001d470df9010, 0x000001d470df99d0, 0x000001d470e212b0,
0x000001d470e23b80, 0x000001d470e26450, 0x000001d470e30da0, 0x000001d470e396b0,
0x000001d470e3a790, 0x000001d470fa0e30, 0x000001d470faaef0, 0x000001d470fc3df0,
0x000001d4712cd0c0
}

Java Threads: ( => current thread )
  0x000001d451a89130 JavaThread "main" [_thread_blocked, id=14592, stack(0x00000080a4200000,0x00000080a4300000)]
  0x000001d470df9010 JavaThread "Reference Handler" daemon [_thread_blocked, id=7872, stack(0x00000080a4900000,0x00000080a4a00000)]
  0x000001d470df99d0 JavaThread "Finalizer" daemon [_thread_blocked, id=10088, stack(0x00000080a4a00000,0x00000080a4b00000)]
  0x000001d470e212b0 JavaThread "Signal Dispatcher" daemon [_thread_blocked, id=13664, stack(0x00000080a4b00000,0x00000080a4c00000)]
  0x000001d470e23b80 JavaThread "Attach Listener" daemon [_thread_blocked, id=11680, stack(0x00000080a4c00000,0x00000080a4d00000)]
  0x000001d470e26450 JavaThread "Service Thread" daemon [_thread_blocked, id=6328, stack(0x00000080a4d00000,0x00000080a4e00000)]
  0x000001d470e30da0 JavaThread "C2 CompilerThread0" daemon [_thread_blocked, id=13696, stack(0x00000080a4e00000,0x00000080a4f00000)]
  0x000001d470e396b0 JavaThread "C1 CompilerThread0" daemon [_thread_blocked, id=15596, stack(0x00000080a4f00000,0x00000080a5000000)]
  0x000001d470e3a790 JavaThread "Sweeper thread" daemon [_thread_blocked, id=11424, stack(0x00000080a5000000,0x00000080a5100000)]
  0x000001d470fa0e30 JavaThread "Notification Thread" daemon [_thread_blocked, id=4724, stack(0x00000080a5100000,0x00000080a5200000)]
  0x000001d470faaef0 JavaThread "Common-Cleaner" daemon [_thread_blocked, id=15924, stack(0x00000080a5300000,0x00000080a5400000)]
  0x000001d470fc3df0 JavaThread "C2 CompilerThread1" daemon [_thread_in_native, id=13492, stack(0x00000080a5400000,0x00000080a5500000)]
  0x000001d4712cd0c0 JavaThread "ReaderThread" [_thread_in_native, id=13904, stack(0x00000080a5500000,0x00000080a5600000)]

Other Threads:
=>0x000001d470dc3950 VMThread "VM Thread" [stack: 0x00000080a4800000,0x00000080a4900000] [id=17140]
  0x000001d470fa1300 WatcherThread [stack: 0x00000080a5200000,0x00000080a5300000] [id=10448]
  0x000001d451ad3390 GCTaskThread "GC Thread#0" [stack: 0x00000080a4300000,0x00000080a4400000] [id=13572]
  0x000001d47144b320 GCTaskThread "GC Thread#1" [stack: 0x00000080a5600000,0x00000080a5700000] [id=15920]
  0x000001d47144acc0 GCTaskThread "GC Thread#2" [stack: 0x00000080a5700000,0x00000080a5800000] [id=17052]
  0x000001d47144cfd0 GCTaskThread "GC Thread#3" [stack: 0x00000080a5800000,0x00000080a5900000] [id=10412]
  0x000001d47144bcb0 GCTaskThread "GC Thread#4" [stack: 0x00000080a5900000,0x00000080a5a00000] [id=1212]
  0x000001d47144c310 GCTaskThread "GC Thread#5" [stack: 0x00000080a5a00000,0x00000080a5b00000] [id=852]
  0x000001d451ae4440 ConcurrentGCThread "G1 Main Marker" [stack: 0x00000080a4400000,0x00000080a4500000] [id=10580]
  0x000001d451ae4fd0 ConcurrentGCThread "G1 Conc#0" [stack: 0x00000080a4500000,0x00000080a4600000] [id=548]
  0x000001d451b55250 ConcurrentGCThread "G1 Refine#0" [stack: 0x00000080a4600000,0x00000080a4700000] [id=10864]
  0x000001d451b56ab0 ConcurrentGCThread "G1 Young RemSet Sampling" [stack: 0x00000080a4700000,0x00000080a4800000] [id=3952]

Threads with active compile tasks:
C2 CompilerThread1      892  801       4       Material.Pawn::getMoves (602 bytes)

VM state: at safepoint (normal execution)

VM Mutex/Monitor currently owned by a thread:  ([mutex/lock_event])
[0x000001d451a85170] Threads_lock - owner thread: 0x000001d470dc3950
[0x000001d451a84750] Heap_lock - owner thread: 0x000001d451a89130

Heap address: 0x0000000701200000, size: 4078 MB, Compressed Oops mode: Zero based, Oop shift amount: 3
CDS disabled.
Compressed class space mapped at: 0x0000000800000000-0x0000000840000000, size: 1073741824
Narrow klass base: 0x0000000800000000, Narrow klass shift: 0, Narrow klass range: 0x40000000

GC Precious Log:
 CPUs: 6 total, 6 available
 Memory: 16310M
 Large Page Support: Disabled
 NUMA Support: Disabled
 Compressed Oops: Enabled (Zero based)
 Heap Region Size: 2M
 Heap Min Capacity: 8M
 Heap Initial Capacity: 256M
 Heap Max Capacity: 4078M
 Pre-touch: Disabled
 Parallel Workers: 6
 Concurrent Workers: 2
 Concurrent Refinement Workers: 6
 Periodic GC: Disabled

Heap:
 garbage-first heap   total 315392K, used 2326K [0x0000000701200000, 0x0000000800000000)
  region size 2048K, 2 young (4096K), 2 survivors (4096K)
 Metaspace       used 11378K, capacity 11477K, committed 11648K, reserved 1060864K
  class space    used 1031K, capacity 1053K, committed 1152K, reserved 1048576K

Heap Regions: E=young(eden), S=young(survivor), O=old, HS=humongous(starts), HC=humongous(continues), CS=collection set, F=free, OA=open archive, CA=closed archive, TAMS=top-at-mark-start (previous, next)
|   0|0x0000000701200000, 0x0000000701200000, 0x0000000701400000|  0%| F|  |TAMS 0x0000000701200000, 0x0000000701200000| Untracked 
|   1|0x0000000701400000, 0x0000000701400000, 0x0000000701600000|  0%| F|  |TAMS 0x0000000701400000, 0x0000000701400000| Untracked 
|   2|0x0000000701600000, 0x0000000701600000, 0x0000000701800000|  0%| F|  |TAMS 0x0000000701600000, 0x0000000701600000| Untracked 
|   3|0x0000000701800000, 0x0000000701800000, 0x0000000701a00000|  0%| F|  |TAMS 0x0000000701800000, 0x0000000701800000| Untracked 
|   4|0x0000000701a00000, 0x0000000701a00000, 0x0000000701c00000|  0%| F|  |TAMS 0x0000000701a00000, 0x0000000701a00000| Untracked 
|   5|0x0000000701c00000, 0x0000000701c00000, 0x0000000701e00000|  0%| F|  |TAMS 0x0000000701c00000, 0x0000000701c00000| Untracked 
|   6|0x0000000701e00000, 0x0000000701e00000, 0x0000000702000000|  0%| F|  |TAMS 0x0000000701e00000, 0x0000000701e00000| Untracked 
|   7|0x0000000702000000, 0x0000000702000000, 0x0000000702200000|  0%| F|  |TAMS 0x0000000702000000, 0x0000000702000000| Untracked 
|   8|0x0000000702200000, 0x0000000702200000, 0x0000000702400000|  0%| F|  |TAMS 0x0000000702200000, 0x0000000702200000| Untracked 
|   9|0x0000000702400000, 0x0000000702400000, 0x0000000702600000|  0%| F|  |TAMS 0x0000000702400000, 0x0000000702400000| Untracked 
|  10|0x0000000702600000, 0x0000000702600000, 0x0000000702800000|  0%| F|  |TAMS 0x0000000702600000, 0x0000000702600000| Untracked 
|  11|0x0000000702800000, 0x0000000702800000, 0x0000000702a00000|  0%| F|  |TAMS 0x0000000702800000, 0x0000000702800000| Untracked 
|  12|0x0000000702a00000, 0x0000000702a00000, 0x0000000702c00000|  0%| F|  |TAMS 0x0000000702a00000, 0x0000000702a00000| Untracked 
|  13|0x0000000702c00000, 0x0000000702c00000, 0x0000000702e00000|  0%| F|  |TAMS 0x0000000702c00000, 0x0000000702c00000| Untracked 
|  14|0x0000000702e00000, 0x0000000702e00000, 0x0000000703000000|  0%| F|  |TAMS 0x0000000702e00000, 0x0000000702e00000| Untracked 
|  15|0x0000000703000000, 0x0000000703000000, 0x0000000703200000|  0%| F|  |TAMS 0x0000000703000000, 0x0000000703000000| Untracked 
|  16|0x0000000703200000, 0x0000000703200000, 0x0000000703400000|  0%| F|  |TAMS 0x0000000703200000, 0x0000000703200000| Untracked 
|  17|0x0000000703400000, 0x0000000703400000, 0x0000000703600000|  0%| F|  |TAMS 0x0000000703400000, 0x0000000703400000| Untracked 
|  18|0x0000000703600000, 0x0000000703600000, 0x0000000703800000|  0%| F|  |TAMS 0x0000000703600000, 0x0000000703600000| Untracked 
|  19|0x0000000703800000, 0x0000000703800000, 0x0000000703a00000|  0%| F|  |TAMS 0x0000000703800000, 0x0000000703800000| Untracked 
|  20|0x0000000703a00000, 0x0000000703a00000, 0x0000000703c00000|  0%| F|  |TAMS 0x0000000703a00000, 0x0000000703a00000| Untracked 
|  21|0x0000000703c00000, 0x0000000703c00000, 0x0000000703e00000|  0%| F|  |TAMS 0x0000000703c00000, 0x0000000703c00000| Untracked 
|  22|0x0000000703e00000, 0x0000000703e00000, 0x0000000704000000|  0%| F|  |TAMS 0x0000000703e00000, 0x0000000703e00000| Untracked 
|  23|0x0000000704000000, 0x0000000704000000, 0x0000000704200000|  0%| F|  |TAMS 0x0000000704000000, 0x0000000704000000| Untracked 
|  24|0x0000000704200000, 0x0000000704200000, 0x0000000704400000|  0%| F|  |TAMS 0x0000000704200000, 0x0000000704200000| Untracked 
|  25|0x0000000704400000, 0x0000000704400000, 0x0000000704600000|  0%| F|  |TAMS 0x0000000704400000, 0x0000000704400000| Untracked 
|  26|0x0000000704600000, 0x0000000704600000, 0x0000000704800000|  0%| F|  |TAMS 0x0000000704600000, 0x0000000704600000| Untracked 
|  27|0x0000000704800000, 0x0000000704800000, 0x0000000704a00000|  0%| F|  |TAMS 0x0000000704800000, 0x0000000704800000| Untracked 
|  28|0x0000000704a00000, 0x0000000704a00000, 0x0000000704c00000|  0%| F|  |TAMS 0x0000000704a00000, 0x0000000704a00000| Untracked 
|  29|0x0000000704c00000, 0x0000000704c00000, 0x0000000704e00000|  0%| F|  |TAMS 0x0000000704c00000, 0x0000000704c00000| Untracked 
|  30|0x0000000704e00000, 0x0000000704e00000, 0x0000000705000000|  0%| F|  |TAMS 0x0000000704e00000, 0x0000000704e00000| Untracked 
|  31|0x0000000705000000, 0x0000000705000000, 0x0000000705200000|  0%| F|  |TAMS 0x0000000705000000, 0x0000000705000000| Untracked 
|  32|0x0000000705200000, 0x0000000705200000, 0x0000000705400000|  0%| F|  |TAMS 0x0000000705200000, 0x0000000705200000| Untracked 
|  33|0x0000000705400000, 0x0000000705400000, 0x0000000705600000|  0%| F|  |TAMS 0x0000000705400000, 0x0000000705400000| Untracked 
|  34|0x0000000705600000, 0x0000000705600000, 0x0000000705800000|  0%| F|  |TAMS 0x0000000705600000, 0x0000000705600000| Untracked 
|  35|0x0000000705800000, 0x0000000705800000, 0x0000000705a00000|  0%| F|  |TAMS 0x0000000705800000, 0x0000000705800000| Untracked 
|  36|0x0000000705a00000, 0x0000000705a00000, 0x0000000705c00000|  0%| F|  |TAMS 0x0000000705a00000, 0x0000000705a00000| Untracked 
|  37|0x0000000705c00000, 0x0000000705c00000, 0x0000000705e00000|  0%| F|  |TAMS 0x0000000705c00000, 0x0000000705c00000| Untracked 
|  38|0x0000000705e00000, 0x0000000705e00000, 0x0000000706000000|  0%| F|  |TAMS 0x0000000705e00000, 0x0000000705e00000| Untracked 
|  39|0x0000000706000000, 0x0000000706000000, 0x0000000706200000|  0%| F|  |TAMS 0x0000000706000000, 0x0000000706000000| Untracked 
|  40|0x0000000706200000, 0x0000000706200000, 0x0000000706400000|  0%| F|  |TAMS 0x0000000706200000, 0x0000000706200000| Untracked 
|  41|0x0000000706400000, 0x0000000706400000, 0x0000000706600000|  0%| F|  |TAMS 0x0000000706400000, 0x0000000706400000| Untracked 
|  42|0x0000000706600000, 0x0000000706600000, 0x0000000706800000|  0%| F|  |TAMS 0x0000000706600000, 0x0000000706600000| Untracked 
|  43|0x0000000706800000, 0x0000000706800000, 0x0000000706a00000|  0%| F|  |TAMS 0x0000000706800000, 0x0000000706800000| Untracked 
|  44|0x0000000706a00000, 0x0000000706a00000, 0x0000000706c00000|  0%| F|  |TAMS 0x0000000706a00000, 0x0000000706a00000| Untracked 
|  45|0x0000000706c00000, 0x0000000706c00000, 0x0000000706e00000|  0%| F|  |TAMS 0x0000000706c00000, 0x0000000706c00000| Untracked 
|  46|0x0000000706e00000, 0x0000000706e00000, 0x0000000707000000|  0%| F|  |TAMS 0x0000000706e00000, 0x0000000706e00000| Untracked 
|  47|0x0000000707000000, 0x0000000707000000, 0x0000000707200000|  0%| F|  |TAMS 0x0000000707000000, 0x0000000707000000| Untracked 
|  48|0x0000000707200000, 0x0000000707200000, 0x0000000707400000|  0%| F|  |TAMS 0x0000000707200000, 0x0000000707200000| Untracked 
|  49|0x0000000707400000, 0x0000000707400000, 0x0000000707600000|  0%| F|  |TAMS 0x0000000707400000, 0x0000000707400000| Untracked 
|  50|0x0000000707600000, 0x0000000707600000, 0x0000000707800000|  0%| F|  |TAMS 0x0000000707600000, 0x0000000707600000| Untracked 
|  51|0x0000000707800000, 0x0000000707800000, 0x0000000707a00000|  0%| F|  |TAMS 0x0000000707800000, 0x0000000707800000| Untracked 
|  52|0x0000000707a00000, 0x0000000707a45ba0, 0x0000000707c00000| 13%| S|CS|TAMS 0x0000000707a00000, 0x0000000707a00000| Complete 
|  53|0x0000000707c00000, 0x0000000707e00000, 0x0000000707e00000|100%| S|CS|TAMS 0x0000000707c00000, 0x0000000707c00000| Complete 
|  54|0x0000000707e00000, 0x0000000707e00000, 0x0000000708000000|  0%| F|  |TAMS 0x0000000707e00000, 0x0000000707e00000| Untracked 
|  55|0x0000000708000000, 0x0000000708000000, 0x0000000708200000|  0%| F|  |TAMS 0x0000000708000000, 0x0000000708000000| Untracked 
|  56|0x0000000708200000, 0x0000000708200000, 0x0000000708400000|  0%| F|  |TAMS 0x0000000708200000, 0x0000000708200000| Untracked 
|  57|0x0000000708400000, 0x0000000708400000, 0x0000000708600000|  0%| F|  |TAMS 0x0000000708400000, 0x0000000708400000| Untracked 
|  58|0x0000000708600000, 0x0000000708600000, 0x0000000708800000|  0%| F|  |TAMS 0x0000000708600000, 0x0000000708600000| Untracked 
|  59|0x0000000708800000, 0x0000000708800000, 0x0000000708a00000|  0%| F|  |TAMS 0x0000000708800000, 0x0000000708800000| Untracked 
|  60|0x0000000708a00000, 0x0000000708a00000, 0x0000000708c00000|  0%| F|  |TAMS 0x0000000708a00000, 0x0000000708a00000| Untracked 
|  61|0x0000000708c00000, 0x0000000708c00000, 0x0000000708e00000|  0%| F|  |TAMS 0x0000000708c00000, 0x0000000708c00000| Untracked 
|  62|0x0000000708e00000, 0x0000000708e00000, 0x0000000709000000|  0%| F|  |TAMS 0x0000000708e00000, 0x0000000708e00000| Untracked 
|  63|0x0000000709000000, 0x0000000709000000, 0x0000000709200000|  0%| F|  |TAMS 0x0000000709000000, 0x0000000709000000| Untracked 
|  64|0x0000000709200000, 0x0000000709200000, 0x0000000709400000|  0%| F|  |TAMS 0x0000000709200000, 0x0000000709200000| Untracked 
|  65|0x0000000709400000, 0x0000000709400000, 0x0000000709600000|  0%| F|  |TAMS 0x0000000709400000, 0x0000000709400000| Untracked 
|  66|0x0000000709600000, 0x0000000709600000, 0x0000000709800000|  0%| F|  |TAMS 0x0000000709600000, 0x0000000709600000| Untracked 
|  67|0x0000000709800000, 0x0000000709800000, 0x0000000709a00000|  0%| F|  |TAMS 0x0000000709800000, 0x0000000709800000| Untracked 
|  68|0x0000000709a00000, 0x0000000709a00000, 0x0000000709c00000|  0%| F|  |TAMS 0x0000000709a00000, 0x0000000709a00000| Untracked 
|  69|0x0000000709c00000, 0x0000000709c00000, 0x0000000709e00000|  0%| F|  |TAMS 0x0000000709c00000, 0x0000000709c00000| Untracked 
|  70|0x0000000709e00000, 0x0000000709e00000, 0x000000070a000000|  0%| F|  |TAMS 0x0000000709e00000, 0x0000000709e00000| Untracked 
|  71|0x000000070a000000, 0x000000070a000000, 0x000000070a200000|  0%| F|  |TAMS 0x000000070a000000, 0x000000070a000000| Untracked 
|  72|0x000000070a200000, 0x000000070a200000, 0x000000070a400000|  0%| F|  |TAMS 0x000000070a200000, 0x000000070a200000| Untracked 
|  73|0x000000070a400000, 0x000000070a400000, 0x000000070a600000|  0%| F|  |TAMS 0x000000070a400000, 0x000000070a400000| Untracked 
|  74|0x000000070a600000, 0x000000070a600000, 0x000000070a800000|  0%| F|  |TAMS 0x000000070a600000, 0x000000070a600000| Untracked 
|  75|0x000000070a800000, 0x000000070a800000, 0x000000070aa00000|  0%| F|  |TAMS 0x000000070a800000, 0x000000070a800000| Untracked 
|  76|0x000000070aa00000, 0x000000070aa00000, 0x000000070ac00000|  0%| F|  |TAMS 0x000000070aa00000, 0x000000070aa00000| Untracked 
|  77|0x000000070ac00000, 0x000000070ac00000, 0x000000070ae00000|  0%| F|  |TAMS 0x000000070ac00000, 0x000000070ac00000| Untracked 
|  78|0x000000070ae00000, 0x000000070ae00000, 0x000000070b000000|  0%| F|  |TAMS 0x000000070ae00000, 0x000000070ae00000| Untracked 
|  79|0x000000070b000000, 0x000000070b000000, 0x000000070b200000|  0%| F|  |TAMS 0x000000070b000000, 0x000000070b000000| Untracked 
|  80|0x000000070b200000, 0x000000070b200000, 0x000000070b400000|  0%| F|  |TAMS 0x000000070b200000, 0x000000070b200000| Untracked 
|  81|0x000000070b400000, 0x000000070b400000, 0x000000070b600000|  0%| F|  |TAMS 0x000000070b400000, 0x000000070b400000| Untracked 
|  82|0x000000070b600000, 0x000000070b600000, 0x000000070b800000|  0%| F|  |TAMS 0x000000070b600000, 0x000000070b600000| Untracked 
|  83|0x000000070b800000, 0x000000070b800000, 0x000000070ba00000|  0%| F|  |TAMS 0x000000070b800000, 0x000000070b800000| Untracked 
|  84|0x000000070ba00000, 0x000000070ba00000, 0x000000070bc00000|  0%| F|  |TAMS 0x000000070ba00000, 0x000000070ba00000| Untracked 
|  85|0x000000070bc00000, 0x000000070bc00000, 0x000000070be00000|  0%| F|  |TAMS 0x000000070bc00000, 0x000000070bc00000| Untracked 
|  86|0x000000070be00000, 0x000000070be00000, 0x000000070c000000|  0%| F|  |TAMS 0x000000070be00000, 0x000000070be00000| Untracked 
|  87|0x000000070c000000, 0x000000070c000000, 0x000000070c200000|  0%| F|  |TAMS 0x000000070c000000, 0x000000070c000000| Untracked 
|  88|0x000000070c200000, 0x000000070c200000, 0x000000070c400000|  0%| F|  |TAMS 0x000000070c200000, 0x000000070c200000| Untracked 
|  89|0x000000070c400000, 0x000000070c400000, 0x000000070c600000|  0%| F|  |TAMS 0x000000070c400000, 0x000000070c400000| Untracked 
|  90|0x000000070c600000, 0x000000070c600000, 0x000000070c800000|  0%| F|  |TAMS 0x000000070c600000, 0x000000070c600000| Untracked 
|  91|0x000000070c800000, 0x000000070c800000, 0x000000070ca00000|  0%| F|  |TAMS 0x000000070c800000, 0x000000070c800000| Untracked 
|  92|0x000000070ca00000, 0x000000070ca00000, 0x000000070cc00000|  0%| F|  |TAMS 0x000000070ca00000, 0x000000070ca00000| Untracked 
|  93|0x000000070cc00000, 0x000000070cc00000, 0x000000070ce00000|  0%| F|  |TAMS 0x000000070cc00000, 0x000000070cc00000| Untracked 
|  94|0x000000070ce00000, 0x000000070ce00000, 0x000000070d000000|  0%| F|  |TAMS 0x000000070ce00000, 0x000000070ce00000| Untracked 
|  95|0x000000070d000000, 0x000000070d000000, 0x000000070d200000|  0%| F|  |TAMS 0x000000070d000000, 0x000000070d000000| Untracked 
|  96|0x000000070d200000, 0x000000070d200000, 0x000000070d400000|  0%| F|  |TAMS 0x000000070d200000, 0x000000070d200000| Untracked 
|  97|0x000000070d400000, 0x000000070d400000, 0x000000070d600000|  0%| F|  |TAMS 0x000000070d400000, 0x000000070d400000| Untracked 
|  98|0x000000070d600000, 0x000000070d600000, 0x000000070d800000|  0%| F|  |TAMS 0x000000070d600000, 0x000000070d600000| Untracked 
|  99|0x000000070d800000, 0x000000070d800000, 0x000000070da00000|  0%| F|  |TAMS 0x000000070d800000, 0x000000070d800000| Untracked 
| 100|0x000000070da00000, 0x000000070da00000, 0x000000070dc00000|  0%| F|  |TAMS 0x000000070da00000, 0x000000070da00000| Untracked 
| 101|0x000000070dc00000, 0x000000070dc00000, 0x000000070de00000|  0%| F|  |TAMS 0x000000070dc00000, 0x000000070dc00000| Untracked 
| 102|0x000000070de00000, 0x000000070de00000, 0x000000070e000000|  0%| F|  |TAMS 0x000000070de00000, 0x000000070de00000| Untracked 
| 103|0x000000070e000000, 0x000000070e000000, 0x000000070e200000|  0%| F|  |TAMS 0x000000070e000000, 0x000000070e000000| Untracked 
| 104|0x000000070e200000, 0x000000070e200000, 0x000000070e400000|  0%| F|  |TAMS 0x000000070e200000, 0x000000070e200000| Untracked 
| 105|0x000000070e400000, 0x000000070e400000, 0x000000070e600000|  0%| F|  |TAMS 0x000000070e400000, 0x000000070e400000| Untracked 
| 106|0x000000070e600000, 0x000000070e600000, 0x000000070e800000|  0%| F|  |TAMS 0x000000070e600000, 0x000000070e600000| Untracked 
| 107|0x000000070e800000, 0x000000070e800000, 0x000000070ea00000|  0%| F|  |TAMS 0x000000070e800000, 0x000000070e800000| Untracked 
| 108|0x000000070ea00000, 0x000000070ea00000, 0x000000070ec00000|  0%| F|  |TAMS 0x000000070ea00000, 0x000000070ea00000| Untracked 
| 109|0x000000070ec00000, 0x000000070ec00000, 0x000000070ee00000|  0%| F|  |TAMS 0x000000070ec00000, 0x000000070ec00000| Untracked 
| 110|0x000000070ee00000, 0x000000070ee00000, 0x000000070f000000|  0%| F|  |TAMS 0x000000070ee00000, 0x000000070ee00000| Untracked 
| 111|0x000000070f000000, 0x000000070f000000, 0x000000070f200000|  0%| F|  |TAMS 0x000000070f000000, 0x000000070f000000| Untracked 
| 112|0x000000070f200000, 0x000000070f200000, 0x000000070f400000|  0%| F|  |TAMS 0x000000070f200000, 0x000000070f200000| Untracked 
| 113|0x000000070f400000, 0x000000070f400000, 0x000000070f600000|  0%| F|  |TAMS 0x000000070f400000, 0x000000070f400000| Untracked 
| 114|0x000000070f600000, 0x000000070f600000, 0x000000070f800000|  0%| F|  |TAMS 0x000000070f600000, 0x000000070f600000| Untracked 
| 115|0x000000070f800000, 0x000000070f800000, 0x000000070fa00000|  0%| F|  |TAMS 0x000000070f800000, 0x000000070f800000| Untracked 
| 116|0x000000070fa00000, 0x000000070fa00000, 0x000000070fc00000|  0%| F|  |TAMS 0x000000070fa00000, 0x000000070fa00000| Untracked 
| 117|0x000000070fc00000, 0x000000070fc00000, 0x000000070fe00000|  0%| F|  |TAMS 0x000000070fc00000, 0x000000070fc00000| Untracked 
| 118|0x000000070fe00000, 0x000000070fe00000, 0x0000000710000000|  0%| F|  |TAMS 0x000000070fe00000, 0x000000070fe00000| Untracked 
| 119|0x0000000710000000, 0x0000000710000000, 0x0000000710200000|  0%| F|  |TAMS 0x0000000710000000, 0x0000000710000000| Untracked 
| 120|0x0000000710200000, 0x0000000710200000, 0x0000000710400000|  0%| F|  |TAMS 0x0000000710200000, 0x0000000710200000| Untracked 
| 121|0x0000000710400000, 0x0000000710400000, 0x0000000710600000|  0%| F|  |TAMS 0x0000000710400000, 0x0000000710400000| Untracked 
| 122|0x0000000710600000, 0x0000000710600000, 0x0000000710800000|  0%| F|  |TAMS 0x0000000710600000, 0x0000000710600000| Untracked 
| 123|0x0000000710800000, 0x0000000710800000, 0x0000000710a00000|  0%| F|  |TAMS 0x0000000710800000, 0x0000000710800000| Untracked 
| 124|0x0000000710a00000, 0x0000000710a00000, 0x0000000710c00000|  0%| F|  |TAMS 0x0000000710a00000, 0x0000000710a00000| Untracked 
| 125|0x0000000710c00000, 0x0000000710c00000, 0x0000000710e00000|  0%| F|  |TAMS 0x0000000710c00000, 0x0000000710c00000| Untracked 
| 126|0x0000000710e00000, 0x0000000710e00000, 0x0000000711000000|  0%| F|  |TAMS 0x0000000710e00000, 0x0000000710e00000| Untracked 
| 127|0x0000000711000000, 0x0000000711000000, 0x0000000711200000|  0%| F|  |TAMS 0x0000000711000000, 0x0000000711000000| Untracked 

Card table byte_map: [0x000001d464db0000,0x000001d4655b0000] _byte_map_base: 0x000001d4615a7000

Marking Bits (Prev, Next): (CMBitMap*) 0x000001d451ad3b10, (CMBitMap*) 0x000001d451ad3b50
 Prev Bits: [0x000001d465db0000, 0x000001d469d68000)
 Next Bits: [0x000001d469d70000, 0x000001d46dd28000)

Polling page: 0x000001d44fa50000

Metaspace:

Usage:
  Non-class:     10.18 MB capacity,    10.10 MB (>99%) used,    69.59 KB ( <1%) free+waste,     7.81 KB ( <1%) overhead. 
      Class:      1.03 MB capacity,     1.01 MB ( 98%) used,    18.53 KB (  2%) free+waste,     2.50 KB ( <1%) overhead. 
       Both:     11.21 MB capacity,    11.11 MB (>99%) used,    88.12 KB ( <1%) free+waste,    10.31 KB ( <1%) overhead. 

Virtual space:
  Non-class space:       12.00 MB reserved,      10.25 MB ( 85%) committed 
      Class space:        1.00 GB reserved,       1.12 MB ( <1%) committed 
             Both:        1.01 GB reserved,      11.38 MB (  1%) committed 

Chunk freelists:
   Non-Class:  8.00 KB
       Class:  3.00 KB
        Both:  11.00 KB

MaxMetaspaceSize: 17179869184.00 GB
CompressedClassSpaceSize: 1.00 GB

CodeHeap 'non-profiled nmethods': size=120000Kb used=481Kb max_used=481Kb free=119518Kb
 bounds [0x000001d45cf70000, 0x000001d45d1e0000, 0x000001d4644a0000]
CodeHeap 'profiled nmethods': size=120000Kb used=1498Kb max_used=1498Kb free=118502Kb
 bounds [0x000001d455a40000, 0x000001d455cb0000, 0x000001d45cf70000]
CodeHeap 'non-nmethods': size=5760Kb used=1150Kb max_used=1187Kb free=4609Kb
 bounds [0x000001d4554a0000, 0x000001d455710000, 0x000001d455a40000]
 total_blobs=1201 nmethods=801 adapters=313
 compilation: enabled
              stopped_count=0, restarted_count=0
 full_count=0

Compilation events (20 events):
Event: 0.770 Thread 0x000001d470e396b0 nmethod 800 0x000001d455ba0390 code [0x000001d455ba0a00, 0x000001d455ba6658]
Event: 0.781 Thread 0x000001d470e30da0 nmethod 798 0x000001d45cfd6790 code [0x000001d45cfd6960, 0x000001d45cfd7538]
Event: 0.781 Thread 0x000001d470e30da0  799       4       Services.PositionCalc::isPositionLegal (154 bytes)
Event: 0.793 Thread 0x000001d470fc3df0 nmethod 785 0x000001d45cfd7b90 code [0x000001d45cfd7f60, 0x000001d45cfddb38]
Event: 0.794 Thread 0x000001d470fc3df0  795       4       java.util.ArrayList::indexOfRange (71 bytes)
Event: 0.796 Thread 0x000001d470fc3df0 nmethod 795 0x000001d45cfe2890 code [0x000001d45cfe2a20, 0x000001d45cfe2b98]
Event: 0.796 Thread 0x000001d470fc3df0  797       4       java.lang.Byte::equals (29 bytes)
Event: 0.796 Thread 0x000001d470fc3df0 nmethod 797 0x000001d45cfe2d10 code [0x000001d45cfe2ea0, 0x000001d45cfe2f58]
Event: 0.796 Thread 0x000001d470fc3df0  801       4       Material.Pawn::getMoves (602 bytes)
Event: 0.801 Thread 0x000001d470e396b0  802       3       Material.King::getMoves (731 bytes)
Event: 0.804 Thread 0x000001d470e396b0 nmethod 802 0x000001d455ba7a90 code [0x000001d455ba8360, 0x000001d455bae358]
Event: 0.805 Thread 0x000001d470e30da0 nmethod 799 0x000001d45cfe3010 code [0x000001d45cfe3220, 0x000001d45cfe4478]
Event: 0.805 Thread 0x000001d470e30da0  789       4       Services.PositionCalc::getLegalFollowingPositions (340 bytes)
Event: 0.832 Thread 0x000001d470e30da0 nmethod 789 0x000001d45cfe4c90 code [0x000001d45cfe4ee0, 0x000001d45cfe65a8]
Event: 0.832 Thread 0x000001d470e30da0  790       4       Werkzeuge.AlphaBetaCyborg::min (118 bytes)
Event: 0.841 Thread 0x000001d470e30da0 nmethod 790 0x000001d45cfe7110 code [0x000001d45cfe72e0, 0x000001d45cfe7c88]
Event: 0.841 Thread 0x000001d470e30da0  771       4       java.util.ArrayList::<init> (12 bytes)
Event: 0.842 Thread 0x000001d470e30da0 nmethod 771 0x000001d45cfe8310 code [0x000001d45cfe8480, 0x000001d45cfe8598]
Event: 0.867 Thread 0x000001d470e396b0  803       3       Material.Position::makeMove (837 bytes)
Event: 0.868 Thread 0x000001d470e396b0 nmethod 803 0x000001d455bb0010 code [0x000001d455bb0620, 0x000001d455bb5578]

GC Heap History (11 events):
Event: 0.423 GC heap before
{Heap before GC invocations=0 (full 0):
 garbage-first heap   total 262144K, used 20480K [0x0000000701200000, 0x0000000800000000)
  region size 2048K, 10 young (20480K), 0 survivors (0K)
 Metaspace       used 11371K, capacity 11477K, committed 11648K, reserved 1060864K
  class space    used 1031K, capacity 1053K, committed 1152K, reserved 1048576K
}
Event: 0.427 GC heap after
{Heap after GC invocations=1 (full 0):
 garbage-first heap   total 262144K, used 2211K [0x0000000701200000, 0x0000000800000000)
  region size 2048K, 2 young (4096K), 2 survivors (4096K)
 Metaspace       used 11371K, capacity 11477K, committed 11648K, reserved 1060864K
  class space    used 1031K, capacity 1053K, committed 1152K, reserved 1048576K
}
Event: 0.460 GC heap before
{Heap before GC invocations=1 (full 0):
 garbage-first heap   total 262144K, used 32931K [0x0000000701200000, 0x0000000800000000)
  region size 2048K, 17 young (34816K), 2 survivors (4096K)
 Metaspace       used 11372K, capacity 11477K, committed 11648K, reserved 1060864K
  class space    used 1031K, capacity 1053K, committed 1152K, reserved 1048576K
}
Event: 0.462 GC heap after
{Heap after GC invocations=2 (full 0):
 garbage-first heap   total 262144K, used 2301K [0x0000000701200000, 0x0000000800000000)
  region size 2048K, 2 young (4096K), 2 survivors (4096K)
 Metaspace       used 11372K, capacity 11477K, committed 11648K, reserved 1060864K
  class space    used 1031K, capacity 1053K, committed 1152K, reserved 1048576K
}
Event: 0.630 GC heap before
{Heap before GC invocations=2 (full 0):
 garbage-first heap   total 262144K, used 153853K [0x0000000701200000, 0x0000000800000000)
  region size 2048K, 76 young (155648K), 2 survivors (4096K)
 Metaspace       used 11378K, capacity 11477K, committed 11648K, reserved 1060864K
  class space    used 1031K, capacity 1053K, committed 1152K, reserved 1048576K
}
Event: 0.631 GC heap after
{Heap after GC invocations=3 (full 0):
 garbage-first heap   total 262144K, used 2313K [0x0000000701200000, 0x0000000800000000)
  region size 2048K, 2 young (4096K), 2 survivors (4096K)
 Metaspace       used 11378K, capacity 11477K, committed 11648K, reserved 1060864K
  class space    used 1031K, capacity 1053K, committed 1152K, reserved 1048576K
}
Event: 0.716 GC heap before
{Heap before GC invocations=3 (full 0):
 garbage-first heap   total 262144K, used 153865K [0x0000000701200000, 0x0000000800000000)
  region size 2048K, 76 young (155648K), 2 survivors (4096K)
 Metaspace       used 11378K, capacity 11477K, committed 11648K, reserved 1060864K
  class space    used 1031K, capacity 1053K, committed 1152K, reserved 1048576K
}
Event: 0.718 GC heap after
{Heap after GC invocations=4 (full 0):
 garbage-first heap   total 262144K, used 2251K [0x0000000701200000, 0x0000000800000000)
  region size 2048K, 2 young (4096K), 2 survivors (4096K)
 Metaspace       used 11378K, capacity 11477K, committed 11648K, reserved 1060864K
  class space    used 1031K, capacity 1053K, committed 1152K, reserved 1048576K
}
Event: 0.808 GC heap before
{Heap before GC invocations=4 (full 0):
 garbage-first heap   total 262144K, used 153803K [0x0000000701200000, 0x0000000800000000)
  region size 2048K, 76 young (155648K), 2 survivors (4096K)
 Metaspace       used 11378K, capacity 11477K, committed 11648K, reserved 1060864K
  class space    used 1031K, capacity 1053K, committed 1152K, reserved 1048576K
}
Event: 0.810 GC heap after
{Heap after GC invocations=5 (full 0):
 garbage-first heap   total 262144K, used 2329K [0x0000000701200000, 0x0000000800000000)
  region size 2048K, 2 young (4096K), 2 survivors (4096K)
 Metaspace       used 11378K, capacity 11477K, committed 11648K, reserved 1060864K
  class space    used 1031K, capacity 1053K, committed 1152K, reserved 1048576K
}
Event: 0.880 GC heap before
{Heap before GC invocations=5 (full 0):
 garbage-first heap   total 262144K, used 153881K [0x0000000701200000, 0x0000000800000000)
  region size 2048K, 76 young (155648K), 2 survivors (4096K)
 Metaspace       used 11378K, capacity 11477K, committed 11648K, reserved 1060864K
  class space    used 1031K, capacity 1053K, committed 1152K, reserved 1048576K
}

Deoptimization events (20 events):
Event: 0.765 Thread 0x000001d451a89130 DEOPT PACKING pc=0x000001d455b9f7c0 sp=0x00000080a42fdd70
Event: 0.765 Thread 0x000001d451a89130 DEOPT UNPACKING pc=0x000001d4554ee23f sp=0x00000080a42fd250 mode 0
Event: 0.768 Thread 0x000001d451a89130 DEOPT PACKING pc=0x000001d455b9f7c0 sp=0x00000080a42fdd50
Event: 0.768 Thread 0x000001d451a89130 DEOPT UNPACKING pc=0x000001d4554ee23f sp=0x00000080a42fd230 mode 0
Event: 0.768 Thread 0x000001d451a89130 Uncommon trap: trap_request=0xffffff45 fr.pc=0x000001d45cfd2674 relative=0x0000000000004314
Event: 0.768 Thread 0x000001d451a89130 Uncommon trap: reason=unstable_if action=reinterpret pc=0x000001d45cfd2674 method=Material.Pawn.getMoves(Ljava/util/Map;Ljava/util/Map;LMaterial/Position;)Ljava/util/ArrayList; @ 110 c2
Event: 0.768 Thread 0x000001d451a89130 DEOPT PACKING pc=0x000001d45cfd2674 sp=0x00000080a42fdca0
Event: 0.768 Thread 0x000001d451a89130 DEOPT UNPACKING pc=0x000001d4554ee42f sp=0x00000080a42fdc98 mode 2
Event: 0.771 Thread 0x000001d451a89130 DEOPT PACKING pc=0x000001d455b9f7c0 sp=0x00000080a42fdd50
Event: 0.771 Thread 0x000001d451a89130 DEOPT UNPACKING pc=0x000001d4554ee23f sp=0x00000080a42fd230 mode 0
Event: 0.774 Thread 0x000001d451a89130 DEOPT PACKING pc=0x000001d455b9f7c0 sp=0x00000080a42fdd50
Event: 0.774 Thread 0x000001d451a89130 DEOPT UNPACKING pc=0x000001d4554ee23f sp=0x00000080a42fd230 mode 0
Event: 0.776 Thread 0x000001d451a89130 DEOPT PACKING pc=0x000001d455b9f7c0 sp=0x00000080a42fdd50
Event: 0.776 Thread 0x000001d451a89130 DEOPT UNPACKING pc=0x000001d4554ee23f sp=0x00000080a42fd230 mode 0
Event: 0.779 Thread 0x000001d451a89130 DEOPT PACKING pc=0x000001d455b9f7c0 sp=0x00000080a42fdc90
Event: 0.779 Thread 0x000001d451a89130 DEOPT UNPACKING pc=0x000001d4554ee23f sp=0x00000080a42fd170 mode 0
Event: 0.866 Thread 0x000001d451a89130 Uncommon trap: trap_request=0xffffff45 fr.pc=0x000001d45cfcbb6c relative=0x000000000000262c
Event: 0.866 Thread 0x000001d451a89130 Uncommon trap: reason=unstable_if action=reinterpret pc=0x000001d45cfcbb6c method=Material.Position.makeMove(BB)V @ 114 c2
Event: 0.866 Thread 0x000001d451a89130 DEOPT PACKING pc=0x000001d45cfcbb6c sp=0x00000080a42fdef0
Event: 0.866 Thread 0x000001d451a89130 DEOPT UNPACKING pc=0x000001d4554ee42f sp=0x00000080a42fdeb0 mode 2

Classes unloaded (0 events):
No events

Classes redefined (0 events):
No events

Internal exceptions (7 events):
Event: 0.164 Thread 0x000001d451a89130 Exception <a 'java/lang/NoSuchMethodError'{0x0000000710e63940}: 'void java.lang.invoke.DirectMethodHandle$Holder.invokeStatic(java.lang.Object, java.lang.Object)'> (0x0000000710e63940) 
thrown [./open/src/hotspot/share/interpreter/linkResolver.cpp, line 782]
Event: 0.165 Thread 0x000001d451a89130 Exception <a 'java/lang/NoSuchMethodError'{0x0000000710e67700}: 'void java.lang.invoke.DirectMethodHandle$Holder.invokeStaticInit(java.lang.Object, java.lang.Object)'> (0x0000000710e67700) 
thrown [./open/src/hotspot/share/interpreter/linkResolver.cpp, line 782]
Event: 0.253 Thread 0x000001d451a89130 Exception <a 'java/lang/NoSuchMethodError'{0x0000000710c55fb0}: 'java.lang.Object java.lang.invoke.DirectMethodHandle$Holder.invokeStatic(java.lang.Object)'> (0x0000000710c55fb0) 
thrown [./open/src/hotspot/share/interpreter/linkResolver.cpp, line 782]
Event: 0.253 Thread 0x000001d451a89130 Exception <a 'java/lang/NoSuchMethodError'{0x0000000710c59620}: 'java.lang.Object java.lang.invoke.DirectMethodHandle$Holder.invokeStaticInit(java.lang.Object)'> (0x0000000710c59620) 
thrown [./open/src/hotspot/share/interpreter/linkResolver.cpp, line 782]
Event: 0.319 Thread 0x000001d451a89130 Exception <a 'java/lang/NoSuchMethodError'{0x0000000710a7e018}: 'java.lang.Object java.lang.invoke.DirectMethodHandle$Holder.invokeInterface(java.lang.Object, java.lang.Object)'> (0x0000000710a7e018) 
thrown [./open/src/hotspot/share/interpreter/linkResolver.cpp, line 782]
Event: 0.320 Thread 0x000001d451a89130 Exception <a 'java/lang/IncompatibleClassChangeError'{0x0000000710a81ab0}: Found class java.lang.Object, but interface was expected> (0x0000000710a81ab0) 
thrown [./open/src/hotspot/share/interpreter/linkResolver.cpp, line 848]
Event: 0.337 Thread 0x000001d451a89130 Exception <a 'java/lang/NoSuchMethodError'{0x0000000710af9b58}: 'java.lang.Object java.lang.invoke.DirectMethodHandle$Holder.newInvokeSpecial(java.lang.Object, java.lang.Object, java.lang.Object, java.lang.Object, java.lang.Object)'> (0x0000000710af9b58) 
thrown [./open/src/hotspot/share/interpreter/linkResolver.cpp, line 782]

Events (20 events):
Event: 0.376 loading class java/io/ObjectStreamClass$FieldReflectorKey done
Event: 0.376 loading class java/io/ObjectStreamClass$FieldReflector
Event: 0.376 loading class java/io/ObjectStreamClass$FieldReflector done
Event: 0.382 loading class sun/nio/ch/IOStatus
Event: 0.382 loading class sun/nio/ch/IOStatus done
Event: 0.382 loading class java/lang/reflect/InvocationTargetException
Event: 0.382 loading class java/lang/reflect/InvocationTargetException done
Event: 0.423 Executing VM operation: G1CollectForAllocation
Event: 0.427 Executing VM operation: G1CollectForAllocation done
Event: 0.427 Executing VM operation: HandshakeAllThreads
Event: 0.427 Executing VM operation: HandshakeAllThreads done
Event: 0.460 Executing VM operation: G1CollectForAllocation
Event: 0.462 Executing VM operation: G1CollectForAllocation done
Event: 0.629 Executing VM operation: G1CollectForAllocation
Event: 0.631 Executing VM operation: G1CollectForAllocation done
Event: 0.716 Executing VM operation: G1CollectForAllocation
Event: 0.718 Executing VM operation: G1CollectForAllocation done
Event: 0.808 Executing VM operation: G1CollectForAllocation
Event: 0.810 Executing VM operation: G1CollectForAllocation done
Event: 0.880 Executing VM operation: G1CollectForAllocation


Dynamic libraries:
0x00007ff69d540000 - 0x00007ff69d54d000 	C:\Users\janme\.p2\pool\plugins\org.eclipse.justj.openjdk.hotspot.jre.full.win32.x86_64_15.0.2.v20210201-0955\jre\bin\javaw.exe
0x00007ffd716f0000 - 0x00007ffd718e5000 	C:\WINDOWS\SYSTEM32\ntdll.dll
0x00007ffd70250000 - 0x00007ffd7030d000 	C:\WINDOWS\System32\KERNEL32.DLL
0x00007ffd6f120000 - 0x00007ffd6f3e9000 	C:\WINDOWS\System32\KERNELBASE.dll
0x00007ffd6f650000 - 0x00007ffd6f750000 	C:\WINDOWS\System32\ucrtbase.dll
0x00007ffd5db80000 - 0x00007ffd5db99000 	C:\Users\janme\.p2\pool\plugins\org.eclipse.justj.openjdk.hotspot.jre.full.win32.x86_64_15.0.2.v20210201-0955\jre\bin\VCRUNTIME140.dll
0x00007ffd5dba0000 - 0x00007ffd5dbb8000 	C:\Users\janme\.p2\pool\plugins\org.eclipse.justj.openjdk.hotspot.jre.full.win32.x86_64_15.0.2.v20210201-0955\jre\bin\jli.dll
0x00007ffd700b0000 - 0x00007ffd70250000 	C:\WINDOWS\System32\USER32.dll
0x00007ffd6f620000 - 0x00007ffd6f642000 	C:\WINDOWS\System32\win32u.dll
0x00007ffd5fcb0000 - 0x00007ffd5ff4a000 	C:\WINDOWS\WinSxS\amd64_microsoft.windows.common-controls_6595b64144ccf1df_6.0.19041.1110_none_60b5254171f9507e\COMCTL32.dll
0x00007ffd71060000 - 0x00007ffd7108a000 	C:\WINDOWS\System32\GDI32.dll
0x00007ffd70de0000 - 0x00007ffd70e7e000 	C:\WINDOWS\System32\msvcrt.dll
0x00007ffd6ee20000 - 0x00007ffd6ef2b000 	C:\WINDOWS\System32\gdi32full.dll
0x00007ffd6f4d0000 - 0x00007ffd6f56d000 	C:\WINDOWS\System32\msvcp_win.dll
0x00007ffd6f900000 - 0x00007ffd6f930000 	C:\WINDOWS\System32\IMM32.DLL
0x00007ffd6a8c0000 - 0x00007ffd6a8cc000 	C:\Users\janme\.p2\pool\plugins\org.eclipse.justj.openjdk.hotspot.jre.full.win32.x86_64_15.0.2.v20210201-0955\jre\bin\vcruntime140_1.dll
0x00007ffd446c0000 - 0x00007ffd44751000 	C:\Users\janme\.p2\pool\plugins\org.eclipse.justj.openjdk.hotspot.jre.full.win32.x86_64_15.0.2.v20210201-0955\jre\bin\msvcp140.dll
0x00007ffd405d0000 - 0x00007ffd4112e000 	C:\Users\janme\.p2\pool\plugins\org.eclipse.justj.openjdk.hotspot.jre.full.win32.x86_64_15.0.2.v20210201-0955\jre\bin\server\jvm.dll
0x00007ffd71480000 - 0x00007ffd7152c000 	C:\WINDOWS\System32\ADVAPI32.dll
0x00007ffd6fe60000 - 0x00007ffd6fefb000 	C:\WINDOWS\System32\sechost.dll
0x00007ffd6ff00000 - 0x00007ffd7002a000 	C:\WINDOWS\System32\RPCRT4.dll
0x00007ffd70b20000 - 0x00007ffd70b28000 	C:\WINDOWS\System32\PSAPI.DLL
0x00007ffd67040000 - 0x00007ffd67049000 	C:\WINDOWS\SYSTEM32\WSOCK32.dll
0x00007ffd70c90000 - 0x00007ffd70cfb000 	C:\WINDOWS\System32\WS2_32.dll
0x00007ffd61860000 - 0x00007ffd61887000 	C:\WINDOWS\SYSTEM32\WINMM.dll
0x00007ffd68990000 - 0x00007ffd6899a000 	C:\WINDOWS\SYSTEM32\VERSION.dll
0x00007ffd6cd50000 - 0x00007ffd6cd62000 	C:\WINDOWS\SYSTEM32\kernel.appcore.dll
0x00007ffd6a930000 - 0x00007ffd6a93a000 	C:\Users\janme\.p2\pool\plugins\org.eclipse.justj.openjdk.hotspot.jre.full.win32.x86_64_15.0.2.v20210201-0955\jre\bin\jimage.dll
0x00007ffd587c0000 - 0x00007ffd589a4000 	C:\WINDOWS\SYSTEM32\DBGHELP.DLL
0x00007ffd58750000 - 0x00007ffd5877c000 	C:\WINDOWS\SYSTEM32\dbgcore.DLL
0x00007ffd6f440000 - 0x00007ffd6f4c3000 	C:\WINDOWS\System32\bcryptPrimitives.dll
0x00007ffd66f40000 - 0x00007ffd66f65000 	C:\Users\janme\.p2\pool\plugins\org.eclipse.justj.openjdk.hotspot.jre.full.win32.x86_64_15.0.2.v20210201-0955\jre\bin\java.dll
0x00007ffd5f110000 - 0x00007ffd5f128000 	C:\Users\janme\.p2\pool\plugins\org.eclipse.justj.openjdk.hotspot.jre.full.win32.x86_64_15.0.2.v20210201-0955\jre\bin\zip.dll
0x00007ffd703e0000 - 0x00007ffd70b1f000 	C:\WINDOWS\System32\SHELL32.dll
0x00007ffd6cf50000 - 0x00007ffd6d6e0000 	C:\WINDOWS\SYSTEM32\windows.storage.dll
0x00007ffd71120000 - 0x00007ffd71475000 	C:\WINDOWS\System32\combase.dll
0x00007ffd6e880000 - 0x00007ffd6e8ac000 	C:\WINDOWS\SYSTEM32\Wldp.dll
0x00007ffd70fb0000 - 0x00007ffd7105e000 	C:\WINDOWS\System32\SHCORE.dll
0x00007ffd70050000 - 0x00007ffd700a5000 	C:\WINDOWS\System32\shlwapi.dll
0x00007ffd6ed60000 - 0x00007ffd6ed7f000 	C:\WINDOWS\SYSTEM32\profapi.dll
0x00007ffd5e460000 - 0x00007ffd5e479000 	C:\Users\janme\.p2\pool\plugins\org.eclipse.justj.openjdk.hotspot.jre.full.win32.x86_64_15.0.2.v20210201-0955\jre\bin\net.dll
0x00007ffd65510000 - 0x00007ffd65618000 	C:\WINDOWS\SYSTEM32\WINHTTP.dll
0x00007ffd6e5e0000 - 0x00007ffd6e64a000 	C:\WINDOWS\system32\mswsock.dll
0x00007ffd5e440000 - 0x00007ffd5e452000 	C:\Users\janme\.p2\pool\plugins\org.eclipse.justj.openjdk.hotspot.jre.full.win32.x86_64_15.0.2.v20210201-0955\jre\bin\nio.dll
0x00007ffd6e280000 - 0x00007ffd6e2bb000 	C:\WINDOWS\SYSTEM32\IPHLPAPI.DLL
0x00007ffd70c80000 - 0x00007ffd70c88000 	C:\WINDOWS\System32\NSI.dll
0x00007ffd68a60000 - 0x00007ffd68a77000 	C:\WINDOWS\SYSTEM32\dhcpcsvc6.DLL
0x00007ffd689a0000 - 0x00007ffd689bd000 	C:\WINDOWS\SYSTEM32\dhcpcsvc.DLL
0x00007ffd6e2c0000 - 0x00007ffd6e38c000 	C:\WINDOWS\SYSTEM32\DNSAPI.dll
0x00007ffd69d50000 - 0x00007ffd69d60000 	C:\Users\janme\.p2\pool\plugins\org.eclipse.justj.openjdk.hotspot.jre.full.win32.x86_64_15.0.2.v20210201-0955\jre\bin\verify.dll

dbghelp: loaded successfully - version: 4.0.5 - missing functions: none
symbol engine: initialized successfully - sym options: 0x614 - pdb path: .;C:\Users\janme\.p2\pool\plugins\org.eclipse.justj.openjdk.hotspot.jre.full.win32.x86_64_15.0.2.v20210201-0955\jre\bin;C:\WINDOWS\SYSTEM32;C:\WINDOWS\WinSxS\amd64_microsoft.windows.common-controls_6595b64144ccf1df_6.0.19041.1110_none_60b5254171f9507e;C:\Users\janme\.p2\pool\plugins\org.eclipse.justj.openjdk.hotspot.jre.full.win32.x86_64_15.0.2.v20210201-0955\jre\bin\server

VM Arguments:
jvm_args: -ea -ea -Dfile.encoding=UTF-8 -XX:+ShowCodeDetailsInExceptionMessages 
java_command: org.eclipse.jdt.internal.junit.runner.RemoteTestRunner -version 3 -port 55615 -testLoaderClass org.eclipse.jdt.internal.junit4.runner.JUnit4TestLoader -loaderpluginname org.eclipse.jdt.junit4.runtime -classNames Werkzeuge.AlphaBetaCyborgSpeedTest
java_class_path (initial): C:\Users\janme\Documents\GitHub\Cyborg\Chess\bin;C:\Users\janme\.p2\pool\plugins\org.junit_4.13.0.v20200204-1500.jar;C:\Users\janme\.p2\pool\plugins\org.hamcrest.core_1.3.0.v20180420-1519.jar;C:\Users\janme\eclipse\java-2021-03\eclipse\configuration\org.eclipse.osgi\579\0\.cp;C:\Users\janme\eclipse\java-2021-03\eclipse\configuration\org.eclipse.osgi\578\0\.cp
Launcher Type: SUN_STANDARD

[Global flags]
     intx CICompilerCount                          = 3                                         {product} {ergonomic}
     uint ConcGCThreads                            = 2                                         {product} {ergonomic}
     uint G1ConcRefinementThreads                  = 6                                         {product} {ergonomic}
   size_t G1HeapRegionSize                         = 2097152                                   {product} {ergonomic}
    uintx GCDrainStackTargetSize                   = 64                                        {product} {ergonomic}
   size_t InitialHeapSize                          = 268435456                                 {product} {ergonomic}
   size_t MarkStackSize                            = 4194304                                   {product} {ergonomic}
   size_t MaxHeapSize                              = 4276092928                                {product} {ergonomic}
   size_t MaxNewSize                               = 2564816896                                {product} {ergonomic}
   size_t MinHeapDeltaBytes                        = 2097152                                   {product} {ergonomic}
   size_t MinHeapSize                              = 8388608                                   {product} {ergonomic}
    uintx NonNMethodCodeHeapSize                   = 5832780                                {pd product} {ergonomic}
    uintx NonProfiledCodeHeapSize                  = 122912730                              {pd product} {ergonomic}
    uintx ProfiledCodeHeapSize                     = 122912730                              {pd product} {ergonomic}
    uintx ReservedCodeCacheSize                    = 251658240                              {pd product} {ergonomic}
     bool SegmentedCodeCache                       = true                                      {product} {ergonomic}
     bool ShowCodeDetailsInExceptionMessages       = true                                   {manageable} {command line}
   size_t SoftMaxHeapSize                          = 4276092928                             {manageable} {ergonomic}
     bool UseCompressedClassPointers               = true                                 {lp64_product} {ergonomic}
     bool UseCompressedOops                        = true                                 {lp64_product} {ergonomic}
     bool UseG1GC                                  = true                                      {product} {ergonomic}
     bool UseLargePagesIndividualAllocation        = false                                  {pd product} {ergonomic}

Logging:
Log output configuration:
 #0: stdout all=warning uptime,level,tags
 #1: stderr all=off uptime,level,tags

Environment Variables:
PATH=C:/Users/janme/.p2/pool/plugins/org.eclipse.justj.openjdk.hotspot.jre.full.win32.x86_64_15.0.2.v20210201-0955/jre/bin/server;C:/Users/janme/.p2/pool/plugins/org.eclipse.justj.openjdk.hotspot.jre.full.win32.x86_64_15.0.2.v20210201-0955/jre/bin;C:\Program Files\AdoptOpenJDK\jdk-8.0.282.8-hotspot\bin;C:\Program Files (x86)\Common Files\Oracle\Java\javapath;C:\Windows\system32;C:\Windows;C:\Windows\System32\Wbem;C:\Windows\System32\WindowsPowerShell\v1.0\;C:\Windows\System32\OpenSSH\;C:\Program Files (x86)\NVIDIA Corporation\PhysX\Common;C:\WINDOWS\system32;C:\WINDOWS;C:\WINDOWS\System32\Wbem;C:\WINDOWS\System32\WindowsPowerShell\v1.0\;C:\WINDOWS\System32\OpenSSH\;C:\Users\janme\AppData\Local\Microsoft\WindowsApps;C:\Users\janme\AppData\Local\atom\bin;C:\Users\janme\AppData\Local\Microsoft\WindowsApps;C:\Users\janme\AppData\Local\GitHubDesktop\bin;C:\Users\janme\AppData\Roaming\OpenShell\Pinned;
USERNAME=janme
OS=Windows_NT
PROCESSOR_IDENTIFIER=Intel64 Family 6 Model 158 Stepping 12, GenuineIntel



---------------  S Y S T E M  ---------------

OS:
 Windows 10 , 64 bit Build 19041 (10.0.19041.1151)
OS uptime: 2 days 0:46 hours

CPU: total 6 (initial active 6) (6 cores per cpu, 1 threads per core) family 6 model 158 stepping 12 microcode 0xde, cmov, cx8, fxsr, mmx, sse, sse2, sse3, ssse3, sse4.1, sse4.2, popcnt, vzeroupper, avx, avx2, aes, clmul, erms, 3dnowpref, lzcnt, tsc, tscinvbit, bmi1, bmi2, adx, fma, clflush, clflushopt

Memory: 4k page, system-wide physical 16310M (3830M free)
TotalPageFile size 16310M (AvailPageFile size 20M)
current process WorkingSet (physical memory assigned to process): 222M, peak: 227M
current process commit charge ("private bytes"): 365M, peak: 417M

vm_info: OpenJDK 64-Bit Server VM (15.0.2+7-27) for windows-amd64 JRE (15.0.2+7-27), built on Dec  7 2020 20:02:38 by "mach5one" with unknown MS VC++:1925

END.
