#
# There is insufficient memory for the Java Runtime Environment to continue.
# Native memory allocation (mmap) failed to map 65011712 bytes for G1 virtual space
# Possible reasons:
#   The system is out of physical RAM or swap space
#   The process is running with CompressedOops enabled, and the Java Heap may be blocking the growth of the native heap
# Possible solutions:
#   Reduce memory load on the system
#   Increase physical memory or swap space
#   Check if swap backing store is full
#   Decrease Java heap size (-Xmx/-Xms)
#   Decrease number of Java threads
#   Decrease Java thread stack sizes (-Xss)
#   Set larger code cache with -XX:ReservedCodeCacheSize=
#   JVM is running with Zero Based Compressed Oops mode in which the Java heap is
#     placed in the first 32GB address space. The Java Heap base address is the
#     maximum limit for the native heap growth. Please use -XX:HeapBaseMinAddress
#     to set the Java Heap base and to place the Java Heap above 32GB virtual address.
# This output file may be truncated or incomplete.
#
#  Out of Memory Error (./open/src/hotspot/os/windows/os_windows.cpp:3321), pid=15724, tid=13956
#
# JRE version: OpenJDK Runtime Environment (15.0.2+7) (build 15.0.2+7-27)
# Java VM: OpenJDK 64-Bit Server VM (15.0.2+7-27, mixed mode, tiered, compressed oops, g1 gc, windows-amd64)
# No core dump will be written. Minidumps are not enabled by default on client versions of Windows
#

---------------  S U M M A R Y ------------

Command Line: -ea -Dfile.encoding=UTF-8 -XX:+ShowCodeDetailsInExceptionMessages Gui.ChessGui2

Host: Intel(R) Core(TM) i5-9400 CPU @ 2.90GHz, 6 cores, 15G,  Windows 10 , 64 bit Build 19041 (10.0.19041.1151)
Time: Sun Aug 15 00:08:01 2021 W. Europe Summer Time elapsed time: 274.627135 seconds (0d 0h 4m 34s)

---------------  T H R E A D  ---------------

Current thread (0x00000258ed21d110):  VMThread "VM Thread" [stack: 0x000000fc4d300000,0x000000fc4d400000] [id=13956]

Stack: [0x000000fc4d300000,0x000000fc4d400000]
[error occurred during error reporting (printing stack bounds), id 0xc0000005, EXCEPTION_ACCESS_VIOLATION (0xc0000005) at pc=0x00000258d10e10ad]

Native frames: (J=compiled Java code, j=interpreted, Vv=VM code, C=native code)
V  [jvm.dll+0x62ae9a]
V  [jvm.dll+0x7817a9]
V  [jvm.dll+0x782f03]
V  [jvm.dll+0x7834c5]
V  [jvm.dll+0x78347b]
V  [jvm.dll+0x62a2b9]
V  [jvm.dll+0x62aa88]
C  [ntdll.dll+0xa217f]
C  [ntdll.dll+0x51454]
C  [ntdll.dll+0xa0cae]
C  0x00000258d10e10ad

VM_Operation (0x000000fc4e2fe2d0): G1CollectForAllocation, mode: safepoint, requested by thread 0x00000258ed99d670


---------------  P R O C E S S  ---------------

Threads class SMR info:
_java_thread_list=0x00000258f561f0e0, length=16, elements={
0x00000258ed253010, 0x00000258ed255ad0, 0x00000258ed27e2b0, 0x00000258ed280b80,
0x00000258ed281630, 0x00000258ed26ed50, 0x00000258ed28e1d0, 0x00000258ed275280,
0x00000258ed401be0, 0x00000258ed43ca50, 0x00000258ed9a1c90, 0x00000258ed990830,
0x00000258ed993060, 0x00000258ed99d670, 0x00000258cbf11130, 0x00000258edfb1c10
}

Java Threads: ( => current thread )
  0x00000258ed253010 JavaThread "Reference Handler" daemon [_thread_blocked, id=16436, stack(0x000000fc4d400000,0x000000fc4d500000)]
  0x00000258ed255ad0 JavaThread "Finalizer" daemon [_thread_blocked, id=17068, stack(0x000000fc4d500000,0x000000fc4d600000)]
  0x00000258ed27e2b0 JavaThread "Signal Dispatcher" daemon [_thread_blocked, id=17124, stack(0x000000fc4d600000,0x000000fc4d700000)]
  0x00000258ed280b80 JavaThread "Attach Listener" daemon [_thread_blocked, id=15220, stack(0x000000fc4d700000,0x000000fc4d800000)]
  0x00000258ed281630 JavaThread "Service Thread" daemon [_thread_blocked, id=996, stack(0x000000fc4d800000,0x000000fc4d900000)]
  0x00000258ed26ed50 JavaThread "C2 CompilerThread0" daemon [_thread_blocked, id=7392, stack(0x000000fc4d900000,0x000000fc4da00000)]
  0x00000258ed28e1d0 JavaThread "C1 CompilerThread0" daemon [_thread_blocked, id=1012, stack(0x000000fc4da00000,0x000000fc4db00000)]
  0x00000258ed275280 JavaThread "Sweeper thread" daemon [_thread_blocked, id=17096, stack(0x000000fc4db00000,0x000000fc4dc00000)]
  0x00000258ed401be0 JavaThread "Notification Thread" daemon [_thread_blocked, id=7384, stack(0x000000fc4dc00000,0x000000fc4dd00000)]
  0x00000258ed43ca50 JavaThread "Common-Cleaner" daemon [_thread_blocked, id=11272, stack(0x000000fc4de00000,0x000000fc4df00000)]
  0x00000258ed9a1c90 JavaThread "Java2D Disposer" daemon [_thread_blocked, id=12144, stack(0x000000fc4df00000,0x000000fc4e000000)]
  0x00000258ed990830 JavaThread "AWT-Shutdown" [_thread_blocked, id=16340, stack(0x000000fc4e000000,0x000000fc4e100000)]
  0x00000258ed993060 JavaThread "AWT-Windows" daemon [_thread_in_native, id=9544, stack(0x000000fc4e100000,0x000000fc4e200000)]
  0x00000258ed99d670 JavaThread "AWT-EventQueue-0" [_thread_blocked, id=10724, stack(0x000000fc4e200000,0x000000fc4e300000)]
  0x00000258cbf11130 JavaThread "DestroyJavaVM" [_thread_blocked, id=15172, stack(0x000000fc4cd00000,0x000000fc4ce00000)]
  0x00000258edfb1c10 JavaThread "D3D Screen Updater" daemon [_thread_blocked, id=2632, stack(0x000000fc4e700000,0x000000fc4e800000)]

Other Threads:
=>0x00000258ed21d110 VMThread "VM Thread" [stack: 0x000000fc4d300000,0x000000fc4d400000] [id=13956]
  0x00000258ed4020b0 WatcherThread [stack: 0x000000fc4dd00000,0x000000fc4de00000] [id=6776]
  0x00000258cbf60120 GCTaskThread "GC Thread#0" [stack: 0x000000fc4ce00000,0x000000fc4cf00000] [id=10676]
  0x00000258edaa4060 GCTaskThread "GC Thread#1" [stack: 0x000000fc4e600000,0x000000fc4e700000] [id=9664]
  0x00000258edaa6d00 GCTaskThread "GC Thread#2" [stack: 0x000000fc4e960000,0x000000fc4ea60000] [id=3092]
  0x00000258edaa4390 GCTaskThread "GC Thread#3" [stack: 0x000000fc4ea60000,0x000000fc4eb60000] [id=15248]
  0x00000258edaa49f0 GCTaskThread "GC Thread#4" [stack: 0x000000fc4eb60000,0x000000fc4ec60000] [id=15760]
  0x00000258edaa4d20 GCTaskThread "GC Thread#5" [stack: 0x000000fc4ec60000,0x000000fc4ed60000] [id=6568]
  0x00000258cbf71a60 ConcurrentGCThread "G1 Main Marker" [stack: 0x000000fc4cf00000,0x000000fc4d000000] [id=16692]
  0x00000258cbf726d0 ConcurrentGCThread "G1 Conc#0" [stack: 0x000000fc4d000000,0x000000fc4d100000] [id=16636]
  0x00000258cbfed780 ConcurrentGCThread "G1 Refine#0" [stack: 0x000000fc4d100000,0x000000fc4d200000] [id=852]
  0x00000258cbfee220 ConcurrentGCThread "G1 Young RemSet Sampling" [stack: 0x000000fc4d200000,0x000000fc4d300000] [id=15104]

Threads with active compile tasks:

VM state: at safepoint (normal execution)

VM Mutex/Monitor currently owned by a thread:  ([mutex/lock_event])
[0x00000258cbf0c810] Threads_lock - owner thread: 0x00000258ed21d110
[0x00000258cbf0cdb0] Heap_lock - owner thread: 0x00000258ed99d670

Heap address: 0x0000000701200000, size: 4078 MB, Compressed Oops mode: Zero based, Oop shift amount: 3
CDS disabled.
Compressed class space mapped at: 0x0000000800000000-0x0000000840000000, size: 1073741824
Narrow klass base: 0x0000000800000000, Narrow klass shift: 0, Narrow klass range: 0x40000000

GC Precious Log:
 CPUs: 6 total, 6 available
 Memory: 16310M
 Large Page Support: Disabled
 NUMA Support: Disabled
 Compressed Oops: Enabled (Zero based)
 Heap Region Size: 2M
 Heap Min Capacity: 8M
 Heap Initial Capacity: 256M
 Heap Max Capacity: 4078M
 Pre-touch: Disabled
 Parallel Workers: 6
 Concurrent Workers: 2
 Concurrent Refinement Workers: 6
 Periodic GC: Disabled

Heap:
 garbage-first heap   total 378880K, used 5587K [0x0000000701200000, 0x0000000800000000)
  region size 2048K, 1 young (2048K), 1 survivors (2048K)
 Metaspace       used 18455K, capacity 18618K, committed 18816K, reserved 1067008K
  class space    used 1842K, capacity 1893K, committed 1920K, reserved 1048576K

Heap Regions: E=young(eden), S=young(survivor), O=old, HS=humongous(starts), HC=humongous(continues), CS=collection set, F=free, OA=open archive, CA=closed archive, TAMS=top-at-mark-start (previous, next)
|   0|0x0000000701200000, 0x0000000701400000, 0x0000000701400000|100%| O|  |TAMS 0x0000000701200000, 0x0000000701200000| Untracked 
|   1|0x0000000701400000, 0x0000000701600000, 0x0000000701600000|100%| O|  |TAMS 0x0000000701400000, 0x0000000701400000| Untracked 
|   2|0x0000000701600000, 0x0000000701742400, 0x0000000701800000| 62%| O|  |TAMS 0x0000000701600000, 0x0000000701600000| Untracked 
|   3|0x0000000701800000, 0x0000000701800000, 0x0000000701a00000|  0%| F|  |TAMS 0x0000000701800000, 0x0000000701800000| Untracked 
|   4|0x0000000701a00000, 0x0000000701a00000, 0x0000000701c00000|  0%| F|  |TAMS 0x0000000701a00000, 0x0000000701a00000| Untracked 
|   5|0x0000000701c00000, 0x0000000701c00000, 0x0000000701e00000|  0%| F|  |TAMS 0x0000000701c00000, 0x0000000701c00000| Untracked 
|   6|0x0000000701e00000, 0x0000000701e00000, 0x0000000702000000|  0%| F|  |TAMS 0x0000000701e00000, 0x0000000701e00000| Untracked 
|   7|0x0000000702000000, 0x0000000702000000, 0x0000000702200000|  0%| F|  |TAMS 0x0000000702000000, 0x0000000702000000| Untracked 
|   8|0x0000000702200000, 0x0000000702200000, 0x0000000702400000|  0%| F|  |TAMS 0x0000000702200000, 0x0000000702200000| Untracked 
|   9|0x0000000702400000, 0x0000000702400000, 0x0000000702600000|  0%| F|  |TAMS 0x0000000702400000, 0x0000000702400000| Untracked 
|  10|0x0000000702600000, 0x0000000702600000, 0x0000000702800000|  0%| F|  |TAMS 0x0000000702600000, 0x0000000702600000| Untracked 
|  11|0x0000000702800000, 0x0000000702800000, 0x0000000702a00000|  0%| F|  |TAMS 0x0000000702800000, 0x0000000702800000| Untracked 
|  12|0x0000000702a00000, 0x0000000702a00000, 0x0000000702c00000|  0%| F|  |TAMS 0x0000000702a00000, 0x0000000702a00000| Untracked 
|  13|0x0000000702c00000, 0x0000000702c00000, 0x0000000702e00000|  0%| F|  |TAMS 0x0000000702c00000, 0x0000000702c00000| Untracked 
|  14|0x0000000702e00000, 0x0000000702e00000, 0x0000000703000000|  0%| F|  |TAMS 0x0000000702e00000, 0x0000000702e00000| Untracked 
|  15|0x0000000703000000, 0x0000000703000000, 0x0000000703200000|  0%| F|  |TAMS 0x0000000703000000, 0x0000000703000000| Untracked 
|  16|0x0000000703200000, 0x0000000703200000, 0x0000000703400000|  0%| F|  |TAMS 0x0000000703200000, 0x0000000703200000| Untracked 
|  17|0x0000000703400000, 0x0000000703400000, 0x0000000703600000|  0%| F|  |TAMS 0x0000000703400000, 0x0000000703400000| Untracked 
|  18|0x0000000703600000, 0x0000000703600000, 0x0000000703800000|  0%| F|  |TAMS 0x0000000703600000, 0x0000000703600000| Untracked 
|  19|0x0000000703800000, 0x0000000703800000, 0x0000000703a00000|  0%| F|  |TAMS 0x0000000703800000, 0x0000000703800000| Untracked 
|  20|0x0000000703a00000, 0x0000000703a00000, 0x0000000703c00000|  0%| F|  |TAMS 0x0000000703a00000, 0x0000000703a00000| Untracked 
|  21|0x0000000703c00000, 0x0000000703c00000, 0x0000000703e00000|  0%| F|  |TAMS 0x0000000703c00000, 0x0000000703c00000| Untracked 
|  22|0x0000000703e00000, 0x0000000703e00000, 0x0000000704000000|  0%| F|  |TAMS 0x0000000703e00000, 0x0000000703e00000| Untracked 
|  23|0x0000000704000000, 0x0000000704000000, 0x0000000704200000|  0%| F|  |TAMS 0x0000000704000000, 0x0000000704000000| Untracked 
|  24|0x0000000704200000, 0x0000000704200000, 0x0000000704400000|  0%| F|  |TAMS 0x0000000704200000, 0x0000000704200000| Untracked 
|  25|0x0000000704400000, 0x0000000704400000, 0x0000000704600000|  0%| F|  |TAMS 0x0000000704400000, 0x0000000704400000| Untracked 
|  26|0x0000000704600000, 0x0000000704600000, 0x0000000704800000|  0%| F|  |TAMS 0x0000000704600000, 0x0000000704600000| Untracked 
|  27|0x0000000704800000, 0x0000000704800000, 0x0000000704a00000|  0%| F|  |TAMS 0x0000000704800000, 0x0000000704800000| Untracked 
|  28|0x0000000704a00000, 0x0000000704a00000, 0x0000000704c00000|  0%| F|  |TAMS 0x0000000704a00000, 0x0000000704a00000| Untracked 
|  29|0x0000000704c00000, 0x0000000704c00000, 0x0000000704e00000|  0%| F|  |TAMS 0x0000000704c00000, 0x0000000704c00000| Untracked 
|  30|0x0000000704e00000, 0x0000000704e00000, 0x0000000705000000|  0%| F|  |TAMS 0x0000000704e00000, 0x0000000704e00000| Untracked 
|  31|0x0000000705000000, 0x0000000705000000, 0x0000000705200000|  0%| F|  |TAMS 0x0000000705000000, 0x0000000705000000| Untracked 
|  32|0x0000000705200000, 0x0000000705200000, 0x0000000705400000|  0%| F|  |TAMS 0x0000000705200000, 0x0000000705200000| Untracked 
|  33|0x0000000705400000, 0x0000000705400000, 0x0000000705600000|  0%| F|  |TAMS 0x0000000705400000, 0x0000000705400000| Untracked 
|  34|0x0000000705600000, 0x0000000705600000, 0x0000000705800000|  0%| F|  |TAMS 0x0000000705600000, 0x0000000705600000| Untracked 
|  35|0x0000000705800000, 0x0000000705800000, 0x0000000705a00000|  0%| F|  |TAMS 0x0000000705800000, 0x0000000705800000| Untracked 
|  36|0x0000000705a00000, 0x0000000705a00000, 0x0000000705c00000|  0%| F|  |TAMS 0x0000000705a00000, 0x0000000705a00000| Untracked 
|  37|0x0000000705c00000, 0x0000000705c00000, 0x0000000705e00000|  0%| F|  |TAMS 0x0000000705c00000, 0x0000000705c00000| Untracked 
|  38|0x0000000705e00000, 0x0000000705e00000, 0x0000000706000000|  0%| F|  |TAMS 0x0000000705e00000, 0x0000000705e00000| Untracked 
|  39|0x0000000706000000, 0x0000000706000000, 0x0000000706200000|  0%| F|  |TAMS 0x0000000706000000, 0x0000000706000000| Untracked 
|  40|0x0000000706200000, 0x0000000706200000, 0x0000000706400000|  0%| F|  |TAMS 0x0000000706200000, 0x0000000706200000| Untracked 
|  41|0x0000000706400000, 0x0000000706400000, 0x0000000706600000|  0%| F|  |TAMS 0x0000000706400000, 0x0000000706400000| Untracked 
|  42|0x0000000706600000, 0x0000000706600000, 0x0000000706800000|  0%| F|  |TAMS 0x0000000706600000, 0x0000000706600000| Untracked 
|  43|0x0000000706800000, 0x0000000706800000, 0x0000000706a00000|  0%| F|  |TAMS 0x0000000706800000, 0x0000000706800000| Untracked 
|  44|0x0000000706a00000, 0x0000000706a00000, 0x0000000706c00000|  0%| F|  |TAMS 0x0000000706a00000, 0x0000000706a00000| Untracked 
|  45|0x0000000706c00000, 0x0000000706c00000, 0x0000000706e00000|  0%| F|  |TAMS 0x0000000706c00000, 0x0000000706c00000| Untracked 
|  46|0x0000000706e00000, 0x0000000706e00000, 0x0000000707000000|  0%| F|  |TAMS 0x0000000706e00000, 0x0000000706e00000| Untracked 
|  47|0x0000000707000000, 0x0000000707000000, 0x0000000707200000|  0%| F|  |TAMS 0x0000000707000000, 0x0000000707000000| Untracked 
|  48|0x0000000707200000, 0x0000000707200000, 0x0000000707400000|  0%| F|  |TAMS 0x0000000707200000, 0x0000000707200000| Untracked 
|  49|0x0000000707400000, 0x0000000707400000, 0x0000000707600000|  0%| F|  |TAMS 0x0000000707400000, 0x0000000707400000| Untracked 
|  50|0x0000000707600000, 0x0000000707600000, 0x0000000707800000|  0%| F|  |TAMS 0x0000000707600000, 0x0000000707600000| Untracked 
|  51|0x0000000707800000, 0x0000000707800000, 0x0000000707a00000|  0%| F|  |TAMS 0x0000000707800000, 0x0000000707800000| Untracked 
|  52|0x0000000707a00000, 0x0000000707a00000, 0x0000000707c00000|  0%| F|  |TAMS 0x0000000707a00000, 0x0000000707a00000| Untracked 
|  53|0x0000000707c00000, 0x0000000707c00000, 0x0000000707e00000|  0%| F|  |TAMS 0x0000000707c00000, 0x0000000707c00000| Untracked 
|  54|0x0000000707e00000, 0x0000000707e00000, 0x0000000708000000|  0%| F|  |TAMS 0x0000000707e00000, 0x0000000707e00000| Untracked 
|  55|0x0000000708000000, 0x0000000708000000, 0x0000000708200000|  0%| F|  |TAMS 0x0000000708000000, 0x0000000708000000| Untracked 
|  56|0x0000000708200000, 0x0000000708200000, 0x0000000708400000|  0%| F|  |TAMS 0x0000000708200000, 0x0000000708200000| Untracked 
|  57|0x0000000708400000, 0x0000000708400000, 0x0000000708600000|  0%| F|  |TAMS 0x0000000708400000, 0x0000000708400000| Untracked 
|  58|0x0000000708600000, 0x0000000708600000, 0x0000000708800000|  0%| F|  |TAMS 0x0000000708600000, 0x0000000708600000| Untracked 
|  59|0x0000000708800000, 0x0000000708800000, 0x0000000708a00000|  0%| F|  |TAMS 0x0000000708800000, 0x0000000708800000| Untracked 
|  60|0x0000000708a00000, 0x0000000708a00000, 0x0000000708c00000|  0%| F|  |TAMS 0x0000000708a00000, 0x0000000708a00000| Untracked 
|  61|0x0000000708c00000, 0x0000000708c00000, 0x0000000708e00000|  0%| F|  |TAMS 0x0000000708c00000, 0x0000000708c00000| Untracked 
|  62|0x0000000708e00000, 0x0000000708e32bc0, 0x0000000709000000|  9%| S|CS|TAMS 0x0000000708e00000, 0x0000000708e00000| Complete 
|  63|0x0000000709000000, 0x0000000709000000, 0x0000000709200000|  0%| F|  |TAMS 0x0000000709000000, 0x0000000709000000| Untracked 
|  64|0x0000000709200000, 0x0000000709200000, 0x0000000709400000|  0%| F|  |TAMS 0x0000000709200000, 0x0000000709200000| Untracked 
|  65|0x0000000709400000, 0x0000000709400000, 0x0000000709600000|  0%| F|  |TAMS 0x0000000709400000, 0x0000000709400000| Untracked 
|  66|0x0000000709600000, 0x0000000709600000, 0x0000000709800000|  0%| F|  |TAMS 0x0000000709600000, 0x0000000709600000| Untracked 
|  67|0x0000000709800000, 0x0000000709800000, 0x0000000709a00000|  0%| F|  |TAMS 0x0000000709800000, 0x0000000709800000| Untracked 
|  68|0x0000000709a00000, 0x0000000709a00000, 0x0000000709c00000|  0%| F|  |TAMS 0x0000000709a00000, 0x0000000709a00000| Untracked 
|  69|0x0000000709c00000, 0x0000000709c00000, 0x0000000709e00000|  0%| F|  |TAMS 0x0000000709c00000, 0x0000000709c00000| Untracked 
|  70|0x0000000709e00000, 0x0000000709e00000, 0x000000070a000000|  0%| F|  |TAMS 0x0000000709e00000, 0x0000000709e00000| Untracked 
|  71|0x000000070a000000, 0x000000070a000000, 0x000000070a200000|  0%| F|  |TAMS 0x000000070a000000, 0x000000070a000000| Untracked 
|  72|0x000000070a200000, 0x000000070a200000, 0x000000070a400000|  0%| F|  |TAMS 0x000000070a200000, 0x000000070a200000| Untracked 
|  73|0x000000070a400000, 0x000000070a400000, 0x000000070a600000|  0%| F|  |TAMS 0x000000070a400000, 0x000000070a400000| Untracked 
|  74|0x000000070a600000, 0x000000070a600000, 0x000000070a800000|  0%| F|  |TAMS 0x000000070a600000, 0x000000070a600000| Untracked 
|  75|0x000000070a800000, 0x000000070a800000, 0x000000070aa00000|  0%| F|  |TAMS 0x000000070a800000, 0x000000070a800000| Untracked 
|  76|0x000000070aa00000, 0x000000070aa00000, 0x000000070ac00000|  0%| F|  |TAMS 0x000000070aa00000, 0x000000070aa00000| Untracked 
|  77|0x000000070ac00000, 0x000000070ac00000, 0x000000070ae00000|  0%| F|  |TAMS 0x000000070ac00000, 0x000000070ac00000| Untracked 
|  78|0x000000070ae00000, 0x000000070ae00000, 0x000000070b000000|  0%| F|  |TAMS 0x000000070ae00000, 0x000000070ae00000| Untracked 
|  79|0x000000070b000000, 0x000000070b000000, 0x000000070b200000|  0%| F|  |TAMS 0x000000070b000000, 0x000000070b000000| Untracked 
|  80|0x000000070b200000, 0x000000070b200000, 0x000000070b400000|  0%| F|  |TAMS 0x000000070b200000, 0x000000070b200000| Untracked 
|  81|0x000000070b400000, 0x000000070b400000, 0x000000070b600000|  0%| F|  |TAMS 0x000000070b400000, 0x000000070b400000| Untracked 
|  82|0x000000070b600000, 0x000000070b600000, 0x000000070b800000|  0%| F|  |TAMS 0x000000070b600000, 0x000000070b600000| Untracked 
|  83|0x000000070b800000, 0x000000070b800000, 0x000000070ba00000|  0%| F|  |TAMS 0x000000070b800000, 0x000000070b800000| Untracked 
|  84|0x000000070ba00000, 0x000000070ba00000, 0x000000070bc00000|  0%| F|  |TAMS 0x000000070ba00000, 0x000000070ba00000| Untracked 
|  85|0x000000070bc00000, 0x000000070bc00000, 0x000000070be00000|  0%| F|  |TAMS 0x000000070bc00000, 0x000000070bc00000| Untracked 
|  86|0x000000070be00000, 0x000000070be00000, 0x000000070c000000|  0%| F|  |TAMS 0x000000070be00000, 0x000000070be00000| Untracked 
|  87|0x000000070c000000, 0x000000070c000000, 0x000000070c200000|  0%| F|  |TAMS 0x000000070c000000, 0x000000070c000000| Untracked 
|  88|0x000000070c200000, 0x000000070c200000, 0x000000070c400000|  0%| F|  |TAMS 0x000000070c200000, 0x000000070c200000| Untracked 
|  89|0x000000070c400000, 0x000000070c400000, 0x000000070c600000|  0%| F|  |TAMS 0x000000070c400000, 0x000000070c400000| Untracked 
|  90|0x000000070c600000, 0x000000070c600000, 0x000000070c800000|  0%| F|  |TAMS 0x000000070c600000, 0x000000070c600000| Untracked 
|  91|0x000000070c800000, 0x000000070c800000, 0x000000070ca00000|  0%| F|  |TAMS 0x000000070c800000, 0x000000070c800000| Untracked 
|  92|0x000000070ca00000, 0x000000070ca00000, 0x000000070cc00000|  0%| F|  |TAMS 0x000000070ca00000, 0x000000070ca00000| Untracked 
|  93|0x000000070cc00000, 0x000000070cc00000, 0x000000070ce00000|  0%| F|  |TAMS 0x000000070cc00000, 0x000000070cc00000| Untracked 
|  94|0x000000070ce00000, 0x000000070ce00000, 0x000000070d000000|  0%| F|  |TAMS 0x000000070ce00000, 0x000000070ce00000| Untracked 
|  95|0x000000070d000000, 0x000000070d000000, 0x000000070d200000|  0%| F|  |TAMS 0x000000070d000000, 0x000000070d000000| Untracked 
|  96|0x000000070d200000, 0x000000070d200000, 0x000000070d400000|  0%| F|  |TAMS 0x000000070d200000, 0x000000070d200000| Untracked 
|  97|0x000000070d400000, 0x000000070d400000, 0x000000070d600000|  0%| F|  |TAMS 0x000000070d400000, 0x000000070d400000| Untracked 
|  98|0x000000070d600000, 0x000000070d600000, 0x000000070d800000|  0%| F|  |TAMS 0x000000070d600000, 0x000000070d600000| Untracked 
|  99|0x000000070d800000, 0x000000070d800000, 0x000000070da00000|  0%| F|  |TAMS 0x000000070d800000, 0x000000070d800000| Untracked 
| 100|0x000000070da00000, 0x000000070da00000, 0x000000070dc00000|  0%| F|  |TAMS 0x000000070da00000, 0x000000070da00000| Untracked 
| 101|0x000000070dc00000, 0x000000070dc00000, 0x000000070de00000|  0%| F|  |TAMS 0x000000070dc00000, 0x000000070dc00000| Untracked 
| 102|0x000000070de00000, 0x000000070de00000, 0x000000070e000000|  0%| F|  |TAMS 0x000000070de00000, 0x000000070de00000| Untracked 
| 103|0x000000070e000000, 0x000000070e000000, 0x000000070e200000|  0%| F|  |TAMS 0x000000070e000000, 0x000000070e000000| Untracked 
| 104|0x000000070e200000, 0x000000070e200000, 0x000000070e400000|  0%| F|  |TAMS 0x000000070e200000, 0x000000070e200000| Untracked 
| 105|0x000000070e400000, 0x000000070e400000, 0x000000070e600000|  0%| F|  |TAMS 0x000000070e400000, 0x000000070e400000| Untracked 
| 106|0x000000070e600000, 0x000000070e600000, 0x000000070e800000|  0%| F|  |TAMS 0x000000070e600000, 0x000000070e600000| Untracked 
| 107|0x000000070e800000, 0x000000070e800000, 0x000000070ea00000|  0%| F|  |TAMS 0x000000070e800000, 0x000000070e800000| Untracked 
| 108|0x000000070ea00000, 0x000000070ea00000, 0x000000070ec00000|  0%| F|  |TAMS 0x000000070ea00000, 0x000000070ea00000| Untracked 
| 109|0x000000070ec00000, 0x000000070ec00000, 0x000000070ee00000|  0%| F|  |TAMS 0x000000070ec00000, 0x000000070ec00000| Untracked 
| 110|0x000000070ee00000, 0x000000070ee00000, 0x000000070f000000|  0%| F|  |TAMS 0x000000070ee00000, 0x000000070ee00000| Untracked 
| 111|0x000000070f000000, 0x000000070f000000, 0x000000070f200000|  0%| F|  |TAMS 0x000000070f000000, 0x000000070f000000| Untracked 
| 112|0x000000070f200000, 0x000000070f200000, 0x000000070f400000|  0%| F|  |TAMS 0x000000070f200000, 0x000000070f200000| Untracked 
| 113|0x000000070f400000, 0x000000070f400000, 0x000000070f600000|  0%| F|  |TAMS 0x000000070f400000, 0x000000070f400000| Untracked 
| 114|0x000000070f600000, 0x000000070f600000, 0x000000070f800000|  0%| F|  |TAMS 0x000000070f600000, 0x000000070f600000| Untracked 
| 115|0x000000070f800000, 0x000000070f800000, 0x000000070fa00000|  0%| F|  |TAMS 0x000000070f800000, 0x000000070f800000| Untracked 
| 116|0x000000070fa00000, 0x000000070fa00000, 0x000000070fc00000|  0%| F|  |TAMS 0x000000070fa00000, 0x000000070fa00000| Untracked 
| 117|0x000000070fc00000, 0x000000070fc00000, 0x000000070fe00000|  0%| F|  |TAMS 0x000000070fc00000, 0x000000070fc00000| Untracked 
| 118|0x000000070fe00000, 0x000000070fe00000, 0x0000000710000000|  0%| F|  |TAMS 0x000000070fe00000, 0x000000070fe00000| Untracked 
| 119|0x0000000710000000, 0x0000000710000000, 0x0000000710200000|  0%| F|  |TAMS 0x0000000710000000, 0x0000000710000000| Untracked 
| 120|0x0000000710200000, 0x0000000710200000, 0x0000000710400000|  0%| F|  |TAMS 0x0000000710200000, 0x0000000710200000| Untracked 
| 121|0x0000000710400000, 0x0000000710400000, 0x0000000710600000|  0%| F|  |TAMS 0x0000000710400000, 0x0000000710400000| Untracked 
| 122|0x0000000710600000, 0x0000000710600000, 0x0000000710800000|  0%| F|  |TAMS 0x0000000710600000, 0x0000000710600000| Untracked 
| 123|0x0000000710800000, 0x0000000710800000, 0x0000000710a00000|  0%| F|  |TAMS 0x0000000710800000, 0x0000000710800000| Untracked 
| 124|0x0000000710a00000, 0x0000000710a00000, 0x0000000710c00000|  0%| F|  |TAMS 0x0000000710a00000, 0x0000000710a00000| Untracked 
| 125|0x0000000710c00000, 0x0000000710c00000, 0x0000000710e00000|  0%| F|  |TAMS 0x0000000710c00000, 0x0000000710c00000| Untracked 
| 126|0x0000000710e00000, 0x0000000710e00000, 0x0000000711000000|  0%| F|  |TAMS 0x0000000710e00000, 0x0000000710e00000| Untracked 
| 127|0x0000000711000000, 0x0000000711000000, 0x0000000711200000|  0%| F|  |TAMS 0x0000000711000000, 0x0000000711000000| Untracked 
| 128|0x0000000711200000, 0x0000000711200000, 0x0000000711400000|  0%| F|  |TAMS 0x0000000711200000, 0x0000000711200000| Untracked 
| 129|0x0000000711400000, 0x0000000711400000, 0x0000000711600000|  0%| F|  |TAMS 0x0000000711400000, 0x0000000711400000| Untracked 
| 130|0x0000000711600000, 0x0000000711600000, 0x0000000711800000|  0%| F|  |TAMS 0x0000000711600000, 0x0000000711600000| Untracked 
| 131|0x0000000711800000, 0x0000000711800000, 0x0000000711a00000|  0%| F|  |TAMS 0x0000000711800000, 0x0000000711800000| Untracked 
| 132|0x0000000711a00000, 0x0000000711a00000, 0x0000000711c00000|  0%| F|  |TAMS 0x0000000711a00000, 0x0000000711a00000| Untracked 
| 133|0x0000000711c00000, 0x0000000711c00000, 0x0000000711e00000|  0%| F|  |TAMS 0x0000000711c00000, 0x0000000711c00000| Untracked 
| 134|0x0000000711e00000, 0x0000000711e00000, 0x0000000712000000|  0%| F|  |TAMS 0x0000000711e00000, 0x0000000711e00000| Untracked 
| 135|0x0000000712000000, 0x0000000712000000, 0x0000000712200000|  0%| F|  |TAMS 0x0000000712000000, 0x0000000712000000| Untracked 
| 136|0x0000000712200000, 0x0000000712200000, 0x0000000712400000|  0%| F|  |TAMS 0x0000000712200000, 0x0000000712200000| Untracked 
| 137|0x0000000712400000, 0x0000000712400000, 0x0000000712600000|  0%| F|  |TAMS 0x0000000712400000, 0x0000000712400000| Untracked 
| 138|0x0000000712600000, 0x0000000712600000, 0x0000000712800000|  0%| F|  |TAMS 0x0000000712600000, 0x0000000712600000| Untracked 
| 139|0x0000000712800000, 0x0000000712800000, 0x0000000712a00000|  0%| F|  |TAMS 0x0000000712800000, 0x0000000712800000| Untracked 
| 140|0x0000000712a00000, 0x0000000712a00000, 0x0000000712c00000|  0%| F|  |TAMS 0x0000000712a00000, 0x0000000712a00000| Untracked 
| 141|0x0000000712c00000, 0x0000000712c00000, 0x0000000712e00000|  0%| F|  |TAMS 0x0000000712c00000, 0x0000000712c00000| Untracked 
| 142|0x0000000712e00000, 0x0000000712e00000, 0x0000000713000000|  0%| F|  |TAMS 0x0000000712e00000, 0x0000000712e00000| Untracked 
| 143|0x0000000713000000, 0x0000000713000000, 0x0000000713200000|  0%| F|  |TAMS 0x0000000713000000, 0x0000000713000000| Untracked 
| 144|0x0000000713200000, 0x0000000713200000, 0x0000000713400000|  0%| F|  |TAMS 0x0000000713200000, 0x0000000713200000| Untracked 
| 145|0x0000000713400000, 0x0000000713400000, 0x0000000713600000|  0%| F|  |TAMS 0x0000000713400000, 0x0000000713400000| Untracked 
| 146|0x0000000713600000, 0x0000000713600000, 0x0000000713800000|  0%| F|  |TAMS 0x0000000713600000, 0x0000000713600000| Untracked 
| 147|0x0000000713800000, 0x0000000713800000, 0x0000000713a00000|  0%| F|  |TAMS 0x0000000713800000, 0x0000000713800000| Untracked 
| 148|0x0000000713a00000, 0x0000000713a00000, 0x0000000713c00000|  0%| F|  |TAMS 0x0000000713a00000, 0x0000000713a00000| Untracked 
| 149|0x0000000713c00000, 0x0000000713c00000, 0x0000000713e00000|  0%| F|  |TAMS 0x0000000713c00000, 0x0000000713c00000| Untracked 
| 150|0x0000000713e00000, 0x0000000713e00000, 0x0000000714000000|  0%| F|  |TAMS 0x0000000713e00000, 0x0000000713e00000| Untracked 
| 151|0x0000000714000000, 0x0000000714000000, 0x0000000714200000|  0%| F|  |TAMS 0x0000000714000000, 0x0000000714000000| Untracked 
| 152|0x0000000714200000, 0x0000000714200000, 0x0000000714400000|  0%| F|  |TAMS 0x0000000714200000, 0x0000000714200000| Untracked 
| 153|0x0000000714400000, 0x0000000714400000, 0x0000000714600000|  0%| F|  |TAMS 0x0000000714400000, 0x0000000714400000| Untracked 

Card table byte_map: [0x00000258e1150000,0x00000258e1950000] _byte_map_base: 0x00000258dd947000

Marking Bits (Prev, Next): (CMBitMap*) 0x00000258cbf60990, (CMBitMap*) 0x00000258cbf609d0
 Prev Bits: [0x00000258e2150000, 0x00000258e6108000)
 Next Bits: [0x00000258e6110000, 0x00000258ea0c8000)

Polling page: 0x00000258cbdd0000

Metaspace:

Usage:
  Non-class:     16.33 MB capacity,    16.22 MB (>99%) used,    91.71 KB ( <1%) free+waste,    20.44 KB ( <1%) overhead. 
      Class:      1.85 MB capacity,     1.80 MB ( 97%) used,    43.33 KB (  2%) free+waste,     6.81 KB ( <1%) overhead. 
       Both:     18.18 MB capacity,    18.02 MB (>99%) used,   135.04 KB ( <1%) free+waste,    27.25 KB ( <1%) overhead. 

Virtual space:
  Non-class space:       18.00 MB reserved,      16.50 MB ( 92%) committed 
      Class space:        1.00 GB reserved,       1.88 MB ( <1%) committed 
             Both:        1.02 GB reserved,      18.38 MB (  2%) committed 

Chunk freelists:
   Non-Class:  43.00 KB
       Class:  27.00 KB
        Both:  70.00 KB

MaxMetaspaceSize: 17179869184.00 GB
CompressedClassSpaceSize: 1.00 GB

CodeHeap 'non-profiled nmethods': size=120000Kb used=1487Kb max_used=2044Kb free=118512Kb
 bounds [0x00000258d8bb0000, 0x00000258d8e20000, 0x00000258e00e0000]
CodeHeap 'profiled nmethods': size=120000Kb used=3605Kb max_used=5151Kb free=116394Kb
 bounds [0x00000258d1680000, 0x00000258d1b90000, 0x00000258d8bb0000]
CodeHeap 'non-nmethods': size=5760Kb used=1310Kb max_used=1352Kb free=4449Kb
 bounds [0x00000258d10e0000, 0x00000258d1350000, 0x00000258d1680000]
 total_blobs=2520 nmethods=1912 adapters=520
 compilation: enabled
              stopped_count=0, restarted_count=0
 full_count=0

Compilation events (20 events):
Event: 256.194 Thread 0x00000258ed26ed50 2255       4       sun.java2d.SunGraphics2D::setColor (108 bytes)
Event: 256.197 Thread 0x00000258ed26ed50 nmethod 2255 0x00000258d8d0dd10 code [0x00000258d8d0dec0, 0x00000258d8d0e338]
Event: 258.509 Thread 0x00000258ed28e1d0 2256       3       javax.swing.plaf.metal.OceanTheme::getPrimary3 (4 bytes)
Event: 258.509 Thread 0x00000258ed28e1d0 nmethod 2256 0x00000258d16e5710 code [0x00000258d16e58a0, 0x00000258d16e59b8]
Event: 266.137 Thread 0x00000258ed28e1d0 2257       1       java.awt.Component::getAlignmentY (4 bytes)
Event: 266.137 Thread 0x00000258ed28e1d0 nmethod 2257 0x00000258d8d0da10 code [0x00000258d8d0dbc0, 0x00000258d8d0dc78]
Event: 267.091 Thread 0x00000258ed28e1d0 2258       3       java.awt.event.FocusEvent::getOppositeComponent (31 bytes)
Event: 267.091 Thread 0x00000258ed28e1d0 nmethod 2258 0x00000258d169e410 code [0x00000258d169e600, 0x00000258d169ec68]
Event: 267.160 Thread 0x00000258ed28e1d0 2259       3       javax.swing.plaf.basic.BasicHTML::isHTMLString (49 bytes)
Event: 267.161 Thread 0x00000258ed28e1d0 nmethod 2259 0x00000258d1745b10 code [0x00000258d1745da0, 0x00000258d1746998]
Event: 267.162 Thread 0x00000258ed28e1d0 2261       3       java.util.Vector::elementData (7 bytes)
Event: 267.162 Thread 0x00000258ed28e1d0 nmethod 2261 0x00000258d1717310 code [0x00000258d17174a0, 0x00000258d17175d8]
Event: 267.162 Thread 0x00000258ed28e1d0 2260       3       sun.java2d.loops.ProcessPath::TESTANDCLIP (99 bytes)
Event: 267.162 Thread 0x00000258ed28e1d0 nmethod 2260 0x00000258d16e1a10 code [0x00000258d16e1be0, 0x00000258d16e2028]
Event: 269.351 Thread 0x00000258ed28e1d0 2262   !   3       javax.swing.RepaintManager::validateInvalidComponents (107 bytes)
Event: 269.352 Thread 0x00000258ed28e1d0 nmethod 2262 0x00000258d1929490 code [0x00000258d19297a0, 0x00000258d192a9b8]
Event: 269.352 Thread 0x00000258ed28e1d0 2263   !   3       javax.swing.RepaintManager::prePaintDirtyRegions (91 bytes)
Event: 269.352 Thread 0x00000258ed28e1d0 nmethod 2263 0x00000258d1818b10 code [0x00000258d1818d40, 0x00000258d18195e8]
Event: 269.352 Thread 0x00000258ed28e1d0 2264   !   3       javax.swing.RepaintManager::paintDirtyRegions (50 bytes)
Event: 269.353 Thread 0x00000258ed28e1d0 nmethod 2264 0x00000258d1898c90 code [0x00000258d1898e60, 0x00000258d1899218]

GC Heap History (20 events):
Event: 273.935 GC heap after
{Heap after GC invocations=882 (full 0):
 garbage-first heap   total 315392K, used 5576K [0x0000000701200000, 0x0000000800000000)
  region size 2048K, 1 young (2048K), 1 survivors (2048K)
 Metaspace       used 18455K, capacity 18618K, committed 18816K, reserved 1067008K
  class space    used 1842K, capacity 1893K, committed 1920K, reserved 1048576K
}
Event: 274.003 GC heap before
{Heap before GC invocations=882 (full 0):
 garbage-first heap   total 315392K, used 191944K [0x0000000701200000, 0x0000000800000000)
  region size 2048K, 92 young (188416K), 1 survivors (2048K)
 Metaspace       used 18455K, capacity 18618K, committed 18816K, reserved 1067008K
  class space    used 1842K, capacity 1893K, committed 1920K, reserved 1048576K
}
Event: 274.003 GC heap after
{Heap after GC invocations=883 (full 0):
 garbage-first heap   total 315392K, used 5532K [0x0000000701200000, 0x0000000800000000)
  region size 2048K, 1 young (2048K), 1 survivors (2048K)
 Metaspace       used 18455K, capacity 18618K, committed 18816K, reserved 1067008K
  class space    used 1842K, capacity 1893K, committed 1920K, reserved 1048576K
}
Event: 274.072 GC heap before
{Heap before GC invocations=883 (full 0):
 garbage-first heap   total 315392K, used 191900K [0x0000000701200000, 0x0000000800000000)
  region size 2048K, 92 young (188416K), 1 survivors (2048K)
 Metaspace       used 18455K, capacity 18618K, committed 18816K, reserved 1067008K
  class space    used 1842K, capacity 1893K, committed 1920K, reserved 1048576K
}
Event: 274.073 GC heap after
{Heap after GC invocations=884 (full 0):
 garbage-first heap   total 315392K, used 5555K [0x0000000701200000, 0x0000000800000000)
  region size 2048K, 1 young (2048K), 1 survivors (2048K)
 Metaspace       used 18455K, capacity 18618K, committed 18816K, reserved 1067008K
  class space    used 1842K, capacity 1893K, committed 1920K, reserved 1048576K
}
Event: 274.141 GC heap before
{Heap before GC invocations=884 (full 0):
 garbage-first heap   total 315392K, used 191923K [0x0000000701200000, 0x0000000800000000)
  region size 2048K, 92 young (188416K), 1 survivors (2048K)
 Metaspace       used 18455K, capacity 18618K, committed 18816K, reserved 1067008K
  class space    used 1842K, capacity 1893K, committed 1920K, reserved 1048576K
}
Event: 274.142 GC heap after
{Heap after GC invocations=885 (full 0):
 garbage-first heap   total 315392K, used 5575K [0x0000000701200000, 0x0000000800000000)
  region size 2048K, 1 young (2048K), 1 survivors (2048K)
 Metaspace       used 18455K, capacity 18618K, committed 18816K, reserved 1067008K
  class space    used 1842K, capacity 1893K, committed 1920K, reserved 1048576K
}
Event: 274.211 GC heap before
{Heap before GC invocations=885 (full 0):
 garbage-first heap   total 315392K, used 191943K [0x0000000701200000, 0x0000000800000000)
  region size 2048K, 92 young (188416K), 1 survivors (2048K)
 Metaspace       used 18455K, capacity 18618K, committed 18816K, reserved 1067008K
  class space    used 1842K, capacity 1893K, committed 1920K, reserved 1048576K
}
Event: 274.211 GC heap after
{Heap after GC invocations=886 (full 0):
 garbage-first heap   total 315392K, used 5546K [0x0000000701200000, 0x0000000800000000)
  region size 2048K, 1 young (2048K), 1 survivors (2048K)
 Metaspace       used 18455K, capacity 18618K, committed 18816K, reserved 1067008K
  class space    used 1842K, capacity 1893K, committed 1920K, reserved 1048576K
}
Event: 274.279 GC heap before
{Heap before GC invocations=886 (full 0):
 garbage-first heap   total 315392K, used 191914K [0x0000000701200000, 0x0000000800000000)
  region size 2048K, 92 young (188416K), 1 survivors (2048K)
 Metaspace       used 18455K, capacity 18618K, committed 18816K, reserved 1067008K
  class space    used 1842K, capacity 1893K, committed 1920K, reserved 1048576K
}
Event: 274.280 GC heap after
{Heap after GC invocations=887 (full 0):
 garbage-first heap   total 315392K, used 5546K [0x0000000701200000, 0x0000000800000000)
  region size 2048K, 1 young (2048K), 1 survivors (2048K)
 Metaspace       used 18455K, capacity 18618K, committed 18816K, reserved 1067008K
  class space    used 1842K, capacity 1893K, committed 1920K, reserved 1048576K
}
Event: 274.349 GC heap before
{Heap before GC invocations=887 (full 0):
 garbage-first heap   total 315392K, used 191914K [0x0000000701200000, 0x0000000800000000)
  region size 2048K, 92 young (188416K), 1 survivors (2048K)
 Metaspace       used 18455K, capacity 18618K, committed 18816K, reserved 1067008K
  class space    used 1842K, capacity 1893K, committed 1920K, reserved 1048576K
}
Event: 274.350 GC heap after
{Heap after GC invocations=888 (full 0):
 garbage-first heap   total 315392K, used 5564K [0x0000000701200000, 0x0000000800000000)
  region size 2048K, 1 young (2048K), 1 survivors (2048K)
 Metaspace       used 18455K, capacity 18618K, committed 18816K, reserved 1067008K
  class space    used 1842K, capacity 1893K, committed 1920K, reserved 1048576K
}
Event: 274.418 GC heap before
{Heap before GC invocations=888 (full 0):
 garbage-first heap   total 315392K, used 191932K [0x0000000701200000, 0x0000000800000000)
  region size 2048K, 92 young (188416K), 1 survivors (2048K)
 Metaspace       used 18455K, capacity 18618K, committed 18816K, reserved 1067008K
  class space    used 1842K, capacity 1893K, committed 1920K, reserved 1048576K
}
Event: 274.419 GC heap after
{Heap after GC invocations=889 (full 0):
 garbage-first heap   total 315392K, used 5589K [0x0000000701200000, 0x0000000800000000)
  region size 2048K, 1 young (2048K), 1 survivors (2048K)
 Metaspace       used 18455K, capacity 18618K, committed 18816K, reserved 1067008K
  class space    used 1842K, capacity 1893K, committed 1920K, reserved 1048576K
}
Event: 274.487 GC heap before
{Heap before GC invocations=889 (full 0):
 garbage-first heap   total 315392K, used 191957K [0x0000000701200000, 0x0000000800000000)
  region size 2048K, 92 young (188416K), 1 survivors (2048K)
 Metaspace       used 18455K, capacity 18618K, committed 18816K, reserved 1067008K
  class space    used 1842K, capacity 1893K, committed 1920K, reserved 1048576K
}
Event: 274.487 GC heap after
{Heap after GC invocations=890 (full 0):
 garbage-first heap   total 315392K, used 5534K [0x0000000701200000, 0x0000000800000000)
  region size 2048K, 1 young (2048K), 1 survivors (2048K)
 Metaspace       used 18455K, capacity 18618K, committed 18816K, reserved 1067008K
  class space    used 1842K, capacity 1893K, committed 1920K, reserved 1048576K
}
Event: 274.555 GC heap before
{Heap before GC invocations=890 (full 0):
 garbage-first heap   total 315392K, used 191902K [0x0000000701200000, 0x0000000800000000)
  region size 2048K, 92 young (188416K), 1 survivors (2048K)
 Metaspace       used 18455K, capacity 18618K, committed 18816K, reserved 1067008K
  class space    used 1842K, capacity 1893K, committed 1920K, reserved 1048576K
}
Event: 274.556 GC heap after
{Heap after GC invocations=891 (full 0):
 garbage-first heap   total 315392K, used 5592K [0x0000000701200000, 0x0000000800000000)
  region size 2048K, 1 young (2048K), 1 survivors (2048K)
 Metaspace       used 18455K, capacity 18618K, committed 18816K, reserved 1067008K
  class space    used 1842K, capacity 1893K, committed 1920K, reserved 1048576K
}
Event: 274.624 GC heap before
{Heap before GC invocations=891 (full 0):
 garbage-first heap   total 315392K, used 191960K [0x0000000701200000, 0x0000000800000000)
  region size 2048K, 92 young (188416K), 1 survivors (2048K)
 Metaspace       used 18455K, capacity 18618K, committed 18816K, reserved 1067008K
  class space    used 1842K, capacity 1893K, committed 1920K, reserved 1048576K
}

Deoptimization events (20 events):
Event: 101.837 Thread 0x00000258ed99d670 DEOPT PACKING pc=0x00000258d8d92c40 sp=0x000000fc4e2fe5e0
Event: 101.837 Thread 0x00000258ed99d670 DEOPT UNPACKING pc=0x00000258d112e42f sp=0x000000fc4e2fe5f0 mode 2
Event: 112.229 Thread 0x00000258ed99d670 Uncommon trap: trap_request=0xffffff45 fr.pc=0x00000258d8da9bd0 relative=0x0000000000003810
Event: 112.229 Thread 0x00000258ed99d670 Uncommon trap: reason=unstable_if action=reinterpret pc=0x00000258d8da9bd0 method=Material.Position.makeMove(BB)V @ 84 c2
Event: 112.229 Thread 0x00000258ed99d670 DEOPT PACKING pc=0x00000258d8da9bd0 sp=0x000000fc4e2fe630
Event: 112.229 Thread 0x00000258ed99d670 DEOPT UNPACKING pc=0x00000258d112e42f sp=0x000000fc4e2fe5f8 mode 2
Event: 143.674 Thread 0x00000258ed99d670 Uncommon trap: trap_request=0xffffff45 fr.pc=0x00000258d8c1f680 relative=0x00000000000035c0
Event: 143.674 Thread 0x00000258ed99d670 Uncommon trap: reason=unstable_if action=reinterpret pc=0x00000258d8c1f680 method=Material.King.getMoves(Ljava/util/Map;Ljava/util/Map;LMaterial/Position;)Ljava/util/ArrayList; @ 491 c2
Event: 143.674 Thread 0x00000258ed99d670 DEOPT PACKING pc=0x00000258d8c1f680 sp=0x000000fc4e2fe6f0
Event: 143.674 Thread 0x00000258ed99d670 DEOPT UNPACKING pc=0x00000258d112e42f sp=0x000000fc4e2fe700 mode 2
Event: 176.535 Thread 0x00000258ed99d670 DEOPT PACKING pc=0x00000258d19816a2 sp=0x000000fc4e2fef70
Event: 176.535 Thread 0x00000258ed99d670 DEOPT UNPACKING pc=0x00000258d112e23f sp=0x000000fc4e2fe408 mode 0
Event: 182.466 Thread 0x00000258edfb1c10 Uncommon trap: trap_request=0xffffffcc fr.pc=0x00000258d8c33450 relative=0x00000000000002b0
Event: 182.466 Thread 0x00000258edfb1c10 Uncommon trap: reason=intrinsic_or_type_checked_inlining action=make_not_entrant pc=0x00000258d8c33450 method=java.util.Arrays.copyOf([Ljava/lang/Object;ILjava/lang/Class;)[Ljava/lang/Object; @ 35 c2
Event: 182.466 Thread 0x00000258edfb1c10 DEOPT PACKING pc=0x00000258d8c33450 sp=0x000000fc4e7ff430
Event: 182.466 Thread 0x00000258edfb1c10 DEOPT UNPACKING pc=0x00000258d112e42f sp=0x000000fc4e7ff3c0 mode 2
Event: 233.403 Thread 0x00000258ed99d670 Uncommon trap: trap_request=0xffffff45 fr.pc=0x00000258d8c7abbc relative=0x000000000000155c
Event: 233.403 Thread 0x00000258ed99d670 Uncommon trap: reason=unstable_if action=reinterpret pc=0x00000258d8c7abbc method=Material.King.getMoves(Ljava/util/Map;Ljava/util/Map;LMaterial/Position;)Ljava/util/ArrayList; @ 518 c2
Event: 233.403 Thread 0x00000258ed99d670 DEOPT PACKING pc=0x00000258d8c7abbc sp=0x000000fc4e2fe7f0
Event: 233.403 Thread 0x00000258ed99d670 DEOPT UNPACKING pc=0x00000258d112e42f sp=0x000000fc4e2fe800 mode 2

Classes unloaded (0 events):
No events

Classes redefined (0 events):
No events

Internal exceptions (13 events):
Event: 0.110 Thread 0x00000258cbf11130 Exception <a 'java/lang/NoSuchMethodError'{0x000000071111b6c8}: 'void java.lang.invoke.DirectMethodHandle$Holder.invokeSpecial(java.lang.Object, java.lang.Object, java.lang.Object)'> (0x000000071111b6c8) 
thrown [./open/src/hotspot/share/interpreter/linkResolver.cpp, line 782]
Event: 0.161 Thread 0x00000258cbf11130 Exception <a 'java/lang/ClassNotFoundException'{0x0000000711169b18}: sun/awt/resources/spi/awtProvider> (0x0000000711169b18) 
thrown [./open/src/hotspot/share/classfile/systemDictionary.cpp, line 295]
Event: 0.189 Thread 0x00000258cbf11130 Exception <a 'java/io/FileNotFoundException'{0x00000007111c5c40}> (0x00000007111c5c40) 
thrown [./open/src/hotspot/share/prims/jni.cpp, line 578]
Event: 0.195 Thread 0x00000258cbf11130 Exception <a 'java/io/FileNotFoundException'{0x00000007111f4520}> (0x00000007111f4520) 
thrown [./open/src/hotspot/share/prims/jni.cpp, line 578]
Event: 0.195 Thread 0x00000258cbf11130 Exception <a 'java/lang/NoSuchMethodError'{0x00000007111f5858}: 'java.lang.Object java.lang.invoke.DirectMethodHandle$Holder.invokeStatic(java.lang.Object)'> (0x00000007111f5858) 
thrown [./open/src/hotspot/share/interpreter/linkResolver.cpp, line 782]
Event: 0.230 Thread 0x00000258cbf11130 Exception <a 'java/lang/NoSuchMethodError'{0x0000000710e35da0}: 'java.lang.Object java.lang.invoke.DirectMethodHandle$Holder.invokeStaticInit(java.lang.Object)'> (0x0000000710e35da0) 
thrown [./open/src/hotspot/share/interpreter/linkResolver.cpp, line 782]
Event: 0.441 Thread 0x00000258ed99d670 Exception <a 'java/lang/NoSuchMethodError'{0x0000000710fca7b0}: 'java.lang.Object java.lang.invoke.DirectMethodHandle$Holder.newInvokeSpecial(java.lang.Object, java.lang.Object, java.lang.Object, java.lang.Object, java.lang.Object)'> (0x0000000710fca7b0) 
thrown [./open/src/hotspot/share/interpreter/linkResolver.cpp, line 782]
Event: 0.442 Thread 0x00000258ed99d670 Exception <a 'java/lang/NoSuchMethodError'{0x0000000710fd6240}: 'java.lang.Object java.lang.invoke.DirectMethodHandle$Holder.invokeStatic(java.lang.Object, int, java.lang.Object, java.lang.Object, java.lang.Object, java.lang.Object)'> (0x0000000710fd6240) 
thrown [./open/src/hotspot/share/interpreter/linkResolver.cpp, line 782]
Event: 0.446 Thread 0x00000258ed99d670 Exception <a 'java/lang/NoSuchMethodError'{0x0000000710ffc4e8}: 'java.lang.Object java.lang.invoke.DirectMethodHandle$Holder.invokeStatic(java.lang.Object, int, java.lang.Object)'> (0x0000000710ffc4e8) 
thrown [./open/src/hotspot/share/interpreter/linkResolver.cpp, line 782]
Event: 0.462 Thread 0x00000258ed99d670 Exception <a 'java/lang/ClassNotFoundException'{0x0000000710cb4f30}: com/sun/swing/internal/plaf/metal/resources/spi/metalProvider> (0x0000000710cb4f30) 
thrown [./open/src/hotspot/share/classfile/systemDictionary.cpp, line 295]
Event: 0.462 Thread 0x00000258ed99d670 Exception <a 'java/lang/ClassNotFoundException'{0x0000000710cb93e0}: com/sun/swing/internal/plaf/basic/resources/spi/basicProvider> (0x0000000710cb93e0) 
thrown [./open/src/hotspot/share/classfile/systemDictionary.cpp, line 295]
Event: 0.595 Thread 0x00000258ede24b50 Exception <a 'java/lang/NoSuchMethodError'{0x0000000710b22180}: 'java.lang.Object java.lang.invoke.DirectMethodHandle$Holder.newInvokeSpecial(java.lang.Object, java.lang.Object, java.lang.Object, int, int, int, int, int)'> (0x0000000710b22180) 
thrown [./open/src/hotspot/share/interpreter/linkResolver.cpp, line 782]
Event: 0.663 Thread 0x00000258ed99d670 Exception <a 'java/lang/NoSuchMethodError'{0x0000000710910ed8}: 'void java.lang.invoke.DirectMethodHandle$Holder.invokeStaticInit(java.lang.Object)'> (0x0000000710910ed8) 
thrown [./open/src/hotspot/share/interpreter/linkResolver.cpp, line 782]

Events (20 events):
Event: 273.935 Executing VM operation: G1CollectForAllocation done
Event: 274.003 Executing VM operation: G1CollectForAllocation
Event: 274.003 Executing VM operation: G1CollectForAllocation done
Event: 274.072 Executing VM operation: G1CollectForAllocation
Event: 274.073 Executing VM operation: G1CollectForAllocation done
Event: 274.141 Executing VM operation: G1CollectForAllocation
Event: 274.142 Executing VM operation: G1CollectForAllocation done
Event: 274.211 Executing VM operation: G1CollectForAllocation
Event: 274.212 Executing VM operation: G1CollectForAllocation done
Event: 274.279 Executing VM operation: G1CollectForAllocation
Event: 274.280 Executing VM operation: G1CollectForAllocation done
Event: 274.349 Executing VM operation: G1CollectForAllocation
Event: 274.350 Executing VM operation: G1CollectForAllocation done
Event: 274.418 Executing VM operation: G1CollectForAllocation
Event: 274.419 Executing VM operation: G1CollectForAllocation done
Event: 274.486 Executing VM operation: G1CollectForAllocation
Event: 274.487 Executing VM operation: G1CollectForAllocation done
Event: 274.555 Executing VM operation: G1CollectForAllocation
Event: 274.556 Executing VM operation: G1CollectForAllocation done
Event: 274.624 Executing VM operation: G1CollectForAllocation


Dynamic libraries:
0x00007ff795340000 - 0x00007ff79534d000 	C:\Users\janme\.p2\pool\plugins\org.eclipse.justj.openjdk.hotspot.jre.full.win32.x86_64_15.0.2.v20210201-0955\jre\bin\javaw.exe
0x00007ff805370000 - 0x00007ff805565000 	C:\WINDOWS\SYSTEM32\ntdll.dll
0x00007ff8051b0000 - 0x00007ff80526d000 	C:\WINDOWS\System32\KERNEL32.DLL
0x00007ff802d20000 - 0x00007ff802fe9000 	C:\WINDOWS\System32\KERNELBASE.dll
0x00007ff802c20000 - 0x00007ff802d20000 	C:\WINDOWS\System32\ucrtbase.dll
0x00007fffebe20000 - 0x00007fffebe38000 	C:\Users\janme\.p2\pool\plugins\org.eclipse.justj.openjdk.hotspot.jre.full.win32.x86_64_15.0.2.v20210201-0955\jre\bin\jli.dll
0x00007ff804b60000 - 0x00007ff804d00000 	C:\WINDOWS\System32\USER32.dll
0x00007ff803150000 - 0x00007ff803172000 	C:\WINDOWS\System32\win32u.dll
0x00007ff803a60000 - 0x00007ff803a8a000 	C:\WINDOWS\System32\GDI32.dll
0x00007ff803180000 - 0x00007ff80328b000 	C:\WINDOWS\System32\gdi32full.dll
0x00007ff802aa0000 - 0x00007ff802b3d000 	C:\WINDOWS\System32\msvcp_win.dll
0x00007fffe94d0000 - 0x00007fffe94e9000 	C:\Users\janme\.p2\pool\plugins\org.eclipse.justj.openjdk.hotspot.jre.full.win32.x86_64_15.0.2.v20210201-0955\jre\bin\VCRUNTIME140.dll
0x00007ffff3760000 - 0x00007ffff39fa000 	C:\WINDOWS\WinSxS\amd64_microsoft.windows.common-controls_6595b64144ccf1df_6.0.19041.1110_none_60b5254171f9507e\COMCTL32.dll
0x00007ff8037e0000 - 0x00007ff80387e000 	C:\WINDOWS\System32\msvcrt.dll
0x00007ff8042a0000 - 0x00007ff8042d0000 	C:\WINDOWS\System32\IMM32.DLL
0x00007fffee010000 - 0x00007fffee01c000 	C:\Users\janme\.p2\pool\plugins\org.eclipse.justj.openjdk.hotspot.jre.full.win32.x86_64_15.0.2.v20210201-0955\jre\bin\vcruntime140_1.dll
0x00007fffd4e00000 - 0x00007fffd4e91000 	C:\Users\janme\.p2\pool\plugins\org.eclipse.justj.openjdk.hotspot.jre.full.win32.x86_64_15.0.2.v20210201-0955\jre\bin\msvcp140.dll
0x00007fffc25c0000 - 0x00007fffc311e000 	C:\Users\janme\.p2\pool\plugins\org.eclipse.justj.openjdk.hotspot.jre.full.win32.x86_64_15.0.2.v20210201-0955\jre\bin\server\jvm.dll
0x00007ff805020000 - 0x00007ff8050cc000 	C:\WINDOWS\System32\ADVAPI32.dll
0x00007ff804d00000 - 0x00007ff804d9b000 	C:\WINDOWS\System32\sechost.dll
0x00007ff804e20000 - 0x00007ff804f4a000 	C:\WINDOWS\System32\RPCRT4.dll
0x00007ff805320000 - 0x00007ff805328000 	C:\WINDOWS\System32\PSAPI.DLL
0x00007ffff1a40000 - 0x00007ffff1a49000 	C:\WINDOWS\SYSTEM32\WSOCK32.dll
0x00007ff804fb0000 - 0x00007ff80501b000 	C:\WINDOWS\System32\WS2_32.dll
0x00007ffffc660000 - 0x00007ffffc66a000 	C:\WINDOWS\SYSTEM32\VERSION.dll
0x00007ffff52b0000 - 0x00007ffff52d7000 	C:\WINDOWS\SYSTEM32\WINMM.dll
0x00007ff8009d0000 - 0x00007ff8009e2000 	C:\WINDOWS\SYSTEM32\kernel.appcore.dll
0x00007ffffe7a0000 - 0x00007ffffe7aa000 	C:\Users\janme\.p2\pool\plugins\org.eclipse.justj.openjdk.hotspot.jre.full.win32.x86_64_15.0.2.v20210201-0955\jre\bin\jimage.dll
0x00007fffec170000 - 0x00007fffec354000 	C:\WINDOWS\SYSTEM32\DBGHELP.DLL
0x00007fffec410000 - 0x00007fffec43c000 	C:\WINDOWS\SYSTEM32\dbgcore.DLL
0x00007ff803340000 - 0x00007ff8033c3000 	C:\WINDOWS\System32\bcryptPrimitives.dll
0x00007fffed410000 - 0x00007fffed435000 	C:\Users\janme\.p2\pool\plugins\org.eclipse.justj.openjdk.hotspot.jre.full.win32.x86_64_15.0.2.v20210201-0955\jre\bin\java.dll
0x00007ffff1a60000 - 0x00007ffff1a78000 	C:\Users\janme\.p2\pool\plugins\org.eclipse.justj.openjdk.hotspot.jre.full.win32.x86_64_15.0.2.v20210201-0955\jre\bin\zip.dll
0x00007ff803a90000 - 0x00007ff8041cf000 	C:\WINDOWS\System32\SHELL32.dll
0x00007ff800bd0000 - 0x00007ff801360000 	C:\WINDOWS\SYSTEM32\windows.storage.dll
0x00007ff803480000 - 0x00007ff8037d5000 	C:\WINDOWS\System32\combase.dll
0x00007ff802500000 - 0x00007ff80252c000 	C:\WINDOWS\SYSTEM32\Wldp.dll
0x00007ff803880000 - 0x00007ff80392e000 	C:\WINDOWS\System32\SHCORE.dll
0x00007ff804240000 - 0x00007ff804295000 	C:\WINDOWS\System32\shlwapi.dll
0x00007ff8029e0000 - 0x00007ff8029ff000 	C:\WINDOWS\SYSTEM32\profapi.dll
0x00007ffff17f0000 - 0x00007ffff1809000 	C:\Users\janme\.p2\pool\plugins\org.eclipse.justj.openjdk.hotspot.jre.full.win32.x86_64_15.0.2.v20210201-0955\jre\bin\net.dll
0x00007ffff9240000 - 0x00007ffff9348000 	C:\WINDOWS\SYSTEM32\WINHTTP.dll
0x00007ff802260000 - 0x00007ff8022ca000 	C:\WINDOWS\system32\mswsock.dll
0x00007ffff0e80000 - 0x00007ffff0e92000 	C:\Users\janme\.p2\pool\plugins\org.eclipse.justj.openjdk.hotspot.jre.full.win32.x86_64_15.0.2.v20210201-0955\jre\bin\nio.dll
0x00007fffc76e0000 - 0x00007fffc785f000 	C:\Users\janme\.p2\pool\plugins\org.eclipse.justj.openjdk.hotspot.jre.full.win32.x86_64_15.0.2.v20210201-0955\jre\bin\awt.dll
0x00007ff803930000 - 0x00007ff8039fd000 	C:\WINDOWS\System32\OLEAUT32.dll
0x00007ff8003c0000 - 0x00007ff800450000 	C:\WINDOWS\SYSTEM32\apphelp.dll
0x00007ff800510000 - 0x00007ff8005ae000 	C:\WINDOWS\system32\uxtheme.dll
0x00007ff804490000 - 0x00007ff8045a5000 	C:\WINDOWS\System32\MSCTF.dll
0x00007ff8045b0000 - 0x00007ff8046da000 	C:\WINDOWS\System32\ole32.dll
0x00007ff8007f0000 - 0x00007ff80081f000 	C:\WINDOWS\system32\DWMAPI.DLL
0x00007fffc58d0000 - 0x00007fffc59f5000 	C:\WINDOWS\system32\opengl32.dll
0x00007fffd6a60000 - 0x00007fffd6a8c000 	C:\WINDOWS\SYSTEM32\GLU32.dll
0x00007ffff9f40000 - 0x00007ffffa10e000 	C:\WINDOWS\system32\d3d9.dll
0x00007ffff9350000 - 0x00007ffff943f000 	C:\WINDOWS\System32\DriverStore\FileRepository\nvmo.inf_amd64_42f980a187399e57\nvldumdx.dll
0x00007ff802ff0000 - 0x00007ff80314f000 	C:\WINDOWS\System32\crypt32.dll
0x00007ffffc620000 - 0x00007ffffc651000 	C:\WINDOWS\SYSTEM32\cryptnet.dll
0x00007ff802470000 - 0x00007ff80247c000 	C:\WINDOWS\SYSTEM32\cryptbase.dll
0x00007ff802b70000 - 0x00007ff802bd0000 	C:\WINDOWS\System32\WINTRUST.DLL
0x00007ff802680000 - 0x00007ff802692000 	C:\WINDOWS\SYSTEM32\MSASN1.dll
0x00007ff805300000 - 0x00007ff80531d000 	C:\WINDOWS\System32\imagehlp.dll
0x00007ff802450000 - 0x00007ff802468000 	C:\WINDOWS\SYSTEM32\CRYPTSP.dll
0x00007ff801b10000 - 0x00007ff801b44000 	C:\WINDOWS\system32\rsaenh.dll
0x00007ff802b40000 - 0x00007ff802b67000 	C:\WINDOWS\System32\bcrypt.dll
0x00007fffafb30000 - 0x00007fffb1037000 	C:\WINDOWS\System32\DriverStore\FileRepository\nvmo.inf_amd64_42f980a187399e57\nvd3dumx.dll
0x00007ff802070000 - 0x00007ff8020bb000 	C:\WINDOWS\SYSTEM32\powrprof.dll
0x00007ff801ee0000 - 0x00007ff801ef2000 	C:\WINDOWS\SYSTEM32\UMPDC.dll
0x00007ff801370000 - 0x00007ff801393000 	C:\WINDOWS\SYSTEM32\gpapi.dll
0x00007ffff98c0000 - 0x00007ffff98fb000 	C:\WINDOWS\SYSTEM32\dxcore.dll
0x00007ff802bd0000 - 0x00007ff802c1e000 	C:\WINDOWS\System32\cfgmgr32.dll
0x00007fffc5840000 - 0x00007fffc58c5000 	C:\Users\janme\.p2\pool\plugins\org.eclipse.justj.openjdk.hotspot.jre.full.win32.x86_64_15.0.2.v20210201-0955\jre\bin\freetype.dll
0x00007fffc47c0000 - 0x00007fffc4869000 	C:\Users\janme\.p2\pool\plugins\org.eclipse.justj.openjdk.hotspot.jre.full.win32.x86_64_15.0.2.v20210201-0955\jre\bin\fontmanager.dll
0x00007ffff97c0000 - 0x00007ffff98b9000 	C:\WINDOWS\SYSTEM32\textinputframework.dll
0x00007fffffc90000 - 0x00007ffffffee000 	C:\WINDOWS\System32\CoreUIComponents.dll
0x00007ff800060000 - 0x00007ff800152000 	C:\WINDOWS\System32\CoreMessaging.dll
0x00007ff8017a0000 - 0x00007ff8017d3000 	C:\WINDOWS\SYSTEM32\ntmarta.dll
0x00007fffff5c0000 - 0x00007fffff714000 	C:\WINDOWS\SYSTEM32\wintypes.dll

dbghelp: loaded successfully - version: 4.0.5 - missing functions: none
symbol engine: initialized successfully - sym options: 0x614 - pdb path: .;C:\Users\janme\.p2\pool\plugins\org.eclipse.justj.openjdk.hotspot.jre.full.win32.x86_64_15.0.2.v20210201-0955\jre\bin;C:\WINDOWS\SYSTEM32;C:\WINDOWS\WinSxS\amd64_microsoft.windows.common-controls_6595b64144ccf1df_6.0.19041.1110_none_60b5254171f9507e;C:\Users\janme\.p2\pool\plugins\org.eclipse.justj.openjdk.hotspot.jre.full.win32.x86_64_15.0.2.v20210201-0955\jre\bin\server;C:\WINDOWS\System32\DriverStore\FileRepository\nvmo.inf_amd64_42f980a187399e57

VM Arguments:
jvm_args: -ea -Dfile.encoding=UTF-8 -XX:+ShowCodeDetailsInExceptionMessages 
java_command: Gui.ChessGui2
java_class_path (initial): C:\Users\janme\Documents\GitHub\Cyborg\Chess\bin;C:\Users\janme\.p2\pool\plugins\org.junit_4.13.0.v20200204-1500.jar;C:\Users\janme\.p2\pool\plugins\org.hamcrest.core_1.3.0.v20180420-1519.jar
Launcher Type: SUN_STANDARD

[Global flags]
     intx CICompilerCount                          = 3                                         {product} {ergonomic}
     uint ConcGCThreads                            = 2                                         {product} {ergonomic}
     uint G1ConcRefinementThreads                  = 6                                         {product} {ergonomic}
   size_t G1HeapRegionSize                         = 2097152                                   {product} {ergonomic}
    uintx GCDrainStackTargetSize                   = 64                                        {product} {ergonomic}
   size_t InitialHeapSize                          = 268435456                                 {product} {ergonomic}
   size_t MarkStackSize                            = 4194304                                   {product} {ergonomic}
   size_t MaxHeapSize                              = 4276092928                                {product} {ergonomic}
   size_t MaxNewSize                               = 2564816896                                {product} {ergonomic}
   size_t MinHeapDeltaBytes                        = 2097152                                   {product} {ergonomic}
   size_t MinHeapSize                              = 8388608                                   {product} {ergonomic}
    uintx NonNMethodCodeHeapSize                   = 5832780                                {pd product} {ergonomic}
    uintx NonProfiledCodeHeapSize                  = 122912730                              {pd product} {ergonomic}
    uintx ProfiledCodeHeapSize                     = 122912730                              {pd product} {ergonomic}
    uintx ReservedCodeCacheSize                    = 251658240                              {pd product} {ergonomic}
     bool SegmentedCodeCache                       = true                                      {product} {ergonomic}
     bool ShowCodeDetailsInExceptionMessages       = true                                   {manageable} {command line}
   size_t SoftMaxHeapSize                          = 4276092928                             {manageable} {ergonomic}
     bool UseCompressedClassPointers               = true                                 {lp64_product} {ergonomic}
     bool UseCompressedOops                        = true                                 {lp64_product} {ergonomic}
     bool UseG1GC                                  = true                                      {product} {ergonomic}
     bool UseLargePagesIndividualAllocation        = false                                  {pd product} {ergonomic}

Logging:
Log output configuration:
 #0: stdout all=warning uptime,level,tags
 #1: stderr all=off uptime,level,tags

Environment Variables:
PATH=C:/Users/janme/.p2/pool/plugins/org.eclipse.justj.openjdk.hotspot.jre.full.win32.x86_64_15.0.2.v20210201-0955/jre/bin/server;C:/Users/janme/.p2/pool/plugins/org.eclipse.justj.openjdk.hotspot.jre.full.win32.x86_64_15.0.2.v20210201-0955/jre/bin;C:\Program Files\AdoptOpenJDK\jdk-8.0.282.8-hotspot\bin;C:\Program Files (x86)\Common Files\Oracle\Java\javapath;C:\Windows\system32;C:\Windows;C:\Windows\System32\Wbem;C:\Windows\System32\WindowsPowerShell\v1.0\;C:\Windows\System32\OpenSSH\;C:\Program Files (x86)\NVIDIA Corporation\PhysX\Common;C:\WINDOWS\system32;C:\WINDOWS;C:\WINDOWS\System32\Wbem;C:\WINDOWS\System32\WindowsPowerShell\v1.0\;C:\WINDOWS\System32\OpenSSH\;C:\Users\janme\AppData\Local\Microsoft\WindowsApps;C:\Users\janme\AppData\Local\atom\bin;C:\Users\janme\AppData\Local\Microsoft\WindowsApps;C:\Users\janme\AppData\Local\GitHubDesktop\bin;C:\Users\janme\AppData\Roaming\OpenShell\Pinned;
USERNAME=janme
OS=Windows_NT
PROCESSOR_IDENTIFIER=Intel64 Family 6 Model 158 Stepping 12, GenuineIntel



---------------  S Y S T E M  ---------------

OS:
 Windows 10 , 64 bit Build 19041 (10.0.19041.1151)
OS uptime: 1 days 0:16 hours

CPU: total 6 (initial active 6) (6 cores per cpu, 1 threads per core) family 6 model 158 stepping 12 microcode 0xde, cmov, cx8, fxsr, mmx, sse, sse2, sse3, ssse3, sse4.1, sse4.2, popcnt, vzeroupper, avx, avx2, aes, clmul, erms, 3dnowpref, lzcnt, tsc, tscinvbit, bmi1, bmi2, adx, fma, clflush, clflushopt

Memory: 4k page, system-wide physical 16310M (4107M free)
TotalPageFile size 16310M (AvailPageFile size 60M)
current process WorkingSet (physical memory assigned to process): 299M, peak: 315M
current process commit charge ("private bytes"): 440M, peak: 502M

vm_info: OpenJDK 64-Bit Server VM (15.0.2+7-27) for windows-amd64 JRE (15.0.2+7-27), built on Dec  7 2020 20:02:38 by "mach5one" with unknown MS VC++:1925

END.
