#
# There is insufficient memory for the Java Runtime Environment to continue.
# Native memory allocation (malloc) failed to allocate 32744 bytes for ChunkPool::allocate
# Possible reasons:
#   The system is out of physical RAM or swap space
#   The process is running with CompressedOops enabled, and the Java Heap may be blocking the growth of the native heap
# Possible solutions:
#   Reduce memory load on the system
#   Increase physical memory or swap space
#   Check if swap backing store is full
#   Decrease Java heap size (-Xmx/-Xms)
#   Decrease number of Java threads
#   Decrease Java thread stack sizes (-Xss)
#   Set larger code cache with -XX:ReservedCodeCacheSize=
#   JVM is running with Zero Based Compressed Oops mode in which the Java heap is
#     placed in the first 32GB address space. The Java Heap base address is the
#     maximum limit for the native heap growth. Please use -XX:HeapBaseMinAddress
#     to set the Java Heap base and to place the Java Heap above 32GB virtual address.
# This output file may be truncated or incomplete.
#
#  Out of Memory Error (./open/src/hotspot/share/memory/arena.cpp:79), pid=19192, tid=17812
#
# JRE version: OpenJDK Runtime Environment (15.0.2+7) (build 15.0.2+7-27)
# Java VM: OpenJDK 64-Bit Server VM (15.0.2+7-27, mixed mode, tiered, compressed oops, g1 gc, windows-amd64)
# No core dump will be written. Minidumps are not enabled by default on client versions of Windows
#

---------------  S U M M A R Y ------------

Command Line: -ea -agentpath:C:\PROGRA~1\JPROFI~1\bin\WINDOW~1\jprofilerti.dll=port=34817 -Djprofiler.64bit=true -ea -Dfile.encoding=UTF-8 -XX:+ShowCodeDetailsInExceptionMessages org.eclipse.jdt.internal.junit.runner.RemoteTestRunner -version 3 -port 50503 -testLoaderClass org.eclipse.jdt.internal.junit4.runner.JUnit4TestLoader -loaderpluginname org.eclipse.jdt.junit4.runtime -classNames Werkzeuge.CyborgSpeedTest

Host: Intel(R) Core(TM) i5-9400 CPU @ 2.90GHz, 6 cores, 15G,  Windows 10 , 64 bit Build 19041 (10.0.19041.1151)
Time: Sat Aug 28 11:37:51 2021 W. Europe Summer Time elapsed time: 9.322287 seconds (0d 0h 0m 9s)

---------------  T H R E A D  ---------------

Current thread (0x000001eaf81eb7b0):  JavaThread "C2 CompilerThread0" daemon [_thread_in_native, id=17812, stack(0x000000d06dd00000,0x000000d06de00000)]


Current CompileTask:
C2:   9322 1048       4       Werkzeuge.Cyborg::guteZuegeZuerst (116 bytes)

Stack: [0x000000d06dd00000,0x000000d06de00000]
Native frames: (J=compiled Java code, j=interpreted, Vv=VM code, C=native code)
V  [jvm.dll+0x62ae9a]
V  [jvm.dll+0x7817a9]
V  [jvm.dll+0x782f03]
V  [jvm.dll+0x783563]
V  [jvm.dll+0x216325]
V  [jvm.dll+0x982cf]
V  [jvm.dll+0x980ad]
V  [jvm.dll+0x609d14]
V  [jvm.dll+0x6552ea]
V  [jvm.dll+0x18e47d]
V  [jvm.dll+0x1ea822]
V  [jvm.dll+0x1e996e]
V  [jvm.dll+0x178567]
V  [jvm.dll+0x1f9225]
V  [jvm.dll+0x1f72cc]
V  [jvm.dll+0x74495d]
V  [jvm.dll+0x73d75a]
V  [jvm.dll+0x629c56]
C  [ucrtbase.dll+0x21bb2]
C  [KERNEL32.DLL+0x17034]
C  [ntdll.dll+0x52651]


---------------  P R O C E S S  ---------------

Threads class SMR info:
_java_thread_list=0x000001eaf9125730, length=17, elements={
0x000001ead87de220, 0x000001eaf813e520, 0x000001eaf813f1b0, 0x000001eaf819d5b0,
0x000001eaf80ff380, 0x000001eaf8153930, 0x000001eaf81eb7b0, 0x000001eaf81f81d0,
0x000001eaf824bdd0, 0x000001eaf85c4600, 0x000001eaf8c9c760, 0x000001eaf86569e0,
0x000001eaf8d2f170, 0x000001eaf8d36360, 0x000001eaf8d31c20, 0x000001eaf9144e80,
0x000001eaf91a1140
}

Java Threads: ( => current thread )
  0x000001ead87de220 JavaThread "main" [_thread_in_Java, id=6116, stack(0x000000d06d100000,0x000000d06d200000)]
  0x000001eaf813e520 JavaThread "Reference Handler" daemon [_thread_blocked, id=19268, stack(0x000000d06d800000,0x000000d06d900000)]
  0x000001eaf813f1b0 JavaThread "Finalizer" daemon [_thread_blocked, id=9588, stack(0x000000d06d900000,0x000000d06da00000)]
  0x000001eaf819d5b0 JavaThread "Signal Dispatcher" daemon [_thread_blocked, id=17280, stack(0x000000d06da00000,0x000000d06db00000)]
  0x000001eaf80ff380 JavaThread "Attach Listener" daemon [_thread_blocked, id=17652, stack(0x000000d06db00000,0x000000d06dc00000)]
  0x000001eaf8153930 JavaThread "Service Thread" daemon [_thread_blocked, id=18156, stack(0x000000d06dc00000,0x000000d06dd00000)]
=>0x000001eaf81eb7b0 JavaThread "C2 CompilerThread0" daemon [_thread_in_native, id=17812, stack(0x000000d06dd00000,0x000000d06de00000)]
  0x000001eaf81f81d0 JavaThread "C1 CompilerThread0" daemon [_thread_blocked, id=11744, stack(0x000000d06de00000,0x000000d06df00000)]
  0x000001eaf824bdd0 JavaThread "Sweeper thread" daemon [_thread_blocked, id=68, stack(0x000000d06df00000,0x000000d06e000000)]
  0x000001eaf85c4600 JavaThread "Common-Cleaner" daemon [_thread_blocked, id=8804, stack(0x000000d06e000000,0x000000d06e100000)]
  0x000001eaf8c9c760 JavaThread "_jprofiler_native_comm" daemon [_thread_in_native, id=16708, stack(0x000000d06e100000,0x000000d06e200000)]
  0x000001eaf86569e0 JavaThread "_jprofiler_native_sampler" daemon [_thread_in_native, id=4464, stack(0x000000d06e200000,0x000000d06e300000)]
  0x000001eaf8d2f170 JavaThread "_jprofiler_control_sampler" daemon [_thread_blocked, id=18996, stack(0x000000d06e400000,0x000000d06e500000)]
  0x000001eaf8d36360 JavaThread "_jprofiler_sampler" daemon [_thread_blocked, id=17776, stack(0x000000d06e500000,0x000000d06e600000)]
  0x000001eaf8d31c20 JavaThread "Notification Thread" daemon [_thread_blocked, id=16812, stack(0x000000d06e600000,0x000000d06e700000)]
  0x000001eaf9144e80 JavaThread "C2 CompilerThread1" daemon [_thread_in_native, id=18752, stack(0x000000d06e800000,0x000000d06e900000)]
  0x000001eaf91a1140 JavaThread "ReaderThread" [_thread_in_native, id=15840, stack(0x000000d06e900000,0x000000d06ea00000)]

Other Threads:
  0x000001eaf80dc8a0 VMThread "VM Thread" [stack: 0x000000d06d700000,0x000000d06d800000] [id=6736]
  0x000001eaf8d24a70 WatcherThread [stack: 0x000000d06e700000,0x000000d06e800000] [id=7748]
  0x000001ead82ee930 GCTaskThread "GC Thread#0" [stack: 0x000000d06d200000,0x000000d06d300000] [id=16388]
  0x000001eaf858c450 GCTaskThread "GC Thread#1" [stack: 0x000000d06ea00000,0x000000d06eb00000] [id=5176]
  0x000001eaf858e430 GCTaskThread "GC Thread#2" [stack: 0x000000d06eb00000,0x000000d06ec00000] [id=14520]
  0x000001eaf858c120 GCTaskThread "GC Thread#3" [stack: 0x000000d06ec00000,0x000000d06ed00000] [id=18644]
  0x000001eaf858cde0 GCTaskThread "GC Thread#4" [stack: 0x000000d06ed00000,0x000000d06ee00000] [id=18508]
  0x000001eaf858d440 GCTaskThread "GC Thread#5" [stack: 0x000000d06ee00000,0x000000d06ef00000] [id=16644]
  0x000001ead87fa7b0 ConcurrentGCThread "G1 Main Marker" [stack: 0x000000d06d300000,0x000000d06d400000] [id=944]
  0x000001ead87fbfb0 ConcurrentGCThread "G1 Conc#0" [stack: 0x000000d06d400000,0x000000d06d500000] [id=4016]
  0x000001ead883e790 ConcurrentGCThread "G1 Refine#0" [stack: 0x000000d06d500000,0x000000d06d600000] [id=4888]
  0x000001eaf74b8600 ConcurrentGCThread "G1 Young RemSet Sampling" [stack: 0x000000d06d600000,0x000000d06d700000] [id=19176]

Threads with active compile tasks:
C2 CompilerThread0     9349 1048       4       Werkzeuge.Cyborg::guteZuegeZuerst (116 bytes)
C2 CompilerThread1     9349 1047       4       Werkzeuge.Cyborg::miniMax (308 bytes)

VM state: not at safepoint (normal execution)

VM Mutex/Monitor currently owned by a thread: None

Heap address: 0x0000000701200000, size: 4078 MB, Compressed Oops mode: Zero based, Oop shift amount: 3
CDS disabled.
Compressed class space mapped at: 0x0000000800000000-0x0000000840000000, size: 1073741824
Narrow klass base: 0x0000000800000000, Narrow klass shift: 0, Narrow klass range: 0x40000000

GC Precious Log:
 CPUs: 6 total, 6 available
 Memory: 16310M
 Large Page Support: Disabled
 NUMA Support: Disabled
 Compressed Oops: Enabled (Zero based)
 Heap Region Size: 2M
 Heap Min Capacity: 8M
 Heap Initial Capacity: 256M
 Heap Max Capacity: 4078M
 Pre-touch: Disabled
 Parallel Workers: 6
 Concurrent Workers: 2
 Concurrent Refinement Workers: 6
 Periodic GC: Disabled

Heap:
 garbage-first heap   total 262144K, used 46947K [0x0000000701200000, 0x0000000800000000)
  region size 2048K, 23 young (47104K), 1 survivors (2048K)
 Metaspace       used 14557K, capacity 14704K, committed 14848K, reserved 1062912K
  class space    used 1383K, capacity 1423K, committed 1536K, reserved 1048576K

Heap Regions: E=young(eden), S=young(survivor), O=old, HS=humongous(starts), HC=humongous(continues), CS=collection set, F=free, OA=open archive, CA=closed archive, TAMS=top-at-mark-start (previous, next)
|   0|0x0000000701200000, 0x0000000701400000, 0x0000000701400000|100%| O|  |TAMS 0x0000000701200000, 0x0000000701200000| Untracked 
|   1|0x0000000701400000, 0x00000007014bf000, 0x0000000701600000| 37%| O|  |TAMS 0x0000000701400000, 0x0000000701400000| Untracked 
|   2|0x0000000701600000, 0x0000000701600000, 0x0000000701800000|  0%| F|  |TAMS 0x0000000701600000, 0x0000000701600000| Untracked 
|   3|0x0000000701800000, 0x0000000701800000, 0x0000000701a00000|  0%| F|  |TAMS 0x0000000701800000, 0x0000000701800000| Untracked 
|   4|0x0000000701a00000, 0x0000000701a00000, 0x0000000701c00000|  0%| F|  |TAMS 0x0000000701a00000, 0x0000000701a00000| Untracked 
|   5|0x0000000701c00000, 0x0000000701c00000, 0x0000000701e00000|  0%| F|  |TAMS 0x0000000701c00000, 0x0000000701c00000| Untracked 
|   6|0x0000000701e00000, 0x0000000701e00000, 0x0000000702000000|  0%| F|  |TAMS 0x0000000701e00000, 0x0000000701e00000| Untracked 
|   7|0x0000000702000000, 0x0000000702000000, 0x0000000702200000|  0%| F|  |TAMS 0x0000000702000000, 0x0000000702000000| Untracked 
|   8|0x0000000702200000, 0x0000000702200000, 0x0000000702400000|  0%| F|  |TAMS 0x0000000702200000, 0x0000000702200000| Untracked 
|   9|0x0000000702400000, 0x0000000702400000, 0x0000000702600000|  0%| F|  |TAMS 0x0000000702400000, 0x0000000702400000| Untracked 
|  10|0x0000000702600000, 0x0000000702600000, 0x0000000702800000|  0%| F|  |TAMS 0x0000000702600000, 0x0000000702600000| Untracked 
|  11|0x0000000702800000, 0x0000000702800000, 0x0000000702a00000|  0%| F|  |TAMS 0x0000000702800000, 0x0000000702800000| Untracked 
|  12|0x0000000702a00000, 0x0000000702a00000, 0x0000000702c00000|  0%| F|  |TAMS 0x0000000702a00000, 0x0000000702a00000| Untracked 
|  13|0x0000000702c00000, 0x0000000702c00000, 0x0000000702e00000|  0%| F|  |TAMS 0x0000000702c00000, 0x0000000702c00000| Untracked 
|  14|0x0000000702e00000, 0x0000000702e00000, 0x0000000703000000|  0%| F|  |TAMS 0x0000000702e00000, 0x0000000702e00000| Untracked 
|  15|0x0000000703000000, 0x0000000703000000, 0x0000000703200000|  0%| F|  |TAMS 0x0000000703000000, 0x0000000703000000| Untracked 
|  16|0x0000000703200000, 0x0000000703200000, 0x0000000703400000|  0%| F|  |TAMS 0x0000000703200000, 0x0000000703200000| Untracked 
|  17|0x0000000703400000, 0x0000000703400000, 0x0000000703600000|  0%| F|  |TAMS 0x0000000703400000, 0x0000000703400000| Untracked 
|  18|0x0000000703600000, 0x0000000703600000, 0x0000000703800000|  0%| F|  |TAMS 0x0000000703600000, 0x0000000703600000| Untracked 
|  19|0x0000000703800000, 0x0000000703800000, 0x0000000703a00000|  0%| F|  |TAMS 0x0000000703800000, 0x0000000703800000| Untracked 
|  20|0x0000000703a00000, 0x0000000703a00000, 0x0000000703c00000|  0%| F|  |TAMS 0x0000000703a00000, 0x0000000703a00000| Untracked 
|  21|0x0000000703c00000, 0x0000000703c00000, 0x0000000703e00000|  0%| F|  |TAMS 0x0000000703c00000, 0x0000000703c00000| Untracked 
|  22|0x0000000703e00000, 0x0000000703e00000, 0x0000000704000000|  0%| F|  |TAMS 0x0000000703e00000, 0x0000000703e00000| Untracked 
|  23|0x0000000704000000, 0x0000000704000000, 0x0000000704200000|  0%| F|  |TAMS 0x0000000704000000, 0x0000000704000000| Untracked 
|  24|0x0000000704200000, 0x0000000704200000, 0x0000000704400000|  0%| F|  |TAMS 0x0000000704200000, 0x0000000704200000| Untracked 
|  25|0x0000000704400000, 0x0000000704400000, 0x0000000704600000|  0%| F|  |TAMS 0x0000000704400000, 0x0000000704400000| Untracked 
|  26|0x0000000704600000, 0x0000000704600000, 0x0000000704800000|  0%| F|  |TAMS 0x0000000704600000, 0x0000000704600000| Untracked 
|  27|0x0000000704800000, 0x0000000704800000, 0x0000000704a00000|  0%| F|  |TAMS 0x0000000704800000, 0x0000000704800000| Untracked 
|  28|0x0000000704a00000, 0x0000000704a00000, 0x0000000704c00000|  0%| F|  |TAMS 0x0000000704a00000, 0x0000000704a00000| Untracked 
|  29|0x0000000704c00000, 0x0000000704c00000, 0x0000000704e00000|  0%| F|  |TAMS 0x0000000704c00000, 0x0000000704c00000| Untracked 
|  30|0x0000000704e00000, 0x0000000704e00000, 0x0000000705000000|  0%| F|  |TAMS 0x0000000704e00000, 0x0000000704e00000| Untracked 
|  31|0x0000000705000000, 0x0000000705000000, 0x0000000705200000|  0%| F|  |TAMS 0x0000000705000000, 0x0000000705000000| Untracked 
|  32|0x0000000705200000, 0x0000000705200000, 0x0000000705400000|  0%| F|  |TAMS 0x0000000705200000, 0x0000000705200000| Untracked 
|  33|0x0000000705400000, 0x0000000705400000, 0x0000000705600000|  0%| F|  |TAMS 0x0000000705400000, 0x0000000705400000| Untracked 
|  34|0x0000000705600000, 0x0000000705600000, 0x0000000705800000|  0%| F|  |TAMS 0x0000000705600000, 0x0000000705600000| Untracked 
|  35|0x0000000705800000, 0x0000000705800000, 0x0000000705a00000|  0%| F|  |TAMS 0x0000000705800000, 0x0000000705800000| Untracked 
|  36|0x0000000705a00000, 0x0000000705a00000, 0x0000000705c00000|  0%| F|  |TAMS 0x0000000705a00000, 0x0000000705a00000| Untracked 
|  37|0x0000000705c00000, 0x0000000705c00000, 0x0000000705e00000|  0%| F|  |TAMS 0x0000000705c00000, 0x0000000705c00000| Untracked 
|  38|0x0000000705e00000, 0x0000000705e00000, 0x0000000706000000|  0%| F|  |TAMS 0x0000000705e00000, 0x0000000705e00000| Untracked 
|  39|0x0000000706000000, 0x0000000706000000, 0x0000000706200000|  0%| F|  |TAMS 0x0000000706000000, 0x0000000706000000| Untracked 
|  40|0x0000000706200000, 0x0000000706200000, 0x0000000706400000|  0%| F|  |TAMS 0x0000000706200000, 0x0000000706200000| Untracked 
|  41|0x0000000706400000, 0x0000000706400000, 0x0000000706600000|  0%| F|  |TAMS 0x0000000706400000, 0x0000000706400000| Untracked 
|  42|0x0000000706600000, 0x0000000706600000, 0x0000000706800000|  0%| F|  |TAMS 0x0000000706600000, 0x0000000706600000| Untracked 
|  43|0x0000000706800000, 0x0000000706800000, 0x0000000706a00000|  0%| F|  |TAMS 0x0000000706800000, 0x0000000706800000| Untracked 
|  44|0x0000000706a00000, 0x0000000706a00000, 0x0000000706c00000|  0%| F|  |TAMS 0x0000000706a00000, 0x0000000706a00000| Untracked 
|  45|0x0000000706c00000, 0x0000000706c00000, 0x0000000706e00000|  0%| F|  |TAMS 0x0000000706c00000, 0x0000000706c00000| Untracked 
|  46|0x0000000706e00000, 0x0000000706e00000, 0x0000000707000000|  0%| F|  |TAMS 0x0000000706e00000, 0x0000000706e00000| Untracked 
|  47|0x0000000707000000, 0x0000000707000000, 0x0000000707200000|  0%| F|  |TAMS 0x0000000707000000, 0x0000000707000000| Untracked 
|  48|0x0000000707200000, 0x0000000707200000, 0x0000000707400000|  0%| F|  |TAMS 0x0000000707200000, 0x0000000707200000| Untracked 
|  49|0x0000000707400000, 0x0000000707400000, 0x0000000707600000|  0%| F|  |TAMS 0x0000000707400000, 0x0000000707400000| Untracked 
|  50|0x0000000707600000, 0x0000000707600000, 0x0000000707800000|  0%| F|  |TAMS 0x0000000707600000, 0x0000000707600000| Untracked 
|  51|0x0000000707800000, 0x0000000707919e90, 0x0000000707a00000| 55%| S|CS|TAMS 0x0000000707800000, 0x0000000707800000| Complete 
|  52|0x0000000707a00000, 0x0000000707a00000, 0x0000000707c00000|  0%| F|  |TAMS 0x0000000707a00000, 0x0000000707a00000| Untracked 
|  53|0x0000000707c00000, 0x0000000707c00000, 0x0000000707e00000|  0%| F|  |TAMS 0x0000000707c00000, 0x0000000707c00000| Untracked 
|  54|0x0000000707e00000, 0x0000000707e00000, 0x0000000708000000|  0%| F|  |TAMS 0x0000000707e00000, 0x0000000707e00000| Untracked 
|  55|0x0000000708000000, 0x0000000708000000, 0x0000000708200000|  0%| F|  |TAMS 0x0000000708000000, 0x0000000708000000| Untracked 
|  56|0x0000000708200000, 0x0000000708200000, 0x0000000708400000|  0%| F|  |TAMS 0x0000000708200000, 0x0000000708200000| Untracked 
|  57|0x0000000708400000, 0x0000000708400000, 0x0000000708600000|  0%| F|  |TAMS 0x0000000708400000, 0x0000000708400000| Untracked 
|  58|0x0000000708600000, 0x0000000708600000, 0x0000000708800000|  0%| F|  |TAMS 0x0000000708600000, 0x0000000708600000| Untracked 
|  59|0x0000000708800000, 0x0000000708800000, 0x0000000708a00000|  0%| F|  |TAMS 0x0000000708800000, 0x0000000708800000| Untracked 
|  60|0x0000000708a00000, 0x0000000708a00000, 0x0000000708c00000|  0%| F|  |TAMS 0x0000000708a00000, 0x0000000708a00000| Untracked 
|  61|0x0000000708c00000, 0x0000000708c00000, 0x0000000708e00000|  0%| F|  |TAMS 0x0000000708c00000, 0x0000000708c00000| Untracked 
|  62|0x0000000708e00000, 0x0000000708e00000, 0x0000000709000000|  0%| F|  |TAMS 0x0000000708e00000, 0x0000000708e00000| Untracked 
|  63|0x0000000709000000, 0x0000000709000000, 0x0000000709200000|  0%| F|  |TAMS 0x0000000709000000, 0x0000000709000000| Untracked 
|  64|0x0000000709200000, 0x0000000709200000, 0x0000000709400000|  0%| F|  |TAMS 0x0000000709200000, 0x0000000709200000| Untracked 
|  65|0x0000000709400000, 0x0000000709400000, 0x0000000709600000|  0%| F|  |TAMS 0x0000000709400000, 0x0000000709400000| Untracked 
|  66|0x0000000709600000, 0x0000000709600000, 0x0000000709800000|  0%| F|  |TAMS 0x0000000709600000, 0x0000000709600000| Untracked 
|  67|0x0000000709800000, 0x0000000709800000, 0x0000000709a00000|  0%| F|  |TAMS 0x0000000709800000, 0x0000000709800000| Untracked 
|  68|0x0000000709a00000, 0x0000000709a00000, 0x0000000709c00000|  0%| F|  |TAMS 0x0000000709a00000, 0x0000000709a00000| Untracked 
|  69|0x0000000709c00000, 0x0000000709c00000, 0x0000000709e00000|  0%| F|  |TAMS 0x0000000709c00000, 0x0000000709c00000| Untracked 
|  70|0x0000000709e00000, 0x0000000709e00000, 0x000000070a000000|  0%| F|  |TAMS 0x0000000709e00000, 0x0000000709e00000| Untracked 
|  71|0x000000070a000000, 0x000000070a000000, 0x000000070a200000|  0%| F|  |TAMS 0x000000070a000000, 0x000000070a000000| Untracked 
|  72|0x000000070a200000, 0x000000070a200000, 0x000000070a400000|  0%| F|  |TAMS 0x000000070a200000, 0x000000070a200000| Untracked 
|  73|0x000000070a400000, 0x000000070a400000, 0x000000070a600000|  0%| F|  |TAMS 0x000000070a400000, 0x000000070a400000| Untracked 
|  74|0x000000070a600000, 0x000000070a600000, 0x000000070a800000|  0%| F|  |TAMS 0x000000070a600000, 0x000000070a600000| Untracked 
|  75|0x000000070a800000, 0x000000070a800000, 0x000000070aa00000|  0%| F|  |TAMS 0x000000070a800000, 0x000000070a800000| Untracked 
|  76|0x000000070aa00000, 0x000000070aa00000, 0x000000070ac00000|  0%| F|  |TAMS 0x000000070aa00000, 0x000000070aa00000| Untracked 
|  77|0x000000070ac00000, 0x000000070ac00000, 0x000000070ae00000|  0%| F|  |TAMS 0x000000070ac00000, 0x000000070ac00000| Untracked 
|  78|0x000000070ae00000, 0x000000070ae00000, 0x000000070b000000|  0%| F|  |TAMS 0x000000070ae00000, 0x000000070ae00000| Untracked 
|  79|0x000000070b000000, 0x000000070b000000, 0x000000070b200000|  0%| F|  |TAMS 0x000000070b000000, 0x000000070b000000| Untracked 
|  80|0x000000070b200000, 0x000000070b200000, 0x000000070b400000|  0%| F|  |TAMS 0x000000070b200000, 0x000000070b200000| Untracked 
|  81|0x000000070b400000, 0x000000070b400000, 0x000000070b600000|  0%| F|  |TAMS 0x000000070b400000, 0x000000070b400000| Untracked 
|  82|0x000000070b600000, 0x000000070b600000, 0x000000070b800000|  0%| F|  |TAMS 0x000000070b600000, 0x000000070b600000| Untracked 
|  83|0x000000070b800000, 0x000000070b800000, 0x000000070ba00000|  0%| F|  |TAMS 0x000000070b800000, 0x000000070b800000| Untracked 
|  84|0x000000070ba00000, 0x000000070ba00000, 0x000000070bc00000|  0%| F|  |TAMS 0x000000070ba00000, 0x000000070ba00000| Untracked 
|  85|0x000000070bc00000, 0x000000070bc00000, 0x000000070be00000|  0%| F|  |TAMS 0x000000070bc00000, 0x000000070bc00000| Untracked 
|  86|0x000000070be00000, 0x000000070be00000, 0x000000070c000000|  0%| F|  |TAMS 0x000000070be00000, 0x000000070be00000| Untracked 
|  87|0x000000070c000000, 0x000000070c000000, 0x000000070c200000|  0%| F|  |TAMS 0x000000070c000000, 0x000000070c000000| Untracked 
|  88|0x000000070c200000, 0x000000070c200000, 0x000000070c400000|  0%| F|  |TAMS 0x000000070c200000, 0x000000070c200000| Untracked 
|  89|0x000000070c400000, 0x000000070c400000, 0x000000070c600000|  0%| F|  |TAMS 0x000000070c400000, 0x000000070c400000| Untracked 
|  90|0x000000070c600000, 0x000000070c600000, 0x000000070c800000|  0%| F|  |TAMS 0x000000070c600000, 0x000000070c600000| Untracked 
|  91|0x000000070c800000, 0x000000070c800000, 0x000000070ca00000|  0%| F|  |TAMS 0x000000070c800000, 0x000000070c800000| Untracked 
|  92|0x000000070ca00000, 0x000000070ca00000, 0x000000070cc00000|  0%| F|  |TAMS 0x000000070ca00000, 0x000000070ca00000| Untracked 
|  93|0x000000070cc00000, 0x000000070cc00000, 0x000000070ce00000|  0%| F|  |TAMS 0x000000070cc00000, 0x000000070cc00000| Untracked 
|  94|0x000000070ce00000, 0x000000070ce00000, 0x000000070d000000|  0%| F|  |TAMS 0x000000070ce00000, 0x000000070ce00000| Untracked 
|  95|0x000000070d000000, 0x000000070d000000, 0x000000070d200000|  0%| F|  |TAMS 0x000000070d000000, 0x000000070d000000| Untracked 
|  96|0x000000070d200000, 0x000000070d200000, 0x000000070d400000|  0%| F|  |TAMS 0x000000070d200000, 0x000000070d200000| Untracked 
|  97|0x000000070d400000, 0x000000070d400000, 0x000000070d600000|  0%| F|  |TAMS 0x000000070d400000, 0x000000070d400000| Untracked 
|  98|0x000000070d600000, 0x000000070d600000, 0x000000070d800000|  0%| F|  |TAMS 0x000000070d600000, 0x000000070d600000| Untracked 
|  99|0x000000070d800000, 0x000000070d800000, 0x000000070da00000|  0%| F|  |TAMS 0x000000070d800000, 0x000000070d800000| Untracked 
| 100|0x000000070da00000, 0x000000070da00000, 0x000000070dc00000|  0%| F|  |TAMS 0x000000070da00000, 0x000000070da00000| Untracked 
| 101|0x000000070dc00000, 0x000000070dc00000, 0x000000070de00000|  0%| F|  |TAMS 0x000000070dc00000, 0x000000070dc00000| Untracked 
| 102|0x000000070de00000, 0x000000070de00000, 0x000000070e000000|  0%| F|  |TAMS 0x000000070de00000, 0x000000070de00000| Untracked 
| 103|0x000000070e000000, 0x000000070e100800, 0x000000070e200000| 50%| E|  |TAMS 0x000000070e000000, 0x000000070e000000| Complete 
| 104|0x000000070e200000, 0x000000070e400000, 0x000000070e400000|100%| E|CS|TAMS 0x000000070e200000, 0x000000070e200000| Complete 
| 105|0x000000070e400000, 0x000000070e600000, 0x000000070e600000|100%| E|CS|TAMS 0x000000070e400000, 0x000000070e400000| Complete 
| 106|0x000000070e600000, 0x000000070e800000, 0x000000070e800000|100%| E|CS|TAMS 0x000000070e600000, 0x000000070e600000| Complete 
| 107|0x000000070e800000, 0x000000070ea00000, 0x000000070ea00000|100%| E|CS|TAMS 0x000000070e800000, 0x000000070e800000| Complete 
| 108|0x000000070ea00000, 0x000000070ec00000, 0x000000070ec00000|100%| E|CS|TAMS 0x000000070ea00000, 0x000000070ea00000| Complete 
| 109|0x000000070ec00000, 0x000000070ee00000, 0x000000070ee00000|100%| E|CS|TAMS 0x000000070ec00000, 0x000000070ec00000| Complete 
| 110|0x000000070ee00000, 0x000000070f000000, 0x000000070f000000|100%| E|CS|TAMS 0x000000070ee00000, 0x000000070ee00000| Complete 
| 111|0x000000070f000000, 0x000000070f200000, 0x000000070f200000|100%| E|CS|TAMS 0x000000070f000000, 0x000000070f000000| Complete 
| 112|0x000000070f200000, 0x000000070f400000, 0x000000070f400000|100%| E|CS|TAMS 0x000000070f200000, 0x000000070f200000| Complete 
| 113|0x000000070f400000, 0x000000070f600000, 0x000000070f600000|100%| E|CS|TAMS 0x000000070f400000, 0x000000070f400000| Complete 
| 114|0x000000070f600000, 0x000000070f800000, 0x000000070f800000|100%| E|CS|TAMS 0x000000070f600000, 0x000000070f600000| Complete 
| 115|0x000000070f800000, 0x000000070fa00000, 0x000000070fa00000|100%| E|CS|TAMS 0x000000070f800000, 0x000000070f800000| Complete 
| 116|0x000000070fa00000, 0x000000070fc00000, 0x000000070fc00000|100%| E|CS|TAMS 0x000000070fa00000, 0x000000070fa00000| Complete 
| 117|0x000000070fc00000, 0x000000070fe00000, 0x000000070fe00000|100%| E|CS|TAMS 0x000000070fc00000, 0x000000070fc00000| Complete 
| 118|0x000000070fe00000, 0x0000000710000000, 0x0000000710000000|100%| E|CS|TAMS 0x000000070fe00000, 0x000000070fe00000| Complete 
| 119|0x0000000710000000, 0x0000000710200000, 0x0000000710200000|100%| E|CS|TAMS 0x0000000710000000, 0x0000000710000000| Complete 
| 120|0x0000000710200000, 0x0000000710400000, 0x0000000710400000|100%| E|CS|TAMS 0x0000000710200000, 0x0000000710200000| Complete 
| 121|0x0000000710400000, 0x0000000710600000, 0x0000000710600000|100%| E|CS|TAMS 0x0000000710400000, 0x0000000710400000| Complete 
| 122|0x0000000710600000, 0x0000000710800000, 0x0000000710800000|100%| E|CS|TAMS 0x0000000710600000, 0x0000000710600000| Complete 
| 123|0x0000000710800000, 0x0000000710a00000, 0x0000000710a00000|100%| E|CS|TAMS 0x0000000710800000, 0x0000000710800000| Complete 
| 124|0x0000000710a00000, 0x0000000710c00000, 0x0000000710c00000|100%| E|CS|TAMS 0x0000000710a00000, 0x0000000710a00000| Complete 
| 125|0x0000000710c00000, 0x0000000710e00000, 0x0000000710e00000|100%| E|CS|TAMS 0x0000000710c00000, 0x0000000710c00000| Complete 
| 126|0x0000000710e00000, 0x0000000711000000, 0x0000000711000000|100%| E|CS|TAMS 0x0000000710e00000, 0x0000000710e00000| Complete 
| 127|0x0000000711000000, 0x0000000711200000, 0x0000000711200000|100%| E|CS|TAMS 0x0000000711000000, 0x0000000711000000| Complete 

Card table byte_map: [0x000001eaebdc0000,0x000001eaec5c0000] _byte_map_base: 0x000001eae85b7000

Marking Bits (Prev, Next): (CMBitMap*) 0x000001ead87e9f80, (CMBitMap*) 0x000001ead87e9fc0
 Prev Bits: [0x000001eaecdc0000, 0x000001eaf0d78000)
 Next Bits: [0x000001eaf0d80000, 0x000001eaf4d38000)

Polling page: 0x000001ead7f40000

Metaspace:

Usage:
  Non-class:     12.97 MB capacity,    12.87 MB (>99%) used,    93.88 KB ( <1%) free+waste,    12.94 KB ( <1%) overhead. 
      Class:      1.39 MB capacity,     1.35 MB ( 97%) used,    35.36 KB (  2%) free+waste,     4.31 KB ( <1%) overhead. 
       Both:     14.36 MB capacity,    14.22 MB (>99%) used,   129.24 KB ( <1%) free+waste,    17.25 KB ( <1%) overhead. 

Virtual space:
  Non-class space:       14.00 MB reserved,      13.00 MB ( 93%) committed 
      Class space:        1.00 GB reserved,       1.50 MB ( <1%) committed 
             Both:        1.01 GB reserved,      14.50 MB (  1%) committed 

Chunk freelists:
   Non-Class:  31.00 KB
       Class:  17.00 KB
        Both:  48.00 KB

MaxMetaspaceSize: 17179869184.00 GB
CompressedClassSpaceSize: 1.00 GB

CodeHeap 'non-profiled nmethods': size=120000Kb used=637Kb max_used=637Kb free=119362Kb
 bounds [0x000001eae3c50000, 0x000001eae3ec0000, 0x000001eaeb180000]
CodeHeap 'profiled nmethods': size=120000Kb used=2111Kb max_used=2111Kb free=117888Kb
 bounds [0x000001eadc720000, 0x000001eadc990000, 0x000001eae3c50000]
CodeHeap 'non-nmethods': size=5760Kb used=1187Kb max_used=1231Kb free=4572Kb
 bounds [0x000001eadc180000, 0x000001eadc3f0000, 0x000001eadc720000]
 total_blobs=1511 nmethods=1059 adapters=365
 compilation: enabled
              stopped_count=0, restarted_count=0
 full_count=0

Compilation events (20 events):
Event: 8.991 Thread 0x000001eaf81f81d0 1066 %     3       Material.King::isInCheck @ 132 (465 bytes)
Event: 8.995 Thread 0x000001eaf81f81d0 nmethod 1066% 0x000001eadc910710 code [0x000001eadc910ec0, 0x000001eadc915c88]
Event: 8.997 Thread 0x000001eaf81f81d0 1067       3       Material.King::isInCheck (465 bytes)
Event: 9.001 Thread 0x000001eaf81f81d0 nmethod 1067 0x000001eadc917710 code [0x000001eadc917ec0, 0x000001eadc91caa8]
Event: 9.103 Thread 0x000001eaf81eb7b0 nmethod 1049 0x000001eae3cdc910 code [0x000001eae3cdcc20, 0x000001eae3cdff10]
Event: 9.103 Thread 0x000001eaf81eb7b0 1060       4       Services.PositionCalc::isPositionLegal (154 bytes)
Event: 9.133 Thread 0x000001eaf81eb7b0 nmethod 1060 0x000001eae3ce1610 code [0x000001eae3ce1840, 0x000001eae3ce2c58]
Event: 9.133 Thread 0x000001eaf81eb7b0 1068       4       Material.King::isInCheck (465 bytes)
Event: 9.180 Thread 0x000001eaf81eb7b0 nmethod 1068 0x000001eae3ce3590 code [0x000001eae3ce3940, 0x000001eae3ce66d0]
Event: 9.180 Thread 0x000001eaf81eb7b0 1069       4       Material.Pawn::getMoves (602 bytes)
Event: 9.202 Thread 0x000001eaf81f81d0 1072       2       java.util.ComparableTimSort::binarySort (223 bytes)
Event: 9.202 Thread 0x000001eaf81f81d0 nmethod 1072 0x000001eadc91e410 code [0x000001eadc91e600, 0x000001eadc91ecf8]
Event: 9.202 Thread 0x000001eaf81f81d0 1071       2       java.util.ComparableTimSort::countRunAndMakeAscending (123 bytes)
Event: 9.202 Thread 0x000001eaf81f81d0 nmethod 1071 0x000001eadc91f010 code [0x000001eadc91f200, 0x000001eadc91f6d8]
Event: 9.259 Thread 0x000001eaf81eb7b0 nmethod 1069 0x000001eae3ce8b10 code [0x000001eae3ce8fc0, 0x000001eae3ced618]
Event: 9.259 Thread 0x000001eaf81eb7b0 1048       4       Werkzeuge.Cyborg::guteZuegeZuerst (116 bytes)
Event: 9.262 Thread 0x000001eaf81f81d0 1073       3       Material.King::getMoves (731 bytes)
Event: 9.265 Thread 0x000001eaf81f81d0 nmethod 1073 0x000001eadc91f990 code [0x000001eadc920380, 0x000001eadc9270d8]
Event: 9.271 Thread 0x000001eaf81f81d0 1074       3       Material.King::isInCheck (465 bytes)
Event: 9.273 Thread 0x000001eaf81f81d0 nmethod 1074 0x000001eadc929210 code [0x000001eadc9299c0, 0x000001eadc92e5a8]

GC Heap History (12 events):
Event: 8.493 GC heap before
{Heap before GC invocations=0 (full 0):
 garbage-first heap   total 262144K, used 20480K [0x0000000701200000, 0x0000000800000000)
  region size 2048K, 10 young (20480K), 0 survivors (0K)
 Metaspace       used 14539K, capacity 14704K, committed 14848K, reserved 1062912K
  class space    used 1383K, capacity 1423K, committed 1536K, reserved 1048576K
}
Event: 8.499 GC heap after
{Heap after GC invocations=1 (full 0):
 garbage-first heap   total 262144K, used 2900K [0x0000000701200000, 0x0000000800000000)
  region size 2048K, 2 young (4096K), 2 survivors (4096K)
 Metaspace       used 14539K, capacity 14704K, committed 14848K, reserved 1062912K
  class space    used 1383K, capacity 1423K, committed 1536K, reserved 1048576K
}
Event: 8.561 GC heap before
{Heap before GC invocations=1 (full 0):
 garbage-first heap   total 262144K, used 27476K [0x0000000701200000, 0x0000000800000000)
  region size 2048K, 14 young (28672K), 2 survivors (4096K)
 Metaspace       used 14541K, capacity 14704K, committed 14848K, reserved 1062912K
  class space    used 1383K, capacity 1423K, committed 1536K, reserved 1048576K
}
Event: 8.563 GC heap after
{Heap after GC invocations=2 (full 0):
 garbage-first heap   total 262144K, used 3220K [0x0000000701200000, 0x0000000800000000)
  region size 2048K, 1 young (2048K), 1 survivors (2048K)
 Metaspace       used 14541K, capacity 14704K, committed 14848K, reserved 1062912K
  class space    used 1383K, capacity 1423K, committed 1536K, reserved 1048576K
}
Event: 8.819 GC heap before
{Heap before GC invocations=2 (full 0):
 garbage-first heap   total 262144K, used 156820K [0x0000000701200000, 0x0000000800000000)
  region size 2048K, 76 young (155648K), 1 survivors (2048K)
 Metaspace       used 14555K, capacity 14704K, committed 14848K, reserved 1062912K
  class space    used 1383K, capacity 1423K, committed 1536K, reserved 1048576K
}
Event: 8.820 GC heap after
{Heap after GC invocations=3 (full 0):
 garbage-first heap   total 262144K, used 3209K [0x0000000701200000, 0x0000000800000000)
  region size 2048K, 1 young (2048K), 1 survivors (2048K)
 Metaspace       used 14555K, capacity 14704K, committed 14848K, reserved 1062912K
  class space    used 1383K, capacity 1423K, committed 1536K, reserved 1048576K
}
Event: 8.902 GC heap before
{Heap before GC invocations=3 (full 0):
 garbage-first heap   total 262144K, used 156809K [0x0000000701200000, 0x0000000800000000)
  region size 2048K, 76 young (155648K), 1 survivors (2048K)
 Metaspace       used 14555K, capacity 14704K, committed 14848K, reserved 1062912K
  class space    used 1383K, capacity 1423K, committed 1536K, reserved 1048576K
}
Event: 8.902 GC heap after
{Heap after GC invocations=4 (full 0):
 garbage-first heap   total 262144K, used 3351K [0x0000000701200000, 0x0000000800000000)
  region size 2048K, 1 young (2048K), 1 survivors (2048K)
 Metaspace       used 14555K, capacity 14704K, committed 14848K, reserved 1062912K
  class space    used 1383K, capacity 1423K, committed 1536K, reserved 1048576K
}
Event: 9.152 GC heap before
{Heap before GC invocations=4 (full 0):
 garbage-first heap   total 262144K, used 156951K [0x0000000701200000, 0x0000000800000000)
  region size 2048K, 76 young (155648K), 1 survivors (2048K)
 Metaspace       used 14556K, capacity 14704K, committed 14848K, reserved 1062912K
  class space    used 1383K, capacity 1423K, committed 1536K, reserved 1048576K
}
Event: 9.153 GC heap after
{Heap after GC invocations=5 (full 0):
 garbage-first heap   total 262144K, used 3556K [0x0000000701200000, 0x0000000800000000)
  region size 2048K, 1 young (2048K), 1 survivors (2048K)
 Metaspace       used 14556K, capacity 14704K, committed 14848K, reserved 1062912K
  class space    used 1383K, capacity 1423K, committed 1536K, reserved 1048576K
}
Event: 9.238 GC heap before
{Heap before GC invocations=5 (full 0):
 garbage-first heap   total 262144K, used 157156K [0x0000000701200000, 0x0000000800000000)
  region size 2048K, 76 young (155648K), 1 survivors (2048K)
 Metaspace       used 14557K, capacity 14704K, committed 14848K, reserved 1062912K
  class space    used 1383K, capacity 1423K, committed 1536K, reserved 1048576K
}
Event: 9.239 GC heap after
{Heap after GC invocations=6 (full 0):
 garbage-first heap   total 262144K, used 3786K [0x0000000701200000, 0x0000000800000000)
  region size 2048K, 1 young (2048K), 1 survivors (2048K)
 Metaspace       used 14557K, capacity 14704K, committed 14848K, reserved 1062912K
  class space    used 1383K, capacity 1423K, committed 1536K, reserved 1048576K
}

Deoptimization events (20 events):
Event: 9.262 Thread 0x000001ead87de220 DEOPT PACKING pc=0x000001eadc8e5756 sp=0x000000d06d1fd990
Event: 9.262 Thread 0x000001ead87de220 DEOPT UNPACKING pc=0x000001eadc1ce23f sp=0x000000d06d1fcf58 mode 0
Event: 9.271 Thread 0x000001ead87de220 Uncommon trap: trap_request=0xffffff45 fr.pc=0x000001eae3ce4e94 relative=0x0000000000001554
Event: 9.271 Thread 0x000001ead87de220 Uncommon trap: reason=unstable_if action=reinterpret pc=0x000001eae3ce4e94 method=Material.King.isInCheck(LMaterial/Position;)Z @ 64 c2
Event: 9.271 Thread 0x000001ead87de220 DEOPT PACKING pc=0x000001eae3ce4e94 sp=0x000000d06d1fd900
Event: 9.271 Thread 0x000001ead87de220 DEOPT UNPACKING pc=0x000001eadc1ce42f sp=0x000000d06d1fd8a8 mode 2
Event: 9.277 Thread 0x000001ead87de220 DEOPT PACKING pc=0x000001eadc92da7f sp=0x000000d06d1fda00
Event: 9.277 Thread 0x000001ead87de220 DEOPT UNPACKING pc=0x000001eadc1ce23f sp=0x000000d06d1fcf30 mode 0
Event: 9.281 Thread 0x000001ead87de220 DEOPT PACKING pc=0x000001eadc92d88b sp=0x000000d06d1fdb70
Event: 9.281 Thread 0x000001ead87de220 DEOPT UNPACKING pc=0x000001eadc1ce23f sp=0x000000d06d1fd0a0 mode 0
Event: 9.292 Thread 0x000001ead87de220 DEOPT PACKING pc=0x000001eadc92da7f sp=0x000000d06d1fda00
Event: 9.292 Thread 0x000001ead87de220 DEOPT UNPACKING pc=0x000001eadc1ce23f sp=0x000000d06d1fcf30 mode 0
Event: 9.296 Thread 0x000001ead87de220 DEOPT PACKING pc=0x000001eadc92d88b sp=0x000000d06d1fda00
Event: 9.296 Thread 0x000001ead87de220 DEOPT UNPACKING pc=0x000001eadc1ce23f sp=0x000000d06d1fcf30 mode 0
Event: 9.303 Thread 0x000001ead87de220 DEOPT PACKING pc=0x000001eadc92d88b sp=0x000000d06d1fda00
Event: 9.303 Thread 0x000001ead87de220 DEOPT UNPACKING pc=0x000001eadc1ce23f sp=0x000000d06d1fcf30 mode 0
Event: 9.311 Thread 0x000001ead87de220 DEOPT PACKING pc=0x000001eadc92da7f sp=0x000000d06d1fda00
Event: 9.311 Thread 0x000001ead87de220 DEOPT UNPACKING pc=0x000001eadc1ce23f sp=0x000000d06d1fcf30 mode 0
Event: 9.314 Thread 0x000001ead87de220 DEOPT PACKING pc=0x000001eadc92d88b sp=0x000000d06d1fda00
Event: 9.314 Thread 0x000001ead87de220 DEOPT UNPACKING pc=0x000001eadc1ce23f sp=0x000000d06d1fcf30 mode 0

Classes unloaded (0 events):
No events

Classes redefined (7 events):
Event: 0.548 Thread 0x000001eaf80dc8a0 redefined class name=java.io.RandomAccessFile, count=1
Event: 0.548 Thread 0x000001eaf80dc8a0 redefined class name=sun.nio.fs.WindowsNativeDispatcher, count=1
Event: 0.548 Thread 0x000001eaf80dc8a0 redefined class name=java.io.FileOutputStream, count=1
Event: 0.548 Thread 0x000001eaf80dc8a0 redefined class name=java.io.FileInputStream, count=1
Event: 0.548 Thread 0x000001eaf80dc8a0 redefined class name=java.util.concurrent.locks.LockSupport, count=1
Event: 0.548 Thread 0x000001eaf80dc8a0 redefined class name=java.lang.Thread, count=1
Event: 0.548 Thread 0x000001eaf80dc8a0 redefined class name=java.lang.Object, count=1

Internal exceptions (17 events):
Event: 0.414 Thread 0x000001ead87de220 Exception <a 'java/lang/ClassNotFoundException'{0x00000007111f4c78}: com/jprofiler/agent/callee/PM5Callee> (0x00000007111f4c78) 
thrown [./open/src/hotspot/share/classfile/systemDictionary.cpp, line 295]
Event: 0.451 Thread 0x000001ead87de220 Exception <a 'java/lang/NoSuchMethodError'{0x0000000710ef4ff0}: 'void java.lang.invoke.DirectMethodHandle$Holder.invokeStatic(java.lang.Object, java.lang.Object)'> (0x0000000710ef4ff0) 
thrown [./open/src/hotspot/share/interpreter/linkResolver.cpp, line 782]
Event: 0.452 Thread 0x000001ead87de220 Exception <a 'java/lang/NoSuchMethodError'{0x0000000710ef8a18}: 'void java.lang.invoke.DirectMethodHandle$Holder.invokeStaticInit(java.lang.Object, java.lang.Object)'> (0x0000000710ef8a18) 
thrown [./open/src/hotspot/share/interpreter/linkResolver.cpp, line 782]
Event: 0.459 Thread 0x000001ead87de220 Exception <a 'java/lang/NoSuchMethodError'{0x0000000710f1f430}: 'java.lang.Object java.lang.invoke.DirectMethodHandle$Holder.invokeStatic(java.lang.Object)'> (0x0000000710f1f430) 
thrown [./open/src/hotspot/share/interpreter/linkResolver.cpp, line 782]
Event: 0.462 Thread 0x000001ead87de220 Exception <a 'java/lang/NoSuchMethodError'{0x0000000710f294f0}: 'java.lang.Object java.lang.invoke.DirectMethodHandle$Holder.invokeStaticInit(java.lang.Object, int, int, int, int)'> (0x0000000710f294f0) 
thrown [./open/src/hotspot/share/interpreter/linkResolver.cpp, line 782]
Event: 0.521 Thread 0x000001ead87de220 Exception <a 'java/lang/NoSuchMethodError'{0x0000000710f6de70}: 'java.lang.Object java.lang.invoke.DirectMethodHandle$Holder.invokeStaticInit(java.lang.Object, java.lang.Object, int, int, int, int)'> (0x0000000710f6de70) 
thrown [./open/src/hotspot/share/interpreter/linkResolver.cpp, line 782]
Event: 0.533 Thread 0x000001ead87de220 Exception <a 'java/lang/ClassNotFoundException'{0x0000000710f88398}: java/util/concurrent/FutureTask$Sync> (0x0000000710f88398) 
thrown [./open/src/hotspot/share/classfile/systemDictionary.cpp, line 295]
Event: 0.533 Thread 0x000001ead87de220 Exception <a 'java/lang/ClassNotFoundException'{0x0000000710f88810}: sun/misc/Perf> (0x0000000710f88810) 
thrown [./open/src/hotspot/share/classfile/systemDictionary.cpp, line 295]
Event: 0.536 Thread 0x000001ead87de220 Exception <a 'java/lang/NoClassDefFoundError'{0x0000000710f8c7e0}: sun/misc/VMSupport> (0x0000000710f8c7e0) 
thrown [./open/src/hotspot/share/classfile/systemDictionary.cpp, line 293]
Event: 7.935 Thread 0x000001eaf8d2f170 Exception <a 'java/lang/InterruptedException'{0x0000000710c00158}: sleep interrupted> (0x0000000710c00158) 
thrown [./open/src/hotspot/share/prims/jvm.cpp, line 3252]
Event: 8.024 Thread 0x000001eaf8d36360 Exception <a 'java/lang/NoSuchMethodError'{0x0000000710c01698}: 'java.lang.Object java.lang.invoke.DirectMethodHandle$Holder.invokeStaticInit(java.lang.Object)'> (0x0000000710c01698) 
thrown [./open/src/hotspot/share/interpreter/linkResolver.cpp, line 782]
Event: 8.065 Thread 0x000001eaf8d36360 Exception <a 'java/lang/NoSuchMethodError'{0x0000000710c262e0}: 'java.lang.Object java.lang.invoke.DirectMethodHandle$Holder.invokeInterface(java.lang.Object, java.lang.Object)'> (0x0000000710c262e0) 
thrown [./open/src/hotspot/share/interpreter/linkResolver.cpp, line 782]
Event: 8.066 Thread 0x000001eaf8d36360 Exception <a 'java/lang/NoSuchMethodError'{0x0000000710c2e970}: 'java.lang.Object java.lang.invoke.DirectMethodHandle$Holder.invokeStaticInit(java.lang.Object, java.lang.Object, java.lang.Object)'> (0x0000000710c2e970) 
thrown [./open/src/hotspot/share/interpreter/linkResolver.cpp, line 782]
Event: 8.107 Thread 0x000001eaf8d36360 Exception <a 'java/lang/NoSuchMethodError'{0x0000000710a05668}: 'int java.lang.invoke.DirectMethodHandle$Holder.invokeSpecial(java.lang.Object, java.lang.Object, java.lang.Object)'> (0x0000000710a05668) 
thrown [./open/src/hotspot/share/interpreter/linkResolver.cpp, line 782]
Event: 8.116 Thread 0x000001eaf8d2f170 Exception <a 'java/lang/InterruptedException'{0x0000000710c00568}: sleep interrupted> (0x0000000710c00568) 
thrown [./open/src/hotspot/share/prims/jvm.cpp, line 3278]
Event: 8.334 Thread 0x000001ead87de220 Exception <a 'java/lang/IncompatibleClassChangeError'{0x0000000710662f88}: Found class java.lang.Object, but interface was expected> (0x0000000710662f88) 
thrown [./open/src/hotspot/share/interpreter/linkResolver.cpp, line 848]
Event: 8.353 Thread 0x000001ead87de220 Exception <a 'java/lang/NoSuchMethodError'{0x00000007106ce0a0}: 'java.lang.Object java.lang.invoke.DirectMethodHandle$Holder.newInvokeSpecial(java.lang.Object, java.lang.Object, java.lang.Object, java.lang.Object, java.lang.Object)'> (0x00000007106ce0a0) 
thrown [./open/src/hotspot/share/interpreter/linkResolver.cpp, line 782]

Events (20 events):
Event: 9.264 Executing VM operation: GetThreadListStackTraces
Event: 9.267 Executing VM operation: GetThreadListStackTraces done
Event: 9.269 Executing VM operation: GetThreadListStackTraces
Event: 9.269 Executing VM operation: GetThreadListStackTraces done
Event: 9.274 Executing VM operation: GetThreadListStackTraces
Event: 9.274 Executing VM operation: GetThreadListStackTraces done
Event: 9.279 Executing VM operation: GetThreadListStackTraces
Event: 9.279 Executing VM operation: GetThreadListStackTraces done
Event: 9.284 Executing VM operation: GetThreadListStackTraces
Event: 9.284 Executing VM operation: GetThreadListStackTraces done
Event: 9.289 Executing VM operation: GetThreadListStackTraces
Event: 9.289 Executing VM operation: GetThreadListStackTraces done
Event: 9.294 Executing VM operation: GetThreadListStackTraces
Event: 9.294 Executing VM operation: GetThreadListStackTraces done
Event: 9.299 Executing VM operation: GetThreadListStackTraces
Event: 9.299 Executing VM operation: GetThreadListStackTraces done
Event: 9.304 Executing VM operation: GetThreadListStackTraces
Event: 9.320 Executing VM operation: GetThreadListStackTraces done
Event: 9.320 Executing VM operation: GetThreadListStackTraces
Event: 9.320 Executing VM operation: GetThreadListStackTraces done


Dynamic libraries:
0x00007ff6ddc70000 - 0x00007ff6ddc7d000 	C:\Users\janme\.p2\pool\plugins\org.eclipse.justj.openjdk.hotspot.jre.full.win32.x86_64_15.0.2.v20210201-0955\jre\bin\javaw.exe
0x00007ffef4950000 - 0x00007ffef4b45000 	C:\WINDOWS\SYSTEM32\ntdll.dll
0x00007ffef4770000 - 0x00007ffef482d000 	C:\WINDOWS\System32\KERNEL32.DLL
0x00007ffef21e0000 - 0x00007ffef24a9000 	C:\WINDOWS\System32\KERNELBASE.dll
0x00007ffef2720000 - 0x00007ffef2820000 	C:\WINDOWS\System32\ucrtbase.dll
0x00007ffeedc60000 - 0x00007ffeedc78000 	C:\Users\janme\.p2\pool\plugins\org.eclipse.justj.openjdk.hotspot.jre.full.win32.x86_64_15.0.2.v20210201-0955\jre\bin\jli.dll
0x00007ffeedc40000 - 0x00007ffeedc59000 	C:\Users\janme\.p2\pool\plugins\org.eclipse.justj.openjdk.hotspot.jre.full.win32.x86_64_15.0.2.v20210201-0955\jre\bin\VCRUNTIME140.dll
0x00007ffef43d0000 - 0x00007ffef4570000 	C:\WINDOWS\System32\USER32.dll
0x00007ffef2980000 - 0x00007ffef29a2000 	C:\WINDOWS\System32\win32u.dll
0x00007ffee27f0000 - 0x00007ffee2a8a000 	C:\WINDOWS\WinSxS\amd64_microsoft.windows.common-controls_6595b64144ccf1df_6.0.19041.1110_none_60b5254171f9507e\COMCTL32.dll
0x00007ffef4830000 - 0x00007ffef485a000 	C:\WINDOWS\System32\GDI32.dll
0x00007ffef3b40000 - 0x00007ffef3bde000 	C:\WINDOWS\System32\msvcrt.dll
0x00007ffef25b0000 - 0x00007ffef26bb000 	C:\WINDOWS\System32\gdi32full.dll
0x00007ffef2140000 - 0x00007ffef21dd000 	C:\WINDOWS\System32\msvcp_win.dll
0x00007ffef4740000 - 0x00007ffef4770000 	C:\WINDOWS\System32\IMM32.DLL
0x00007ffee05f0000 - 0x00007ffee05fc000 	C:\Users\janme\.p2\pool\plugins\org.eclipse.justj.openjdk.hotspot.jre.full.win32.x86_64_15.0.2.v20210201-0955\jre\bin\vcruntime140_1.dll
0x00007ffed9bf0000 - 0x00007ffed9c81000 	C:\Users\janme\.p2\pool\plugins\org.eclipse.justj.openjdk.hotspot.jre.full.win32.x86_64_15.0.2.v20210201-0955\jre\bin\msvcp140.dll
0x00007ffec68b0000 - 0x00007ffec740e000 	C:\Users\janme\.p2\pool\plugins\org.eclipse.justj.openjdk.hotspot.jre.full.win32.x86_64_15.0.2.v20210201-0955\jre\bin\server\jvm.dll
0x00007ffef31b0000 - 0x00007ffef325c000 	C:\WINDOWS\System32\ADVAPI32.dll
0x00007ffef46a0000 - 0x00007ffef473b000 	C:\WINDOWS\System32\sechost.dll
0x00007ffef4570000 - 0x00007ffef469a000 	C:\WINDOWS\System32\RPCRT4.dll
0x00007ffef43c0000 - 0x00007ffef43c8000 	C:\WINDOWS\System32\PSAPI.DLL
0x00007ffeedcb0000 - 0x00007ffeedcb9000 	C:\WINDOWS\SYSTEM32\WSOCK32.dll
0x00007ffee4300000 - 0x00007ffee4327000 	C:\WINDOWS\SYSTEM32\WINMM.dll
0x00007ffef3c00000 - 0x00007ffef3c6b000 	C:\WINDOWS\System32\WS2_32.dll
0x00007ffeebeb0000 - 0x00007ffeebeba000 	C:\WINDOWS\SYSTEM32\VERSION.dll
0x00007ffeeff70000 - 0x00007ffeeff82000 	C:\WINDOWS\SYSTEM32\kernel.appcore.dll
0x00007ffee3970000 - 0x00007ffee397a000 	C:\Users\janme\.p2\pool\plugins\org.eclipse.justj.openjdk.hotspot.jre.full.win32.x86_64_15.0.2.v20210201-0955\jre\bin\jimage.dll
0x00007ffedb160000 - 0x00007ffedb344000 	C:\WINDOWS\SYSTEM32\DBGHELP.DLL
0x00007ffedade0000 - 0x00007ffedae0c000 	C:\WINDOWS\SYSTEM32\dbgcore.DLL
0x00007ffef2080000 - 0x00007ffef2103000 	C:\WINDOWS\System32\bcryptPrimitives.dll
0x00007ffec5d00000 - 0x00007ffec5ec4000 	C:\PROGRA~1\JPROFI~1\bin\WINDOW~1\jprofilerti.dll
0x00007ffedcd60000 - 0x00007ffedcd85000 	C:\Users\janme\.p2\pool\plugins\org.eclipse.justj.openjdk.hotspot.jre.full.win32.x86_64_15.0.2.v20210201-0955\jre\bin\java.dll
0x00007ffee0620000 - 0x00007ffee0638000 	C:\Users\janme\.p2\pool\plugins\org.eclipse.justj.openjdk.hotspot.jre.full.win32.x86_64_15.0.2.v20210201-0955\jre\bin\zip.dll
0x00007ffef2a70000 - 0x00007ffef31af000 	C:\WINDOWS\System32\SHELL32.dll
0x00007ffef0170000 - 0x00007ffef0900000 	C:\WINDOWS\SYSTEM32\windows.storage.dll
0x00007ffef3c70000 - 0x00007ffef3fc5000 	C:\WINDOWS\System32\combase.dll
0x00007ffef1a80000 - 0x00007ffef1aac000 	C:\WINDOWS\SYSTEM32\Wldp.dll
0x00007ffef4860000 - 0x00007ffef490e000 	C:\WINDOWS\System32\SHCORE.dll
0x00007ffef35e0000 - 0x00007ffef3635000 	C:\WINDOWS\System32\shlwapi.dll
0x00007ffef1fc0000 - 0x00007ffef1fdf000 	C:\WINDOWS\SYSTEM32\profapi.dll
0x00007ffedf8b0000 - 0x00007ffedf8c9000 	C:\Users\janme\.p2\pool\plugins\org.eclipse.justj.openjdk.hotspot.jre.full.win32.x86_64_15.0.2.v20210201-0955\jre\bin\net.dll
0x00007ffeeae20000 - 0x00007ffeeaf28000 	C:\WINDOWS\SYSTEM32\WINHTTP.dll
0x00007ffef17e0000 - 0x00007ffef184a000 	C:\WINDOWS\system32\mswsock.dll
0x00007ffedcd10000 - 0x00007ffedcd22000 	C:\Users\janme\.p2\pool\plugins\org.eclipse.justj.openjdk.hotspot.jre.full.win32.x86_64_15.0.2.v20210201-0955\jre\bin\nio.dll
0x00007ffef19c0000 - 0x00007ffef19d8000 	C:\WINDOWS\SYSTEM32\CRYPTSP.dll
0x00007ffef10b0000 - 0x00007ffef10e4000 	C:\WINDOWS\system32\rsaenh.dll
0x00007ffef2110000 - 0x00007ffef2137000 	C:\WINDOWS\System32\bcrypt.dll
0x00007ffef1f40000 - 0x00007ffef1f6e000 	C:\WINDOWS\SYSTEM32\USERENV.dll
0x00007ffef1980000 - 0x00007ffef198c000 	C:\WINDOWS\SYSTEM32\CRYPTBASE.dll
0x00007ffef14a0000 - 0x00007ffef14db000 	C:\WINDOWS\SYSTEM32\IPHLPAPI.DLL
0x00007ffef3bf0000 - 0x00007ffef3bf8000 	C:\WINDOWS\System32\NSI.dll
0x00007ffeec000000 - 0x00007ffeec017000 	C:\WINDOWS\SYSTEM32\dhcpcsvc6.DLL
0x00007ffeebf30000 - 0x00007ffeebf4d000 	C:\WINDOWS\SYSTEM32\dhcpcsvc.DLL
0x00007ffef14e0000 - 0x00007ffef15ac000 	C:\WINDOWS\SYSTEM32\DNSAPI.dll
0x00007ffee0390000 - 0x00007ffee0399000 	C:\Users\janme\.p2\pool\plugins\org.eclipse.justj.openjdk.hotspot.jre.full.win32.x86_64_15.0.2.v20210201-0955\jre\bin\management.dll
0x00007ffee0340000 - 0x00007ffee034b000 	C:\Users\janme\.p2\pool\plugins\org.eclipse.justj.openjdk.hotspot.jre.full.win32.x86_64_15.0.2.v20210201-0955\jre\bin\management_ext.dll
0x00007ffee1be0000 - 0x00007ffee1bf0000 	C:\Users\janme\.p2\pool\plugins\org.eclipse.justj.openjdk.hotspot.jre.full.win32.x86_64_15.0.2.v20210201-0955\jre\bin\verify.dll

dbghelp: loaded successfully - version: 4.0.5 - missing functions: none
symbol engine: initialized successfully - sym options: 0x614 - pdb path: .;C:\Users\janme\.p2\pool\plugins\org.eclipse.justj.openjdk.hotspot.jre.full.win32.x86_64_15.0.2.v20210201-0955\jre\bin;C:\WINDOWS\SYSTEM32;C:\WINDOWS\WinSxS\amd64_microsoft.windows.common-controls_6595b64144ccf1df_6.0.19041.1110_none_60b5254171f9507e;C:\Users\janme\.p2\pool\plugins\org.eclipse.justj.openjdk.hotspot.jre.full.win32.x86_64_15.0.2.v20210201-0955\jre\bin\server;C:\PROGRA~1\JPROFI~1\bin\WINDOW~1

VM Arguments:
jvm_args: -ea -agentpath:C:\PROGRA~1\JPROFI~1\bin\WINDOW~1\jprofilerti.dll=port=34817 -Djprofiler.64bit=true -ea -Dfile.encoding=UTF-8 -XX:+ShowCodeDetailsInExceptionMessages 
java_command: org.eclipse.jdt.internal.junit.runner.RemoteTestRunner -version 3 -port 50503 -testLoaderClass org.eclipse.jdt.internal.junit4.runner.JUnit4TestLoader -loaderpluginname org.eclipse.jdt.junit4.runtime -classNames Werkzeuge.CyborgSpeedTest
java_class_path (initial): C:\Users\janme\Documents\GitHub\Cyborg\Chess\bin;C:\Users\janme\.p2\pool\plugins\org.junit_4.13.0.v20200204-1500.jar;C:\Users\janme\.p2\pool\plugins\org.hamcrest.core_1.3.0.v20180420-1519.jar;C:\Users\janme\eclipse\java-2021-03\eclipse\configuration\org.eclipse.osgi\579\0\.cp;C:\Users\janme\eclipse\java-2021-03\eclipse\configuration\org.eclipse.osgi\578\0\.cp
Launcher Type: SUN_STANDARD

[Global flags]
     intx CICompilerCount                          = 3                                         {product} {ergonomic}
     uint ConcGCThreads                            = 2                                         {product} {ergonomic}
     uint G1ConcRefinementThreads                  = 6                                         {product} {ergonomic}
   size_t G1HeapRegionSize                         = 2097152                                   {product} {ergonomic}
    uintx GCDrainStackTargetSize                   = 64                                        {product} {ergonomic}
   size_t InitialHeapSize                          = 268435456                                 {product} {ergonomic}
   size_t MarkStackSize                            = 4194304                                   {product} {ergonomic}
   size_t MaxHeapSize                              = 4276092928                                {product} {ergonomic}
   size_t MaxNewSize                               = 2564816896                                {product} {ergonomic}
   size_t MinHeapDeltaBytes                        = 2097152                                   {product} {ergonomic}
   size_t MinHeapSize                              = 8388608                                   {product} {ergonomic}
    uintx NonNMethodCodeHeapSize                   = 5832780                                {pd product} {ergonomic}
    uintx NonProfiledCodeHeapSize                  = 122912730                              {pd product} {ergonomic}
    uintx ProfiledCodeHeapSize                     = 122912730                              {pd product} {ergonomic}
    uintx ReservedCodeCacheSize                    = 251658240                              {pd product} {ergonomic}
     bool SegmentedCodeCache                       = true                                      {product} {ergonomic}
     bool ShowCodeDetailsInExceptionMessages       = true                                   {manageable} {command line}
   size_t SoftMaxHeapSize                          = 4276092928                             {manageable} {ergonomic}
     bool UseCompressedClassPointers               = true                                 {lp64_product} {ergonomic}
     bool UseCompressedOops                        = true                                 {lp64_product} {ergonomic}
     bool UseG1GC                                  = true                                      {product} {ergonomic}
     bool UseLargePagesIndividualAllocation        = false                                  {pd product} {ergonomic}

Logging:
Log output configuration:
 #0: stdout all=warning uptime,level,tags
 #1: stderr all=off uptime,level,tags

Environment Variables:
PATH=C:\Program Files\jprofiler12\bin\windows-x64;C:/Users/janme/.p2/pool/plugins/org.eclipse.justj.openjdk.hotspot.jre.full.win32.x86_64_15.0.2.v20210201-0955/jre/bin/server;C:/Users/janme/.p2/pool/plugins/org.eclipse.justj.openjdk.hotspot.jre.full.win32.x86_64_15.0.2.v20210201-0955/jre/bin;C:\Program Files\AdoptOpenJDK\jdk-8.0.282.8-hotspot\bin;C:\Program Files (x86)\Common Files\Oracle\Java\javapath;C:\Windows\system32;C:\Windows;C:\Windows\System32\Wbem;C:\Windows\System32\WindowsPowerShell\v1.0\;C:\Windows\System32\OpenSSH\;C:\Program Files (x86)\NVIDIA Corporation\PhysX\Common;C:\WINDOWS\system32;C:\WINDOWS;C:\WINDOWS\System32\Wbem;C:\WINDOWS\System32\WindowsPowerShell\v1.0\;C:\WINDOWS\System32\OpenSSH\;C:\Program Files\Docker\Docker\resources\bin;C:\ProgramData\DockerDesktop\version-bin;C:\Program Files\Git\cmd;C:\Users\janme\AppData\Local\Microsoft\WindowsApps;C:\Users\janme\AppData\Local\atom\bin;C:\Users\janme\AppData\Local\Microsoft\WindowsApps;C:\Users\janme\AppData\Local\GitHubDesktop\bin;C:\Users\janme\AppData\Roaming\OpenShell\Pinned;
USERNAME=janme
OS=Windows_NT
PROCESSOR_IDENTIFIER=Intel64 Family 6 Model 158 Stepping 12, GenuineIntel



---------------  S Y S T E M  ---------------

OS:
 Windows 10 , 64 bit Build 19041 (10.0.19041.1151)
OS uptime: 1 days 17:09 hours
HyperV virtualization detected

CPU: total 6 (initial active 6) (6 cores per cpu, 1 threads per core) family 6 model 158 stepping 12 microcode 0xde, cmov, cx8, fxsr, mmx, sse, sse2, sse3, ssse3, sse4.1, sse4.2, popcnt, vzeroupper, avx, avx2, aes, clmul, erms, 3dnowpref, lzcnt, tsc, tscinvbit, bmi1, bmi2, adx, fma, clflush, clflushopt

Memory: 4k page, system-wide physical 16310M (3135M free)
TotalPageFile size 16310M (AvailPageFile size 4M)
current process WorkingSet (physical memory assigned to process): 279M, peak: 279M
current process commit charge ("private bytes"): 420M, peak: 420M

vm_info: OpenJDK 64-Bit Server VM (15.0.2+7-27) for windows-amd64 JRE (15.0.2+7-27), built on Dec  7 2020 20:02:38 by "mach5one" with unknown MS VC++:1925

END.
