#
# There is insufficient memory for the Java Runtime Environment to continue.
# Native memory allocation (mmap) failed to map 268435456 bytes for G1 virtual space
# Possible reasons:
#   The system is out of physical RAM or swap space
#   The process is running with CompressedOops enabled, and the Java Heap may be blocking the growth of the native heap
# Possible solutions:
#   Reduce memory load on the system
#   Increase physical memory or swap space
#   Check if swap backing store is full
#   Decrease Java heap size (-Xmx/-Xms)
#   Decrease number of Java threads
#   Decrease Java thread stack sizes (-Xss)
#   Set larger code cache with -XX:ReservedCodeCacheSize=
#   JVM is running with Zero Based Compressed Oops mode in which the Java heap is
#     placed in the first 32GB address space. The Java Heap base address is the
#     maximum limit for the native heap growth. Please use -XX:HeapBaseMinAddress
#     to set the Java Heap base and to place the Java Heap above 32GB virtual address.
# This output file may be truncated or incomplete.
#
#  Out of Memory Error (./open/src/hotspot/os/windows/os_windows.cpp:3321), pid=21996, tid=21296
#
# JRE version:  (15.0.2+7) (build )
# Java VM: OpenJDK 64-Bit Server VM (15.0.2+7-27, mixed mode, sharing, tiered, compressed oops, g1 gc, windows-amd64)
# No core dump will be written. Minidumps are not enabled by default on client versions of Windows
#

---------------  S U M M A R Y ------------

Command Line: -ea -Dfile.encoding=UTF-8 -XX:+ShowCodeDetailsInExceptionMessages Buchwissen.BuildBook

Host: Intel(R) Core(TM) i5-9400 CPU @ 2.90GHz, 6 cores, 15G,  Windows 10 , 64 bit Build 19041 (10.0.19041.1151)
Time: Fri Aug 20 17:41:02 2021 W. Europe Summer Time elapsed time: 0.009323 seconds (0d 0h 0m 0s)

---------------  T H R E A D  ---------------

Current thread (0x0000020056194170):  JavaThread "Unknown thread" [_thread_in_vm, id=21296, stack(0x0000008bf3e00000,0x0000008bf3f00000)]

Stack: [0x0000008bf3e00000,0x0000008bf3f00000]
Native frames: (J=compiled Java code, j=interpreted, Vv=VM code, C=native code)
V  [jvm.dll+0x62ae9a]
V  [jvm.dll+0x7817a9]
V  [jvm.dll+0x782f03]
V  [jvm.dll+0x783563]
V  [jvm.dll+0x216325]
V  [jvm.dll+0x6281d9]
V  [jvm.dll+0x61cf55]
V  [jvm.dll+0x2cffdd]
V  [jvm.dll+0x2cfe42]
V  [jvm.dll+0x2d5e1c]
V  [jvm.dll+0x32590a]
V  [jvm.dll+0x324fd4]
V  [jvm.dll+0x2a6f5a]
V  [jvm.dll+0x2a80f8]
V  [jvm.dll+0x75e241]
V  [jvm.dll+0x3341c4]
V  [jvm.dll+0x73e926]
V  [jvm.dll+0x3b7557]
V  [jvm.dll+0x3b8fe1]
C  [jli.dll+0x52fb]
C  [ucrtbase.dll+0x21bb2]
C  [KERNEL32.DLL+0x17034]
C  [ntdll.dll+0x52651]


---------------  P R O C E S S  ---------------

Threads class SMR info:
_java_thread_list=0x00007ffd40574ff0, length=0, elements={
}

Java Threads: ( => current thread )

Other Threads:
  0x00000200561e1650 GCTaskThread "GC Thread#0" [stack: 0x0000008bf3f00000,0x0000008bf4000000] [id=8292]
  0x00000200561f27f0 ConcurrentGCThread "G1 Main Marker" [stack: 0x0000008bf4000000,0x0000008bf4100000] [id=14064]
  0x00000200561f3460 ConcurrentGCThread "G1 Conc#0" [stack: 0x0000008bf4100000,0x0000008bf4200000] [id=20888]

[error occurred during error reporting (printing all threads), id 0xc0000005, EXCEPTION_ACCESS_VIOLATION (0xc0000005) at pc=0x00007ffd3fd67e27]

VM state: not at safepoint (not fully initialized)

VM Mutex/Monitor currently owned by a thread:  ([mutex/lock_event])
[0x00000200561851c0] Heap_lock - owner thread: 0x0000020056194170

Heap address: 0x0000000701200000, size: 4078 MB, Compressed Oops mode: Zero based, Oop shift amount: 3
CDS archive(s) mapped at: [0x0000000000000000-0x0000000000000000-0x0000000000000000), size 0, SharedBaseAddress: 0x0000000800000000, ArchiveRelocationMode: 0.
Narrow klass base: 0x0000000000000000, Narrow klass shift: 0, Narrow klass range: 0x0

Heap:
 garbage-first heap   total 262144K, used 0K [0x0000000701200000, 0x0000000800000000)
  region size 2048K, 0 young (0K), 0 survivors (0K)
 Metaspace       used 0K, capacity 0K, committed 0K, reserved 0K
  class space    used 0K, capacity 0K, committed 0K, reserved 0K

Heap Regions: E=young(eden), S=young(survivor), O=old, HS=humongous(starts), HC=humongous(continues), CS=collection set, F=free, OA=open archive, CA=closed archive, TAMS=top-at-mark-start (previous, next)

Card table byte_map: [0x000002006b3e0000,0x000002006bbe0000] _byte_map_base: 0x0000020067bd7000

Marking Bits (Prev, Next): (CMBitMap*) 0x00000200561e1ec0, (CMBitMap*) 0x00000200561e1f00
 Prev Bits: [0x000002006c3e0000, 0x0000020070398000)
 Next Bits: [0x00000200703a0000, 0x0000020074358000)

GC Heap History (0 events):
No events

Deoptimization events (0 events):
No events

Classes unloaded (0 events):
No events

Classes redefined (0 events):
No events

Internal exceptions (0 events):
No events

Events (1 events):
Event: 0.005 Loaded shared library C:\Users\janme\.p2\pool\plugins\org.eclipse.justj.openjdk.hotspot.jre.full.win32.x86_64_15.0.2.v20210201-0955\jre\bin\java.dll


Dynamic libraries:
0x00007ff78aac0000 - 0x00007ff78aacd000 	C:\Users\janme\.p2\pool\plugins\org.eclipse.justj.openjdk.hotspot.jre.full.win32.x86_64_15.0.2.v20210201-0955\jre\bin\javaw.exe
0x00007ffd716f0000 - 0x00007ffd718e5000 	C:\WINDOWS\SYSTEM32\ntdll.dll
0x00007ffd70250000 - 0x00007ffd7030d000 	C:\WINDOWS\System32\KERNEL32.DLL
0x00007ffd6f120000 - 0x00007ffd6f3e9000 	C:\WINDOWS\System32\KERNELBASE.dll
0x00007ffd6f650000 - 0x00007ffd6f750000 	C:\WINDOWS\System32\ucrtbase.dll
0x00007ffd58250000 - 0x00007ffd58268000 	C:\Users\janme\.p2\pool\plugins\org.eclipse.justj.openjdk.hotspot.jre.full.win32.x86_64_15.0.2.v20210201-0955\jre\bin\jli.dll
0x00007ffd578c0000 - 0x00007ffd578d9000 	C:\Users\janme\.p2\pool\plugins\org.eclipse.justj.openjdk.hotspot.jre.full.win32.x86_64_15.0.2.v20210201-0955\jre\bin\VCRUNTIME140.dll
0x00007ffd700b0000 - 0x00007ffd70250000 	C:\WINDOWS\System32\USER32.dll
0x00007ffd6f620000 - 0x00007ffd6f642000 	C:\WINDOWS\System32\win32u.dll
0x00007ffd5fcb0000 - 0x00007ffd5ff4a000 	C:\WINDOWS\WinSxS\amd64_microsoft.windows.common-controls_6595b64144ccf1df_6.0.19041.1110_none_60b5254171f9507e\COMCTL32.dll
0x00007ffd71060000 - 0x00007ffd7108a000 	C:\WINDOWS\System32\GDI32.dll
0x00007ffd70de0000 - 0x00007ffd70e7e000 	C:\WINDOWS\System32\msvcrt.dll
0x00007ffd6ee20000 - 0x00007ffd6ef2b000 	C:\WINDOWS\System32\gdi32full.dll
0x00007ffd6f4d0000 - 0x00007ffd6f56d000 	C:\WINDOWS\System32\msvcp_win.dll
0x00007ffd6f900000 - 0x00007ffd6f930000 	C:\WINDOWS\System32\IMM32.DLL
0x00007ffd5e4a0000 - 0x00007ffd5e4ac000 	C:\Users\janme\.p2\pool\plugins\org.eclipse.justj.openjdk.hotspot.jre.full.win32.x86_64_15.0.2.v20210201-0955\jre\bin\vcruntime140_1.dll
0x00007ffd44d20000 - 0x00007ffd44db1000 	C:\Users\janme\.p2\pool\plugins\org.eclipse.justj.openjdk.hotspot.jre.full.win32.x86_64_15.0.2.v20210201-0955\jre\bin\msvcp140.dll
0x00007ffd3fab0000 - 0x00007ffd4060e000 	C:\Users\janme\.p2\pool\plugins\org.eclipse.justj.openjdk.hotspot.jre.full.win32.x86_64_15.0.2.v20210201-0955\jre\bin\server\jvm.dll
0x00007ffd71480000 - 0x00007ffd7152c000 	C:\WINDOWS\System32\ADVAPI32.dll
0x00007ffd6fe60000 - 0x00007ffd6fefb000 	C:\WINDOWS\System32\sechost.dll
0x00007ffd6ff00000 - 0x00007ffd7002a000 	C:\WINDOWS\System32\RPCRT4.dll
0x00007ffd70b20000 - 0x00007ffd70b28000 	C:\WINDOWS\System32\PSAPI.DLL
0x00007ffd61860000 - 0x00007ffd61887000 	C:\WINDOWS\SYSTEM32\WINMM.dll
0x00007ffd68990000 - 0x00007ffd6899a000 	C:\WINDOWS\SYSTEM32\VERSION.dll
0x00007ffd67040000 - 0x00007ffd67049000 	C:\WINDOWS\SYSTEM32\WSOCK32.dll
0x00007ffd70c90000 - 0x00007ffd70cfb000 	C:\WINDOWS\System32\WS2_32.dll
0x00007ffd6cd50000 - 0x00007ffd6cd62000 	C:\WINDOWS\SYSTEM32\kernel.appcore.dll
0x00007ffd5e9d0000 - 0x00007ffd5e9da000 	C:\Users\janme\.p2\pool\plugins\org.eclipse.justj.openjdk.hotspot.jre.full.win32.x86_64_15.0.2.v20210201-0955\jre\bin\jimage.dll
0x00007ffd587c0000 - 0x00007ffd589a4000 	C:\WINDOWS\SYSTEM32\DBGHELP.DLL
0x00007ffd58750000 - 0x00007ffd5877c000 	C:\WINDOWS\SYSTEM32\dbgcore.DLL
0x00007ffd6f440000 - 0x00007ffd6f4c3000 	C:\WINDOWS\System32\bcryptPrimitives.dll
0x00007ffd5b180000 - 0x00007ffd5b1a5000 	C:\Users\janme\.p2\pool\plugins\org.eclipse.justj.openjdk.hotspot.jre.full.win32.x86_64_15.0.2.v20210201-0955\jre\bin\java.dll

dbghelp: loaded successfully - version: 4.0.5 - missing functions: none
symbol engine: initialized successfully - sym options: 0x614 - pdb path: .;C:\Users\janme\.p2\pool\plugins\org.eclipse.justj.openjdk.hotspot.jre.full.win32.x86_64_15.0.2.v20210201-0955\jre\bin;C:\WINDOWS\SYSTEM32;C:\WINDOWS\WinSxS\amd64_microsoft.windows.common-controls_6595b64144ccf1df_6.0.19041.1110_none_60b5254171f9507e;C:\Users\janme\.p2\pool\plugins\org.eclipse.justj.openjdk.hotspot.jre.full.win32.x86_64_15.0.2.v20210201-0955\jre\bin\server

VM Arguments:
jvm_args: -ea -Dfile.encoding=UTF-8 -XX:+ShowCodeDetailsInExceptionMessages 
java_command: Buchwissen.BuildBook
java_class_path (initial): C:\Users\janme\Documents\GitHub\Cyborg\Chess\bin;C:\Users\janme\.p2\pool\plugins\org.junit_4.13.0.v20200204-1500.jar;C:\Users\janme\.p2\pool\plugins\org.hamcrest.core_1.3.0.v20180420-1519.jar
Launcher Type: SUN_STANDARD

[Global flags]
     intx CICompilerCount                          = 3                                         {product} {ergonomic}
     uint ConcGCThreads                            = 2                                         {product} {ergonomic}
     uint G1ConcRefinementThreads                  = 6                                         {product} {ergonomic}
   size_t G1HeapRegionSize                         = 2097152                                   {product} {ergonomic}
    uintx GCDrainStackTargetSize                   = 64                                        {product} {ergonomic}
   size_t InitialHeapSize                          = 268435456                                 {product} {ergonomic}
   size_t MarkStackSize                            = 4194304                                   {product} {ergonomic}
   size_t MaxHeapSize                              = 4276092928                                {product} {ergonomic}
   size_t MinHeapDeltaBytes                        = 2097152                                   {product} {ergonomic}
   size_t MinHeapSize                              = 8388608                                   {product} {ergonomic}
    uintx NonNMethodCodeHeapSize                   = 5832780                                {pd product} {ergonomic}
    uintx NonProfiledCodeHeapSize                  = 122912730                              {pd product} {ergonomic}
    uintx ProfiledCodeHeapSize                     = 122912730                              {pd product} {ergonomic}
    uintx ReservedCodeCacheSize                    = 251658240                              {pd product} {ergonomic}
     bool SegmentedCodeCache                       = true                                      {product} {ergonomic}
     bool ShowCodeDetailsInExceptionMessages       = true                                   {manageable} {command line}
   size_t SoftMaxHeapSize                          = 4276092928                             {manageable} {ergonomic}
     bool UseCompressedClassPointers               = true                                 {lp64_product} {ergonomic}
     bool UseCompressedOops                        = true                                 {lp64_product} {ergonomic}
     bool UseG1GC                                  = true                                      {product} {ergonomic}
     bool UseLargePagesIndividualAllocation        = false                                  {pd product} {ergonomic}

Logging:
Log output configuration:
 #0: stdout all=warning uptime,level,tags
 #1: stderr all=off uptime,level,tags

Environment Variables:
PATH=C:/Users/janme/.p2/pool/plugins/org.eclipse.justj.openjdk.hotspot.jre.full.win32.x86_64_15.0.2.v20210201-0955/jre/bin/server;C:/Users/janme/.p2/pool/plugins/org.eclipse.justj.openjdk.hotspot.jre.full.win32.x86_64_15.0.2.v20210201-0955/jre/bin;C:\Program Files\AdoptOpenJDK\jdk-8.0.282.8-hotspot\bin;C:\Program Files (x86)\Common Files\Oracle\Java\javapath;C:\Windows\system32;C:\Windows;C:\Windows\System32\Wbem;C:\Windows\System32\WindowsPowerShell\v1.0\;C:\Windows\System32\OpenSSH\;C:\Program Files (x86)\NVIDIA Corporation\PhysX\Common;C:\WINDOWS\system32;C:\WINDOWS;C:\WINDOWS\System32\Wbem;C:\WINDOWS\System32\WindowsPowerShell\v1.0\;C:\WINDOWS\System32\OpenSSH\;C:\Users\janme\AppData\Local\Microsoft\WindowsApps;C:\Users\janme\AppData\Local\atom\bin;C:\Users\janme\AppData\Local\Microsoft\WindowsApps;C:\Users\janme\AppData\Local\GitHubDesktop\bin;C:\Users\janme\AppData\Roaming\OpenShell\Pinned;
USERNAME=janme
OS=Windows_NT
PROCESSOR_IDENTIFIER=Intel64 Family 6 Model 158 Stepping 12, GenuineIntel



---------------  S Y S T E M  ---------------

OS:
 Windows 10 , 64 bit Build 19041 (10.0.19041.1151)
OS uptime: 3 days 22:35 hours

CPU: total 6 (initial active 6) (6 cores per cpu, 1 threads per core) family 6 model 158 stepping 12 microcode 0xde, cmov, cx8, fxsr, mmx, sse, sse2, sse3, ssse3, sse4.1, sse4.2, popcnt, vzeroupper, avx, avx2, aes, clmul, erms, 3dnowpref, lzcnt, tsc, tscinvbit, bmi1, bmi2, adx, fma, clflush, clflushopt

Memory: 4k page, system-wide physical 16310M (3343M free)
TotalPageFile size 16310M (AvailPageFile size 146M)
current process WorkingSet (physical memory assigned to process): 10M, peak: 10M
current process commit charge ("private bytes"): 56M, peak: 312M

vm_info: OpenJDK 64-Bit Server VM (15.0.2+7-27) for windows-amd64 JRE (15.0.2+7-27), built on Dec  7 2020 20:02:38 by "mach5one" with unknown MS VC++:1925

END.
