#
# There is insufficient memory for the Java Runtime Environment to continue.
# Native memory allocation (mmap) failed to map 77594624 bytes for G1 virtual space
# Possible reasons:
#   The system is out of physical RAM or swap space
#   The process is running with CompressedOops enabled, and the Java Heap may be blocking the growth of the native heap
# Possible solutions:
#   Reduce memory load on the system
#   Increase physical memory or swap space
#   Check if swap backing store is full
#   Decrease Java heap size (-Xmx/-Xms)
#   Decrease number of Java threads
#   Decrease Java thread stack sizes (-Xss)
#   Set larger code cache with -XX:ReservedCodeCacheSize=
#   JVM is running with Zero Based Compressed Oops mode in which the Java heap is
#     placed in the first 32GB address space. The Java Heap base address is the
#     maximum limit for the native heap growth. Please use -XX:HeapBaseMinAddress
#     to set the Java Heap base and to place the Java Heap above 32GB virtual address.
# This output file may be truncated or incomplete.
#
#  Out of Memory Error (./open/src/hotspot/os/windows/os_windows.cpp:3321), pid=25384, tid=3272
#
# JRE version: OpenJDK Runtime Environment (15.0.2+7) (build 15.0.2+7-27)
# Java VM: OpenJDK 64-Bit Server VM (15.0.2+7-27, mixed mode, tiered, compressed oops, g1 gc, windows-amd64)
# No core dump will be written. Minidumps are not enabled by default on client versions of Windows
#

---------------  S U M M A R Y ------------

Command Line: -ea -ea -Dfile.encoding=UTF-8 -XX:+ShowCodeDetailsInExceptionMessages org.eclipse.jdt.internal.junit.runner.RemoteTestRunner -version 3 -port 55413 -testLoaderClass org.eclipse.jdt.internal.junit4.runner.JUnit4TestLoader -loaderpluginname org.eclipse.jdt.junit4.runtime -classNames Werkzeuge.CyborgSpeedTest

Host: Intel(R) Core(TM) i5-9400 CPU @ 2.90GHz, 6 cores, 15G,  Windows 10 , 64 bit Build 19041 (10.0.19041.1151)
Time: Sun Aug 22 14:28:18 2021 W. Europe Summer Time elapsed time: 1.659819 seconds (0d 0h 0m 1s)

---------------  T H R E A D  ---------------

Current thread (0x000002a223a35d60):  VMThread "VM Thread" [stack: 0x000000e39fb00000,0x000000e39fc00000] [id=3272]

Stack: [0x000000e39fb00000,0x000000e39fc00000]
[error occurred during error reporting (printing stack bounds), id 0xc0000005, EXCEPTION_ACCESS_VIOLATION (0xc0000005) at pc=0x000002a2081110ad]

Native frames: (J=compiled Java code, j=interpreted, Vv=VM code, C=native code)
V  [jvm.dll+0x62ae9a]
V  [jvm.dll+0x7817a9]
V  [jvm.dll+0x782f03]
V  [jvm.dll+0x7834c5]
V  [jvm.dll+0x78347b]
V  [jvm.dll+0x62a2b9]
V  [jvm.dll+0x62aa88]
C  [ntdll.dll+0xa217f]
C  [ntdll.dll+0x51454]
C  [ntdll.dll+0xa0cae]
C  0x000002a2081110ad

VM_Operation (0x000000e39f5fd360): G1CollectForAllocation, mode: safepoint, requested by thread 0x000002a2046f3f10


---------------  P R O C E S S  ---------------

Threads class SMR info:
_java_thread_list=0x000002a223c49cb0, length=13, elements={
0x000002a2046f3f10, 0x000002a223a6c010, 0x000002a223a6c9d0, 0x000002a2231fe270,
0x000002a223a593d0, 0x000002a223a5a440, 0x000002a223a97e60, 0x000002a223a85500,
0x000002a223a865a0, 0x000002a223bf4370, 0x000002a223c20010, 0x000002a223f7d0a0,
0x000002a224106170
}

Java Threads: ( => current thread )
  0x000002a2046f3f10 JavaThread "main" [_thread_blocked, id=25608, stack(0x000000e39f500000,0x000000e39f600000)]
  0x000002a223a6c010 JavaThread "Reference Handler" daemon [_thread_blocked, id=25648, stack(0x000000e39fc00000,0x000000e39fd00000)]
  0x000002a223a6c9d0 JavaThread "Finalizer" daemon [_thread_blocked, id=14116, stack(0x000000e39fd00000,0x000000e39fe00000)]
  0x000002a2231fe270 JavaThread "Signal Dispatcher" daemon [_thread_blocked, id=26452, stack(0x000000e39fe00000,0x000000e39ff00000)]
  0x000002a223a593d0 JavaThread "Attach Listener" daemon [_thread_blocked, id=27324, stack(0x000000e39ff00000,0x000000e3a0000000)]
  0x000002a223a5a440 JavaThread "Service Thread" daemon [_thread_blocked, id=15648, stack(0x000000e3a0000000,0x000000e3a0100000)]
  0x000002a223a97e60 JavaThread "C2 CompilerThread0" daemon [_thread_blocked, id=19960, stack(0x000000e3a0100000,0x000000e3a0200000)]
  0x000002a223a85500 JavaThread "C1 CompilerThread0" daemon [_thread_blocked, id=22180, stack(0x000000e3a0200000,0x000000e3a0300000)]
  0x000002a223a865a0 JavaThread "Sweeper thread" daemon [_thread_blocked, id=19820, stack(0x000000e3a0300000,0x000000e3a0400000)]
  0x000002a223bf4370 JavaThread "Notification Thread" daemon [_thread_blocked, id=26932, stack(0x000000e3a0400000,0x000000e3a0500000)]
  0x000002a223c20010 JavaThread "Common-Cleaner" daemon [_thread_blocked, id=16132, stack(0x000000e3a0600000,0x000000e3a0700000)]
  0x000002a223f7d0a0 JavaThread "ReaderThread" [_thread_in_native, id=8952, stack(0x000000e3a0700000,0x000000e3a0800000)]
  0x000002a224106170 JavaThread "C2 CompilerThread1" daemon [_thread_blocked, id=22856, stack(0x000000e3a0800000,0x000000e3a0900000)]

Other Threads:
=>0x000002a223a35d60 VMThread "VM Thread" [stack: 0x000000e39fb00000,0x000000e39fc00000] [id=3272]
  0x000002a223bf6850 WatcherThread [stack: 0x000000e3a0500000,0x000000e3a0600000] [id=2924]
  0x000002a2047431a0 GCTaskThread "GC Thread#0" [stack: 0x000000e39f600000,0x000000e39f700000] [id=27168]
  0x000002a223beef80 GCTaskThread "GC Thread#1" [stack: 0x000000e3a0900000,0x000000e3a0a00000] [id=16256]
  0x000002a223bef5e0 GCTaskThread "GC Thread#2" [stack: 0x000000e3a0a00000,0x000000e3a0b00000] [id=18508]
  0x000002a223bf02a0 GCTaskThread "GC Thread#3" [stack: 0x000000e3a0b00000,0x000000e3a0c00000] [id=17976]
  0x000002a223bef2b0 GCTaskThread "GC Thread#4" [stack: 0x000000e3a0c00000,0x000000e3a0d00000] [id=21544]
  0x000002a223bef910 GCTaskThread "GC Thread#5" [stack: 0x000000e3a0d00000,0x000000e3a0e00000] [id=23140]
  0x000002a2047549f0 ConcurrentGCThread "G1 Main Marker" [stack: 0x000000e39f700000,0x000000e39f800000] [id=20896]
  0x000002a204756500 ConcurrentGCThread "G1 Conc#0" [stack: 0x000000e39f800000,0x000000e39f900000] [id=17256]
  0x000002a2047c63f0 ConcurrentGCThread "G1 Refine#0" [stack: 0x000000e39f900000,0x000000e39fa00000] [id=26796]
  0x000002a2230630d0 ConcurrentGCThread "G1 Young RemSet Sampling" [stack: 0x000000e39fa00000,0x000000e39fb00000] [id=24264]

Threads with active compile tasks:
C2 CompilerThread0     1670  872       4       Material.Position::makeMove (837 bytes)

VM state: at safepoint (normal execution)

VM Mutex/Monitor currently owned by a thread:  ([mutex/lock_event])
[0x000002a2046ef1a0] Threads_lock - owner thread: 0x000002a223a35d60
[0x000002a2046f03a0] Heap_lock - owner thread: 0x000002a2046f3f10

Heap address: 0x0000000701200000, size: 4078 MB, Compressed Oops mode: Zero based, Oop shift amount: 3
CDS disabled.
Compressed class space mapped at: 0x0000000800000000-0x0000000840000000, size: 1073741824
Narrow klass base: 0x0000000800000000, Narrow klass shift: 0, Narrow klass range: 0x40000000

GC Precious Log:
 CPUs: 6 total, 6 available
 Memory: 16310M
 Large Page Support: Disabled
 NUMA Support: Disabled
 Compressed Oops: Enabled (Zero based)
 Heap Region Size: 2M
 Heap Min Capacity: 8M
 Heap Initial Capacity: 256M
 Heap Max Capacity: 4078M
 Pre-touch: Disabled
 Parallel Workers: 6
 Concurrent Workers: 2
 Concurrent Refinement Workers: 6
 Periodic GC: Disabled

Heap:
 garbage-first heap   total 454656K, used 3068K [0x0000000701200000, 0x0000000800000000)
  region size 2048K, 2 young (4096K), 2 survivors (4096K)
 Metaspace       used 11424K, capacity 11541K, committed 11648K, reserved 1060864K
  class space    used 1033K, capacity 1053K, committed 1152K, reserved 1048576K

Heap Regions: E=young(eden), S=young(survivor), O=old, HS=humongous(starts), HC=humongous(continues), CS=collection set, F=free, OA=open archive, CA=closed archive, TAMS=top-at-mark-start (previous, next)
|   0|0x0000000701200000, 0x0000000701200000, 0x0000000701400000|  0%| F|  |TAMS 0x0000000701200000, 0x0000000701200000| Untracked 
|   1|0x0000000701400000, 0x0000000701400000, 0x0000000701600000|  0%| F|  |TAMS 0x0000000701400000, 0x0000000701400000| Untracked 
|   2|0x0000000701600000, 0x0000000701600000, 0x0000000701800000|  0%| F|  |TAMS 0x0000000701600000, 0x0000000701600000| Untracked 
|   3|0x0000000701800000, 0x0000000701800000, 0x0000000701a00000|  0%| F|  |TAMS 0x0000000701800000, 0x0000000701800000| Untracked 
|   4|0x0000000701a00000, 0x0000000701a00000, 0x0000000701c00000|  0%| F|  |TAMS 0x0000000701a00000, 0x0000000701a00000| Untracked 
|   5|0x0000000701c00000, 0x0000000701c00000, 0x0000000701e00000|  0%| F|  |TAMS 0x0000000701c00000, 0x0000000701c00000| Untracked 
|   6|0x0000000701e00000, 0x0000000701e00000, 0x0000000702000000|  0%| F|  |TAMS 0x0000000701e00000, 0x0000000701e00000| Untracked 
|   7|0x0000000702000000, 0x0000000702000000, 0x0000000702200000|  0%| F|  |TAMS 0x0000000702000000, 0x0000000702000000| Untracked 
|   8|0x0000000702200000, 0x0000000702200000, 0x0000000702400000|  0%| F|  |TAMS 0x0000000702200000, 0x0000000702200000| Untracked 
|   9|0x0000000702400000, 0x0000000702400000, 0x0000000702600000|  0%| F|  |TAMS 0x0000000702400000, 0x0000000702400000| Untracked 
|  10|0x0000000702600000, 0x0000000702600000, 0x0000000702800000|  0%| F|  |TAMS 0x0000000702600000, 0x0000000702600000| Untracked 
|  11|0x0000000702800000, 0x0000000702800000, 0x0000000702a00000|  0%| F|  |TAMS 0x0000000702800000, 0x0000000702800000| Untracked 
|  12|0x0000000702a00000, 0x0000000702a00000, 0x0000000702c00000|  0%| F|  |TAMS 0x0000000702a00000, 0x0000000702a00000| Untracked 
|  13|0x0000000702c00000, 0x0000000702c00000, 0x0000000702e00000|  0%| F|  |TAMS 0x0000000702c00000, 0x0000000702c00000| Untracked 
|  14|0x0000000702e00000, 0x0000000702e00000, 0x0000000703000000|  0%| F|  |TAMS 0x0000000702e00000, 0x0000000702e00000| Untracked 
|  15|0x0000000703000000, 0x0000000703000000, 0x0000000703200000|  0%| F|  |TAMS 0x0000000703000000, 0x0000000703000000| Untracked 
|  16|0x0000000703200000, 0x0000000703200000, 0x0000000703400000|  0%| F|  |TAMS 0x0000000703200000, 0x0000000703200000| Untracked 
|  17|0x0000000703400000, 0x0000000703400000, 0x0000000703600000|  0%| F|  |TAMS 0x0000000703400000, 0x0000000703400000| Untracked 
|  18|0x0000000703600000, 0x0000000703600000, 0x0000000703800000|  0%| F|  |TAMS 0x0000000703600000, 0x0000000703600000| Untracked 
|  19|0x0000000703800000, 0x0000000703800000, 0x0000000703a00000|  0%| F|  |TAMS 0x0000000703800000, 0x0000000703800000| Untracked 
|  20|0x0000000703a00000, 0x0000000703a00000, 0x0000000703c00000|  0%| F|  |TAMS 0x0000000703a00000, 0x0000000703a00000| Untracked 
|  21|0x0000000703c00000, 0x0000000703c00000, 0x0000000703e00000|  0%| F|  |TAMS 0x0000000703c00000, 0x0000000703c00000| Untracked 
|  22|0x0000000703e00000, 0x0000000703e00000, 0x0000000704000000|  0%| F|  |TAMS 0x0000000703e00000, 0x0000000703e00000| Untracked 
|  23|0x0000000704000000, 0x0000000704000000, 0x0000000704200000|  0%| F|  |TAMS 0x0000000704000000, 0x0000000704000000| Untracked 
|  24|0x0000000704200000, 0x0000000704200000, 0x0000000704400000|  0%| F|  |TAMS 0x0000000704200000, 0x0000000704200000| Untracked 
|  25|0x0000000704400000, 0x0000000704400000, 0x0000000704600000|  0%| F|  |TAMS 0x0000000704400000, 0x0000000704400000| Untracked 
|  26|0x0000000704600000, 0x0000000704600000, 0x0000000704800000|  0%| F|  |TAMS 0x0000000704600000, 0x0000000704600000| Untracked 
|  27|0x0000000704800000, 0x0000000704800000, 0x0000000704a00000|  0%| F|  |TAMS 0x0000000704800000, 0x0000000704800000| Untracked 
|  28|0x0000000704a00000, 0x0000000704a00000, 0x0000000704c00000|  0%| F|  |TAMS 0x0000000704a00000, 0x0000000704a00000| Untracked 
|  29|0x0000000704c00000, 0x0000000704c00000, 0x0000000704e00000|  0%| F|  |TAMS 0x0000000704c00000, 0x0000000704c00000| Untracked 
|  30|0x0000000704e00000, 0x0000000704e00000, 0x0000000705000000|  0%| F|  |TAMS 0x0000000704e00000, 0x0000000704e00000| Untracked 
|  31|0x0000000705000000, 0x0000000705000000, 0x0000000705200000|  0%| F|  |TAMS 0x0000000705000000, 0x0000000705000000| Untracked 
|  32|0x0000000705200000, 0x0000000705200000, 0x0000000705400000|  0%| F|  |TAMS 0x0000000705200000, 0x0000000705200000| Untracked 
|  33|0x0000000705400000, 0x0000000705400000, 0x0000000705600000|  0%| F|  |TAMS 0x0000000705400000, 0x0000000705400000| Untracked 
|  34|0x0000000705600000, 0x0000000705600000, 0x0000000705800000|  0%| F|  |TAMS 0x0000000705600000, 0x0000000705600000| Untracked 
|  35|0x0000000705800000, 0x0000000705800000, 0x0000000705a00000|  0%| F|  |TAMS 0x0000000705800000, 0x0000000705800000| Untracked 
|  36|0x0000000705a00000, 0x0000000705a00000, 0x0000000705c00000|  0%| F|  |TAMS 0x0000000705a00000, 0x0000000705a00000| Untracked 
|  37|0x0000000705c00000, 0x0000000705c00000, 0x0000000705e00000|  0%| F|  |TAMS 0x0000000705c00000, 0x0000000705c00000| Untracked 
|  38|0x0000000705e00000, 0x0000000705e00000, 0x0000000706000000|  0%| F|  |TAMS 0x0000000705e00000, 0x0000000705e00000| Untracked 
|  39|0x0000000706000000, 0x0000000706000000, 0x0000000706200000|  0%| F|  |TAMS 0x0000000706000000, 0x0000000706000000| Untracked 
|  40|0x0000000706200000, 0x0000000706200000, 0x0000000706400000|  0%| F|  |TAMS 0x0000000706200000, 0x0000000706200000| Untracked 
|  41|0x0000000706400000, 0x0000000706400000, 0x0000000706600000|  0%| F|  |TAMS 0x0000000706400000, 0x0000000706400000| Untracked 
|  42|0x0000000706600000, 0x0000000706600000, 0x0000000706800000|  0%| F|  |TAMS 0x0000000706600000, 0x0000000706600000| Untracked 
|  43|0x0000000706800000, 0x0000000706800000, 0x0000000706a00000|  0%| F|  |TAMS 0x0000000706800000, 0x0000000706800000| Untracked 
|  44|0x0000000706a00000, 0x0000000706a00000, 0x0000000706c00000|  0%| F|  |TAMS 0x0000000706a00000, 0x0000000706a00000| Untracked 
|  45|0x0000000706c00000, 0x0000000706c00000, 0x0000000706e00000|  0%| F|  |TAMS 0x0000000706c00000, 0x0000000706c00000| Untracked 
|  46|0x0000000706e00000, 0x0000000706e00000, 0x0000000707000000|  0%| F|  |TAMS 0x0000000706e00000, 0x0000000706e00000| Untracked 
|  47|0x0000000707000000, 0x0000000707000000, 0x0000000707200000|  0%| F|  |TAMS 0x0000000707000000, 0x0000000707000000| Untracked 
|  48|0x0000000707200000, 0x0000000707200000, 0x0000000707400000|  0%| F|  |TAMS 0x0000000707200000, 0x0000000707200000| Untracked 
|  49|0x0000000707400000, 0x0000000707400000, 0x0000000707600000|  0%| F|  |TAMS 0x0000000707400000, 0x0000000707400000| Untracked 
|  50|0x0000000707600000, 0x0000000707600000, 0x0000000707800000|  0%| F|  |TAMS 0x0000000707600000, 0x0000000707600000| Untracked 
|  51|0x0000000707800000, 0x0000000707800000, 0x0000000707a00000|  0%| F|  |TAMS 0x0000000707800000, 0x0000000707800000| Untracked 
|  52|0x0000000707a00000, 0x0000000707a00000, 0x0000000707c00000|  0%| F|  |TAMS 0x0000000707a00000, 0x0000000707a00000| Untracked 
|  53|0x0000000707c00000, 0x0000000707c00000, 0x0000000707e00000|  0%| F|  |TAMS 0x0000000707c00000, 0x0000000707c00000| Untracked 
|  54|0x0000000707e00000, 0x0000000707e00000, 0x0000000708000000|  0%| F|  |TAMS 0x0000000707e00000, 0x0000000707e00000| Untracked 
|  55|0x0000000708000000, 0x0000000708000000, 0x0000000708200000|  0%| F|  |TAMS 0x0000000708000000, 0x0000000708000000| Untracked 
|  56|0x0000000708200000, 0x0000000708200000, 0x0000000708400000|  0%| F|  |TAMS 0x0000000708200000, 0x0000000708200000| Untracked 
|  57|0x0000000708400000, 0x0000000708400000, 0x0000000708600000|  0%| F|  |TAMS 0x0000000708400000, 0x0000000708400000| Untracked 
|  58|0x0000000708600000, 0x0000000708600000, 0x0000000708800000|  0%| F|  |TAMS 0x0000000708600000, 0x0000000708600000| Untracked 
|  59|0x0000000708800000, 0x0000000708800000, 0x0000000708a00000|  0%| F|  |TAMS 0x0000000708800000, 0x0000000708800000| Untracked 
|  60|0x0000000708a00000, 0x0000000708a00000, 0x0000000708c00000|  0%| F|  |TAMS 0x0000000708a00000, 0x0000000708a00000| Untracked 
|  61|0x0000000708c00000, 0x0000000708c00000, 0x0000000708e00000|  0%| F|  |TAMS 0x0000000708c00000, 0x0000000708c00000| Untracked 
|  62|0x0000000708e00000, 0x0000000708e00000, 0x0000000709000000|  0%| F|  |TAMS 0x0000000708e00000, 0x0000000708e00000| Untracked 
|  63|0x0000000709000000, 0x0000000709000000, 0x0000000709200000|  0%| F|  |TAMS 0x0000000709000000, 0x0000000709000000| Untracked 
|  64|0x0000000709200000, 0x0000000709200000, 0x0000000709400000|  0%| F|  |TAMS 0x0000000709200000, 0x0000000709200000| Untracked 
|  65|0x0000000709400000, 0x0000000709400000, 0x0000000709600000|  0%| F|  |TAMS 0x0000000709400000, 0x0000000709400000| Untracked 
|  66|0x0000000709600000, 0x0000000709600000, 0x0000000709800000|  0%| F|  |TAMS 0x0000000709600000, 0x0000000709600000| Untracked 
|  67|0x0000000709800000, 0x0000000709800000, 0x0000000709a00000|  0%| F|  |TAMS 0x0000000709800000, 0x0000000709800000| Untracked 
|  68|0x0000000709a00000, 0x0000000709a00000, 0x0000000709c00000|  0%| F|  |TAMS 0x0000000709a00000, 0x0000000709a00000| Untracked 
|  69|0x0000000709c00000, 0x0000000709c00000, 0x0000000709e00000|  0%| F|  |TAMS 0x0000000709c00000, 0x0000000709c00000| Untracked 
|  70|0x0000000709e00000, 0x0000000709e00000, 0x000000070a000000|  0%| F|  |TAMS 0x0000000709e00000, 0x0000000709e00000| Untracked 
|  71|0x000000070a000000, 0x000000070a000000, 0x000000070a200000|  0%| F|  |TAMS 0x000000070a000000, 0x000000070a000000| Untracked 
|  72|0x000000070a200000, 0x000000070a200000, 0x000000070a400000|  0%| F|  |TAMS 0x000000070a200000, 0x000000070a200000| Untracked 
|  73|0x000000070a400000, 0x000000070a400000, 0x000000070a600000|  0%| F|  |TAMS 0x000000070a400000, 0x000000070a400000| Untracked 
|  74|0x000000070a600000, 0x000000070a6ff180, 0x000000070a800000| 49%| S|CS|TAMS 0x000000070a600000, 0x000000070a600000| Complete 
|  75|0x000000070a800000, 0x000000070aa00000, 0x000000070aa00000|100%| S|CS|TAMS 0x000000070a800000, 0x000000070a800000| Complete 
|  76|0x000000070aa00000, 0x000000070aa00000, 0x000000070ac00000|  0%| F|  |TAMS 0x000000070aa00000, 0x000000070aa00000| Untracked 
|  77|0x000000070ac00000, 0x000000070ac00000, 0x000000070ae00000|  0%| F|  |TAMS 0x000000070ac00000, 0x000000070ac00000| Untracked 
|  78|0x000000070ae00000, 0x000000070ae00000, 0x000000070b000000|  0%| F|  |TAMS 0x000000070ae00000, 0x000000070ae00000| Untracked 
|  79|0x000000070b000000, 0x000000070b000000, 0x000000070b200000|  0%| F|  |TAMS 0x000000070b000000, 0x000000070b000000| Untracked 
|  80|0x000000070b200000, 0x000000070b200000, 0x000000070b400000|  0%| F|  |TAMS 0x000000070b200000, 0x000000070b200000| Untracked 
|  81|0x000000070b400000, 0x000000070b400000, 0x000000070b600000|  0%| F|  |TAMS 0x000000070b400000, 0x000000070b400000| Untracked 
|  82|0x000000070b600000, 0x000000070b600000, 0x000000070b800000|  0%| F|  |TAMS 0x000000070b600000, 0x000000070b600000| Untracked 
|  83|0x000000070b800000, 0x000000070b800000, 0x000000070ba00000|  0%| F|  |TAMS 0x000000070b800000, 0x000000070b800000| Untracked 
|  84|0x000000070ba00000, 0x000000070ba00000, 0x000000070bc00000|  0%| F|  |TAMS 0x000000070ba00000, 0x000000070ba00000| Untracked 
|  85|0x000000070bc00000, 0x000000070bc00000, 0x000000070be00000|  0%| F|  |TAMS 0x000000070bc00000, 0x000000070bc00000| Untracked 
|  86|0x000000070be00000, 0x000000070be00000, 0x000000070c000000|  0%| F|  |TAMS 0x000000070be00000, 0x000000070be00000| Untracked 
|  87|0x000000070c000000, 0x000000070c000000, 0x000000070c200000|  0%| F|  |TAMS 0x000000070c000000, 0x000000070c000000| Untracked 
|  88|0x000000070c200000, 0x000000070c200000, 0x000000070c400000|  0%| F|  |TAMS 0x000000070c200000, 0x000000070c200000| Untracked 
|  89|0x000000070c400000, 0x000000070c400000, 0x000000070c600000|  0%| F|  |TAMS 0x000000070c400000, 0x000000070c400000| Untracked 
|  90|0x000000070c600000, 0x000000070c600000, 0x000000070c800000|  0%| F|  |TAMS 0x000000070c600000, 0x000000070c600000| Untracked 
|  91|0x000000070c800000, 0x000000070c800000, 0x000000070ca00000|  0%| F|  |TAMS 0x000000070c800000, 0x000000070c800000| Untracked 
|  92|0x000000070ca00000, 0x000000070ca00000, 0x000000070cc00000|  0%| F|  |TAMS 0x000000070ca00000, 0x000000070ca00000| Untracked 
|  93|0x000000070cc00000, 0x000000070cc00000, 0x000000070ce00000|  0%| F|  |TAMS 0x000000070cc00000, 0x000000070cc00000| Untracked 
|  94|0x000000070ce00000, 0x000000070ce00000, 0x000000070d000000|  0%| F|  |TAMS 0x000000070ce00000, 0x000000070ce00000| Untracked 
|  95|0x000000070d000000, 0x000000070d000000, 0x000000070d200000|  0%| F|  |TAMS 0x000000070d000000, 0x000000070d000000| Untracked 
|  96|0x000000070d200000, 0x000000070d200000, 0x000000070d400000|  0%| F|  |TAMS 0x000000070d200000, 0x000000070d200000| Untracked 
|  97|0x000000070d400000, 0x000000070d400000, 0x000000070d600000|  0%| F|  |TAMS 0x000000070d400000, 0x000000070d400000| Untracked 
|  98|0x000000070d600000, 0x000000070d600000, 0x000000070d800000|  0%| F|  |TAMS 0x000000070d600000, 0x000000070d600000| Untracked 
|  99|0x000000070d800000, 0x000000070d800000, 0x000000070da00000|  0%| F|  |TAMS 0x000000070d800000, 0x000000070d800000| Untracked 
| 100|0x000000070da00000, 0x000000070da00000, 0x000000070dc00000|  0%| F|  |TAMS 0x000000070da00000, 0x000000070da00000| Untracked 
| 101|0x000000070dc00000, 0x000000070dc00000, 0x000000070de00000|  0%| F|  |TAMS 0x000000070dc00000, 0x000000070dc00000| Untracked 
| 102|0x000000070de00000, 0x000000070de00000, 0x000000070e000000|  0%| F|  |TAMS 0x000000070de00000, 0x000000070de00000| Untracked 
| 103|0x000000070e000000, 0x000000070e000000, 0x000000070e200000|  0%| F|  |TAMS 0x000000070e000000, 0x000000070e000000| Untracked 
| 104|0x000000070e200000, 0x000000070e200000, 0x000000070e400000|  0%| F|  |TAMS 0x000000070e200000, 0x000000070e200000| Untracked 
| 105|0x000000070e400000, 0x000000070e400000, 0x000000070e600000|  0%| F|  |TAMS 0x000000070e400000, 0x000000070e400000| Untracked 
| 106|0x000000070e600000, 0x000000070e600000, 0x000000070e800000|  0%| F|  |TAMS 0x000000070e600000, 0x000000070e600000| Untracked 
| 107|0x000000070e800000, 0x000000070e800000, 0x000000070ea00000|  0%| F|  |TAMS 0x000000070e800000, 0x000000070e800000| Untracked 
| 108|0x000000070ea00000, 0x000000070ea00000, 0x000000070ec00000|  0%| F|  |TAMS 0x000000070ea00000, 0x000000070ea00000| Untracked 
| 109|0x000000070ec00000, 0x000000070ec00000, 0x000000070ee00000|  0%| F|  |TAMS 0x000000070ec00000, 0x000000070ec00000| Untracked 
| 110|0x000000070ee00000, 0x000000070ee00000, 0x000000070f000000|  0%| F|  |TAMS 0x000000070ee00000, 0x000000070ee00000| Untracked 
| 111|0x000000070f000000, 0x000000070f000000, 0x000000070f200000|  0%| F|  |TAMS 0x000000070f000000, 0x000000070f000000| Untracked 
| 112|0x000000070f200000, 0x000000070f200000, 0x000000070f400000|  0%| F|  |TAMS 0x000000070f200000, 0x000000070f200000| Untracked 
| 113|0x000000070f400000, 0x000000070f400000, 0x000000070f600000|  0%| F|  |TAMS 0x000000070f400000, 0x000000070f400000| Untracked 
| 114|0x000000070f600000, 0x000000070f600000, 0x000000070f800000|  0%| F|  |TAMS 0x000000070f600000, 0x000000070f600000| Untracked 
| 115|0x000000070f800000, 0x000000070f800000, 0x000000070fa00000|  0%| F|  |TAMS 0x000000070f800000, 0x000000070f800000| Untracked 
| 116|0x000000070fa00000, 0x000000070fa00000, 0x000000070fc00000|  0%| F|  |TAMS 0x000000070fa00000, 0x000000070fa00000| Untracked 
| 117|0x000000070fc00000, 0x000000070fc00000, 0x000000070fe00000|  0%| F|  |TAMS 0x000000070fc00000, 0x000000070fc00000| Untracked 
| 118|0x000000070fe00000, 0x000000070fe00000, 0x0000000710000000|  0%| F|  |TAMS 0x000000070fe00000, 0x000000070fe00000| Untracked 
| 119|0x0000000710000000, 0x0000000710000000, 0x0000000710200000|  0%| F|  |TAMS 0x0000000710000000, 0x0000000710000000| Untracked 
| 120|0x0000000710200000, 0x0000000710200000, 0x0000000710400000|  0%| F|  |TAMS 0x0000000710200000, 0x0000000710200000| Untracked 
| 121|0x0000000710400000, 0x0000000710400000, 0x0000000710600000|  0%| F|  |TAMS 0x0000000710400000, 0x0000000710400000| Untracked 
| 122|0x0000000710600000, 0x0000000710600000, 0x0000000710800000|  0%| F|  |TAMS 0x0000000710600000, 0x0000000710600000| Untracked 
| 123|0x0000000710800000, 0x0000000710800000, 0x0000000710a00000|  0%| F|  |TAMS 0x0000000710800000, 0x0000000710800000| Untracked 
| 124|0x0000000710a00000, 0x0000000710a00000, 0x0000000710c00000|  0%| F|  |TAMS 0x0000000710a00000, 0x0000000710a00000| Untracked 
| 125|0x0000000710c00000, 0x0000000710c00000, 0x0000000710e00000|  0%| F|  |TAMS 0x0000000710c00000, 0x0000000710c00000| Untracked 
| 126|0x0000000710e00000, 0x0000000710e00000, 0x0000000711000000|  0%| F|  |TAMS 0x0000000710e00000, 0x0000000710e00000| Untracked 
| 127|0x0000000711000000, 0x0000000711000000, 0x0000000711200000|  0%| F|  |TAMS 0x0000000711000000, 0x0000000711000000| Untracked 
| 128|0x0000000711200000, 0x0000000711200000, 0x0000000711400000|  0%| F|  |TAMS 0x0000000711200000, 0x0000000711200000| Untracked 
| 129|0x0000000711400000, 0x0000000711400000, 0x0000000711600000|  0%| F|  |TAMS 0x0000000711400000, 0x0000000711400000| Untracked 
| 130|0x0000000711600000, 0x0000000711600000, 0x0000000711800000|  0%| F|  |TAMS 0x0000000711600000, 0x0000000711600000| Untracked 
| 131|0x0000000711800000, 0x0000000711800000, 0x0000000711a00000|  0%| F|  |TAMS 0x0000000711800000, 0x0000000711800000| Untracked 
| 132|0x0000000711a00000, 0x0000000711a00000, 0x0000000711c00000|  0%| F|  |TAMS 0x0000000711a00000, 0x0000000711a00000| Untracked 
| 133|0x0000000711c00000, 0x0000000711c00000, 0x0000000711e00000|  0%| F|  |TAMS 0x0000000711c00000, 0x0000000711c00000| Untracked 
| 134|0x0000000711e00000, 0x0000000711e00000, 0x0000000712000000|  0%| F|  |TAMS 0x0000000711e00000, 0x0000000711e00000| Untracked 
| 135|0x0000000712000000, 0x0000000712000000, 0x0000000712200000|  0%| F|  |TAMS 0x0000000712000000, 0x0000000712000000| Untracked 
| 136|0x0000000712200000, 0x0000000712200000, 0x0000000712400000|  0%| F|  |TAMS 0x0000000712200000, 0x0000000712200000| Untracked 
| 137|0x0000000712400000, 0x0000000712400000, 0x0000000712600000|  0%| F|  |TAMS 0x0000000712400000, 0x0000000712400000| Untracked 
| 138|0x0000000712600000, 0x0000000712600000, 0x0000000712800000|  0%| F|  |TAMS 0x0000000712600000, 0x0000000712600000| Untracked 
| 139|0x0000000712800000, 0x0000000712800000, 0x0000000712a00000|  0%| F|  |TAMS 0x0000000712800000, 0x0000000712800000| Untracked 
| 140|0x0000000712a00000, 0x0000000712a00000, 0x0000000712c00000|  0%| F|  |TAMS 0x0000000712a00000, 0x0000000712a00000| Untracked 
| 141|0x0000000712c00000, 0x0000000712c00000, 0x0000000712e00000|  0%| F|  |TAMS 0x0000000712c00000, 0x0000000712c00000| Untracked 
| 142|0x0000000712e00000, 0x0000000712e00000, 0x0000000713000000|  0%| F|  |TAMS 0x0000000712e00000, 0x0000000712e00000| Untracked 
| 143|0x0000000713000000, 0x0000000713000000, 0x0000000713200000|  0%| F|  |TAMS 0x0000000713000000, 0x0000000713000000| Untracked 
| 144|0x0000000713200000, 0x0000000713200000, 0x0000000713400000|  0%| F|  |TAMS 0x0000000713200000, 0x0000000713200000| Untracked 
| 145|0x0000000713400000, 0x0000000713400000, 0x0000000713600000|  0%| F|  |TAMS 0x0000000713400000, 0x0000000713400000| Untracked 
| 146|0x0000000713600000, 0x0000000713600000, 0x0000000713800000|  0%| F|  |TAMS 0x0000000713600000, 0x0000000713600000| Untracked 
| 147|0x0000000713800000, 0x0000000713800000, 0x0000000713a00000|  0%| F|  |TAMS 0x0000000713800000, 0x0000000713800000| Untracked 
| 148|0x0000000713a00000, 0x0000000713a00000, 0x0000000713c00000|  0%| F|  |TAMS 0x0000000713a00000, 0x0000000713a00000| Untracked 
| 149|0x0000000713c00000, 0x0000000713c00000, 0x0000000713e00000|  0%| F|  |TAMS 0x0000000713c00000, 0x0000000713c00000| Untracked 
| 150|0x0000000713e00000, 0x0000000713e00000, 0x0000000714000000|  0%| F|  |TAMS 0x0000000713e00000, 0x0000000713e00000| Untracked 
| 151|0x0000000714000000, 0x0000000714000000, 0x0000000714200000|  0%| F|  |TAMS 0x0000000714000000, 0x0000000714000000| Untracked 
| 152|0x0000000714200000, 0x0000000714200000, 0x0000000714400000|  0%| F|  |TAMS 0x0000000714200000, 0x0000000714200000| Untracked 
| 153|0x0000000714400000, 0x0000000714400000, 0x0000000714600000|  0%| F|  |TAMS 0x0000000714400000, 0x0000000714400000| Untracked 
| 154|0x0000000714600000, 0x0000000714600000, 0x0000000714800000|  0%| F|  |TAMS 0x0000000714600000, 0x0000000714600000| Untracked 
| 155|0x0000000714800000, 0x0000000714800000, 0x0000000714a00000|  0%| F|  |TAMS 0x0000000714800000, 0x0000000714800000| Untracked 
| 156|0x0000000714a00000, 0x0000000714a00000, 0x0000000714c00000|  0%| F|  |TAMS 0x0000000714a00000, 0x0000000714a00000| Untracked 
| 157|0x0000000714c00000, 0x0000000714c00000, 0x0000000714e00000|  0%| F|  |TAMS 0x0000000714c00000, 0x0000000714c00000| Untracked 
| 158|0x0000000714e00000, 0x0000000714e00000, 0x0000000715000000|  0%| F|  |TAMS 0x0000000714e00000, 0x0000000714e00000| Untracked 
| 159|0x0000000715000000, 0x0000000715000000, 0x0000000715200000|  0%| F|  |TAMS 0x0000000715000000, 0x0000000715000000| Untracked 
| 160|0x0000000715200000, 0x0000000715200000, 0x0000000715400000|  0%| F|  |TAMS 0x0000000715200000, 0x0000000715200000| Untracked 
| 161|0x0000000715400000, 0x0000000715400000, 0x0000000715600000|  0%| F|  |TAMS 0x0000000715400000, 0x0000000715400000| Untracked 
| 162|0x0000000715600000, 0x0000000715600000, 0x0000000715800000|  0%| F|  |TAMS 0x0000000715600000, 0x0000000715600000| Untracked 
| 163|0x0000000715800000, 0x0000000715800000, 0x0000000715a00000|  0%| F|  |TAMS 0x0000000715800000, 0x0000000715800000| Untracked 
| 164|0x0000000715a00000, 0x0000000715a00000, 0x0000000715c00000|  0%| F|  |TAMS 0x0000000715a00000, 0x0000000715a00000| Untracked 
| 165|0x0000000715c00000, 0x0000000715c00000, 0x0000000715e00000|  0%| F|  |TAMS 0x0000000715c00000, 0x0000000715c00000| Untracked 
| 166|0x0000000715e00000, 0x0000000715e00000, 0x0000000716000000|  0%| F|  |TAMS 0x0000000715e00000, 0x0000000715e00000| Untracked 
| 167|0x0000000716000000, 0x0000000716000000, 0x0000000716200000|  0%| F|  |TAMS 0x0000000716000000, 0x0000000716000000| Untracked 
| 168|0x0000000716200000, 0x0000000716200000, 0x0000000716400000|  0%| F|  |TAMS 0x0000000716200000, 0x0000000716200000| Untracked 
| 169|0x0000000716400000, 0x0000000716400000, 0x0000000716600000|  0%| F|  |TAMS 0x0000000716400000, 0x0000000716400000| Untracked 
| 170|0x0000000716600000, 0x0000000716600000, 0x0000000716800000|  0%| F|  |TAMS 0x0000000716600000, 0x0000000716600000| Untracked 
| 171|0x0000000716800000, 0x0000000716800000, 0x0000000716a00000|  0%| F|  |TAMS 0x0000000716800000, 0x0000000716800000| Untracked 
| 172|0x0000000716a00000, 0x0000000716a00000, 0x0000000716c00000|  0%| F|  |TAMS 0x0000000716a00000, 0x0000000716a00000| Untracked 
| 173|0x0000000716c00000, 0x0000000716c00000, 0x0000000716e00000|  0%| F|  |TAMS 0x0000000716c00000, 0x0000000716c00000| Untracked 
| 174|0x0000000716e00000, 0x0000000716e00000, 0x0000000717000000|  0%| F|  |TAMS 0x0000000716e00000, 0x0000000716e00000| Untracked 
| 175|0x0000000717000000, 0x0000000717000000, 0x0000000717200000|  0%| F|  |TAMS 0x0000000717000000, 0x0000000717000000| Untracked 
| 176|0x0000000717200000, 0x0000000717200000, 0x0000000717400000|  0%| F|  |TAMS 0x0000000717200000, 0x0000000717200000| Untracked 
| 177|0x0000000717400000, 0x0000000717400000, 0x0000000717600000|  0%| F|  |TAMS 0x0000000717400000, 0x0000000717400000| Untracked 
| 178|0x0000000717600000, 0x0000000717600000, 0x0000000717800000|  0%| F|  |TAMS 0x0000000717600000, 0x0000000717600000| Untracked 
| 179|0x0000000717800000, 0x0000000717800000, 0x0000000717a00000|  0%| F|  |TAMS 0x0000000717800000, 0x0000000717800000| Untracked 
| 180|0x0000000717a00000, 0x0000000717a00000, 0x0000000717c00000|  0%| F|  |TAMS 0x0000000717a00000, 0x0000000717a00000| Untracked 
| 181|0x0000000717c00000, 0x0000000717c00000, 0x0000000717e00000|  0%| F|  |TAMS 0x0000000717c00000, 0x0000000717c00000| Untracked 
| 182|0x0000000717e00000, 0x0000000717e00000, 0x0000000718000000|  0%| F|  |TAMS 0x0000000717e00000, 0x0000000717e00000| Untracked 
| 183|0x0000000718000000, 0x0000000718000000, 0x0000000718200000|  0%| F|  |TAMS 0x0000000718000000, 0x0000000718000000| Untracked 
| 184|0x0000000718200000, 0x0000000718200000, 0x0000000718400000|  0%| F|  |TAMS 0x0000000718200000, 0x0000000718200000| Untracked 

Card table byte_map: [0x000002a217a20000,0x000002a218220000] _byte_map_base: 0x000002a214217000

Marking Bits (Prev, Next): (CMBitMap*) 0x000002a204743920, (CMBitMap*) 0x000002a204743960
 Prev Bits: [0x000002a218a20000, 0x000002a21c9d8000)
 Next Bits: [0x000002a21c9e0000, 0x000002a220998000)

Polling page: 0x000002a2026d0000

Metaspace:

Usage:
  Non-class:     10.24 MB capacity,    10.15 MB (>99%) used,    89.20 KB ( <1%) free+waste,     7.88 KB ( <1%) overhead. 
      Class:      1.03 MB capacity,     1.01 MB ( 98%) used,    17.41 KB (  2%) free+waste,     2.50 KB ( <1%) overhead. 
       Both:     11.27 MB capacity,    11.16 MB ( 99%) used,   106.61 KB ( <1%) free+waste,    10.38 KB ( <1%) overhead. 

Virtual space:
  Non-class space:       12.00 MB reserved,      10.25 MB ( 85%) committed 
      Class space:        1.00 GB reserved,       1.12 MB ( <1%) committed 
             Both:        1.01 GB reserved,      11.38 MB (  1%) committed 

Chunk freelists:
   Non-Class:  8.00 KB
       Class:  3.00 KB
        Both:  11.00 KB

MaxMetaspaceSize: 17179869184.00 GB
CompressedClassSpaceSize: 1.00 GB

CodeHeap 'non-profiled nmethods': size=120000Kb used=792Kb max_used=792Kb free=119207Kb
 bounds [0x000002a20fbe0000, 0x000002a20fe50000, 0x000002a217110000]
CodeHeap 'profiled nmethods': size=120000Kb used=1823Kb max_used=1823Kb free=118176Kb
 bounds [0x000002a2086b0000, 0x000002a208920000, 0x000002a20fbe0000]
CodeHeap 'non-nmethods': size=5760Kb used=1150Kb max_used=1193Kb free=4609Kb
 bounds [0x000002a208110000, 0x000002a208380000, 0x000002a2086b0000]
 total_blobs=1271 nmethods=871 adapters=313
 compilation: enabled
              stopped_count=0, restarted_count=0
 full_count=0

Compilation events (20 events):
Event: 1.321 Thread 0x000002a224106170  861       4       java.util.HashMap::removeNode (291 bytes)
Event: 1.326 Thread 0x000002a224106170 nmethod 861 0x000002a20fc88c90 code [0x000002a20fc88e20, 0x000002a20fc89318]
Event: 1.326 Thread 0x000002a224106170  864       4       Material.Position::makeMove (837 bytes)
Event: 1.371 Thread 0x000002a223a97e60 nmethod 851 0x000002a20fc89610 code [0x000002a20fc89e20, 0x000002a20fc8eab8]
Event: 1.402 Thread 0x000002a224106170 nmethod 864 0x000002a20fc90b90 code [0x000002a20fc90f40, 0x000002a20fc93e78]
Event: 1.420 Thread 0x000002a224106170  865       4       java.util.Arrays::copyOf (40 bytes)
Event: 1.422 Thread 0x000002a224106170 nmethod 865 0x000002a20fc95d90 code [0x000002a20fc95f40, 0x000002a20fc96368]
Event: 1.430 Thread 0x000002a223a85500  866       3       Material.Position::makeMove (837 bytes)
Event: 1.431 Thread 0x000002a223a85500 nmethod 866 0x000002a20886af10 code [0x000002a20886b520, 0x000002a208870478]
Event: 1.439 Thread 0x000002a224106170  867       4       Werkzeuge.Cyborg::guteZuegeZuerst (116 bytes)
Event: 1.446 Thread 0x000002a223a97e60  868       4       Material.King::getMoves (731 bytes)
Event: 1.488 Thread 0x000002a223a97e60 nmethod 868 0x000002a20fc96590 code [0x000002a20fc96a00, 0x000002a20fc99188]
Event: 1.488 Thread 0x000002a223a97e60  869       4       Material.Position::makeMove (837 bytes)
Event: 1.516 Thread 0x000002a224106170 nmethod 867 0x000002a20fc9ad10 code [0x000002a20fc9b000, 0x000002a20fc9ed18]
Event: 1.516 Thread 0x000002a224106170  870       4       java.util.ArrayList::toArray (12 bytes)
Event: 1.518 Thread 0x000002a224106170 nmethod 870 0x000002a20fca1010 code [0x000002a20fca11a0, 0x000002a20fca13f8]
Event: 1.555 Thread 0x000002a223a97e60 nmethod 869 0x000002a20fca1510 code [0x000002a20fca18c0, 0x000002a20fca4458]
Event: 1.574 Thread 0x000002a223a85500  871       3       Material.Position::makeMove (837 bytes)
Event: 1.575 Thread 0x000002a223a85500 nmethod 871 0x000002a208871710 code [0x000002a208871d20, 0x000002a208876c78]
Event: 1.601 Thread 0x000002a223a97e60  872       4       Material.Position::makeMove (837 bytes)

GC Heap History (20 events):
Event: 0.796 GC heap after
{Heap after GC invocations=5 (full 0):
 garbage-first heap   total 262144K, used 2581K [0x0000000701200000, 0x0000000800000000)
  region size 2048K, 2 young (4096K), 2 survivors (4096K)
 Metaspace       used 11418K, capacity 11541K, committed 11648K, reserved 1060864K
  class space    used 1032K, capacity 1053K, committed 1152K, reserved 1048576K
}
Event: 0.871 GC heap before
{Heap before GC invocations=5 (full 0):
 garbage-first heap   total 262144K, used 154133K [0x0000000701200000, 0x0000000800000000)
  region size 2048K, 76 young (155648K), 2 survivors (4096K)
 Metaspace       used 11418K, capacity 11541K, committed 11648K, reserved 1060864K
  class space    used 1032K, capacity 1053K, committed 1152K, reserved 1048576K
}
Event: 0.872 GC heap after
{Heap after GC invocations=6 (full 0):
 garbage-first heap   total 315392K, used 2758K [0x0000000701200000, 0x0000000800000000)
  region size 2048K, 2 young (4096K), 2 survivors (4096K)
 Metaspace       used 11418K, capacity 11541K, committed 11648K, reserved 1060864K
  class space    used 1032K, capacity 1053K, committed 1152K, reserved 1048576K
}
Event: 0.980 GC heap before
{Heap before GC invocations=6 (full 0):
 garbage-first heap   total 315392K, used 187078K [0x0000000701200000, 0x0000000800000000)
  region size 2048K, 92 young (188416K), 2 survivors (4096K)
 Metaspace       used 11419K, capacity 11541K, committed 11648K, reserved 1060864K
  class space    used 1032K, capacity 1053K, committed 1152K, reserved 1048576K
}
Event: 0.982 GC heap after
{Heap after GC invocations=7 (full 0):
 garbage-first heap   total 315392K, used 2784K [0x0000000701200000, 0x0000000800000000)
  region size 2048K, 2 young (4096K), 2 survivors (4096K)
 Metaspace       used 11419K, capacity 11541K, committed 11648K, reserved 1060864K
  class space    used 1032K, capacity 1053K, committed 1152K, reserved 1048576K
}
Event: 1.054 GC heap before
{Heap before GC invocations=7 (full 0):
 garbage-first heap   total 315392K, used 187104K [0x0000000701200000, 0x0000000800000000)
  region size 2048K, 92 young (188416K), 2 survivors (4096K)
 Metaspace       used 11419K, capacity 11541K, committed 11648K, reserved 1060864K
  class space    used 1032K, capacity 1053K, committed 1152K, reserved 1048576K
}
Event: 1.056 GC heap after
{Heap after GC invocations=8 (full 0):
 garbage-first heap   total 315392K, used 2986K [0x0000000701200000, 0x0000000800000000)
  region size 2048K, 2 young (4096K), 2 survivors (4096K)
 Metaspace       used 11419K, capacity 11541K, committed 11648K, reserved 1060864K
  class space    used 1032K, capacity 1053K, committed 1152K, reserved 1048576K
}
Event: 1.125 GC heap before
{Heap before GC invocations=8 (full 0):
 garbage-first heap   total 315392K, used 187306K [0x0000000701200000, 0x0000000800000000)
  region size 2048K, 92 young (188416K), 2 survivors (4096K)
 Metaspace       used 11419K, capacity 11541K, committed 11648K, reserved 1060864K
  class space    used 1032K, capacity 1053K, committed 1152K, reserved 1048576K
}
Event: 1.127 GC heap after
{Heap after GC invocations=9 (full 0):
 garbage-first heap   total 315392K, used 2916K [0x0000000701200000, 0x0000000800000000)
  region size 2048K, 2 young (4096K), 2 survivors (4096K)
 Metaspace       used 11419K, capacity 11541K, committed 11648K, reserved 1060864K
  class space    used 1032K, capacity 1053K, committed 1152K, reserved 1048576K
}
Event: 1.196 GC heap before
{Heap before GC invocations=9 (full 0):
 garbage-first heap   total 315392K, used 187236K [0x0000000701200000, 0x0000000800000000)
  region size 2048K, 92 young (188416K), 2 survivors (4096K)
 Metaspace       used 11419K, capacity 11541K, committed 11648K, reserved 1060864K
  class space    used 1032K, capacity 1053K, committed 1152K, reserved 1048576K
}
Event: 1.198 GC heap after
{Heap after GC invocations=10 (full 0):
 garbage-first heap   total 378880K, used 3069K [0x0000000701200000, 0x0000000800000000)
  region size 2048K, 2 young (4096K), 2 survivors (4096K)
 Metaspace       used 11419K, capacity 11541K, committed 11648K, reserved 1060864K
  class space    used 1032K, capacity 1053K, committed 1152K, reserved 1048576K
}
Event: 1.306 GC heap before
{Heap before GC invocations=10 (full 0):
 garbage-first heap   total 378880K, used 226301K [0x0000000701200000, 0x0000000800000000)
  region size 2048K, 111 young (227328K), 2 survivors (4096K)
 Metaspace       used 11424K, capacity 11541K, committed 11648K, reserved 1060864K
  class space    used 1033K, capacity 1053K, committed 1152K, reserved 1048576K
}
Event: 1.308 GC heap after
{Heap after GC invocations=11 (full 0):
 garbage-first heap   total 378880K, used 2499K [0x0000000701200000, 0x0000000800000000)
  region size 2048K, 2 young (4096K), 2 survivors (4096K)
 Metaspace       used 11424K, capacity 11541K, committed 11648K, reserved 1060864K
  class space    used 1033K, capacity 1053K, committed 1152K, reserved 1048576K
}
Event: 1.398 GC heap before
{Heap before GC invocations=11 (full 0):
 garbage-first heap   total 378880K, used 225731K [0x0000000701200000, 0x0000000800000000)
  region size 2048K, 111 young (227328K), 2 survivors (4096K)
 Metaspace       used 11424K, capacity 11541K, committed 11648K, reserved 1060864K
  class space    used 1033K, capacity 1053K, committed 1152K, reserved 1048576K
}
Event: 1.400 GC heap after
{Heap after GC invocations=12 (full 0):
 garbage-first heap   total 378880K, used 2609K [0x0000000701200000, 0x0000000800000000)
  region size 2048K, 2 young (4096K), 2 survivors (4096K)
 Metaspace       used 11424K, capacity 11541K, committed 11648K, reserved 1060864K
  class space    used 1033K, capacity 1053K, committed 1152K, reserved 1048576K
}
Event: 1.485 GC heap before
{Heap before GC invocations=12 (full 0):
 garbage-first heap   total 378880K, used 225841K [0x0000000701200000, 0x0000000800000000)
  region size 2048K, 111 young (227328K), 2 survivors (4096K)
 Metaspace       used 11424K, capacity 11541K, committed 11648K, reserved 1060864K
  class space    used 1033K, capacity 1053K, committed 1152K, reserved 1048576K
}
Event: 1.487 GC heap after
{Heap after GC invocations=13 (full 0):
 garbage-first heap   total 378880K, used 2771K [0x0000000701200000, 0x0000000800000000)
  region size 2048K, 2 young (4096K), 2 survivors (4096K)
 Metaspace       used 11424K, capacity 11541K, committed 11648K, reserved 1060864K
  class space    used 1033K, capacity 1053K, committed 1152K, reserved 1048576K
}
Event: 1.572 GC heap before
{Heap before GC invocations=13 (full 0):
 garbage-first heap   total 378880K, used 226003K [0x0000000701200000, 0x0000000800000000)
  region size 2048K, 111 young (227328K), 2 survivors (4096K)
 Metaspace       used 11424K, capacity 11541K, committed 11648K, reserved 1060864K
  class space    used 1033K, capacity 1053K, committed 1152K, reserved 1048576K
}
Event: 1.574 GC heap after
{Heap after GC invocations=14 (full 0):
 garbage-first heap   total 378880K, used 2866K [0x0000000701200000, 0x0000000800000000)
  region size 2048K, 2 young (4096K), 2 survivors (4096K)
 Metaspace       used 11424K, capacity 11541K, committed 11648K, reserved 1060864K
  class space    used 1033K, capacity 1053K, committed 1152K, reserved 1048576K
}
Event: 1.656 GC heap before
{Heap before GC invocations=14 (full 0):
 garbage-first heap   total 378880K, used 226098K [0x0000000701200000, 0x0000000800000000)
  region size 2048K, 111 young (227328K), 2 survivors (4096K)
 Metaspace       used 11424K, capacity 11541K, committed 11648K, reserved 1060864K
  class space    used 1033K, capacity 1053K, committed 1152K, reserved 1048576K
}

Deoptimization events (20 events):
Event: 1.303 Thread 0x000002a2046f3f10 Uncommon trap: trap_request=0xffffff45 fr.pc=0x000002a20fc6fd48 relative=0x0000000000002808
Event: 1.303 Thread 0x000002a2046f3f10 Uncommon trap: reason=unstable_if action=reinterpret pc=0x000002a20fc6fd48 method=java.util.ArrayList.addAll(Ljava/util/Collection;)Z @ 43 c2
Event: 1.303 Thread 0x000002a2046f3f10 DEOPT PACKING pc=0x000002a20fc6fd48 sp=0x000000e39f5fdd80
Event: 1.303 Thread 0x000002a2046f3f10 DEOPT UNPACKING pc=0x000002a20815e42f sp=0x000000e39f5fdcf8 mode 2
Event: 1.345 Thread 0x000002a2046f3f10 DEOPT PACKING pc=0x000002a20886a3ae sp=0x000000e39f5fdad0
Event: 1.345 Thread 0x000002a2046f3f10 DEOPT UNPACKING pc=0x000002a20815e23f sp=0x000000e39f5fcfd8 mode 0
Event: 1.391 Thread 0x000002a2046f3f10 DEOPT PACKING pc=0x000002a20886a3ae sp=0x000000e39f5fd9c0
Event: 1.391 Thread 0x000002a2046f3f10 DEOPT UNPACKING pc=0x000002a20815e23f sp=0x000000e39f5fcec8 mode 0
Event: 1.430 Thread 0x000002a2046f3f10 Uncommon trap: trap_request=0xffffff45 fr.pc=0x000002a20fc931cc relative=0x000000000000228c
Event: 1.430 Thread 0x000002a2046f3f10 Uncommon trap: reason=unstable_if action=reinterpret pc=0x000002a20fc931cc method=Material.Position.makeMove(BB)V @ 766 c2
Event: 1.430 Thread 0x000002a2046f3f10 DEOPT PACKING pc=0x000002a20fc931cc sp=0x000000e39f5fd6c0
Event: 1.430 Thread 0x000002a2046f3f10 DEOPT UNPACKING pc=0x000002a20815e42f sp=0x000000e39f5fd690 mode 2
Event: 1.439 Thread 0x000002a2046f3f10 DEOPT PACKING pc=0x000002a20886a3ae sp=0x000000e39f5fd740
Event: 1.439 Thread 0x000002a2046f3f10 DEOPT UNPACKING pc=0x000002a20815e23f sp=0x000000e39f5fcc48 mode 0
Event: 1.480 Thread 0x000002a2046f3f10 DEOPT PACKING pc=0x000002a20886a3ae sp=0x000000e39f5fd9c0
Event: 1.480 Thread 0x000002a2046f3f10 DEOPT UNPACKING pc=0x000002a20815e23f sp=0x000000e39f5fcec8 mode 0
Event: 1.572 Thread 0x000002a2046f3f10 Uncommon trap: trap_request=0xffffff45 fr.pc=0x000002a20fca3c04 relative=0x0000000000002344
Event: 1.572 Thread 0x000002a2046f3f10 Uncommon trap: reason=unstable_if action=reinterpret pc=0x000002a20fca3c04 method=Material.Position.makeMove(BB)V @ 501 c2
Event: 1.572 Thread 0x000002a2046f3f10 DEOPT PACKING pc=0x000002a20fca3c04 sp=0x000000e39f5fd940
Event: 1.572 Thread 0x000002a2046f3f10 DEOPT UNPACKING pc=0x000002a20815e42f sp=0x000000e39f5fd908 mode 2

Classes unloaded (0 events):
No events

Classes redefined (0 events):
No events

Internal exceptions (8 events):
Event: 0.145 Thread 0x000002a2046f3f10 Exception <a 'java/lang/NoSuchMethodError'{0x0000000710e65430}: 'void java.lang.invoke.DirectMethodHandle$Holder.invokeStatic(java.lang.Object, java.lang.Object)'> (0x0000000710e65430) 
thrown [./open/src/hotspot/share/interpreter/linkResolver.cpp, line 782]
Event: 0.146 Thread 0x000002a2046f3f10 Exception <a 'java/lang/NoSuchMethodError'{0x0000000710e691f0}: 'void java.lang.invoke.DirectMethodHandle$Holder.invokeStaticInit(java.lang.Object, java.lang.Object)'> (0x0000000710e691f0) 
thrown [./open/src/hotspot/share/interpreter/linkResolver.cpp, line 782]
Event: 0.267 Thread 0x000002a2046f3f10 Exception <a 'java/lang/NoSuchMethodError'{0x0000000710c556d8}: 'java.lang.Object java.lang.invoke.DirectMethodHandle$Holder.invokeStatic(java.lang.Object)'> (0x0000000710c556d8) 
thrown [./open/src/hotspot/share/interpreter/linkResolver.cpp, line 782]
Event: 0.267 Thread 0x000002a2046f3f10 Exception <a 'java/lang/NoSuchMethodError'{0x0000000710c58d48}: 'java.lang.Object java.lang.invoke.DirectMethodHandle$Holder.invokeStaticInit(java.lang.Object)'> (0x0000000710c58d48) 
thrown [./open/src/hotspot/share/interpreter/linkResolver.cpp, line 782]
Event: 0.330 Thread 0x000002a2046f3f10 Exception <a 'java/lang/NoSuchMethodError'{0x0000000710a7f318}: 'java.lang.Object java.lang.invoke.DirectMethodHandle$Holder.invokeInterface(java.lang.Object, java.lang.Object)'> (0x0000000710a7f318) 
thrown [./open/src/hotspot/share/interpreter/linkResolver.cpp, line 782]
Event: 0.331 Thread 0x000002a2046f3f10 Exception <a 'java/lang/IncompatibleClassChangeError'{0x0000000710a82db0}: Found class java.lang.Object, but interface was expected> (0x0000000710a82db0) 
thrown [./open/src/hotspot/share/interpreter/linkResolver.cpp, line 848]
Event: 0.346 Thread 0x000002a2046f3f10 Exception <a 'java/lang/NoSuchMethodError'{0x0000000710afb078}: 'java.lang.Object java.lang.invoke.DirectMethodHandle$Holder.newInvokeSpecial(java.lang.Object, java.lang.Object, java.lang.Object, java.lang.Object, java.lang.Object)'> (0x0000000710afb078) 
thrown [./open/src/hotspot/share/interpreter/linkResolver.cpp, line 782]
Event: 1.167 Thread 0x000002a2046f3f10 Implicit null exception at 0x000002a20fc81559 to 0x000002a20fc822e0

Events (20 events):
Event: 0.796 Executing VM operation: G1CollectForAllocation done
Event: 0.871 Executing VM operation: G1CollectForAllocation
Event: 0.872 Executing VM operation: G1CollectForAllocation done
Event: 0.980 Executing VM operation: G1CollectForAllocation
Event: 0.982 Executing VM operation: G1CollectForAllocation done
Event: 1.054 Executing VM operation: G1CollectForAllocation
Event: 1.056 Executing VM operation: G1CollectForAllocation done
Event: 1.125 Executing VM operation: G1CollectForAllocation
Event: 1.127 Executing VM operation: G1CollectForAllocation done
Event: 1.196 Executing VM operation: G1CollectForAllocation
Event: 1.198 Executing VM operation: G1CollectForAllocation done
Event: 1.306 Executing VM operation: G1CollectForAllocation
Event: 1.308 Executing VM operation: G1CollectForAllocation done
Event: 1.398 Executing VM operation: G1CollectForAllocation
Event: 1.400 Executing VM operation: G1CollectForAllocation done
Event: 1.485 Executing VM operation: G1CollectForAllocation
Event: 1.487 Executing VM operation: G1CollectForAllocation done
Event: 1.572 Executing VM operation: G1CollectForAllocation
Event: 1.574 Executing VM operation: G1CollectForAllocation done
Event: 1.656 Executing VM operation: G1CollectForAllocation


Dynamic libraries:
0x00007ff755df0000 - 0x00007ff755dfd000 	C:\Users\janme\.p2\pool\plugins\org.eclipse.justj.openjdk.hotspot.jre.full.win32.x86_64_15.0.2.v20210201-0955\jre\bin\javaw.exe
0x00007ffd716f0000 - 0x00007ffd718e5000 	C:\WINDOWS\SYSTEM32\ntdll.dll
0x00007ffd70250000 - 0x00007ffd7030d000 	C:\WINDOWS\System32\KERNEL32.DLL
0x00007ffd6f120000 - 0x00007ffd6f3e9000 	C:\WINDOWS\System32\KERNELBASE.dll
0x00007ffd6f650000 - 0x00007ffd6f750000 	C:\WINDOWS\System32\ucrtbase.dll
0x00007ffd561a0000 - 0x00007ffd561b9000 	C:\Users\janme\.p2\pool\plugins\org.eclipse.justj.openjdk.hotspot.jre.full.win32.x86_64_15.0.2.v20210201-0955\jre\bin\VCRUNTIME140.dll
0x00007ffd561c0000 - 0x00007ffd561d8000 	C:\Users\janme\.p2\pool\plugins\org.eclipse.justj.openjdk.hotspot.jre.full.win32.x86_64_15.0.2.v20210201-0955\jre\bin\jli.dll
0x00007ffd700b0000 - 0x00007ffd70250000 	C:\WINDOWS\System32\USER32.dll
0x00007ffd6f620000 - 0x00007ffd6f642000 	C:\WINDOWS\System32\win32u.dll
0x00007ffd5fcb0000 - 0x00007ffd5ff4a000 	C:\WINDOWS\WinSxS\amd64_microsoft.windows.common-controls_6595b64144ccf1df_6.0.19041.1110_none_60b5254171f9507e\COMCTL32.dll
0x00007ffd71060000 - 0x00007ffd7108a000 	C:\WINDOWS\System32\GDI32.dll
0x00007ffd70de0000 - 0x00007ffd70e7e000 	C:\WINDOWS\System32\msvcrt.dll
0x00007ffd6ee20000 - 0x00007ffd6ef2b000 	C:\WINDOWS\System32\gdi32full.dll
0x00007ffd6f4d0000 - 0x00007ffd6f56d000 	C:\WINDOWS\System32\msvcp_win.dll
0x00007ffd6f900000 - 0x00007ffd6f930000 	C:\WINDOWS\System32\IMM32.DLL
0x00007ffd60830000 - 0x00007ffd6083c000 	C:\Users\janme\.p2\pool\plugins\org.eclipse.justj.openjdk.hotspot.jre.full.win32.x86_64_15.0.2.v20210201-0955\jre\bin\vcruntime140_1.dll
0x00007ffd44a20000 - 0x00007ffd44ab1000 	C:\Users\janme\.p2\pool\plugins\org.eclipse.justj.openjdk.hotspot.jre.full.win32.x86_64_15.0.2.v20210201-0955\jre\bin\msvcp140.dll
0x00007ffd31a20000 - 0x00007ffd3257e000 	C:\Users\janme\.p2\pool\plugins\org.eclipse.justj.openjdk.hotspot.jre.full.win32.x86_64_15.0.2.v20210201-0955\jre\bin\server\jvm.dll
0x00007ffd71480000 - 0x00007ffd7152c000 	C:\WINDOWS\System32\ADVAPI32.dll
0x00007ffd6fe60000 - 0x00007ffd6fefb000 	C:\WINDOWS\System32\sechost.dll
0x00007ffd6ff00000 - 0x00007ffd7002a000 	C:\WINDOWS\System32\RPCRT4.dll
0x00007ffd70b20000 - 0x00007ffd70b28000 	C:\WINDOWS\System32\PSAPI.DLL
0x00007ffd61860000 - 0x00007ffd61887000 	C:\WINDOWS\SYSTEM32\WINMM.dll
0x00007ffd69d50000 - 0x00007ffd69d59000 	C:\WINDOWS\SYSTEM32\WSOCK32.dll
0x00007ffd68990000 - 0x00007ffd6899a000 	C:\WINDOWS\SYSTEM32\VERSION.dll
0x00007ffd70c90000 - 0x00007ffd70cfb000 	C:\WINDOWS\System32\ws2_32.DLL
0x00007ffd6cd50000 - 0x00007ffd6cd62000 	C:\WINDOWS\SYSTEM32\kernel.appcore.dll
0x00007ffd5eb30000 - 0x00007ffd5eb3a000 	C:\Users\janme\.p2\pool\plugins\org.eclipse.justj.openjdk.hotspot.jre.full.win32.x86_64_15.0.2.v20210201-0955\jre\bin\jimage.dll
0x00007ffd587c0000 - 0x00007ffd589a4000 	C:\WINDOWS\SYSTEM32\DBGHELP.DLL
0x00007ffd58750000 - 0x00007ffd5877c000 	C:\WINDOWS\SYSTEM32\dbgcore.DLL
0x00007ffd6f440000 - 0x00007ffd6f4c3000 	C:\WINDOWS\System32\bcryptPrimitives.dll
0x00007ffd4b0b0000 - 0x00007ffd4b0d5000 	C:\Users\janme\.p2\pool\plugins\org.eclipse.justj.openjdk.hotspot.jre.full.win32.x86_64_15.0.2.v20210201-0955\jre\bin\java.dll
0x00007ffd54670000 - 0x00007ffd54688000 	C:\Users\janme\.p2\pool\plugins\org.eclipse.justj.openjdk.hotspot.jre.full.win32.x86_64_15.0.2.v20210201-0955\jre\bin\zip.dll
0x00007ffd703e0000 - 0x00007ffd70b1f000 	C:\WINDOWS\System32\SHELL32.dll
0x00007ffd6cf50000 - 0x00007ffd6d6e0000 	C:\WINDOWS\SYSTEM32\windows.storage.dll
0x00007ffd71120000 - 0x00007ffd71475000 	C:\WINDOWS\System32\combase.dll
0x00007ffd6e880000 - 0x00007ffd6e8ac000 	C:\WINDOWS\SYSTEM32\Wldp.dll
0x00007ffd70fb0000 - 0x00007ffd7105e000 	C:\WINDOWS\System32\SHCORE.dll
0x00007ffd70050000 - 0x00007ffd700a5000 	C:\WINDOWS\System32\shlwapi.dll
0x00007ffd6ed60000 - 0x00007ffd6ed7f000 	C:\WINDOWS\SYSTEM32\profapi.dll
0x00007ffd52e10000 - 0x00007ffd52e29000 	C:\Users\janme\.p2\pool\plugins\org.eclipse.justj.openjdk.hotspot.jre.full.win32.x86_64_15.0.2.v20210201-0955\jre\bin\net.dll
0x00007ffd65510000 - 0x00007ffd65618000 	C:\WINDOWS\SYSTEM32\WINHTTP.dll
0x00007ffd6e5e0000 - 0x00007ffd6e64a000 	C:\WINDOWS\system32\mswsock.dll
0x00007ffd51e30000 - 0x00007ffd51e42000 	C:\Users\janme\.p2\pool\plugins\org.eclipse.justj.openjdk.hotspot.jre.full.win32.x86_64_15.0.2.v20210201-0955\jre\bin\nio.dll
0x00007ffd6e280000 - 0x00007ffd6e2bb000 	C:\WINDOWS\SYSTEM32\IPHLPAPI.DLL
0x00007ffd70c80000 - 0x00007ffd70c88000 	C:\WINDOWS\System32\NSI.dll
0x00007ffd68a60000 - 0x00007ffd68a77000 	C:\WINDOWS\SYSTEM32\dhcpcsvc6.DLL
0x00007ffd689a0000 - 0x00007ffd689bd000 	C:\WINDOWS\SYSTEM32\dhcpcsvc.DLL
0x00007ffd6e2c0000 - 0x00007ffd6e38c000 	C:\WINDOWS\SYSTEM32\DNSAPI.dll
0x00007ffd5e9d0000 - 0x00007ffd5e9e0000 	C:\Users\janme\.p2\pool\plugins\org.eclipse.justj.openjdk.hotspot.jre.full.win32.x86_64_15.0.2.v20210201-0955\jre\bin\verify.dll

dbghelp: loaded successfully - version: 4.0.5 - missing functions: none
symbol engine: initialized successfully - sym options: 0x614 - pdb path: .;C:\Users\janme\.p2\pool\plugins\org.eclipse.justj.openjdk.hotspot.jre.full.win32.x86_64_15.0.2.v20210201-0955\jre\bin;C:\WINDOWS\SYSTEM32;C:\WINDOWS\WinSxS\amd64_microsoft.windows.common-controls_6595b64144ccf1df_6.0.19041.1110_none_60b5254171f9507e;C:\Users\janme\.p2\pool\plugins\org.eclipse.justj.openjdk.hotspot.jre.full.win32.x86_64_15.0.2.v20210201-0955\jre\bin\server

VM Arguments:
jvm_args: -ea -ea -Dfile.encoding=UTF-8 -XX:+ShowCodeDetailsInExceptionMessages 
java_command: org.eclipse.jdt.internal.junit.runner.RemoteTestRunner -version 3 -port 55413 -testLoaderClass org.eclipse.jdt.internal.junit4.runner.JUnit4TestLoader -loaderpluginname org.eclipse.jdt.junit4.runtime -classNames Werkzeuge.CyborgSpeedTest
java_class_path (initial): C:\Users\janme\Documents\GitHub\Cyborg\Chess\bin;C:\Users\janme\.p2\pool\plugins\org.junit_4.13.0.v20200204-1500.jar;C:\Users\janme\.p2\pool\plugins\org.hamcrest.core_1.3.0.v20180420-1519.jar;C:\Users\janme\eclipse\java-2021-03\eclipse\configuration\org.eclipse.osgi\579\0\.cp;C:\Users\janme\eclipse\java-2021-03\eclipse\configuration\org.eclipse.osgi\578\0\.cp
Launcher Type: SUN_STANDARD

[Global flags]
     intx CICompilerCount                          = 3                                         {product} {ergonomic}
     uint ConcGCThreads                            = 2                                         {product} {ergonomic}
     uint G1ConcRefinementThreads                  = 6                                         {product} {ergonomic}
   size_t G1HeapRegionSize                         = 2097152                                   {product} {ergonomic}
    uintx GCDrainStackTargetSize                   = 64                                        {product} {ergonomic}
   size_t InitialHeapSize                          = 268435456                                 {product} {ergonomic}
   size_t MarkStackSize                            = 4194304                                   {product} {ergonomic}
   size_t MaxHeapSize                              = 4276092928                                {product} {ergonomic}
   size_t MaxNewSize                               = 2564816896                                {product} {ergonomic}
   size_t MinHeapDeltaBytes                        = 2097152                                   {product} {ergonomic}
   size_t MinHeapSize                              = 8388608                                   {product} {ergonomic}
    uintx NonNMethodCodeHeapSize                   = 5832780                                {pd product} {ergonomic}
    uintx NonProfiledCodeHeapSize                  = 122912730                              {pd product} {ergonomic}
    uintx ProfiledCodeHeapSize                     = 122912730                              {pd product} {ergonomic}
    uintx ReservedCodeCacheSize                    = 251658240                              {pd product} {ergonomic}
     bool SegmentedCodeCache                       = true                                      {product} {ergonomic}
     bool ShowCodeDetailsInExceptionMessages       = true                                   {manageable} {command line}
   size_t SoftMaxHeapSize                          = 4276092928                             {manageable} {ergonomic}
     bool UseCompressedClassPointers               = true                                 {lp64_product} {ergonomic}
     bool UseCompressedOops                        = true                                 {lp64_product} {ergonomic}
     bool UseG1GC                                  = true                                      {product} {ergonomic}
     bool UseLargePagesIndividualAllocation        = false                                  {pd product} {ergonomic}

Logging:
Log output configuration:
 #0: stdout all=warning uptime,level,tags
 #1: stderr all=off uptime,level,tags

Environment Variables:
PATH=C:/Users/janme/.p2/pool/plugins/org.eclipse.justj.openjdk.hotspot.jre.full.win32.x86_64_15.0.2.v20210201-0955/jre/bin/server;C:/Users/janme/.p2/pool/plugins/org.eclipse.justj.openjdk.hotspot.jre.full.win32.x86_64_15.0.2.v20210201-0955/jre/bin;C:\Program Files\AdoptOpenJDK\jdk-8.0.282.8-hotspot\bin;C:\Program Files (x86)\Common Files\Oracle\Java\javapath;C:\Windows\system32;C:\Windows;C:\Windows\System32\Wbem;C:\Windows\System32\WindowsPowerShell\v1.0\;C:\Windows\System32\OpenSSH\;C:\Program Files (x86)\NVIDIA Corporation\PhysX\Common;C:\WINDOWS\system32;C:\WINDOWS;C:\WINDOWS\System32\Wbem;C:\WINDOWS\System32\WindowsPowerShell\v1.0\;C:\WINDOWS\System32\OpenSSH\;C:\Users\janme\AppData\Local\Microsoft\WindowsApps;C:\Users\janme\AppData\Local\atom\bin;C:\Users\janme\AppData\Local\Microsoft\WindowsApps;C:\Users\janme\AppData\Local\GitHubDesktop\bin;C:\Users\janme\AppData\Roaming\OpenShell\Pinned;
USERNAME=janme
OS=Windows_NT
PROCESSOR_IDENTIFIER=Intel64 Family 6 Model 158 Stepping 12, GenuineIntel



---------------  S Y S T E M  ---------------

OS:
 Windows 10 , 64 bit Build 19041 (10.0.19041.1151)
OS uptime: 5 days 19:22 hours

CPU: total 6 (initial active 6) (6 cores per cpu, 1 threads per core) family 6 model 158 stepping 12 microcode 0xde, cmov, cx8, fxsr, mmx, sse, sse2, sse3, ssse3, sse4.1, sse4.2, popcnt, vzeroupper, avx, avx2, aes, clmul, erms, 3dnowpref, lzcnt, tsc, tscinvbit, bmi1, bmi2, adx, fma, clflush, clflushopt

Memory: 4k page, system-wide physical 16310M (3633M free)
TotalPageFile size 16310M (AvailPageFile size 58M)
current process WorkingSet (physical memory assigned to process): 345M, peak: 349M
current process commit charge ("private bytes"): 492M, peak: 566M

vm_info: OpenJDK 64-Bit Server VM (15.0.2+7-27) for windows-amd64 JRE (15.0.2+7-27), built on Dec  7 2020 20:02:38 by "mach5one" with unknown MS VC++:1925

END.
