#
# There is insufficient memory for the Java Runtime Environment to continue.
# Native memory allocation (mmap) failed to map 362807296 bytes for G1 virtual space
# Possible reasons:
#   The system is out of physical RAM or swap space
#   The process is running with CompressedOops enabled, and the Java Heap may be blocking the growth of the native heap
# Possible solutions:
#   Reduce memory load on the system
#   Increase physical memory or swap space
#   Check if swap backing store is full
#   Decrease Java heap size (-Xmx/-Xms)
#   Decrease number of Java threads
#   Decrease Java thread stack sizes (-Xss)
#   Set larger code cache with -XX:ReservedCodeCacheSize=
#   JVM is running with Zero Based Compressed Oops mode in which the Java heap is
#     placed in the first 32GB address space. The Java Heap base address is the
#     maximum limit for the native heap growth. Please use -XX:HeapBaseMinAddress
#     to set the Java Heap base and to place the Java Heap above 32GB virtual address.
# This output file may be truncated or incomplete.
#
#  Out of Memory Error (./open/src/hotspot/os/windows/os_windows.cpp:3321), pid=7036, tid=14164
#
# JRE version: OpenJDK Runtime Environment (15.0.2+7) (build 15.0.2+7-27)
# Java VM: OpenJDK 64-Bit Server VM (15.0.2+7-27, mixed mode, tiered, compressed oops, g1 gc, windows-amd64)
# No core dump will be written. Minidumps are not enabled by default on client versions of Windows
#

---------------  S U M M A R Y ------------

Command Line: -ea -ea -Dfile.encoding=UTF-8 -XX:+ShowCodeDetailsInExceptionMessages org.eclipse.jdt.internal.junit.runner.RemoteTestRunner -version 3 -port 57020 -testLoaderClass org.eclipse.jdt.internal.junit4.runner.JUnit4TestLoader -loaderpluginname org.eclipse.jdt.junit4.runtime -classNames Services.PositionCalc3Test

Host: Intel(R) Core(TM) i5-9400 CPU @ 2.90GHz, 6 cores, 15G,  Windows 10 , 64 bit Build 19041 (10.0.19041.1023)
Time: Thu Aug 12 13:24:13 2021 W. Europe Summer Time elapsed time: 1.218224 seconds (0d 0h 0m 1s)

---------------  T H R E A D  ---------------

Current thread (0x0000020668b9f0b0):  VMThread "VM Thread" [stack: 0x0000009d4c100000,0x0000009d4c200000] [id=14164]

Stack: [0x0000009d4c100000,0x0000009d4c200000]
[error occurred during error reporting (printing stack bounds), id 0xc0000005, EXCEPTION_ACCESS_VIOLATION (0xc0000005) at pc=0x000002064d2810ad]

Native frames: (J=compiled Java code, j=interpreted, Vv=VM code, C=native code)
V  [jvm.dll+0x62ae9a]
V  [jvm.dll+0x7817a9]
V  [jvm.dll+0x782f03]
V  [jvm.dll+0x7834c5]
V  [jvm.dll+0x78347b]
V  [jvm.dll+0x62a2b9]
V  [jvm.dll+0x62aa88]
C  [ntdll.dll+0xa217f]
C  [ntdll.dll+0x51454]
C  [ntdll.dll+0xa0cae]
C  0x000002064d2810ad

VM_Operation (0x0000009d4bbfd920): G1CollectForAllocation, mode: safepoint, requested by thread 0x0000020649862450


---------------  P R O C E S S  ---------------

Threads class SMR info:
_java_thread_list=0x00000206690c9890, length=13, elements={
0x0000020649862450, 0x0000020668ba24f0, 0x0000020668ba2eb0, 0x0000020668bf8540,
0x0000020668bea2b0, 0x0000020668becb80, 0x0000020668bed770, 0x0000020668bee070,
0x0000020668c10630, 0x0000020668d914a0, 0x0000020668daedf0, 0x00000206690cd260,
0x000002066910c620
}

Java Threads: ( => current thread )
  0x0000020649862450 JavaThread "main" [_thread_blocked, id=16892, stack(0x0000009d4bb00000,0x0000009d4bc00000)]
  0x0000020668ba24f0 JavaThread "Reference Handler" daemon [_thread_blocked, id=1116, stack(0x0000009d4c200000,0x0000009d4c300000)]
  0x0000020668ba2eb0 JavaThread "Finalizer" daemon [_thread_blocked, id=11720, stack(0x0000009d4c300000,0x0000009d4c400000)]
  0x0000020668bf8540 JavaThread "Signal Dispatcher" daemon [_thread_blocked, id=7496, stack(0x0000009d4c400000,0x0000009d4c500000)]
  0x0000020668bea2b0 JavaThread "Attach Listener" daemon [_thread_blocked, id=7128, stack(0x0000009d4c500000,0x0000009d4c600000)]
  0x0000020668becb80 JavaThread "Service Thread" daemon [_thread_blocked, id=5408, stack(0x0000009d4c600000,0x0000009d4c700000)]
  0x0000020668bed770 JavaThread "C2 CompilerThread0" daemon [_thread_in_native, id=7784, stack(0x0000009d4c700000,0x0000009d4c800000)]
  0x0000020668bee070 JavaThread "C1 CompilerThread0" daemon [_thread_blocked, id=12012, stack(0x0000009d4c800000,0x0000009d4c900000)]
  0x0000020668c10630 JavaThread "Sweeper thread" daemon [_thread_blocked, id=10112, stack(0x0000009d4c900000,0x0000009d4ca00000)]
  0x0000020668d914a0 JavaThread "Notification Thread" daemon [_thread_blocked, id=4588, stack(0x0000009d4ca00000,0x0000009d4cb00000)]
  0x0000020668daedf0 JavaThread "Common-Cleaner" daemon [_thread_blocked, id=16908, stack(0x0000009d4cc00000,0x0000009d4cd00000)]
  0x00000206690cd260 JavaThread "C2 CompilerThread1" daemon [_thread_blocked, id=16776, stack(0x0000009d4cd00000,0x0000009d4ce00000)]
  0x000002066910c620 JavaThread "ReaderThread" [_thread_in_native, id=14120, stack(0x0000009d4ce00000,0x0000009d4cf00000)]

Other Threads:
=>0x0000020668b9f0b0 VMThread "VM Thread" [stack: 0x0000009d4c100000,0x0000009d4c200000] [id=14164]
  0x0000020668d93980 WatcherThread [stack: 0x0000009d4cb00000,0x0000009d4cc00000] [id=15560]
  0x00000206498b34f0 GCTaskThread "GC Thread#0" [stack: 0x0000009d4bc00000,0x0000009d4bd00000] [id=11540]
  0x0000020669228640 GCTaskThread "GC Thread#1" [stack: 0x0000009d4cf00000,0x0000009d4d000000] [id=12376]
  0x0000020669225cd0 GCTaskThread "GC Thread#2" [stack: 0x0000009d4d000000,0x0000009d4d100000] [id=9796]
  0x0000020669227650 GCTaskThread "GC Thread#3" [stack: 0x0000009d4d100000,0x0000009d4d200000] [id=8244]
  0x0000020669227fe0 GCTaskThread "GC Thread#4" [stack: 0x0000009d4d200000,0x0000009d4d300000] [id=5412]
  0x0000020669228310 GCTaskThread "GC Thread#5" [stack: 0x0000009d4d300000,0x0000009d4d400000] [id=9664]
  0x00000206498c54b0 ConcurrentGCThread "G1 Main Marker" [stack: 0x0000009d4bd00000,0x0000009d4be00000] [id=7708]
  0x00000206498c5fb0 ConcurrentGCThread "G1 Conc#0" [stack: 0x0000009d4be00000,0x0000009d4bf00000] [id=11156]
  0x00000206499333b0 ConcurrentGCThread "G1 Refine#0" [stack: 0x0000009d4bf00000,0x0000009d4c000000] [id=16276]
  0x00000206681d30d0 ConcurrentGCThread "G1 Young RemSet Sampling" [stack: 0x0000009d4c000000,0x0000009d4c100000] [id=6604]

Threads with active compile tasks:
C2 CompilerThread0     1228  806       4       Material.King::getMoves (731 bytes)

VM state: at safepoint (normal execution)

VM Mutex/Monitor currently owned by a thread:  ([mutex/lock_event])
[0x00000206477ab9a0] Threads_lock - owner thread: 0x0000020668b9f0b0
[0x00000206477ac3c0] Heap_lock - owner thread: 0x0000020649862450

Heap address: 0x0000000701200000, size: 4078 MB, Compressed Oops mode: Zero based, Oop shift amount: 3
CDS disabled.
Compressed class space mapped at: 0x0000000800000000-0x0000000840000000, size: 1073741824
Narrow klass base: 0x0000000800000000, Narrow klass shift: 0, Narrow klass range: 0x40000000

GC Precious Log:
 CPUs: 6 total, 6 available
 Memory: 16310M
 Large Page Support: Disabled
 NUMA Support: Disabled
 Compressed Oops: Enabled (Zero based)
 Heap Region Size: 2M
 Heap Min Capacity: 8M
 Heap Initial Capacity: 256M
 Heap Max Capacity: 4078M
 Pre-touch: Disabled
 Parallel Workers: 6
 Concurrent Workers: 2
 Concurrent Refinement Workers: 6
 Periodic GC: Disabled

Heap:
 garbage-first heap   total 708608K, used 112798K [0x0000000701200000, 0x0000000800000000)
  region size 2048K, 8 young (16384K), 8 survivors (16384K)
 Metaspace       used 11399K, capacity 11541K, committed 11648K, reserved 1060864K
  class space    used 1034K, capacity 1053K, committed 1152K, reserved 1048576K

Heap Regions: E=young(eden), S=young(survivor), O=old, HS=humongous(starts), HC=humongous(continues), CS=collection set, F=free, OA=open archive, CA=closed archive, TAMS=top-at-mark-start (previous, next)
|   0|0x0000000701200000, 0x0000000701400000, 0x0000000701400000|100%| O|  |TAMS 0x0000000701200000, 0x0000000701200000| Untracked 
|   1|0x0000000701400000, 0x0000000701600000, 0x0000000701600000|100%| O|  |TAMS 0x0000000701400000, 0x0000000701400000| Untracked 
|   2|0x0000000701600000, 0x0000000701800000, 0x0000000701800000|100%| O|  |TAMS 0x0000000701600000, 0x0000000701600000| Untracked 
|   3|0x0000000701800000, 0x0000000701a00000, 0x0000000701a00000|100%| O|  |TAMS 0x0000000701800000, 0x0000000701800000| Untracked 
|   4|0x0000000701a00000, 0x0000000701c00000, 0x0000000701c00000|100%| O|  |TAMS 0x0000000701a00000, 0x0000000701a00000| Untracked 
|   5|0x0000000701c00000, 0x0000000701e00000, 0x0000000701e00000|100%| O|  |TAMS 0x0000000701c00000, 0x0000000701c00000| Untracked 
|   6|0x0000000701e00000, 0x0000000702000000, 0x0000000702000000|100%| O|  |TAMS 0x0000000701e00000, 0x0000000701e00000| Untracked 
|   7|0x0000000702000000, 0x0000000702200000, 0x0000000702200000|100%| O|  |TAMS 0x0000000702000000, 0x0000000702000000| Untracked 
|   8|0x0000000702200000, 0x0000000702400000, 0x0000000702400000|100%| O|  |TAMS 0x0000000702200000, 0x0000000702200000| Untracked 
|   9|0x0000000702400000, 0x0000000702600000, 0x0000000702600000|100%| O|  |TAMS 0x0000000702400000, 0x0000000702400000| Untracked 
|  10|0x0000000702600000, 0x0000000702800000, 0x0000000702800000|100%| O|  |TAMS 0x0000000702600000, 0x0000000702600000| Untracked 
|  11|0x0000000702800000, 0x0000000702a00000, 0x0000000702a00000|100%| O|  |TAMS 0x0000000702800000, 0x0000000702800000| Untracked 
|  12|0x0000000702a00000, 0x0000000702c00000, 0x0000000702c00000|100%| O|  |TAMS 0x0000000702a00000, 0x0000000702a00000| Untracked 
|  13|0x0000000702c00000, 0x0000000702e00000, 0x0000000702e00000|100%| O|  |TAMS 0x0000000702c00000, 0x0000000702c00000| Untracked 
|  14|0x0000000702e00000, 0x0000000703000000, 0x0000000703000000|100%| O|  |TAMS 0x0000000702e00000, 0x0000000702e00000| Untracked 
|  15|0x0000000703000000, 0x0000000703200000, 0x0000000703200000|100%| O|  |TAMS 0x0000000703000000, 0x0000000703000000| Untracked 
|  16|0x0000000703200000, 0x0000000703400000, 0x0000000703400000|100%| O|  |TAMS 0x0000000703200000, 0x0000000703200000| Untracked 
|  17|0x0000000703400000, 0x0000000703600000, 0x0000000703600000|100%| O|  |TAMS 0x0000000703400000, 0x0000000703400000| Untracked 
|  18|0x0000000703600000, 0x0000000703800000, 0x0000000703800000|100%| O|  |TAMS 0x0000000703600000, 0x0000000703600000| Untracked 
|  19|0x0000000703800000, 0x0000000703a00000, 0x0000000703a00000|100%| O|  |TAMS 0x0000000703800000, 0x0000000703800000| Untracked 
|  20|0x0000000703a00000, 0x0000000703c00000, 0x0000000703c00000|100%| O|  |TAMS 0x0000000703a00000, 0x0000000703a00000| Untracked 
|  21|0x0000000703c00000, 0x0000000703e00000, 0x0000000703e00000|100%| O|  |TAMS 0x0000000703c00000, 0x0000000703c00000| Untracked 
|  22|0x0000000703e00000, 0x0000000704000000, 0x0000000704000000|100%| O|  |TAMS 0x0000000703e00000, 0x0000000703e00000| Untracked 
|  23|0x0000000704000000, 0x0000000704200000, 0x0000000704200000|100%| O|  |TAMS 0x0000000704000000, 0x0000000704000000| Untracked 
|  24|0x0000000704200000, 0x0000000704400000, 0x0000000704400000|100%| O|  |TAMS 0x0000000704200000, 0x0000000704200000| Untracked 
|  25|0x0000000704400000, 0x0000000704600000, 0x0000000704600000|100%| O|  |TAMS 0x0000000704400000, 0x0000000704400000| Untracked 
|  26|0x0000000704600000, 0x0000000704800000, 0x0000000704800000|100%| O|  |TAMS 0x0000000704600000, 0x0000000704600000| Untracked 
|  27|0x0000000704800000, 0x0000000704a00000, 0x0000000704a00000|100%| O|  |TAMS 0x0000000704800000, 0x0000000704800000| Untracked 
|  28|0x0000000704a00000, 0x0000000704c00000, 0x0000000704c00000|100%| O|  |TAMS 0x0000000704a00000, 0x0000000704a00000| Untracked 
|  29|0x0000000704c00000, 0x0000000704e00000, 0x0000000704e00000|100%| O|  |TAMS 0x0000000704c00000, 0x0000000704c00000| Untracked 
|  30|0x0000000704e00000, 0x0000000705000000, 0x0000000705000000|100%| O|  |TAMS 0x0000000704e00000, 0x0000000704e00000| Untracked 
|  31|0x0000000705000000, 0x0000000705200000, 0x0000000705200000|100%| O|  |TAMS 0x0000000705000000, 0x0000000705000000| Untracked 
|  32|0x0000000705200000, 0x0000000705400000, 0x0000000705400000|100%| O|  |TAMS 0x0000000705200000, 0x0000000705200000| Untracked 
|  33|0x0000000705400000, 0x0000000705600000, 0x0000000705600000|100%| O|  |TAMS 0x0000000705400000, 0x0000000705400000| Untracked 
|  34|0x0000000705600000, 0x0000000705800000, 0x0000000705800000|100%| O|  |TAMS 0x0000000705600000, 0x0000000705600000| Untracked 
|  35|0x0000000705800000, 0x0000000705a00000, 0x0000000705a00000|100%| O|  |TAMS 0x0000000705800000, 0x0000000705800000| Untracked 
|  36|0x0000000705a00000, 0x0000000705c00000, 0x0000000705c00000|100%| O|  |TAMS 0x0000000705a00000, 0x0000000705a00000| Untracked 
|  37|0x0000000705c00000, 0x0000000705e00000, 0x0000000705e00000|100%| O|  |TAMS 0x0000000705c00000, 0x0000000705c00000| Untracked 
|  38|0x0000000705e00000, 0x0000000706000000, 0x0000000706000000|100%| O|  |TAMS 0x0000000705e00000, 0x0000000705e00000| Untracked 
|  39|0x0000000706000000, 0x0000000706200000, 0x0000000706200000|100%| O|  |TAMS 0x0000000706000000, 0x0000000706000000| Untracked 
|  40|0x0000000706200000, 0x0000000706400000, 0x0000000706400000|100%| O|  |TAMS 0x0000000706200000, 0x0000000706200000| Untracked 
|  41|0x0000000706400000, 0x0000000706600000, 0x0000000706600000|100%| O|  |TAMS 0x0000000706400000, 0x0000000706400000| Untracked 
|  42|0x0000000706600000, 0x0000000706800000, 0x0000000706800000|100%| O|  |TAMS 0x0000000706600000, 0x0000000706600000| Untracked 
|  43|0x0000000706800000, 0x0000000706a00000, 0x0000000706a00000|100%| O|  |TAMS 0x0000000706800000, 0x0000000706800000| Untracked 
|  44|0x0000000706a00000, 0x0000000706c00000, 0x0000000706c00000|100%| O|  |TAMS 0x0000000706a00000, 0x0000000706a00000| Untracked 
|  45|0x0000000706c00000, 0x0000000706e00000, 0x0000000706e00000|100%| O|  |TAMS 0x0000000706c00000, 0x0000000706c00000| Untracked 
|  46|0x0000000706e00000, 0x0000000707000000, 0x0000000707000000|100%| O|  |TAMS 0x0000000706e00000, 0x0000000706e00000| Untracked 
|  47|0x0000000707000000, 0x0000000707090a00, 0x0000000707200000| 28%| O|  |TAMS 0x0000000707000000, 0x0000000707000000| Untracked 
|  48|0x0000000707200000, 0x0000000707200000, 0x0000000707400000|  0%| F|  |TAMS 0x0000000707200000, 0x0000000707200000| Untracked 
|  49|0x0000000707400000, 0x0000000707400000, 0x0000000707600000|  0%| F|  |TAMS 0x0000000707400000, 0x0000000707400000| Untracked 
|  50|0x0000000707600000, 0x0000000707600000, 0x0000000707800000|  0%| F|  |TAMS 0x0000000707600000, 0x0000000707600000| Untracked 
|  51|0x0000000707800000, 0x0000000707800000, 0x0000000707a00000|  0%| F|  |TAMS 0x0000000707800000, 0x0000000707800000| Untracked 
|  52|0x0000000707a00000, 0x0000000707a00000, 0x0000000707c00000|  0%| F|  |TAMS 0x0000000707a00000, 0x0000000707a00000| Untracked 
|  53|0x0000000707c00000, 0x0000000707c00000, 0x0000000707e00000|  0%| F|  |TAMS 0x0000000707c00000, 0x0000000707c00000| Untracked 
|  54|0x0000000707e00000, 0x0000000707e00000, 0x0000000708000000|  0%| F|  |TAMS 0x0000000707e00000, 0x0000000707e00000| Untracked 
|  55|0x0000000708000000, 0x0000000708000000, 0x0000000708200000|  0%| F|  |TAMS 0x0000000708000000, 0x0000000708000000| Untracked 
|  56|0x0000000708200000, 0x0000000708200000, 0x0000000708400000|  0%| F|  |TAMS 0x0000000708200000, 0x0000000708200000| Untracked 
|  57|0x0000000708400000, 0x0000000708400000, 0x0000000708600000|  0%| F|  |TAMS 0x0000000708400000, 0x0000000708400000| Untracked 
|  58|0x0000000708600000, 0x0000000708600000, 0x0000000708800000|  0%| F|  |TAMS 0x0000000708600000, 0x0000000708600000| Untracked 
|  59|0x0000000708800000, 0x0000000708800000, 0x0000000708a00000|  0%| F|  |TAMS 0x0000000708800000, 0x0000000708800000| Untracked 
|  60|0x0000000708a00000, 0x0000000708a00000, 0x0000000708c00000|  0%| F|  |TAMS 0x0000000708a00000, 0x0000000708a00000| Untracked 
|  61|0x0000000708c00000, 0x0000000708c00000, 0x0000000708e00000|  0%| F|  |TAMS 0x0000000708c00000, 0x0000000708c00000| Untracked 
|  62|0x0000000708e00000, 0x0000000708e00000, 0x0000000709000000|  0%| F|  |TAMS 0x0000000708e00000, 0x0000000708e00000| Untracked 
|  63|0x0000000709000000, 0x0000000709000000, 0x0000000709200000|  0%| F|  |TAMS 0x0000000709000000, 0x0000000709000000| Untracked 
|  64|0x0000000709200000, 0x0000000709200000, 0x0000000709400000|  0%| F|  |TAMS 0x0000000709200000, 0x0000000709200000| Untracked 
|  65|0x0000000709400000, 0x0000000709400000, 0x0000000709600000|  0%| F|  |TAMS 0x0000000709400000, 0x0000000709400000| Untracked 
|  66|0x0000000709600000, 0x0000000709600000, 0x0000000709800000|  0%| F|  |TAMS 0x0000000709600000, 0x0000000709600000| Untracked 
|  67|0x0000000709800000, 0x0000000709800000, 0x0000000709a00000|  0%| F|  |TAMS 0x0000000709800000, 0x0000000709800000| Untracked 
|  68|0x0000000709a00000, 0x0000000709a00000, 0x0000000709c00000|  0%| F|  |TAMS 0x0000000709a00000, 0x0000000709a00000| Untracked 
|  69|0x0000000709c00000, 0x0000000709c00000, 0x0000000709e00000|  0%| F|  |TAMS 0x0000000709c00000, 0x0000000709c00000| Untracked 
|  70|0x0000000709e00000, 0x0000000709e00000, 0x000000070a000000|  0%| F|  |TAMS 0x0000000709e00000, 0x0000000709e00000| Untracked 
|  71|0x000000070a000000, 0x000000070a000000, 0x000000070a200000|  0%| F|  |TAMS 0x000000070a000000, 0x000000070a000000| Untracked 
|  72|0x000000070a200000, 0x000000070a200000, 0x000000070a400000|  0%| F|  |TAMS 0x000000070a200000, 0x000000070a200000| Untracked 
|  73|0x000000070a400000, 0x000000070a400000, 0x000000070a600000|  0%| F|  |TAMS 0x000000070a400000, 0x000000070a400000| Untracked 
|  74|0x000000070a600000, 0x000000070a600000, 0x000000070a800000|  0%| F|  |TAMS 0x000000070a600000, 0x000000070a600000| Untracked 
|  75|0x000000070a800000, 0x000000070a800000, 0x000000070aa00000|  0%| F|  |TAMS 0x000000070a800000, 0x000000070a800000| Untracked 
|  76|0x000000070aa00000, 0x000000070aa00000, 0x000000070ac00000|  0%| F|  |TAMS 0x000000070aa00000, 0x000000070aa00000| Untracked 
|  77|0x000000070ac00000, 0x000000070ac00000, 0x000000070ae00000|  0%| F|  |TAMS 0x000000070ac00000, 0x000000070ac00000| Untracked 
|  78|0x000000070ae00000, 0x000000070af970e8, 0x000000070b000000| 79%| S|CS|TAMS 0x000000070ae00000, 0x000000070ae00000| Complete 
|  79|0x000000070b000000, 0x000000070b200000, 0x000000070b200000|100%| S|CS|TAMS 0x000000070b000000, 0x000000070b000000| Complete 
|  80|0x000000070b200000, 0x000000070b400000, 0x000000070b400000|100%| S|CS|TAMS 0x000000070b200000, 0x000000070b200000| Complete 
|  81|0x000000070b400000, 0x000000070b600000, 0x000000070b600000|100%| S|CS|TAMS 0x000000070b400000, 0x000000070b400000| Complete 
|  82|0x000000070b600000, 0x000000070b800000, 0x000000070b800000|100%| S|CS|TAMS 0x000000070b600000, 0x000000070b600000| Complete 
|  83|0x000000070b800000, 0x000000070ba00000, 0x000000070ba00000|100%| S|CS|TAMS 0x000000070b800000, 0x000000070b800000| Complete 
|  84|0x000000070ba00000, 0x000000070bc00000, 0x000000070bc00000|100%| S|CS|TAMS 0x000000070ba00000, 0x000000070ba00000| Complete 
|  85|0x000000070bc00000, 0x000000070be00000, 0x000000070be00000|100%| S|CS|TAMS 0x000000070bc00000, 0x000000070bc00000| Complete 
|  86|0x000000070be00000, 0x000000070be00000, 0x000000070c000000|  0%| F|  |TAMS 0x000000070be00000, 0x000000070be00000| Untracked 
|  87|0x000000070c000000, 0x000000070c000000, 0x000000070c200000|  0%| F|  |TAMS 0x000000070c000000, 0x000000070c000000| Untracked 
|  88|0x000000070c200000, 0x000000070c200000, 0x000000070c400000|  0%| F|  |TAMS 0x000000070c200000, 0x000000070c200000| Untracked 
|  89|0x000000070c400000, 0x000000070c400000, 0x000000070c600000|  0%| F|  |TAMS 0x000000070c400000, 0x000000070c400000| Untracked 
|  90|0x000000070c600000, 0x000000070c600000, 0x000000070c800000|  0%| F|  |TAMS 0x000000070c600000, 0x000000070c600000| Untracked 
|  91|0x000000070c800000, 0x000000070c800000, 0x000000070ca00000|  0%| F|  |TAMS 0x000000070c800000, 0x000000070c800000| Untracked 
|  92|0x000000070ca00000, 0x000000070ca00000, 0x000000070cc00000|  0%| F|  |TAMS 0x000000070ca00000, 0x000000070ca00000| Untracked 
|  93|0x000000070cc00000, 0x000000070cc00000, 0x000000070ce00000|  0%| F|  |TAMS 0x000000070cc00000, 0x000000070cc00000| Untracked 
|  94|0x000000070ce00000, 0x000000070ce00000, 0x000000070d000000|  0%| F|  |TAMS 0x000000070ce00000, 0x000000070ce00000| Untracked 
|  95|0x000000070d000000, 0x000000070d000000, 0x000000070d200000|  0%| F|  |TAMS 0x000000070d000000, 0x000000070d000000| Untracked 
|  96|0x000000070d200000, 0x000000070d200000, 0x000000070d400000|  0%| F|  |TAMS 0x000000070d200000, 0x000000070d200000| Untracked 
|  97|0x000000070d400000, 0x000000070d400000, 0x000000070d600000|  0%| F|  |TAMS 0x000000070d400000, 0x000000070d400000| Untracked 
|  98|0x000000070d600000, 0x000000070d600000, 0x000000070d800000|  0%| F|  |TAMS 0x000000070d600000, 0x000000070d600000| Untracked 
|  99|0x000000070d800000, 0x000000070d800000, 0x000000070da00000|  0%| F|  |TAMS 0x000000070d800000, 0x000000070d800000| Untracked 
| 100|0x000000070da00000, 0x000000070da00000, 0x000000070dc00000|  0%| F|  |TAMS 0x000000070da00000, 0x000000070da00000| Untracked 
| 101|0x000000070dc00000, 0x000000070dc00000, 0x000000070de00000|  0%| F|  |TAMS 0x000000070dc00000, 0x000000070dc00000| Untracked 
| 102|0x000000070de00000, 0x000000070de00000, 0x000000070e000000|  0%| F|  |TAMS 0x000000070de00000, 0x000000070de00000| Untracked 
| 103|0x000000070e000000, 0x000000070e000000, 0x000000070e200000|  0%| F|  |TAMS 0x000000070e000000, 0x000000070e000000| Untracked 
| 104|0x000000070e200000, 0x000000070e200000, 0x000000070e400000|  0%| F|  |TAMS 0x000000070e200000, 0x000000070e200000| Untracked 
| 105|0x000000070e400000, 0x000000070e400000, 0x000000070e600000|  0%| F|  |TAMS 0x000000070e400000, 0x000000070e400000| Untracked 
| 106|0x000000070e600000, 0x000000070e600000, 0x000000070e800000|  0%| F|  |TAMS 0x000000070e600000, 0x000000070e600000| Untracked 
| 107|0x000000070e800000, 0x000000070e800000, 0x000000070ea00000|  0%| F|  |TAMS 0x000000070e800000, 0x000000070e800000| Untracked 
| 108|0x000000070ea00000, 0x000000070ea00000, 0x000000070ec00000|  0%| F|  |TAMS 0x000000070ea00000, 0x000000070ea00000| Untracked 
| 109|0x000000070ec00000, 0x000000070ec00000, 0x000000070ee00000|  0%| F|  |TAMS 0x000000070ec00000, 0x000000070ec00000| Untracked 
| 110|0x000000070ee00000, 0x000000070ee00000, 0x000000070f000000|  0%| F|  |TAMS 0x000000070ee00000, 0x000000070ee00000| Untracked 
| 111|0x000000070f000000, 0x000000070f000000, 0x000000070f200000|  0%| F|  |TAMS 0x000000070f000000, 0x000000070f000000| Untracked 
| 112|0x000000070f200000, 0x000000070f200000, 0x000000070f400000|  0%| F|  |TAMS 0x000000070f200000, 0x000000070f200000| Untracked 
| 113|0x000000070f400000, 0x000000070f400000, 0x000000070f600000|  0%| F|  |TAMS 0x000000070f400000, 0x000000070f400000| Untracked 
| 114|0x000000070f600000, 0x000000070f600000, 0x000000070f800000|  0%| F|  |TAMS 0x000000070f600000, 0x000000070f600000| Untracked 
| 115|0x000000070f800000, 0x000000070f800000, 0x000000070fa00000|  0%| F|  |TAMS 0x000000070f800000, 0x000000070f800000| Untracked 
| 116|0x000000070fa00000, 0x000000070fa00000, 0x000000070fc00000|  0%| F|  |TAMS 0x000000070fa00000, 0x000000070fa00000| Untracked 
| 117|0x000000070fc00000, 0x000000070fc00000, 0x000000070fe00000|  0%| F|  |TAMS 0x000000070fc00000, 0x000000070fc00000| Untracked 
| 118|0x000000070fe00000, 0x000000070fe00000, 0x0000000710000000|  0%| F|  |TAMS 0x000000070fe00000, 0x000000070fe00000| Untracked 
| 119|0x0000000710000000, 0x0000000710000000, 0x0000000710200000|  0%| F|  |TAMS 0x0000000710000000, 0x0000000710000000| Untracked 
| 120|0x0000000710200000, 0x0000000710200000, 0x0000000710400000|  0%| F|  |TAMS 0x0000000710200000, 0x0000000710200000| Untracked 
| 121|0x0000000710400000, 0x0000000710400000, 0x0000000710600000|  0%| F|  |TAMS 0x0000000710400000, 0x0000000710400000| Untracked 
| 122|0x0000000710600000, 0x0000000710600000, 0x0000000710800000|  0%| F|  |TAMS 0x0000000710600000, 0x0000000710600000| Untracked 
| 123|0x0000000710800000, 0x0000000710800000, 0x0000000710a00000|  0%| F|  |TAMS 0x0000000710800000, 0x0000000710800000| Untracked 
| 124|0x0000000710a00000, 0x0000000710a00000, 0x0000000710c00000|  0%| F|  |TAMS 0x0000000710a00000, 0x0000000710a00000| Untracked 
| 125|0x0000000710c00000, 0x0000000710c00000, 0x0000000710e00000|  0%| F|  |TAMS 0x0000000710c00000, 0x0000000710c00000| Untracked 
| 126|0x0000000710e00000, 0x0000000710e00000, 0x0000000711000000|  0%| F|  |TAMS 0x0000000710e00000, 0x0000000710e00000| Untracked 
| 127|0x0000000711000000, 0x0000000711000000, 0x0000000711200000|  0%| F|  |TAMS 0x0000000711000000, 0x0000000711000000| Untracked 
| 128|0x0000000711200000, 0x0000000711200000, 0x0000000711400000|  0%| F|  |TAMS 0x0000000711200000, 0x0000000711200000| Untracked 
| 129|0x0000000711400000, 0x0000000711400000, 0x0000000711600000|  0%| F|  |TAMS 0x0000000711400000, 0x0000000711400000| Untracked 
| 130|0x0000000711600000, 0x0000000711600000, 0x0000000711800000|  0%| F|  |TAMS 0x0000000711600000, 0x0000000711600000| Untracked 
| 131|0x0000000711800000, 0x0000000711800000, 0x0000000711a00000|  0%| F|  |TAMS 0x0000000711800000, 0x0000000711800000| Untracked 
| 132|0x0000000711a00000, 0x0000000711a00000, 0x0000000711c00000|  0%| F|  |TAMS 0x0000000711a00000, 0x0000000711a00000| Untracked 
| 133|0x0000000711c00000, 0x0000000711c00000, 0x0000000711e00000|  0%| F|  |TAMS 0x0000000711c00000, 0x0000000711c00000| Untracked 
| 134|0x0000000711e00000, 0x0000000711e00000, 0x0000000712000000|  0%| F|  |TAMS 0x0000000711e00000, 0x0000000711e00000| Untracked 
| 135|0x0000000712000000, 0x0000000712000000, 0x0000000712200000|  0%| F|  |TAMS 0x0000000712000000, 0x0000000712000000| Untracked 
| 136|0x0000000712200000, 0x0000000712200000, 0x0000000712400000|  0%| F|  |TAMS 0x0000000712200000, 0x0000000712200000| Untracked 
| 137|0x0000000712400000, 0x0000000712400000, 0x0000000712600000|  0%| F|  |TAMS 0x0000000712400000, 0x0000000712400000| Untracked 
| 138|0x0000000712600000, 0x0000000712600000, 0x0000000712800000|  0%| F|  |TAMS 0x0000000712600000, 0x0000000712600000| Untracked 
| 139|0x0000000712800000, 0x0000000712800000, 0x0000000712a00000|  0%| F|  |TAMS 0x0000000712800000, 0x0000000712800000| Untracked 
| 140|0x0000000712a00000, 0x0000000712a00000, 0x0000000712c00000|  0%| F|  |TAMS 0x0000000712a00000, 0x0000000712a00000| Untracked 
| 141|0x0000000712c00000, 0x0000000712c00000, 0x0000000712e00000|  0%| F|  |TAMS 0x0000000712c00000, 0x0000000712c00000| Untracked 
| 142|0x0000000712e00000, 0x0000000712e00000, 0x0000000713000000|  0%| F|  |TAMS 0x0000000712e00000, 0x0000000712e00000| Untracked 
| 143|0x0000000713000000, 0x0000000713000000, 0x0000000713200000|  0%| F|  |TAMS 0x0000000713000000, 0x0000000713000000| Untracked 
| 144|0x0000000713200000, 0x0000000713200000, 0x0000000713400000|  0%| F|  |TAMS 0x0000000713200000, 0x0000000713200000| Untracked 
| 145|0x0000000713400000, 0x0000000713400000, 0x0000000713600000|  0%| F|  |TAMS 0x0000000713400000, 0x0000000713400000| Untracked 
| 146|0x0000000713600000, 0x0000000713600000, 0x0000000713800000|  0%| F|  |TAMS 0x0000000713600000, 0x0000000713600000| Untracked 
| 147|0x0000000713800000, 0x0000000713800000, 0x0000000713a00000|  0%| F|  |TAMS 0x0000000713800000, 0x0000000713800000| Untracked 
| 148|0x0000000713a00000, 0x0000000713a00000, 0x0000000713c00000|  0%| F|  |TAMS 0x0000000713a00000, 0x0000000713a00000| Untracked 
| 149|0x0000000713c00000, 0x0000000713c00000, 0x0000000713e00000|  0%| F|  |TAMS 0x0000000713c00000, 0x0000000713c00000| Untracked 
| 150|0x0000000713e00000, 0x0000000713e00000, 0x0000000714000000|  0%| F|  |TAMS 0x0000000713e00000, 0x0000000713e00000| Untracked 
| 151|0x0000000714000000, 0x0000000714000000, 0x0000000714200000|  0%| F|  |TAMS 0x0000000714000000, 0x0000000714000000| Untracked 
| 152|0x0000000714200000, 0x0000000714200000, 0x0000000714400000|  0%| F|  |TAMS 0x0000000714200000, 0x0000000714200000| Untracked 
| 153|0x0000000714400000, 0x0000000714400000, 0x0000000714600000|  0%| F|  |TAMS 0x0000000714400000, 0x0000000714400000| Untracked 
| 154|0x0000000714600000, 0x0000000714600000, 0x0000000714800000|  0%| F|  |TAMS 0x0000000714600000, 0x0000000714600000| Untracked 
| 155|0x0000000714800000, 0x0000000714800000, 0x0000000714a00000|  0%| F|  |TAMS 0x0000000714800000, 0x0000000714800000| Untracked 
| 156|0x0000000714a00000, 0x0000000714a00000, 0x0000000714c00000|  0%| F|  |TAMS 0x0000000714a00000, 0x0000000714a00000| Untracked 
| 157|0x0000000714c00000, 0x0000000714c00000, 0x0000000714e00000|  0%| F|  |TAMS 0x0000000714c00000, 0x0000000714c00000| Untracked 
| 158|0x0000000714e00000, 0x0000000714e00000, 0x0000000715000000|  0%| F|  |TAMS 0x0000000714e00000, 0x0000000714e00000| Untracked 
| 159|0x0000000715000000, 0x0000000715000000, 0x0000000715200000|  0%| F|  |TAMS 0x0000000715000000, 0x0000000715000000| Untracked 
| 160|0x0000000715200000, 0x0000000715200000, 0x0000000715400000|  0%| F|  |TAMS 0x0000000715200000, 0x0000000715200000| Untracked 
| 161|0x0000000715400000, 0x0000000715400000, 0x0000000715600000|  0%| F|  |TAMS 0x0000000715400000, 0x0000000715400000| Untracked 
| 162|0x0000000715600000, 0x0000000715600000, 0x0000000715800000|  0%| F|  |TAMS 0x0000000715600000, 0x0000000715600000| Untracked 
| 163|0x0000000715800000, 0x0000000715800000, 0x0000000715a00000|  0%| F|  |TAMS 0x0000000715800000, 0x0000000715800000| Untracked 
| 164|0x0000000715a00000, 0x0000000715a00000, 0x0000000715c00000|  0%| F|  |TAMS 0x0000000715a00000, 0x0000000715a00000| Untracked 
| 165|0x0000000715c00000, 0x0000000715c00000, 0x0000000715e00000|  0%| F|  |TAMS 0x0000000715c00000, 0x0000000715c00000| Untracked 
| 166|0x0000000715e00000, 0x0000000715e00000, 0x0000000716000000|  0%| F|  |TAMS 0x0000000715e00000, 0x0000000715e00000| Untracked 
| 167|0x0000000716000000, 0x0000000716000000, 0x0000000716200000|  0%| F|  |TAMS 0x0000000716000000, 0x0000000716000000| Untracked 
| 168|0x0000000716200000, 0x0000000716200000, 0x0000000716400000|  0%| F|  |TAMS 0x0000000716200000, 0x0000000716200000| Untracked 
| 169|0x0000000716400000, 0x0000000716400000, 0x0000000716600000|  0%| F|  |TAMS 0x0000000716400000, 0x0000000716400000| Untracked 
| 170|0x0000000716600000, 0x0000000716600000, 0x0000000716800000|  0%| F|  |TAMS 0x0000000716600000, 0x0000000716600000| Untracked 
| 171|0x0000000716800000, 0x0000000716800000, 0x0000000716a00000|  0%| F|  |TAMS 0x0000000716800000, 0x0000000716800000| Untracked 
| 172|0x0000000716a00000, 0x0000000716a00000, 0x0000000716c00000|  0%| F|  |TAMS 0x0000000716a00000, 0x0000000716a00000| Untracked 

Card table byte_map: [0x000002065cb90000,0x000002065d390000] _byte_map_base: 0x0000020659387000

Marking Bits (Prev, Next): (CMBitMap*) 0x00000206498b3c70, (CMBitMap*) 0x00000206498b3cb0
 Prev Bits: [0x000002065db90000, 0x0000020661b48000)
 Next Bits: [0x0000020661b50000, 0x0000020665b08000)

Polling page: 0x00000206477b0000

Metaspace:

Usage:
  Non-class:     10.24 MB capacity,    10.12 MB ( 99%) used,   114.83 KB (  1%) free+waste,     7.88 KB ( <1%) overhead. 
      Class:      1.03 MB capacity,     1.01 MB ( 98%) used,    16.15 KB (  2%) free+waste,     2.50 KB ( <1%) overhead. 
       Both:     11.27 MB capacity,    11.13 MB ( 99%) used,   130.98 KB (  1%) free+waste,    10.38 KB ( <1%) overhead. 

Virtual space:
  Non-class space:       12.00 MB reserved,      10.25 MB ( 85%) committed 
      Class space:        1.00 GB reserved,       1.12 MB ( <1%) committed 
             Both:        1.01 GB reserved,      11.38 MB (  1%) committed 

Chunk freelists:
   Non-Class:  8.00 KB
       Class:  3.00 KB
        Both:  11.00 KB

MaxMetaspaceSize: 17179869184.00 GB
CompressedClassSpaceSize: 1.00 GB

CodeHeap 'non-profiled nmethods': size=120000Kb used=595Kb max_used=595Kb free=119404Kb
 bounds [0x0000020654d50000, 0x0000020654fc0000, 0x000002065c280000]
CodeHeap 'profiled nmethods': size=120000Kb used=1543Kb max_used=1543Kb free=118456Kb
 bounds [0x000002064d820000, 0x000002064da90000, 0x0000020654d50000]
CodeHeap 'non-nmethods': size=5760Kb used=1149Kb max_used=1197Kb free=4610Kb
 bounds [0x000002064d280000, 0x000002064d4f0000, 0x000002064d820000]
 total_blobs=1206 nmethods=807 adapters=312
 compilation: enabled
              stopped_count=0, restarted_count=0
 full_count=0

Compilation events (20 events):
Event: 0.854 Thread 0x0000020668bee070 nmethod 802 0x000002064d995910 code [0x000002064d995ac0, 0x000002064d995ec8]
Event: 0.854 Thread 0x0000020668bee070  803   !   3       java.util.ArrayList$Itr::remove (68 bytes)
Event: 0.854 Thread 0x0000020668bee070 nmethod 803 0x000002064d996010 code [0x000002064d996200, 0x000002064d9965f8]
Event: 0.863 Thread 0x0000020668bed770 nmethod 799 0x0000020654dcb390 code [0x0000020654dcb620, 0x0000020654dcd1d0]
Event: 0.863 Thread 0x0000020668bed770  800       4       Services.PositionCalc3::isPositionLegal (124 bytes)
Event: 0.875 Thread 0x0000020668bed770 nmethod 800 0x0000020654dce590 code [0x0000020654dce7a0, 0x0000020654dcf278]
Event: 0.875 Thread 0x0000020668bed770  796       4       java.util.ArrayList::indexOfRange (71 bytes)
Event: 0.876 Thread 0x0000020668bed770 nmethod 796 0x0000020654dcf890 code [0x0000020654dcfa20, 0x0000020654dcfb98]
Event: 0.876 Thread 0x0000020668bed770  798       4       java.lang.Byte::equals (29 bytes)
Event: 0.877 Thread 0x0000020668bed770 nmethod 798 0x0000020654dcfd10 code [0x0000020654dcfea0, 0x0000020654dcff58]
Event: 0.908 Thread 0x0000020668bee070  804       3       Material.Pawn::getMoves (602 bytes)
Event: 0.911 Thread 0x0000020668bee070 nmethod 804 0x000002064d996810 code [0x000002064d997000, 0x000002064d99de38]
Event: 0.912 Thread 0x0000020668bed770  805       4       Material.Pawn::getMoves (602 bytes)
Event: 1.070 Thread 0x0000020668bed770 nmethod 805 0x0000020654dd0010 code [0x0000020654dd0440, 0x0000020654dd60f8]
Event: 1.071 Thread 0x0000020668bed770  806       4       Material.King::getMoves (731 bytes)
Event: 1.171 Thread 0x00000206690cd260 nmethod 792 0x0000020654dd8810 code [0x0000020654dd8d40, 0x0000020654ddf4b0]
Event: 1.171 Thread 0x00000206690cd260  807       4       java.util.Arrays::copyOf (40 bytes)
Event: 1.174 Thread 0x00000206690cd260 nmethod 807 0x0000020654de4590 code [0x0000020654de4740, 0x0000020654de4b68]
Event: 1.180 Thread 0x0000020668bee070  808       3       Services.PositionCalc3::getLegalFollowingPositions (152 bytes)
Event: 1.181 Thread 0x0000020668bee070 nmethod 808 0x000002064d99fb90 code [0x000002064d99fec0, 0x000002064d9a1768]

GC Heap History (17 events):
Event: 0.431 GC heap before
{Heap before GC invocations=0 (full 0):
 garbage-first heap   total 262144K, used 20480K [0x0000000701200000, 0x0000000800000000)
  region size 2048K, 10 young (20480K), 0 survivors (0K)
 Metaspace       used 11388K, capacity 11477K, committed 11648K, reserved 1060864K
  class space    used 1034K, capacity 1053K, committed 1152K, reserved 1048576K
}
Event: 0.434 GC heap after
{Heap after GC invocations=1 (full 0):
 garbage-first heap   total 262144K, used 3129K [0x0000000701200000, 0x0000000800000000)
  region size 2048K, 2 young (4096K), 2 survivors (4096K)
 Metaspace       used 11388K, capacity 11477K, committed 11648K, reserved 1060864K
  class space    used 1034K, capacity 1053K, committed 1152K, reserved 1048576K
}
Event: 0.462 GC heap before
{Heap before GC invocations=1 (full 0):
 garbage-first heap   total 262144K, used 29753K [0x0000000701200000, 0x0000000800000000)
  region size 2048K, 15 young (30720K), 2 survivors (4096K)
 Metaspace       used 11390K, capacity 11477K, committed 11648K, reserved 1060864K
  class space    used 1034K, capacity 1053K, committed 1152K, reserved 1048576K
}
Event: 0.466 GC heap after
{Heap after GC invocations=2 (full 0):
 garbage-first heap   total 262144K, used 5841K [0x0000000701200000, 0x0000000800000000)
  region size 2048K, 2 young (4096K), 2 survivors (4096K)
 Metaspace       used 11390K, capacity 11477K, committed 11648K, reserved 1060864K
  class space    used 1034K, capacity 1053K, committed 1152K, reserved 1048576K
}
Event: 0.632 GC heap before
{Heap before GC invocations=2 (full 0):
 garbage-first heap   total 262144K, used 114385K [0x0000000701200000, 0x0000000800000000)
  region size 2048K, 55 young (112640K), 2 survivors (4096K)
 Metaspace       used 11398K, capacity 11541K, committed 11648K, reserved 1060864K
  class space    used 1034K, capacity 1053K, committed 1152K, reserved 1048576K
}
Event: 0.638 GC heap after
{Heap after GC invocations=3 (full 0):
 garbage-first heap   total 262144K, used 16378K [0x0000000701200000, 0x0000000800000000)
  region size 2048K, 7 young (14336K), 7 survivors (14336K)
 Metaspace       used 11398K, capacity 11541K, committed 11648K, reserved 1060864K
  class space    used 1034K, capacity 1053K, committed 1152K, reserved 1048576K
}
Event: 0.731 GC heap before
{Heap before GC invocations=3 (full 0):
 garbage-first heap   total 262144K, used 157690K [0x0000000701200000, 0x0000000800000000)
  region size 2048K, 76 young (155648K), 7 survivors (14336K)
 Metaspace       used 11398K, capacity 11541K, committed 11648K, reserved 1060864K
  class space    used 1034K, capacity 1053K, committed 1152K, reserved 1048576K
}
Event: 0.742 GC heap after
{Heap after GC invocations=4 (full 0):
 garbage-first heap   total 262144K, used 30506K [0x0000000701200000, 0x0000000800000000)
  region size 2048K, 7 young (14336K), 7 survivors (14336K)
 Metaspace       used 11398K, capacity 11541K, committed 11648K, reserved 1060864K
  class space    used 1034K, capacity 1053K, committed 1152K, reserved 1048576K
}
Event: 0.815 GC heap before
{Heap before GC invocations=4 (full 0):
 garbage-first heap   total 262144K, used 171818K [0x0000000701200000, 0x0000000800000000)
  region size 2048K, 76 young (155648K), 7 survivors (14336K)
 Metaspace       used 11398K, capacity 11541K, committed 11648K, reserved 1060864K
  class space    used 1034K, capacity 1053K, committed 1152K, reserved 1048576K
}
Event: 0.825 GC heap after
{Heap after GC invocations=5 (full 0):
 garbage-first heap   total 354304K, used 43906K [0x0000000701200000, 0x0000000800000000)
  region size 2048K, 7 young (14336K), 7 survivors (14336K)
 Metaspace       used 11398K, capacity 11541K, committed 11648K, reserved 1060864K
  class space    used 1034K, capacity 1053K, committed 1152K, reserved 1048576K
}
Event: 0.944 GC heap before
{Heap before GC invocations=5 (full 0):
 garbage-first heap   total 354304K, used 240514K [0x0000000701200000, 0x0000000800000000)
  region size 2048K, 103 young (210944K), 7 survivors (14336K)
 Metaspace       used 11399K, capacity 11541K, committed 11648K, reserved 1060864K
  class space    used 1034K, capacity 1053K, committed 1152K, reserved 1048576K
}
Event: 0.955 GC heap after
{Heap after GC invocations=6 (full 0):
 garbage-first heap   total 354304K, used 61440K [0x0000000701200000, 0x0000000800000000)
  region size 2048K, 13 young (26624K), 13 survivors (26624K)
 Metaspace       used 11399K, capacity 11541K, committed 11648K, reserved 1060864K
  class space    used 1034K, capacity 1053K, committed 1152K, reserved 1048576K
}
Event: 1.040 GC heap before
{Heap before GC invocations=6 (full 0):
 garbage-first heap   total 354304K, used 245760K [0x0000000701200000, 0x0000000800000000)
  region size 2048K, 103 young (210944K), 13 survivors (26624K)
 Metaspace       used 11399K, capacity 11541K, committed 11648K, reserved 1060864K
  class space    used 1034K, capacity 1053K, committed 1152K, reserved 1048576K
}
Event: 1.065 GC heap after
{Heap after GC invocations=7 (full 0):
 garbage-first heap   total 354304K, used 80463K [0x0000000701200000, 0x0000000800000000)
  region size 2048K, 9 young (18432K), 9 survivors (18432K)
 Metaspace       used 11399K, capacity 11541K, committed 11648K, reserved 1060864K
  class space    used 1034K, capacity 1053K, committed 1152K, reserved 1048576K
}
Event: 1.131 GC heap before
{Heap before GC invocations=7 (full 0):
 garbage-first heap   total 354304K, used 266831K [0x0000000701200000, 0x0000000800000000)
  region size 2048K, 100 young (204800K), 9 survivors (18432K)
 Metaspace       used 11399K, capacity 11541K, committed 11648K, reserved 1060864K
  class space    used 1034K, capacity 1053K, committed 1152K, reserved 1048576K
}
Event: 1.143 GC heap after
{Heap after GC invocations=8 (full 0):
 garbage-first heap   total 354304K, used 96809K [0x0000000701200000, 0x0000000800000000)
  region size 2048K, 9 young (18432K), 9 survivors (18432K)
 Metaspace       used 11399K, capacity 11541K, committed 11648K, reserved 1060864K
  class space    used 1034K, capacity 1053K, committed 1152K, reserved 1048576K
}
Event: 1.206 GC heap before
{Heap before GC invocations=8 (full 0):
 garbage-first heap   total 354304K, used 274985K [0x0000000701200000, 0x0000000800000000)
  region size 2048K, 96 young (196608K), 9 survivors (18432K)
 Metaspace       used 11399K, capacity 11541K, committed 11648K, reserved 1060864K
  class space    used 1034K, capacity 1053K, committed 1152K, reserved 1048576K
}

Deoptimization events (20 events):
Event: 0.793 Thread 0x0000020649862450 Uncommon trap: trap_request=0xffffff45 fr.pc=0x0000020654d8a5b0 relative=0x0000000000000110
Event: 0.793 Thread 0x0000020649862450 Uncommon trap: reason=unstable_if action=reinterpret pc=0x0000020654d8a5b0 method=java.lang.Byte.equals(Ljava/lang/Object;)Z @ 18 c2
Event: 0.793 Thread 0x0000020649862450 DEOPT PACKING pc=0x0000020654d8a5b0 sp=0x0000009d4bbfdb60
Event: 0.793 Thread 0x0000020649862450 DEOPT UNPACKING pc=0x000002064d2ce42f sp=0x0000009d4bbfda70 mode 2
Event: 0.793 Thread 0x0000020649862450 Uncommon trap: trap_request=0xffffff45 fr.pc=0x0000020654dad5d4 relative=0x0000000000001414
Event: 0.793 Thread 0x0000020649862450 Uncommon trap: reason=unstable_if action=reinterpret pc=0x0000020654dad5d4 method=Services.PositionCalc3.isPositionLegal(LMaterial/Position;)Z @ 45 c2
Event: 0.793 Thread 0x0000020649862450 DEOPT PACKING pc=0x0000020654dad5d4 sp=0x0000009d4bbfdcb0
Event: 0.793 Thread 0x0000020649862450 DEOPT UNPACKING pc=0x000002064d2ce42f sp=0x0000009d4bbfdc90 mode 2
Event: 0.797 Thread 0x0000020649862450 Uncommon trap: trap_request=0xffffff45 fr.pc=0x0000020654d89408 relative=0x0000000000000068
Event: 0.797 Thread 0x0000020649862450 Uncommon trap: reason=unstable_if action=reinterpret pc=0x0000020654d89408 method=java.lang.Byte.equals(Ljava/lang/Object;)Z @ 18 c2
Event: 0.797 Thread 0x0000020649862450 DEOPT PACKING pc=0x0000020654d89408 sp=0x0000009d4bbfda80
Event: 0.797 Thread 0x0000020649862450 DEOPT UNPACKING pc=0x000002064d2ce42f sp=0x0000009d4bbfda08 mode 2
Event: 0.908 Thread 0x0000020649862450 Uncommon trap: trap_request=0xffffff45 fr.pc=0x0000020654dc7834 relative=0x00000000000045f4
Event: 0.908 Thread 0x0000020649862450 Uncommon trap: reason=unstable_if action=reinterpret pc=0x0000020654dc7834 method=Material.Pawn.getMoves(Ljava/util/Map;Ljava/util/Map;LMaterial/Position;)Ljava/util/ArrayList; @ 110 c2
Event: 0.908 Thread 0x0000020649862450 DEOPT PACKING pc=0x0000020654dc7834 sp=0x0000009d4bbfdbb0
Event: 0.908 Thread 0x0000020649862450 DEOPT UNPACKING pc=0x000002064d2ce42f sp=0x0000009d4bbfdba8 mode 2
Event: 1.180 Thread 0x0000020649862450 Uncommon trap: trap_request=0xffffff45 fr.pc=0x0000020654ddce18 relative=0x00000000000040d8
Event: 1.180 Thread 0x0000020649862450 Uncommon trap: reason=unstable_if action=reinterpret pc=0x0000020654ddce18 method=Services.PositionCalc3.getLegalFollowingPositions()Ljava/util/ArrayList; @ 121 c2
Event: 1.180 Thread 0x0000020649862450 DEOPT PACKING pc=0x0000020654ddce18 sp=0x0000009d4bbfdd60
Event: 1.180 Thread 0x0000020649862450 DEOPT UNPACKING pc=0x000002064d2ce42f sp=0x0000009d4bbfdd70 mode 2

Classes unloaded (0 events):
No events

Classes redefined (0 events):
No events

Internal exceptions (7 events):
Event: 0.149 Thread 0x0000020649862450 Exception <a 'java/lang/NoSuchMethodError'{0x0000000710e65660}: 'void java.lang.invoke.DirectMethodHandle$Holder.invokeStatic(java.lang.Object, java.lang.Object)'> (0x0000000710e65660) 
thrown [./open/src/hotspot/share/interpreter/linkResolver.cpp, line 782]
Event: 0.149 Thread 0x0000020649862450 Exception <a 'java/lang/NoSuchMethodError'{0x0000000710e69420}: 'void java.lang.invoke.DirectMethodHandle$Holder.invokeStaticInit(java.lang.Object, java.lang.Object)'> (0x0000000710e69420) 
thrown [./open/src/hotspot/share/interpreter/linkResolver.cpp, line 782]
Event: 0.239 Thread 0x0000020649862450 Exception <a 'java/lang/NoSuchMethodError'{0x0000000710c55370}: 'java.lang.Object java.lang.invoke.DirectMethodHandle$Holder.invokeStatic(java.lang.Object)'> (0x0000000710c55370) 
thrown [./open/src/hotspot/share/interpreter/linkResolver.cpp, line 782]
Event: 0.240 Thread 0x0000020649862450 Exception <a 'java/lang/NoSuchMethodError'{0x0000000710c589e0}: 'java.lang.Object java.lang.invoke.DirectMethodHandle$Holder.invokeStaticInit(java.lang.Object)'> (0x0000000710c589e0) 
thrown [./open/src/hotspot/share/interpreter/linkResolver.cpp, line 782]
Event: 0.318 Thread 0x0000020649862450 Exception <a 'java/lang/NoSuchMethodError'{0x0000000710a96630}: 'java.lang.Object java.lang.invoke.DirectMethodHandle$Holder.invokeInterface(java.lang.Object, java.lang.Object)'> (0x0000000710a96630) 
thrown [./open/src/hotspot/share/interpreter/linkResolver.cpp, line 782]
Event: 0.318 Thread 0x0000020649862450 Exception <a 'java/lang/IncompatibleClassChangeError'{0x0000000710a9a0c8}: Found class java.lang.Object, but interface was expected> (0x0000000710a9a0c8) 
thrown [./open/src/hotspot/share/interpreter/linkResolver.cpp, line 848]
Event: 0.338 Thread 0x0000020649862450 Exception <a 'java/lang/NoSuchMethodError'{0x0000000710b12568}: 'java.lang.Object java.lang.invoke.DirectMethodHandle$Holder.newInvokeSpecial(java.lang.Object, java.lang.Object, java.lang.Object, java.lang.Object, java.lang.Object)'> (0x0000000710b12568) 
thrown [./open/src/hotspot/share/interpreter/linkResolver.cpp, line 782]

Events (20 events):
Event: 0.387 loading class java/lang/reflect/InvocationTargetException done
Event: 0.431 Executing VM operation: G1CollectForAllocation
Event: 0.434 Executing VM operation: G1CollectForAllocation done
Event: 0.434 Executing VM operation: HandshakeAllThreads
Event: 0.434 Executing VM operation: HandshakeAllThreads done
Event: 0.462 Executing VM operation: G1CollectForAllocation
Event: 0.466 Executing VM operation: G1CollectForAllocation done
Event: 0.632 Executing VM operation: G1CollectForAllocation
Event: 0.638 Executing VM operation: G1CollectForAllocation done
Event: 0.731 Executing VM operation: G1CollectForAllocation
Event: 0.742 Executing VM operation: G1CollectForAllocation done
Event: 0.815 Executing VM operation: G1CollectForAllocation
Event: 0.826 Executing VM operation: G1CollectForAllocation done
Event: 0.944 Executing VM operation: G1CollectForAllocation
Event: 0.955 Executing VM operation: G1CollectForAllocation done
Event: 1.040 Executing VM operation: G1CollectForAllocation
Event: 1.065 Executing VM operation: G1CollectForAllocation done
Event: 1.131 Executing VM operation: G1CollectForAllocation
Event: 1.143 Executing VM operation: G1CollectForAllocation done
Event: 1.206 Executing VM operation: G1CollectForAllocation


Dynamic libraries:
0x00007ff75bdb0000 - 0x00007ff75bdbd000 	C:\Users\janme\.p2\pool\plugins\org.eclipse.justj.openjdk.hotspot.jre.full.win32.x86_64_15.0.2.v20210201-0955\jre\bin\javaw.exe
0x00007ffeb5350000 - 0x00007ffeb5545000 	C:\WINDOWS\SYSTEM32\ntdll.dll
0x00007ffeb4690000 - 0x00007ffeb474d000 	C:\WINDOWS\System32\KERNEL32.DLL
0x00007ffeb2e90000 - 0x00007ffeb3159000 	C:\WINDOWS\System32\KERNELBASE.dll
0x00007ffeb2c20000 - 0x00007ffeb2d20000 	C:\WINDOWS\System32\ucrtbase.dll
0x00007ffe9be70000 - 0x00007ffe9be88000 	C:\Users\janme\.p2\pool\plugins\org.eclipse.justj.openjdk.hotspot.jre.full.win32.x86_64_15.0.2.v20210201-0955\jre\bin\jli.dll
0x00007ffe9bd30000 - 0x00007ffe9bd49000 	C:\Users\janme\.p2\pool\plugins\org.eclipse.justj.openjdk.hotspot.jre.full.win32.x86_64_15.0.2.v20210201-0955\jre\bin\VCRUNTIME140.dll
0x00007ffeb3ce0000 - 0x00007ffeb3e80000 	C:\WINDOWS\System32\USER32.dll
0x00007ffeb2bf0000 - 0x00007ffeb2c12000 	C:\WINDOWS\System32\win32u.dll
0x00007ffea36d0000 - 0x00007ffea396a000 	C:\WINDOWS\WinSxS\amd64_microsoft.windows.common-controls_6595b64144ccf1df_6.0.19041.1110_none_60b5254171f9507e\COMCTL32.dll
0x00007ffeb33c0000 - 0x00007ffeb33ea000 	C:\WINDOWS\System32\GDI32.dll
0x00007ffeb45c0000 - 0x00007ffeb465e000 	C:\WINDOWS\System32\msvcrt.dll
0x00007ffeb2d20000 - 0x00007ffeb2e2b000 	C:\WINDOWS\System32\gdi32full.dll
0x00007ffeb3320000 - 0x00007ffeb33bd000 	C:\WINDOWS\System32\msvcp_win.dll
0x00007ffeb4660000 - 0x00007ffeb4690000 	C:\WINDOWS\System32\IMM32.DLL
0x00007ffea1cf0000 - 0x00007ffea1cfc000 	C:\Users\janme\.p2\pool\plugins\org.eclipse.justj.openjdk.hotspot.jre.full.win32.x86_64_15.0.2.v20210201-0955\jre\bin\vcruntime140_1.dll
0x00007ffe9b9a0000 - 0x00007ffe9ba31000 	C:\Users\janme\.p2\pool\plugins\org.eclipse.justj.openjdk.hotspot.jre.full.win32.x86_64_15.0.2.v20210201-0955\jre\bin\msvcp140.dll
0x00007ffe80130000 - 0x00007ffe80c8e000 	C:\Users\janme\.p2\pool\plugins\org.eclipse.justj.openjdk.hotspot.jre.full.win32.x86_64_15.0.2.v20210201-0955\jre\bin\server\jvm.dll
0x00007ffeb4e90000 - 0x00007ffeb4f3c000 	C:\WINDOWS\System32\ADVAPI32.dll
0x00007ffeb4750000 - 0x00007ffeb47eb000 	C:\WINDOWS\System32\sechost.dll
0x00007ffeb3740000 - 0x00007ffeb386a000 	C:\WINDOWS\System32\RPCRT4.dll
0x00007ffeb33f0000 - 0x00007ffeb33f8000 	C:\WINDOWS\System32\PSAPI.DLL
0x00007ffeae5b0000 - 0x00007ffeae5b9000 	C:\WINDOWS\SYSTEM32\WSOCK32.dll
0x00007ffeb4fd0000 - 0x00007ffeb503b000 	C:\WINDOWS\System32\WS2_32.dll
0x00007ffea53d0000 - 0x00007ffea53f7000 	C:\WINDOWS\SYSTEM32\WINMM.dll
0x00007ffeac740000 - 0x00007ffeac74a000 	C:\WINDOWS\SYSTEM32\VERSION.dll
0x00007ffeb09e0000 - 0x00007ffeb09f2000 	C:\WINDOWS\SYSTEM32\kernel.appcore.dll
0x00007ffead950000 - 0x00007ffead95a000 	C:\Users\janme\.p2\pool\plugins\org.eclipse.justj.openjdk.hotspot.jre.full.win32.x86_64_15.0.2.v20210201-0955\jre\bin\jimage.dll
0x00007ffe9c300000 - 0x00007ffe9c4e4000 	C:\WINDOWS\SYSTEM32\DBGHELP.DLL
0x00007ffe9c140000 - 0x00007ffe9c16c000 	C:\WINDOWS\SYSTEM32\dbgcore.DLL
0x00007ffeb3210000 - 0x00007ffeb3293000 	C:\WINDOWS\System32\bcryptPrimitives.dll
0x00007ffe9d6d0000 - 0x00007ffe9d6f5000 	C:\Users\janme\.p2\pool\plugins\org.eclipse.justj.openjdk.hotspot.jre.full.win32.x86_64_15.0.2.v20210201-0955\jre\bin\java.dll
0x00007ffea2070000 - 0x00007ffea2088000 	C:\Users\janme\.p2\pool\plugins\org.eclipse.justj.openjdk.hotspot.jre.full.win32.x86_64_15.0.2.v20210201-0955\jre\bin\zip.dll
0x00007ffeb3e80000 - 0x00007ffeb45bf000 	C:\WINDOWS\System32\SHELL32.dll
0x00007ffeb0be0000 - 0x00007ffeb1371000 	C:\WINDOWS\SYSTEM32\windows.storage.dll
0x00007ffeb47f0000 - 0x00007ffeb4b45000 	C:\WINDOWS\System32\combase.dll
0x00007ffeb2500000 - 0x00007ffeb252c000 	C:\WINDOWS\SYSTEM32\Wldp.dll
0x00007ffeb3690000 - 0x00007ffeb373e000 	C:\WINDOWS\System32\SHCORE.dll
0x00007ffeb4b70000 - 0x00007ffeb4bc5000 	C:\WINDOWS\System32\shlwapi.dll
0x00007ffeb29d0000 - 0x00007ffeb29ef000 	C:\WINDOWS\SYSTEM32\profapi.dll
0x00007ffea1630000 - 0x00007ffea1649000 	C:\Users\janme\.p2\pool\plugins\org.eclipse.justj.openjdk.hotspot.jre.full.win32.x86_64_15.0.2.v20210201-0955\jre\bin\net.dll
0x00007ffea91f0000 - 0x00007ffea92fa000 	C:\WINDOWS\SYSTEM32\WINHTTP.dll
0x00007ffeb2260000 - 0x00007ffeb22ca000 	C:\WINDOWS\system32\mswsock.dll
0x00007ffe9bf90000 - 0x00007ffe9bfa2000 	C:\Users\janme\.p2\pool\plugins\org.eclipse.justj.openjdk.hotspot.jre.full.win32.x86_64_15.0.2.v20210201-0955\jre\bin\nio.dll
0x00007ffeb1f00000 - 0x00007ffeb1f3b000 	C:\WINDOWS\SYSTEM32\IPHLPAPI.DLL
0x00007ffeb4b50000 - 0x00007ffeb4b58000 	C:\WINDOWS\System32\NSI.dll
0x00007ffeac6c0000 - 0x00007ffeac6d7000 	C:\WINDOWS\SYSTEM32\dhcpcsvc6.DLL
0x00007ffeac750000 - 0x00007ffeac76d000 	C:\WINDOWS\SYSTEM32\dhcpcsvc.DLL
0x00007ffeb1f40000 - 0x00007ffeb200c000 	C:\WINDOWS\SYSTEM32\DNSAPI.dll
0x00007ffeaa2d0000 - 0x00007ffeaa2e0000 	C:\Users\janme\.p2\pool\plugins\org.eclipse.justj.openjdk.hotspot.jre.full.win32.x86_64_15.0.2.v20210201-0955\jre\bin\verify.dll

dbghelp: loaded successfully - version: 4.0.5 - missing functions: none
symbol engine: initialized successfully - sym options: 0x614 - pdb path: .;C:\Users\janme\.p2\pool\plugins\org.eclipse.justj.openjdk.hotspot.jre.full.win32.x86_64_15.0.2.v20210201-0955\jre\bin;C:\WINDOWS\SYSTEM32;C:\WINDOWS\WinSxS\amd64_microsoft.windows.common-controls_6595b64144ccf1df_6.0.19041.1110_none_60b5254171f9507e;C:\Users\janme\.p2\pool\plugins\org.eclipse.justj.openjdk.hotspot.jre.full.win32.x86_64_15.0.2.v20210201-0955\jre\bin\server

VM Arguments:
jvm_args: -ea -ea -Dfile.encoding=UTF-8 -XX:+ShowCodeDetailsInExceptionMessages 
java_command: org.eclipse.jdt.internal.junit.runner.RemoteTestRunner -version 3 -port 57020 -testLoaderClass org.eclipse.jdt.internal.junit4.runner.JUnit4TestLoader -loaderpluginname org.eclipse.jdt.junit4.runtime -classNames Services.PositionCalc3Test
java_class_path (initial): C:\Users\janme\Documents\GitHub\Cyborg\Chess\bin;C:\Users\janme\.p2\pool\plugins\org.junit_4.13.0.v20200204-1500.jar;C:\Users\janme\.p2\pool\plugins\org.hamcrest.core_1.3.0.v20180420-1519.jar;C:\Users\janme\eclipse\java-2021-03\eclipse\configuration\org.eclipse.osgi\579\0\.cp;C:\Users\janme\eclipse\java-2021-03\eclipse\configuration\org.eclipse.osgi\578\0\.cp
Launcher Type: SUN_STANDARD

[Global flags]
     intx CICompilerCount                          = 3                                         {product} {ergonomic}
     uint ConcGCThreads                            = 2                                         {product} {ergonomic}
     uint G1ConcRefinementThreads                  = 6                                         {product} {ergonomic}
   size_t G1HeapRegionSize                         = 2097152                                   {product} {ergonomic}
    uintx GCDrainStackTargetSize                   = 64                                        {product} {ergonomic}
   size_t InitialHeapSize                          = 268435456                                 {product} {ergonomic}
   size_t MarkStackSize                            = 4194304                                   {product} {ergonomic}
   size_t MaxHeapSize                              = 4276092928                                {product} {ergonomic}
   size_t MaxNewSize                               = 2564816896                                {product} {ergonomic}
   size_t MinHeapDeltaBytes                        = 2097152                                   {product} {ergonomic}
   size_t MinHeapSize                              = 8388608                                   {product} {ergonomic}
    uintx NonNMethodCodeHeapSize                   = 5832780                                {pd product} {ergonomic}
    uintx NonProfiledCodeHeapSize                  = 122912730                              {pd product} {ergonomic}
    uintx ProfiledCodeHeapSize                     = 122912730                              {pd product} {ergonomic}
    uintx ReservedCodeCacheSize                    = 251658240                              {pd product} {ergonomic}
     bool SegmentedCodeCache                       = true                                      {product} {ergonomic}
     bool ShowCodeDetailsInExceptionMessages       = true                                   {manageable} {command line}
   size_t SoftMaxHeapSize                          = 4276092928                             {manageable} {ergonomic}
     bool UseCompressedClassPointers               = true                                 {lp64_product} {ergonomic}
     bool UseCompressedOops                        = true                                 {lp64_product} {ergonomic}
     bool UseG1GC                                  = true                                      {product} {ergonomic}
     bool UseLargePagesIndividualAllocation        = false                                  {pd product} {ergonomic}

Logging:
Log output configuration:
 #0: stdout all=warning uptime,level,tags
 #1: stderr all=off uptime,level,tags

Environment Variables:
PATH=C:/Users/janme/.p2/pool/plugins/org.eclipse.justj.openjdk.hotspot.jre.full.win32.x86_64_15.0.2.v20210201-0955/jre/bin/server;C:/Users/janme/.p2/pool/plugins/org.eclipse.justj.openjdk.hotspot.jre.full.win32.x86_64_15.0.2.v20210201-0955/jre/bin;C:\Program Files\AdoptOpenJDK\jdk-8.0.282.8-hotspot\bin;C:\Program Files (x86)\Common Files\Oracle\Java\javapath;C:\Windows\system32;C:\Windows;C:\Windows\System32\Wbem;C:\Windows\System32\WindowsPowerShell\v1.0\;C:\Windows\System32\OpenSSH\;C:\Program Files (x86)\NVIDIA Corporation\PhysX\Common;C:\WINDOWS\system32;C:\WINDOWS;C:\WINDOWS\System32\Wbem;C:\WINDOWS\System32\WindowsPowerShell\v1.0\;C:\WINDOWS\System32\OpenSSH\;C:\Users\janme\AppData\Local\Microsoft\WindowsApps;C:\Users\janme\AppData\Local\atom\bin;C:\Users\janme\AppData\Local\Microsoft\WindowsApps;C:\Users\janme\AppData\Local\GitHubDesktop\bin;C:\Users\janme\AppData\Roaming\OpenShell\Pinned;
USERNAME=janme
OS=Windows_NT
PROCESSOR_IDENTIFIER=Intel64 Family 6 Model 158 Stepping 12, GenuineIntel



---------------  S Y S T E M  ---------------

OS:
 Windows 10 , 64 bit Build 19041 (10.0.19041.1023)
OS uptime: 1 days 20:16 hours

CPU: total 6 (initial active 6) (6 cores per cpu, 1 threads per core) family 6 model 158 stepping 12 microcode 0xde, cmov, cx8, fxsr, mmx, sse, sse2, sse3, ssse3, sse4.1, sse4.2, popcnt, vzeroupper, avx, avx2, aes, clmul, erms, 3dnowpref, lzcnt, tsc, tscinvbit, bmi1, bmi2, adx, fma, clflush, clflushopt

Memory: 4k page, system-wide physical 16310M (3651M free)
TotalPageFile size 16310M (AvailPageFile size 170M)
current process WorkingSet (physical memory assigned to process): 413M, peak: 415M
current process commit charge ("private bytes"): 461M, peak: 809M

vm_info: OpenJDK 64-Bit Server VM (15.0.2+7-27) for windows-amd64 JRE (15.0.2+7-27), built on Dec  7 2020 20:02:38 by "mach5one" with unknown MS VC++:1925

END.
