#
# There is insufficient memory for the Java Runtime Environment to continue.
# Native memory allocation (malloc) failed to allocate 32744 bytes for ChunkPool::allocate
# Possible reasons:
#   The system is out of physical RAM or swap space
#   The process is running with CompressedOops enabled, and the Java Heap may be blocking the growth of the native heap
# Possible solutions:
#   Reduce memory load on the system
#   Increase physical memory or swap space
#   Check if swap backing store is full
#   Decrease Java heap size (-Xmx/-Xms)
#   Decrease number of Java threads
#   Decrease Java thread stack sizes (-Xss)
#   Set larger code cache with -XX:ReservedCodeCacheSize=
#   JVM is running with Zero Based Compressed Oops mode in which the Java heap is
#     placed in the first 32GB address space. The Java Heap base address is the
#     maximum limit for the native heap growth. Please use -XX:HeapBaseMinAddress
#     to set the Java Heap base and to place the Java Heap above 32GB virtual address.
# This output file may be truncated or incomplete.
#
#  Out of Memory Error (./open/src/hotspot/share/memory/arena.cpp:79), pid=3568, tid=8784
#
# JRE version: OpenJDK Runtime Environment (15.0.2+7) (build 15.0.2+7-27)
# Java VM: OpenJDK 64-Bit Server VM (15.0.2+7-27, mixed mode, tiered, compressed oops, g1 gc, windows-amd64)
# No core dump will be written. Minidumps are not enabled by default on client versions of Windows
#

---------------  S U M M A R Y ------------

Command Line: -ea -Dfile.encoding=UTF-8 -XX:+ShowCodeDetailsInExceptionMessages Gui.ChessGui2

Host: Intel(R) Core(TM) i5-9400 CPU @ 2.90GHz, 6 cores, 15G,  Windows 10 , 64 bit Build 19041 (10.0.19041.1151)
Time: Sun Aug 29 13:06:13 2021 W. Europe Summer Time elapsed time: 4.106346 seconds (0d 0h 0m 4s)

---------------  T H R E A D  ---------------

Current thread (0x000002091e1d5040):  JavaThread "C2 CompilerThread0" daemon [_thread_in_native, id=8784, stack(0x0000004ba4500000,0x0000004ba4600000)]


Current CompileTask:
C2:   4106 1725       4       Services.PositionCalc::getLegalFollowingMoves (328 bytes)

Stack: [0x0000004ba4500000,0x0000004ba4600000]
Native frames: (J=compiled Java code, j=interpreted, Vv=VM code, C=native code)
V  [jvm.dll+0x62ae9a]
V  [jvm.dll+0x7817a9]
V  [jvm.dll+0x782f03]
V  [jvm.dll+0x783563]
V  [jvm.dll+0x216325]
V  [jvm.dll+0x982cf]
V  [jvm.dll+0x980ad]
V  [jvm.dll+0x609d14]
V  [jvm.dll+0x6552ca]
V  [jvm.dll+0x18e47d]
V  [jvm.dll+0x1ea822]
V  [jvm.dll+0x1e996e]
V  [jvm.dll+0x178567]
V  [jvm.dll+0x1f9225]
V  [jvm.dll+0x1f72cc]
V  [jvm.dll+0x74495d]
V  [jvm.dll+0x73d75a]
V  [jvm.dll+0x629c56]
C  [ucrtbase.dll+0x21bb2]
C  [KERNEL32.DLL+0x17034]
C  [ntdll.dll+0x52651]


---------------  P R O C E S S  ---------------

Threads class SMR info:
_java_thread_list=0x000002092669f5f0, length=19, elements={
0x000002091e1a8010, 0x000002091e1a89d0, 0x000002091e1cf2b0, 0x000002091e1d3b90,
0x000002091e1d4450, 0x000002091e1d5040, 0x000002091e1d6780, 0x000002091e1c53c0,
0x000002091e356010, 0x000002091e384490, 0x000002091e8de760, 0x000002091e8df040,
0x000002091e8e3530, 0x000002091e8ed900, 0x000002097edb4360, 0x000002091ea22380,
0x000002091ea20b70, 0x000002091ea1fd00, 0x0000020926c8c9b0
}

Java Threads: ( => current thread )
  0x000002091e1a8010 JavaThread "Reference Handler" daemon [_thread_blocked, id=68, stack(0x0000004ba4000000,0x0000004ba4100000)]
  0x000002091e1a89d0 JavaThread "Finalizer" daemon [_thread_blocked, id=3804, stack(0x0000004ba4100000,0x0000004ba4200000)]
  0x000002091e1cf2b0 JavaThread "Signal Dispatcher" daemon [_thread_blocked, id=3520, stack(0x0000004ba4200000,0x0000004ba4300000)]
  0x000002091e1d3b90 JavaThread "Attach Listener" daemon [_thread_blocked, id=3268, stack(0x0000004ba4300000,0x0000004ba4400000)]
  0x000002091e1d4450 JavaThread "Service Thread" daemon [_thread_blocked, id=15252, stack(0x0000004ba4400000,0x0000004ba4500000)]
=>0x000002091e1d5040 JavaThread "C2 CompilerThread0" daemon [_thread_in_native, id=8784, stack(0x0000004ba4500000,0x0000004ba4600000)]
  0x000002091e1d6780 JavaThread "C1 CompilerThread0" daemon [_thread_blocked, id=11688, stack(0x0000004ba4600000,0x0000004ba4700000)]
  0x000002091e1c53c0 JavaThread "Sweeper thread" daemon [_thread_blocked, id=14976, stack(0x0000004ba4700000,0x0000004ba4800000)]
  0x000002091e356010 JavaThread "Notification Thread" daemon [_thread_blocked, id=13896, stack(0x0000004ba4800000,0x0000004ba4900000)]
  0x000002091e384490 JavaThread "Common-Cleaner" daemon [_thread_blocked, id=17268, stack(0x0000004ba4a00000,0x0000004ba4b00000)]
  0x000002091e8de760 JavaThread "Java2D Disposer" daemon [_thread_blocked, id=9348, stack(0x0000004ba4b00000,0x0000004ba4c00000)]
  0x000002091e8df040 JavaThread "AWT-Shutdown" [_thread_blocked, id=16784, stack(0x0000004ba4c00000,0x0000004ba4d00000)]
  0x000002091e8e3530 JavaThread "AWT-Windows" daemon [_thread_in_native, id=7260, stack(0x0000004ba4d00000,0x0000004ba4e00000)]
  0x000002091e8ed900 JavaThread "AWT-EventQueue-0" [_thread_in_Java, id=5780, stack(0x0000004ba4e00000,0x0000004ba4f00000)]
  0x000002097edb4360 JavaThread "DestroyJavaVM" [_thread_blocked, id=17632, stack(0x0000004ba3900000,0x0000004ba3a00000)]
  0x000002091ea22380 JavaThread "Image Fetcher 0" daemon [_thread_blocked, id=17180, stack(0x0000004ba5100000,0x0000004ba5200000)]
  0x000002091ea20b70 JavaThread "Image Fetcher 1" daemon [_thread_blocked, id=7292, stack(0x0000004ba5300000,0x0000004ba5400000)]
  0x000002091ea1fd00 JavaThread "D3D Screen Updater" daemon [_thread_blocked, id=18028, stack(0x0000004ba5400000,0x0000004ba5500000)]
  0x0000020926c8c9b0 JavaThread "C2 CompilerThread1" daemon [_thread_in_native, id=3716, stack(0x0000004ba5600000,0x0000004ba5700000)]

Other Threads:
  0x000002091e171e50 VMThread "VM Thread" [stack: 0x0000004ba3f00000,0x0000004ba4000000] [id=15532]
  0x000002091e3564e0 WatcherThread [stack: 0x0000004ba4900000,0x0000004ba4a00000] [id=3404]
  0x000002097ee02660 GCTaskThread "GC Thread#0" [stack: 0x0000004ba3a00000,0x0000004ba3b00000] [id=448]
  0x000002091e9e9280 GCTaskThread "GC Thread#1" [stack: 0x0000004ba5700000,0x0000004ba5800000] [id=16596]
  0x000002091e9e8f50 GCTaskThread "GC Thread#2" [stack: 0x0000004ba5800000,0x0000004ba5900000] [id=10648]
  0x000002091e9e9f40 GCTaskThread "GC Thread#3" [stack: 0x0000004ba5900000,0x0000004ba5a00000] [id=11384]
  0x000002091e9ea5a0 GCTaskThread "GC Thread#4" [stack: 0x0000004ba5a00000,0x0000004ba5b00000] [id=15872]
  0x000002091e9e7900 GCTaskThread "GC Thread#5" [stack: 0x0000004ba5b00000,0x0000004ba5c00000] [id=1440]
  0x000002097ee13710 ConcurrentGCThread "G1 Main Marker" [stack: 0x0000004ba3b00000,0x0000004ba3c00000] [id=2144]
  0x000002097ee14290 ConcurrentGCThread "G1 Conc#0" [stack: 0x0000004ba3c00000,0x0000004ba3d00000] [id=15268]
  0x000002091d7a20c0 ConcurrentGCThread "G1 Refine#0" [stack: 0x0000004ba3d00000,0x0000004ba3e00000] [id=6420]
  0x000002091d7a3a80 ConcurrentGCThread "G1 Young RemSet Sampling" [stack: 0x0000004ba3e00000,0x0000004ba3f00000] [id=13844]

Threads with active compile tasks:
C2 CompilerThread0     4125 1725       4       Services.PositionCalc::getLegalFollowingMoves (328 bytes)
C2 CompilerThread1     4125 1722       4       Werkzeuge.Cyborg::miniMax (321 bytes)

VM state: not at safepoint (normal execution)

VM Mutex/Monitor currently owned by a thread: None

Heap address: 0x0000000701200000, size: 4078 MB, Compressed Oops mode: Zero based, Oop shift amount: 3
CDS disabled.
Compressed class space mapped at: 0x0000000800000000-0x0000000840000000, size: 1073741824
Narrow klass base: 0x0000000800000000, Narrow klass shift: 0, Narrow klass range: 0x40000000

GC Precious Log:
 CPUs: 6 total, 6 available
 Memory: 16310M
 Large Page Support: Disabled
 NUMA Support: Disabled
 Compressed Oops: Enabled (Zero based)
 Heap Region Size: 2M
 Heap Min Capacity: 8M
 Heap Initial Capacity: 256M
 Heap Max Capacity: 4078M
 Pre-touch: Disabled
 Parallel Workers: 6
 Concurrent Workers: 2
 Concurrent Refinement Workers: 6
 Periodic GC: Disabled

Heap:
 garbage-first heap   total 262144K, used 141407K [0x0000000701200000, 0x0000000800000000)
  region size 2048K, 69 young (141312K), 1 survivors (2048K)
 Metaspace       used 18003K, capacity 18173K, committed 18304K, reserved 1064960K
  class space    used 1823K, capacity 1894K, committed 1920K, reserved 1048576K

Heap Regions: E=young(eden), S=young(survivor), O=old, HS=humongous(starts), HC=humongous(continues), CS=collection set, F=free, OA=open archive, CA=closed archive, TAMS=top-at-mark-start (previous, next)
|   0|0x0000000701200000, 0x0000000701400000, 0x0000000701400000|100%| O|  |TAMS 0x0000000701200000, 0x0000000701200000| Untracked 
|   1|0x0000000701400000, 0x0000000701542800, 0x0000000701600000| 62%| O|  |TAMS 0x0000000701400000, 0x0000000701400000| Untracked 
|   2|0x0000000701600000, 0x0000000701600000, 0x0000000701800000|  0%| F|  |TAMS 0x0000000701600000, 0x0000000701600000| Untracked 
|   3|0x0000000701800000, 0x0000000701800000, 0x0000000701a00000|  0%| F|  |TAMS 0x0000000701800000, 0x0000000701800000| Untracked 
|   4|0x0000000701a00000, 0x0000000701a00000, 0x0000000701c00000|  0%| F|  |TAMS 0x0000000701a00000, 0x0000000701a00000| Untracked 
|   5|0x0000000701c00000, 0x0000000701c00000, 0x0000000701e00000|  0%| F|  |TAMS 0x0000000701c00000, 0x0000000701c00000| Untracked 
|   6|0x0000000701e00000, 0x0000000701e00000, 0x0000000702000000|  0%| F|  |TAMS 0x0000000701e00000, 0x0000000701e00000| Untracked 
|   7|0x0000000702000000, 0x0000000702000000, 0x0000000702200000|  0%| F|  |TAMS 0x0000000702000000, 0x0000000702000000| Untracked 
|   8|0x0000000702200000, 0x0000000702200000, 0x0000000702400000|  0%| F|  |TAMS 0x0000000702200000, 0x0000000702200000| Untracked 
|   9|0x0000000702400000, 0x0000000702400000, 0x0000000702600000|  0%| F|  |TAMS 0x0000000702400000, 0x0000000702400000| Untracked 
|  10|0x0000000702600000, 0x0000000702600000, 0x0000000702800000|  0%| F|  |TAMS 0x0000000702600000, 0x0000000702600000| Untracked 
|  11|0x0000000702800000, 0x0000000702800000, 0x0000000702a00000|  0%| F|  |TAMS 0x0000000702800000, 0x0000000702800000| Untracked 
|  12|0x0000000702a00000, 0x0000000702a00000, 0x0000000702c00000|  0%| F|  |TAMS 0x0000000702a00000, 0x0000000702a00000| Untracked 
|  13|0x0000000702c00000, 0x0000000702c00000, 0x0000000702e00000|  0%| F|  |TAMS 0x0000000702c00000, 0x0000000702c00000| Untracked 
|  14|0x0000000702e00000, 0x0000000702e00000, 0x0000000703000000|  0%| F|  |TAMS 0x0000000702e00000, 0x0000000702e00000| Untracked 
|  15|0x0000000703000000, 0x0000000703000000, 0x0000000703200000|  0%| F|  |TAMS 0x0000000703000000, 0x0000000703000000| Untracked 
|  16|0x0000000703200000, 0x0000000703200000, 0x0000000703400000|  0%| F|  |TAMS 0x0000000703200000, 0x0000000703200000| Untracked 
|  17|0x0000000703400000, 0x0000000703400000, 0x0000000703600000|  0%| F|  |TAMS 0x0000000703400000, 0x0000000703400000| Untracked 
|  18|0x0000000703600000, 0x0000000703600000, 0x0000000703800000|  0%| F|  |TAMS 0x0000000703600000, 0x0000000703600000| Untracked 
|  19|0x0000000703800000, 0x0000000703800000, 0x0000000703a00000|  0%| F|  |TAMS 0x0000000703800000, 0x0000000703800000| Untracked 
|  20|0x0000000703a00000, 0x0000000703a00000, 0x0000000703c00000|  0%| F|  |TAMS 0x0000000703a00000, 0x0000000703a00000| Untracked 
|  21|0x0000000703c00000, 0x0000000703c00000, 0x0000000703e00000|  0%| F|  |TAMS 0x0000000703c00000, 0x0000000703c00000| Untracked 
|  22|0x0000000703e00000, 0x0000000703e00000, 0x0000000704000000|  0%| F|  |TAMS 0x0000000703e00000, 0x0000000703e00000| Untracked 
|  23|0x0000000704000000, 0x0000000704000000, 0x0000000704200000|  0%| F|  |TAMS 0x0000000704000000, 0x0000000704000000| Untracked 
|  24|0x0000000704200000, 0x0000000704200000, 0x0000000704400000|  0%| F|  |TAMS 0x0000000704200000, 0x0000000704200000| Untracked 
|  25|0x0000000704400000, 0x0000000704400000, 0x0000000704600000|  0%| F|  |TAMS 0x0000000704400000, 0x0000000704400000| Untracked 
|  26|0x0000000704600000, 0x0000000704600000, 0x0000000704800000|  0%| F|  |TAMS 0x0000000704600000, 0x0000000704600000| Untracked 
|  27|0x0000000704800000, 0x0000000704800000, 0x0000000704a00000|  0%| F|  |TAMS 0x0000000704800000, 0x0000000704800000| Untracked 
|  28|0x0000000704a00000, 0x0000000704a00000, 0x0000000704c00000|  0%| F|  |TAMS 0x0000000704a00000, 0x0000000704a00000| Untracked 
|  29|0x0000000704c00000, 0x0000000704c00000, 0x0000000704e00000|  0%| F|  |TAMS 0x0000000704c00000, 0x0000000704c00000| Untracked 
|  30|0x0000000704e00000, 0x0000000704e00000, 0x0000000705000000|  0%| F|  |TAMS 0x0000000704e00000, 0x0000000704e00000| Untracked 
|  31|0x0000000705000000, 0x0000000705000000, 0x0000000705200000|  0%| F|  |TAMS 0x0000000705000000, 0x0000000705000000| Untracked 
|  32|0x0000000705200000, 0x0000000705200000, 0x0000000705400000|  0%| F|  |TAMS 0x0000000705200000, 0x0000000705200000| Untracked 
|  33|0x0000000705400000, 0x0000000705400000, 0x0000000705600000|  0%| F|  |TAMS 0x0000000705400000, 0x0000000705400000| Untracked 
|  34|0x0000000705600000, 0x0000000705600000, 0x0000000705800000|  0%| F|  |TAMS 0x0000000705600000, 0x0000000705600000| Untracked 
|  35|0x0000000705800000, 0x0000000705800000, 0x0000000705a00000|  0%| F|  |TAMS 0x0000000705800000, 0x0000000705800000| Untracked 
|  36|0x0000000705a00000, 0x0000000705a00000, 0x0000000705c00000|  0%| F|  |TAMS 0x0000000705a00000, 0x0000000705a00000| Untracked 
|  37|0x0000000705c00000, 0x0000000705c00000, 0x0000000705e00000|  0%| F|  |TAMS 0x0000000705c00000, 0x0000000705c00000| Untracked 
|  38|0x0000000705e00000, 0x0000000705e00000, 0x0000000706000000|  0%| F|  |TAMS 0x0000000705e00000, 0x0000000705e00000| Untracked 
|  39|0x0000000706000000, 0x0000000706000000, 0x0000000706200000|  0%| F|  |TAMS 0x0000000706000000, 0x0000000706000000| Untracked 
|  40|0x0000000706200000, 0x0000000706200000, 0x0000000706400000|  0%| F|  |TAMS 0x0000000706200000, 0x0000000706200000| Untracked 
|  41|0x0000000706400000, 0x0000000706400000, 0x0000000706600000|  0%| F|  |TAMS 0x0000000706400000, 0x0000000706400000| Untracked 
|  42|0x0000000706600000, 0x0000000706600000, 0x0000000706800000|  0%| F|  |TAMS 0x0000000706600000, 0x0000000706600000| Untracked 
|  43|0x0000000706800000, 0x0000000706800000, 0x0000000706a00000|  0%| F|  |TAMS 0x0000000706800000, 0x0000000706800000| Untracked 
|  44|0x0000000706a00000, 0x0000000706a00000, 0x0000000706c00000|  0%| F|  |TAMS 0x0000000706a00000, 0x0000000706a00000| Untracked 
|  45|0x0000000706c00000, 0x0000000706c00000, 0x0000000706e00000|  0%| F|  |TAMS 0x0000000706c00000, 0x0000000706c00000| Untracked 
|  46|0x0000000706e00000, 0x0000000706e00000, 0x0000000707000000|  0%| F|  |TAMS 0x0000000706e00000, 0x0000000706e00000| Untracked 
|  47|0x0000000707000000, 0x0000000707000000, 0x0000000707200000|  0%| F|  |TAMS 0x0000000707000000, 0x0000000707000000| Untracked 
|  48|0x0000000707200000, 0x0000000707200000, 0x0000000707400000|  0%| F|  |TAMS 0x0000000707200000, 0x0000000707200000| Untracked 
|  49|0x0000000707400000, 0x0000000707400000, 0x0000000707600000|  0%| F|  |TAMS 0x0000000707400000, 0x0000000707400000| Untracked 
|  50|0x0000000707600000, 0x0000000707600000, 0x0000000707800000|  0%| F|  |TAMS 0x0000000707600000, 0x0000000707600000| Untracked 
|  51|0x0000000707800000, 0x0000000707800000, 0x0000000707a00000|  0%| F|  |TAMS 0x0000000707800000, 0x0000000707800000| Untracked 
|  52|0x0000000707a00000, 0x0000000707ad57a0, 0x0000000707c00000| 41%| S|CS|TAMS 0x0000000707a00000, 0x0000000707a00000| Complete 
|  53|0x0000000707c00000, 0x0000000707c00000, 0x0000000707e00000|  0%| F|  |TAMS 0x0000000707c00000, 0x0000000707c00000| Untracked 
|  54|0x0000000707e00000, 0x0000000707e00000, 0x0000000708000000|  0%| F|  |TAMS 0x0000000707e00000, 0x0000000707e00000| Untracked 
|  55|0x0000000708000000, 0x0000000708000000, 0x0000000708200000|  0%| F|  |TAMS 0x0000000708000000, 0x0000000708000000| Untracked 
|  56|0x0000000708200000, 0x0000000708200000, 0x0000000708400000|  0%| F|  |TAMS 0x0000000708200000, 0x0000000708200000| Untracked 
|  57|0x0000000708400000, 0x0000000708400000, 0x0000000708600000|  0%| F|  |TAMS 0x0000000708400000, 0x0000000708400000| Untracked 
|  58|0x0000000708600000, 0x0000000708600000, 0x0000000708800000|  0%| F|  |TAMS 0x0000000708600000, 0x0000000708600000| Untracked 
|  59|0x0000000708800000, 0x0000000708a00000, 0x0000000708a00000|100%| E|  |TAMS 0x0000000708800000, 0x0000000708800000| Complete 
|  60|0x0000000708a00000, 0x0000000708c00000, 0x0000000708c00000|100%| E|CS|TAMS 0x0000000708a00000, 0x0000000708a00000| Complete 
|  61|0x0000000708c00000, 0x0000000708e00000, 0x0000000708e00000|100%| E|CS|TAMS 0x0000000708c00000, 0x0000000708c00000| Complete 
|  62|0x0000000708e00000, 0x0000000709000000, 0x0000000709000000|100%| E|CS|TAMS 0x0000000708e00000, 0x0000000708e00000| Complete 
|  63|0x0000000709000000, 0x0000000709200000, 0x0000000709200000|100%| E|CS|TAMS 0x0000000709000000, 0x0000000709000000| Complete 
|  64|0x0000000709200000, 0x0000000709400000, 0x0000000709400000|100%| E|CS|TAMS 0x0000000709200000, 0x0000000709200000| Complete 
|  65|0x0000000709400000, 0x0000000709600000, 0x0000000709600000|100%| E|CS|TAMS 0x0000000709400000, 0x0000000709400000| Complete 
|  66|0x0000000709600000, 0x0000000709800000, 0x0000000709800000|100%| E|CS|TAMS 0x0000000709600000, 0x0000000709600000| Complete 
|  67|0x0000000709800000, 0x0000000709a00000, 0x0000000709a00000|100%| E|CS|TAMS 0x0000000709800000, 0x0000000709800000| Complete 
|  68|0x0000000709a00000, 0x0000000709c00000, 0x0000000709c00000|100%| E|CS|TAMS 0x0000000709a00000, 0x0000000709a00000| Complete 
|  69|0x0000000709c00000, 0x0000000709e00000, 0x0000000709e00000|100%| E|CS|TAMS 0x0000000709c00000, 0x0000000709c00000| Complete 
|  70|0x0000000709e00000, 0x000000070a000000, 0x000000070a000000|100%| E|CS|TAMS 0x0000000709e00000, 0x0000000709e00000| Complete 
|  71|0x000000070a000000, 0x000000070a200000, 0x000000070a200000|100%| E|CS|TAMS 0x000000070a000000, 0x000000070a000000| Complete 
|  72|0x000000070a200000, 0x000000070a400000, 0x000000070a400000|100%| E|CS|TAMS 0x000000070a200000, 0x000000070a200000| Complete 
|  73|0x000000070a400000, 0x000000070a600000, 0x000000070a600000|100%| E|CS|TAMS 0x000000070a400000, 0x000000070a400000| Complete 
|  74|0x000000070a600000, 0x000000070a800000, 0x000000070a800000|100%| E|CS|TAMS 0x000000070a600000, 0x000000070a600000| Complete 
|  75|0x000000070a800000, 0x000000070aa00000, 0x000000070aa00000|100%| E|CS|TAMS 0x000000070a800000, 0x000000070a800000| Complete 
|  76|0x000000070aa00000, 0x000000070ac00000, 0x000000070ac00000|100%| E|CS|TAMS 0x000000070aa00000, 0x000000070aa00000| Complete 
|  77|0x000000070ac00000, 0x000000070ae00000, 0x000000070ae00000|100%| E|CS|TAMS 0x000000070ac00000, 0x000000070ac00000| Complete 
|  78|0x000000070ae00000, 0x000000070b000000, 0x000000070b000000|100%| E|CS|TAMS 0x000000070ae00000, 0x000000070ae00000| Complete 
|  79|0x000000070b000000, 0x000000070b200000, 0x000000070b200000|100%| E|CS|TAMS 0x000000070b000000, 0x000000070b000000| Complete 
|  80|0x000000070b200000, 0x000000070b400000, 0x000000070b400000|100%| E|CS|TAMS 0x000000070b200000, 0x000000070b200000| Complete 
|  81|0x000000070b400000, 0x000000070b600000, 0x000000070b600000|100%| E|CS|TAMS 0x000000070b400000, 0x000000070b400000| Complete 
|  82|0x000000070b600000, 0x000000070b800000, 0x000000070b800000|100%| E|CS|TAMS 0x000000070b600000, 0x000000070b600000| Complete 
|  83|0x000000070b800000, 0x000000070ba00000, 0x000000070ba00000|100%| E|CS|TAMS 0x000000070b800000, 0x000000070b800000| Complete 
|  84|0x000000070ba00000, 0x000000070bc00000, 0x000000070bc00000|100%| E|CS|TAMS 0x000000070ba00000, 0x000000070ba00000| Complete 
|  85|0x000000070bc00000, 0x000000070be00000, 0x000000070be00000|100%| E|CS|TAMS 0x000000070bc00000, 0x000000070bc00000| Complete 
|  86|0x000000070be00000, 0x000000070c000000, 0x000000070c000000|100%| E|CS|TAMS 0x000000070be00000, 0x000000070be00000| Complete 
|  87|0x000000070c000000, 0x000000070c200000, 0x000000070c200000|100%| E|CS|TAMS 0x000000070c000000, 0x000000070c000000| Complete 
|  88|0x000000070c200000, 0x000000070c400000, 0x000000070c400000|100%| E|CS|TAMS 0x000000070c200000, 0x000000070c200000| Complete 
|  89|0x000000070c400000, 0x000000070c600000, 0x000000070c600000|100%| E|CS|TAMS 0x000000070c400000, 0x000000070c400000| Complete 
|  90|0x000000070c600000, 0x000000070c800000, 0x000000070c800000|100%| E|CS|TAMS 0x000000070c600000, 0x000000070c600000| Complete 
|  91|0x000000070c800000, 0x000000070ca00000, 0x000000070ca00000|100%| E|CS|TAMS 0x000000070c800000, 0x000000070c800000| Complete 
|  92|0x000000070ca00000, 0x000000070cc00000, 0x000000070cc00000|100%| E|CS|TAMS 0x000000070ca00000, 0x000000070ca00000| Complete 
|  93|0x000000070cc00000, 0x000000070ce00000, 0x000000070ce00000|100%| E|CS|TAMS 0x000000070cc00000, 0x000000070cc00000| Complete 
|  94|0x000000070ce00000, 0x000000070d000000, 0x000000070d000000|100%| E|CS|TAMS 0x000000070ce00000, 0x000000070ce00000| Complete 
|  95|0x000000070d000000, 0x000000070d200000, 0x000000070d200000|100%| E|CS|TAMS 0x000000070d000000, 0x000000070d000000| Complete 
|  96|0x000000070d200000, 0x000000070d400000, 0x000000070d400000|100%| E|CS|TAMS 0x000000070d200000, 0x000000070d200000| Complete 
|  97|0x000000070d400000, 0x000000070d600000, 0x000000070d600000|100%| E|CS|TAMS 0x000000070d400000, 0x000000070d400000| Complete 
|  98|0x000000070d600000, 0x000000070d800000, 0x000000070d800000|100%| E|CS|TAMS 0x000000070d600000, 0x000000070d600000| Complete 
|  99|0x000000070d800000, 0x000000070da00000, 0x000000070da00000|100%| E|CS|TAMS 0x000000070d800000, 0x000000070d800000| Complete 
| 100|0x000000070da00000, 0x000000070dc00000, 0x000000070dc00000|100%| E|CS|TAMS 0x000000070da00000, 0x000000070da00000| Complete 
| 101|0x000000070dc00000, 0x000000070de00000, 0x000000070de00000|100%| E|CS|TAMS 0x000000070dc00000, 0x000000070dc00000| Complete 
| 102|0x000000070de00000, 0x000000070e000000, 0x000000070e000000|100%| E|CS|TAMS 0x000000070de00000, 0x000000070de00000| Complete 
| 103|0x000000070e000000, 0x000000070e200000, 0x000000070e200000|100%| E|CS|TAMS 0x000000070e000000, 0x000000070e000000| Complete 
| 104|0x000000070e200000, 0x000000070e400000, 0x000000070e400000|100%| E|CS|TAMS 0x000000070e200000, 0x000000070e200000| Complete 
| 105|0x000000070e400000, 0x000000070e600000, 0x000000070e600000|100%| E|CS|TAMS 0x000000070e400000, 0x000000070e400000| Complete 
| 106|0x000000070e600000, 0x000000070e800000, 0x000000070e800000|100%| E|CS|TAMS 0x000000070e600000, 0x000000070e600000| Complete 
| 107|0x000000070e800000, 0x000000070ea00000, 0x000000070ea00000|100%| E|CS|TAMS 0x000000070e800000, 0x000000070e800000| Complete 
| 108|0x000000070ea00000, 0x000000070ec00000, 0x000000070ec00000|100%| E|CS|TAMS 0x000000070ea00000, 0x000000070ea00000| Complete 
| 109|0x000000070ec00000, 0x000000070ee00000, 0x000000070ee00000|100%| E|CS|TAMS 0x000000070ec00000, 0x000000070ec00000| Complete 
| 110|0x000000070ee00000, 0x000000070f000000, 0x000000070f000000|100%| E|CS|TAMS 0x000000070ee00000, 0x000000070ee00000| Complete 
| 111|0x000000070f000000, 0x000000070f200000, 0x000000070f200000|100%| E|CS|TAMS 0x000000070f000000, 0x000000070f000000| Complete 
| 112|0x000000070f200000, 0x000000070f400000, 0x000000070f400000|100%| E|CS|TAMS 0x000000070f200000, 0x000000070f200000| Complete 
| 113|0x000000070f400000, 0x000000070f600000, 0x000000070f600000|100%| E|CS|TAMS 0x000000070f400000, 0x000000070f400000| Complete 
| 114|0x000000070f600000, 0x000000070f800000, 0x000000070f800000|100%| E|CS|TAMS 0x000000070f600000, 0x000000070f600000| Complete 
| 115|0x000000070f800000, 0x000000070fa00000, 0x000000070fa00000|100%| E|CS|TAMS 0x000000070f800000, 0x000000070f800000| Complete 
| 116|0x000000070fa00000, 0x000000070fc00000, 0x000000070fc00000|100%| E|CS|TAMS 0x000000070fa00000, 0x000000070fa00000| Complete 
| 117|0x000000070fc00000, 0x000000070fe00000, 0x000000070fe00000|100%| E|CS|TAMS 0x000000070fc00000, 0x000000070fc00000| Complete 
| 118|0x000000070fe00000, 0x0000000710000000, 0x0000000710000000|100%| E|CS|TAMS 0x000000070fe00000, 0x000000070fe00000| Complete 
| 119|0x0000000710000000, 0x0000000710200000, 0x0000000710200000|100%| E|CS|TAMS 0x0000000710000000, 0x0000000710000000| Complete 
| 120|0x0000000710200000, 0x0000000710400000, 0x0000000710400000|100%| E|CS|TAMS 0x0000000710200000, 0x0000000710200000| Complete 
| 121|0x0000000710400000, 0x0000000710600000, 0x0000000710600000|100%| E|CS|TAMS 0x0000000710400000, 0x0000000710400000| Complete 
| 122|0x0000000710600000, 0x0000000710800000, 0x0000000710800000|100%| E|CS|TAMS 0x0000000710600000, 0x0000000710600000| Complete 
| 123|0x0000000710800000, 0x0000000710a00000, 0x0000000710a00000|100%| E|CS|TAMS 0x0000000710800000, 0x0000000710800000| Complete 
| 124|0x0000000710a00000, 0x0000000710c00000, 0x0000000710c00000|100%| E|CS|TAMS 0x0000000710a00000, 0x0000000710a00000| Complete 
| 125|0x0000000710c00000, 0x0000000710e00000, 0x0000000710e00000|100%| E|CS|TAMS 0x0000000710c00000, 0x0000000710c00000| Complete 
| 126|0x0000000710e00000, 0x0000000711000000, 0x0000000711000000|100%| E|CS|TAMS 0x0000000710e00000, 0x0000000710e00000| Complete 
| 127|0x0000000711000000, 0x0000000711200000, 0x0000000711200000|100%| E|CS|TAMS 0x0000000711000000, 0x0000000711000000| Complete 

Card table byte_map: [0x000002097f7a0000,0x000002097ffa0000] _byte_map_base: 0x000002097bf97000

Marking Bits (Prev, Next): (CMBitMap*) 0x000002097ee02de0, (CMBitMap*) 0x000002097ee02e20
 Prev Bits: [0x0000020913140000, 0x00000209170f8000)
 Next Bits: [0x0000020917100000, 0x000002091b0b8000)

Polling page: 0x000002097cd80000

Metaspace:

Usage:
  Non-class:     15.90 MB capacity,    15.80 MB (>99%) used,    78.48 KB ( <1%) free+waste,    20.12 KB ( <1%) overhead. 
      Class:      1.85 MB capacity,     1.78 MB ( 96%) used,    63.97 KB (  3%) free+waste,     6.88 KB ( <1%) overhead. 
       Both:     17.75 MB capacity,    17.58 MB (>99%) used,   142.45 KB ( <1%) free+waste,    27.00 KB ( <1%) overhead. 

Virtual space:
  Non-class space:       16.00 MB reserved,      16.00 MB (100%) committed 
      Class space:        1.00 GB reserved,       1.88 MB ( <1%) committed 
             Both:        1.02 GB reserved,      17.88 MB (  2%) committed 

Chunk freelists:
   Non-Class:  41.00 KB
       Class:  26.00 KB
        Both:  67.00 KB

MaxMetaspaceSize: 17179869184.00 GB
CompressedClassSpaceSize: 1.00 GB

CodeHeap 'non-profiled nmethods': size=120000Kb used=727Kb max_used=727Kb free=119272Kb
 bounds [0x000002090b410000, 0x000002090b680000, 0x0000020912940000]
CodeHeap 'profiled nmethods': size=120000Kb used=3586Kb max_used=3586Kb free=116413Kb
 bounds [0x0000020903ee0000, 0x0000020904270000, 0x000002090b410000]
CodeHeap 'non-nmethods': size=5760Kb used=1313Kb max_used=1360Kb free=4446Kb
 bounds [0x0000020903940000, 0x0000020903bb0000, 0x0000020903ee0000]
 total_blobs=2335 nmethods=1730 adapters=517
 compilation: enabled
              stopped_count=0, restarted_count=0
 full_count=0

Compilation events (20 events):
Event: 3.966 Thread 0x000002091e1d6780 1739       3       java.util.HashMap::get (19 bytes)
Event: 3.966 Thread 0x000002091e1d6780 nmethod 1739 0x0000020904233810 code [0x00000209042339c0, 0x0000020904233b68]
Event: 3.972 Thread 0x000002091e1d6780 1740       3       Material.Position::makeMove (1336 bytes)
Event: 3.976 Thread 0x000002091e1d6780 nmethod 1740 0x0000020904233c10 code [0x00000209042347e0, 0x000002090423e558]
Event: 3.976 Thread 0x000002091e1d6780 1743       2       java.util.ComparableTimSort::reverseRange (32 bytes)
Event: 3.976 Thread 0x000002091e1d6780 nmethod 1743 0x0000020904241690 code [0x0000020904241840, 0x0000020904241b98]
Event: 3.977 Thread 0x000002091e1d6780 1744       2       Material.King::isInCheck (465 bytes)
Event: 3.978 Thread 0x000002091e1d6780 nmethod 1744 0x0000020904241d10 code [0x00000209042420e0, 0x0000020904243488]
Event: 3.980 Thread 0x000002091e1d6780 1746       2       java.util.ComparableTimSort::binarySort (223 bytes)
Event: 3.980 Thread 0x000002091e1d6780 nmethod 1746 0x0000020904244310 code [0x0000020904244500, 0x0000020904244bf8]
Event: 3.980 Thread 0x000002091e1d6780 1745       2       java.util.ComparableTimSort::countRunAndMakeAscending (123 bytes)
Event: 3.981 Thread 0x000002091e1d6780 nmethod 1745 0x0000020904244f10 code [0x0000020904245100, 0x00000209042455d8]
Event: 3.984 Thread 0x000002091e1d6780 1747 %     3       Material.King::isInCheck @ 413 (465 bytes)
Event: 3.987 Thread 0x000002091e1d6780 nmethod 1747% 0x0000020904245890 code [0x0000020904245f40, 0x000002090424a508]
Event: 3.989 Thread 0x000002091e1d6780 1748 %     3       Material.King::isInCheck @ 132 (465 bytes)
Event: 3.992 Thread 0x000002091e1d6780 nmethod 1748% 0x000002090424bc10 code [0x000002090424c2c0, 0x0000020904250988]
Event: 3.996 Thread 0x000002091e1d6780 1749       3       Material.King::isInCheck (465 bytes)
Event: 3.999 Thread 0x000002091e1d6780 nmethod 1749 0x0000020904252190 code [0x0000020904252840, 0x0000020904256d68]
Event: 4.085 Thread 0x000002091e1d6780 1754       3       Material.King::getMoves (731 bytes)
Event: 4.088 Thread 0x000002091e1d6780 nmethod 1754 0x0000020904258410 code [0x0000020904258ce0, 0x000002090425ec58]

GC Heap History (12 events):
Event: 3.533 GC heap before
{Heap before GC invocations=0 (full 0):
 garbage-first heap   total 262144K, used 20480K [0x0000000701200000, 0x0000000800000000)
  region size 2048K, 10 young (20480K), 0 survivors (0K)
 Metaspace       used 17978K, capacity 18173K, committed 18304K, reserved 1064960K
  class space    used 1823K, capacity 1894K, committed 1920K, reserved 1048576K
}
Event: 3.537 GC heap after
{Heap after GC invocations=1 (full 0):
 garbage-first heap   total 262144K, used 3358K [0x0000000701200000, 0x0000000800000000)
  region size 2048K, 2 young (4096K), 2 survivors (4096K)
 Metaspace       used 17978K, capacity 18173K, committed 18304K, reserved 1064960K
  class space    used 1823K, capacity 1894K, committed 1920K, reserved 1048576K
}
Event: 3.569 GC heap before
{Heap before GC invocations=1 (full 0):
 garbage-first heap   total 262144K, used 27934K [0x0000000701200000, 0x0000000800000000)
  region size 2048K, 14 young (28672K), 2 survivors (4096K)
 Metaspace       used 17985K, capacity 18173K, committed 18304K, reserved 1064960K
  class space    used 1823K, capacity 1894K, committed 1920K, reserved 1048576K
}
Event: 3.571 GC heap after
{Heap after GC invocations=2 (full 0):
 garbage-first heap   total 262144K, used 3688K [0x0000000701200000, 0x0000000800000000)
  region size 2048K, 1 young (2048K), 1 survivors (2048K)
 Metaspace       used 17985K, capacity 18173K, committed 18304K, reserved 1064960K
  class space    used 1823K, capacity 1894K, committed 1920K, reserved 1048576K
}
Event: 3.762 GC heap before
{Heap before GC invocations=2 (full 0):
 garbage-first heap   total 262144K, used 157288K [0x0000000701200000, 0x0000000800000000)
  region size 2048K, 76 young (155648K), 1 survivors (2048K)
 Metaspace       used 18001K, capacity 18173K, committed 18304K, reserved 1064960K
  class space    used 1823K, capacity 1894K, committed 1920K, reserved 1048576K
}
Event: 3.763 GC heap after
{Heap after GC invocations=3 (full 0):
 garbage-first heap   total 262144K, used 3662K [0x0000000701200000, 0x0000000800000000)
  region size 2048K, 1 young (2048K), 1 survivors (2048K)
 Metaspace       used 18001K, capacity 18173K, committed 18304K, reserved 1064960K
  class space    used 1823K, capacity 1894K, committed 1920K, reserved 1048576K
}
Event: 3.848 GC heap before
{Heap before GC invocations=3 (full 0):
 garbage-first heap   total 262144K, used 157262K [0x0000000701200000, 0x0000000800000000)
  region size 2048K, 76 young (155648K), 1 survivors (2048K)
 Metaspace       used 18001K, capacity 18173K, committed 18304K, reserved 1064960K
  class space    used 1823K, capacity 1894K, committed 1920K, reserved 1048576K
}
Event: 3.848 GC heap after
{Heap after GC invocations=4 (full 0):
 garbage-first heap   total 262144K, used 3794K [0x0000000701200000, 0x0000000800000000)
  region size 2048K, 1 young (2048K), 1 survivors (2048K)
 Metaspace       used 18001K, capacity 18173K, committed 18304K, reserved 1064960K
  class space    used 1823K, capacity 1894K, committed 1920K, reserved 1048576K
}
Event: 3.932 GC heap before
{Heap before GC invocations=4 (full 0):
 garbage-first heap   total 262144K, used 157394K [0x0000000701200000, 0x0000000800000000)
  region size 2048K, 76 young (155648K), 1 survivors (2048K)
 Metaspace       used 18002K, capacity 18173K, committed 18304K, reserved 1064960K
  class space    used 1823K, capacity 1894K, committed 1920K, reserved 1048576K
}
Event: 3.932 GC heap after
{Heap after GC invocations=5 (full 0):
 garbage-first heap   total 262144K, used 3997K [0x0000000701200000, 0x0000000800000000)
  region size 2048K, 1 young (2048K), 1 survivors (2048K)
 Metaspace       used 18002K, capacity 18173K, committed 18304K, reserved 1064960K
  class space    used 1823K, capacity 1894K, committed 1920K, reserved 1048576K
}
Event: 4.032 GC heap before
{Heap before GC invocations=5 (full 0):
 garbage-first heap   total 262144K, used 157597K [0x0000000701200000, 0x0000000800000000)
  region size 2048K, 76 young (155648K), 1 survivors (2048K)
 Metaspace       used 18003K, capacity 18173K, committed 18304K, reserved 1064960K
  class space    used 1823K, capacity 1894K, committed 1920K, reserved 1048576K
}
Event: 4.033 GC heap after
{Heap after GC invocations=6 (full 0):
 garbage-first heap   total 262144K, used 4191K [0x0000000701200000, 0x0000000800000000)
  region size 2048K, 1 young (2048K), 1 survivors (2048K)
 Metaspace       used 18003K, capacity 18173K, committed 18304K, reserved 1064960K
  class space    used 1823K, capacity 1894K, committed 1920K, reserved 1048576K
}

Deoptimization events (20 events):
Event: 4.028 Thread 0x000002091e8ed900 DEOPT PACKING pc=0x00000209042562f3 sp=0x0000004ba4efd980
Event: 4.028 Thread 0x000002091e8ed900 DEOPT UNPACKING pc=0x000002090398e23f sp=0x0000004ba4efce80 mode 0
Event: 4.036 Thread 0x000002091e8ed900 DEOPT PACKING pc=0x00000209042562f3 sp=0x0000004ba4efd980
Event: 4.036 Thread 0x000002091e8ed900 DEOPT UNPACKING pc=0x000002090398e23f sp=0x0000004ba4efce80 mode 0
Event: 4.040 Thread 0x000002091e8ed900 DEOPT PACKING pc=0x00000209042569a4 sp=0x0000004ba4efd980
Event: 4.040 Thread 0x000002091e8ed900 DEOPT UNPACKING pc=0x000002090398e23f sp=0x0000004ba4efce80 mode 0
Event: 4.046 Thread 0x000002091e8ed900 DEOPT PACKING pc=0x00000209042562f3 sp=0x0000004ba4efd8c0
Event: 4.046 Thread 0x000002091e8ed900 DEOPT UNPACKING pc=0x000002090398e23f sp=0x0000004ba4efcdc0 mode 0
Event: 4.056 Thread 0x000002091e8ed900 DEOPT PACKING pc=0x00000209042562f3 sp=0x0000004ba4efd980
Event: 4.056 Thread 0x000002091e8ed900 DEOPT UNPACKING pc=0x000002090398e23f sp=0x0000004ba4efce80 mode 0
Event: 4.059 Thread 0x000002091e8ed900 DEOPT PACKING pc=0x00000209042562f3 sp=0x0000004ba4efd8c0
Event: 4.059 Thread 0x000002091e8ed900 DEOPT UNPACKING pc=0x000002090398e23f sp=0x0000004ba4efcdc0 mode 0
Event: 4.074 Thread 0x000002091e8ed900 DEOPT PACKING pc=0x00000209042562f3 sp=0x0000004ba4efd980
Event: 4.074 Thread 0x000002091e8ed900 DEOPT UNPACKING pc=0x000002090398e23f sp=0x0000004ba4efce80 mode 0
Event: 4.077 Thread 0x000002091e8ed900 DEOPT PACKING pc=0x00000209042569a4 sp=0x0000004ba4efd980
Event: 4.077 Thread 0x000002091e8ed900 DEOPT UNPACKING pc=0x000002090398e23f sp=0x0000004ba4efce80 mode 0
Event: 4.085 Thread 0x000002091e8ed900 DEOPT PACKING pc=0x000002090421d8b6 sp=0x0000004ba4efd9c0
Event: 4.085 Thread 0x000002091e8ed900 DEOPT UNPACKING pc=0x000002090398e23f sp=0x0000004ba4efcf18 mode 0
Event: 4.087 Thread 0x000002091e8ed900 DEOPT PACKING pc=0x00000209042562f3 sp=0x0000004ba4efd980
Event: 4.087 Thread 0x000002091e8ed900 DEOPT UNPACKING pc=0x000002090398e23f sp=0x0000004ba4efce80 mode 0

Classes unloaded (0 events):
No events

Classes redefined (0 events):
No events

Internal exceptions (13 events):
Event: 0.104 Thread 0x000002097edb4360 Exception <a 'java/lang/NoSuchMethodError'{0x0000000711123948}: 'void java.lang.invoke.DirectMethodHandle$Holder.invokeSpecial(java.lang.Object, java.lang.Object, java.lang.Object)'> (0x0000000711123948) 
thrown [./open/src/hotspot/share/interpreter/linkResolver.cpp, line 782]
Event: 0.141 Thread 0x000002097edb4360 Exception <a 'java/lang/ClassNotFoundException'{0x0000000711171ee8}: sun/awt/resources/spi/awtProvider> (0x0000000711171ee8) 
thrown [./open/src/hotspot/share/classfile/systemDictionary.cpp, line 295]
Event: 0.164 Thread 0x000002097edb4360 Exception <a 'java/io/FileNotFoundException'{0x00000007111ce028}> (0x00000007111ce028) 
thrown [./open/src/hotspot/share/prims/jni.cpp, line 578]
Event: 0.171 Thread 0x000002097edb4360 Exception <a 'java/io/FileNotFoundException'{0x00000007111fc908}> (0x00000007111fc908) 
thrown [./open/src/hotspot/share/prims/jni.cpp, line 578]
Event: 0.172 Thread 0x000002097edb4360 Exception <a 'java/lang/NoSuchMethodError'{0x00000007111fdc40}: 'java.lang.Object java.lang.invoke.DirectMethodHandle$Holder.invokeStatic(java.lang.Object)'> (0x00000007111fdc40) 
thrown [./open/src/hotspot/share/interpreter/linkResolver.cpp, line 782]
Event: 0.204 Thread 0x000002097edb4360 Exception <a 'java/lang/NoSuchMethodError'{0x0000000710e3e7d8}: 'java.lang.Object java.lang.invoke.DirectMethodHandle$Holder.invokeStaticInit(java.lang.Object)'> (0x0000000710e3e7d8) 
thrown [./open/src/hotspot/share/interpreter/linkResolver.cpp, line 782]
Event: 0.352 Thread 0x000002091e8ed900 Exception <a 'java/lang/NoSuchMethodError'{0x0000000710fc55e0}: 'java.lang.Object java.lang.invoke.DirectMethodHandle$Holder.newInvokeSpecial(java.lang.Object, java.lang.Object, java.lang.Object, java.lang.Object, java.lang.Object)'> (0x0000000710fc55e0) 
thrown [./open/src/hotspot/share/interpreter/linkResolver.cpp, line 782]
Event: 0.353 Thread 0x000002091e8ed900 Exception <a 'java/lang/NoSuchMethodError'{0x0000000710fd1070}: 'java.lang.Object java.lang.invoke.DirectMethodHandle$Holder.invokeStatic(java.lang.Object, int, java.lang.Object, java.lang.Object, java.lang.Object, java.lang.Object)'> (0x0000000710fd1070) 
thrown [./open/src/hotspot/share/interpreter/linkResolver.cpp, line 782]
Event: 0.357 Thread 0x000002091e8ed900 Exception <a 'java/lang/NoSuchMethodError'{0x0000000710ff7318}: 'java.lang.Object java.lang.invoke.DirectMethodHandle$Holder.invokeStatic(java.lang.Object, int, java.lang.Object)'> (0x0000000710ff7318) 
thrown [./open/src/hotspot/share/interpreter/linkResolver.cpp, line 782]
Event: 0.374 Thread 0x000002091e8ed900 Exception <a 'java/lang/ClassNotFoundException'{0x0000000710caff40}: com/sun/swing/internal/plaf/metal/resources/spi/metalProvider> (0x0000000710caff40) 
thrown [./open/src/hotspot/share/classfile/systemDictionary.cpp, line 295]
Event: 0.374 Thread 0x000002091e8ed900 Exception <a 'java/lang/ClassNotFoundException'{0x0000000710cb43f0}: com/sun/swing/internal/plaf/basic/resources/spi/basicProvider> (0x0000000710cb43f0) 
thrown [./open/src/hotspot/share/classfile/systemDictionary.cpp, line 295]
Event: 0.485 Thread 0x000002091ea22380 Exception <a 'java/lang/NoSuchMethodError'{0x0000000710b23730}: 'java.lang.Object java.lang.invoke.DirectMethodHandle$Holder.newInvokeSpecial(java.lang.Object, java.lang.Object, java.lang.Object, int, int, int, int, int)'> (0x0000000710b23730) 
thrown [./open/src/hotspot/share/interpreter/linkResolver.cpp, line 782]
Event: 0.556 Thread 0x000002091e8ed900 Exception <a 'java/lang/NoSuchMethodError'{0x00000007109160c8}: 'void java.lang.invoke.DirectMethodHandle$Holder.invokeStaticInit(java.lang.Object)'> (0x00000007109160c8) 
thrown [./open/src/hotspot/share/interpreter/linkResolver.cpp, line 782]

Events (20 events):
Event: 1.735 Executing VM operation: HandshakeAllThreads done
Event: 2.238 loading class javax/swing/RepaintManager$3
Event: 2.238 loading class javax/swing/RepaintManager$3 done
Event: 2.739 Executing VM operation: HandshakeAllThreads
Event: 2.739 Executing VM operation: HandshakeAllThreads done
Event: 3.509 Thread 0x0000020926c8c9b0 Thread added: 0x0000020926c8c9b0
Event: 3.533 Executing VM operation: G1CollectForAllocation
Event: 3.537 Executing VM operation: G1CollectForAllocation done
Event: 3.537 Executing VM operation: HandshakeAllThreads
Event: 3.537 Executing VM operation: HandshakeAllThreads done
Event: 3.569 Executing VM operation: G1CollectForAllocation
Event: 3.571 Executing VM operation: G1CollectForAllocation done
Event: 3.762 Executing VM operation: G1CollectForAllocation
Event: 3.763 Executing VM operation: G1CollectForAllocation done
Event: 3.848 Executing VM operation: G1CollectForAllocation
Event: 3.848 Executing VM operation: G1CollectForAllocation done
Event: 3.932 Executing VM operation: G1CollectForAllocation
Event: 3.932 Executing VM operation: G1CollectForAllocation done
Event: 4.032 Executing VM operation: G1CollectForAllocation
Event: 4.033 Executing VM operation: G1CollectForAllocation done


Dynamic libraries:
0x00007ff6e4bc0000 - 0x00007ff6e4bcd000 	C:\Users\janme\.p2\pool\plugins\org.eclipse.justj.openjdk.hotspot.jre.full.win32.x86_64_15.0.2.v20210201-0955\jre\bin\javaw.exe
0x00007ffdb13d0000 - 0x00007ffdb15c5000 	C:\WINDOWS\SYSTEM32\ntdll.dll
0x00007ffdb04b0000 - 0x00007ffdb056d000 	C:\WINDOWS\System32\KERNEL32.DLL
0x00007ffdaf090000 - 0x00007ffdaf359000 	C:\WINDOWS\System32\KERNELBASE.dll
0x00007ffdaef90000 - 0x00007ffdaf090000 	C:\WINDOWS\System32\ucrtbase.dll
0x00007ffd9ddd0000 - 0x00007ffd9dde8000 	C:\Users\janme\.p2\pool\plugins\org.eclipse.justj.openjdk.hotspot.jre.full.win32.x86_64_15.0.2.v20210201-0955\jre\bin\jli.dll
0x00007ffd9ddb0000 - 0x00007ffd9ddc9000 	C:\Users\janme\.p2\pool\plugins\org.eclipse.justj.openjdk.hotspot.jre.full.win32.x86_64_15.0.2.v20210201-0955\jre\bin\VCRUNTIME140.dll
0x00007ffdaf990000 - 0x00007ffdafb30000 	C:\WINDOWS\System32\USER32.dll
0x00007ffdaf400000 - 0x00007ffdaf422000 	C:\WINDOWS\System32\win32u.dll
0x00007ffdafc40000 - 0x00007ffdafc6a000 	C:\WINDOWS\System32\GDI32.dll
0x00007ffd9f260000 - 0x00007ffd9f4fa000 	C:\WINDOWS\WinSxS\amd64_microsoft.windows.common-controls_6595b64144ccf1df_6.0.19041.1110_none_60b5254171f9507e\COMCTL32.dll
0x00007ffdaeb00000 - 0x00007ffdaec0b000 	C:\WINDOWS\System32\gdi32full.dll
0x00007ffdb0a40000 - 0x00007ffdb0ade000 	C:\WINDOWS\System32\msvcrt.dll
0x00007ffdaf360000 - 0x00007ffdaf3fd000 	C:\WINDOWS\System32\msvcp_win.dll
0x00007ffdb0a10000 - 0x00007ffdb0a40000 	C:\WINDOWS\System32\IMM32.DLL
0x00007ffdaa5d0000 - 0x00007ffdaa5dc000 	C:\Users\janme\.p2\pool\plugins\org.eclipse.justj.openjdk.hotspot.jre.full.win32.x86_64_15.0.2.v20210201-0955\jre\bin\vcruntime140_1.dll
0x00007ffd971d0000 - 0x00007ffd97261000 	C:\Users\janme\.p2\pool\plugins\org.eclipse.justj.openjdk.hotspot.jre.full.win32.x86_64_15.0.2.v20210201-0955\jre\bin\msvcp140.dll
0x00007ffd78b50000 - 0x00007ffd796ae000 	C:\Users\janme\.p2\pool\plugins\org.eclipse.justj.openjdk.hotspot.jre.full.win32.x86_64_15.0.2.v20210201-0955\jre\bin\server\jvm.dll
0x00007ffdb0830000 - 0x00007ffdb08dc000 	C:\WINDOWS\System32\ADVAPI32.dll
0x00007ffdb0790000 - 0x00007ffdb082b000 	C:\WINDOWS\System32\sechost.dll
0x00007ffdb0590000 - 0x00007ffdb06ba000 	C:\WINDOWS\System32\RPCRT4.dll
0x00007ffdb06c0000 - 0x00007ffdb06c8000 	C:\WINDOWS\System32\PSAPI.DLL
0x00007ffdaa5c0000 - 0x00007ffdaa5c9000 	C:\WINDOWS\SYSTEM32\WSOCK32.dll
0x00007ffdb09a0000 - 0x00007ffdb0a0b000 	C:\WINDOWS\System32\WS2_32.dll
0x00007ffda6340000 - 0x00007ffda6367000 	C:\WINDOWS\SYSTEM32\WINMM.dll
0x00007ffda88e0000 - 0x00007ffda88ea000 	C:\WINDOWS\SYSTEM32\VERSION.dll
0x00007ffdac9f0000 - 0x00007ffdaca02000 	C:\WINDOWS\SYSTEM32\kernel.appcore.dll
0x00007ffd9e620000 - 0x00007ffd9e62a000 	C:\Users\janme\.p2\pool\plugins\org.eclipse.justj.openjdk.hotspot.jre.full.win32.x86_64_15.0.2.v20210201-0955\jre\bin\jimage.dll
0x00007ffd97b90000 - 0x00007ffd97d74000 	C:\WINDOWS\SYSTEM32\DBGHELP.DLL
0x00007ffd977d0000 - 0x00007ffd977fc000 	C:\WINDOWS\SYSTEM32\dbgcore.DLL
0x00007ffdaef00000 - 0x00007ffdaef83000 	C:\WINDOWS\System32\bcryptPrimitives.dll
0x00007ffd95e60000 - 0x00007ffd95e85000 	C:\Users\janme\.p2\pool\plugins\org.eclipse.justj.openjdk.hotspot.jre.full.win32.x86_64_15.0.2.v20210201-0955\jre\bin\java.dll
0x00007ffd9e160000 - 0x00007ffd9e178000 	C:\Users\janme\.p2\pool\plugins\org.eclipse.justj.openjdk.hotspot.jre.full.win32.x86_64_15.0.2.v20210201-0955\jre\bin\zip.dll
0x00007ffdafd60000 - 0x00007ffdb049f000 	C:\WINDOWS\System32\SHELL32.dll
0x00007ffdacbf0000 - 0x00007ffdad380000 	C:\WINDOWS\SYSTEM32\windows.storage.dll
0x00007ffdb0ce0000 - 0x00007ffdb1035000 	C:\WINDOWS\System32\combase.dll
0x00007ffdae540000 - 0x00007ffdae56c000 	C:\WINDOWS\SYSTEM32\Wldp.dll
0x00007ffdafb30000 - 0x00007ffdafbde000 	C:\WINDOWS\System32\SHCORE.dll
0x00007ffdafc70000 - 0x00007ffdafcc5000 	C:\WINDOWS\System32\shlwapi.dll
0x00007ffdaea40000 - 0x00007ffdaea5f000 	C:\WINDOWS\SYSTEM32\profapi.dll
0x00007ffd9cde0000 - 0x00007ffd9cdf9000 	C:\Users\janme\.p2\pool\plugins\org.eclipse.justj.openjdk.hotspot.jre.full.win32.x86_64_15.0.2.v20210201-0955\jre\bin\net.dll
0x00007ffda7530000 - 0x00007ffda7638000 	C:\WINDOWS\SYSTEM32\WINHTTP.dll
0x00007ffdae260000 - 0x00007ffdae2ca000 	C:\WINDOWS\system32\mswsock.dll
0x00007ffd9c680000 - 0x00007ffd9c692000 	C:\Users\janme\.p2\pool\plugins\org.eclipse.justj.openjdk.hotspot.jre.full.win32.x86_64_15.0.2.v20210201-0955\jre\bin\nio.dll
0x00007ffd83060000 - 0x00007ffd831df000 	C:\Users\janme\.p2\pool\plugins\org.eclipse.justj.openjdk.hotspot.jre.full.win32.x86_64_15.0.2.v20210201-0955\jre\bin\awt.dll
0x00007ffdb0ae0000 - 0x00007ffdb0bad000 	C:\WINDOWS\System32\OLEAUT32.dll
0x00007ffdac260000 - 0x00007ffdac2f0000 	C:\WINDOWS\SYSTEM32\apphelp.dll
0x00007ffdac530000 - 0x00007ffdac5ce000 	C:\WINDOWS\system32\uxtheme.dll
0x00007ffdb10c0000 - 0x00007ffdb11d5000 	C:\WINDOWS\System32\MSCTF.dll
0x00007ffdb0bb0000 - 0x00007ffdb0cda000 	C:\WINDOWS\System32\ole32.dll
0x00007ffdac810000 - 0x00007ffdac83f000 	C:\WINDOWS\system32\DWMAPI.DLL
0x00007ffd81830000 - 0x00007ffd81955000 	C:\WINDOWS\system32\opengl32.dll
0x00007ffd9d950000 - 0x00007ffd9d97c000 	C:\WINDOWS\SYSTEM32\GLU32.dll
0x00007ffda5690000 - 0x00007ffda585e000 	C:\WINDOWS\system32\d3d9.dll
0x00007ffda4d60000 - 0x00007ffda4e4f000 	C:\WINDOWS\System32\DriverStore\FileRepository\nvmo.inf_amd64_42f980a187399e57\nvldumdx.dll
0x00007ffdaec10000 - 0x00007ffdaed6f000 	C:\WINDOWS\System32\crypt32.dll
0x00007ffda88a0000 - 0x00007ffda88d1000 	C:\WINDOWS\SYSTEM32\cryptnet.dll
0x00007ffdae400000 - 0x00007ffdae40c000 	C:\WINDOWS\SYSTEM32\cryptbase.dll
0x00007ffdaeea0000 - 0x00007ffdaef00000 	C:\WINDOWS\System32\WINTRUST.DLL
0x00007ffdae6e0000 - 0x00007ffdae6f2000 	C:\WINDOWS\SYSTEM32\MSASN1.dll
0x00007ffdb0570000 - 0x00007ffdb058d000 	C:\WINDOWS\System32\imagehlp.dll
0x00007ffdae440000 - 0x00007ffdae458000 	C:\WINDOWS\SYSTEM32\CRYPTSP.dll
0x00007ffdadb30000 - 0x00007ffdadb64000 	C:\WINDOWS\system32\rsaenh.dll
0x00007ffdaed70000 - 0x00007ffdaed97000 	C:\WINDOWS\System32\bcrypt.dll
0x00007ffd66700000 - 0x00007ffd67c07000 	C:\WINDOWS\System32\DriverStore\FileRepository\nvmo.inf_amd64_42f980a187399e57\nvd3dumx.dll
0x00007ffdae090000 - 0x00007ffdae0db000 	C:\WINDOWS\SYSTEM32\powrprof.dll
0x00007ffdadf00000 - 0x00007ffdadf12000 	C:\WINDOWS\SYSTEM32\UMPDC.dll
0x00007ffdad390000 - 0x00007ffdad3b3000 	C:\WINDOWS\SYSTEM32\gpapi.dll
0x00007ffda63e0000 - 0x00007ffda641b000 	C:\WINDOWS\SYSTEM32\dxcore.dll
0x00007ffdaeda0000 - 0x00007ffdaedee000 	C:\WINDOWS\System32\cfgmgr32.dll
0x00007ffd97140000 - 0x00007ffd971c5000 	C:\Users\janme\.p2\pool\plugins\org.eclipse.justj.openjdk.hotspot.jre.full.win32.x86_64_15.0.2.v20210201-0955\jre\bin\freetype.dll
0x00007ffd96de0000 - 0x00007ffd96e89000 	C:\Users\janme\.p2\pool\plugins\org.eclipse.justj.openjdk.hotspot.jre.full.win32.x86_64_15.0.2.v20210201-0955\jre\bin\fontmanager.dll
0x00007ffda5590000 - 0x00007ffda5689000 	C:\WINDOWS\SYSTEM32\textinputframework.dll
0x00007ffdabef0000 - 0x00007ffdabfe2000 	C:\WINDOWS\System32\CoreMessaging.dll
0x00007ffdabb90000 - 0x00007ffdabeee000 	C:\WINDOWS\System32\CoreUIComponents.dll
0x00007ffdad7c0000 - 0x00007ffdad7f3000 	C:\WINDOWS\SYSTEM32\ntmarta.dll
0x00007ffdab4a0000 - 0x00007ffdab5f4000 	C:\WINDOWS\SYSTEM32\wintypes.dll

dbghelp: loaded successfully - version: 4.0.5 - missing functions: none
symbol engine: initialized successfully - sym options: 0x614 - pdb path: .;C:\Users\janme\.p2\pool\plugins\org.eclipse.justj.openjdk.hotspot.jre.full.win32.x86_64_15.0.2.v20210201-0955\jre\bin;C:\WINDOWS\SYSTEM32;C:\WINDOWS\WinSxS\amd64_microsoft.windows.common-controls_6595b64144ccf1df_6.0.19041.1110_none_60b5254171f9507e;C:\Users\janme\.p2\pool\plugins\org.eclipse.justj.openjdk.hotspot.jre.full.win32.x86_64_15.0.2.v20210201-0955\jre\bin\server;C:\WINDOWS\System32\DriverStore\FileRepository\nvmo.inf_amd64_42f980a187399e57

VM Arguments:
jvm_args: -ea -Dfile.encoding=UTF-8 -XX:+ShowCodeDetailsInExceptionMessages 
java_command: Gui.ChessGui2
java_class_path (initial): C:\Users\janme\Documents\GitHub\Cyborg\Chess\bin;C:\Users\janme\.p2\pool\plugins\org.junit_4.13.0.v20200204-1500.jar;C:\Users\janme\.p2\pool\plugins\org.hamcrest.core_1.3.0.v20180420-1519.jar
Launcher Type: SUN_STANDARD

[Global flags]
     intx CICompilerCount                          = 3                                         {product} {ergonomic}
     uint ConcGCThreads                            = 2                                         {product} {ergonomic}
     uint G1ConcRefinementThreads                  = 6                                         {product} {ergonomic}
   size_t G1HeapRegionSize                         = 2097152                                   {product} {ergonomic}
    uintx GCDrainStackTargetSize                   = 64                                        {product} {ergonomic}
   size_t InitialHeapSize                          = 268435456                                 {product} {ergonomic}
   size_t MarkStackSize                            = 4194304                                   {product} {ergonomic}
   size_t MaxHeapSize                              = 4276092928                                {product} {ergonomic}
   size_t MaxNewSize                               = 2564816896                                {product} {ergonomic}
   size_t MinHeapDeltaBytes                        = 2097152                                   {product} {ergonomic}
   size_t MinHeapSize                              = 8388608                                   {product} {ergonomic}
    uintx NonNMethodCodeHeapSize                   = 5832780                                {pd product} {ergonomic}
    uintx NonProfiledCodeHeapSize                  = 122912730                              {pd product} {ergonomic}
    uintx ProfiledCodeHeapSize                     = 122912730                              {pd product} {ergonomic}
    uintx ReservedCodeCacheSize                    = 251658240                              {pd product} {ergonomic}
     bool SegmentedCodeCache                       = true                                      {product} {ergonomic}
     bool ShowCodeDetailsInExceptionMessages       = true                                   {manageable} {command line}
   size_t SoftMaxHeapSize                          = 4276092928                             {manageable} {ergonomic}
     bool UseCompressedClassPointers               = true                                 {lp64_product} {ergonomic}
     bool UseCompressedOops                        = true                                 {lp64_product} {ergonomic}
     bool UseG1GC                                  = true                                      {product} {ergonomic}
     bool UseLargePagesIndividualAllocation        = false                                  {pd product} {ergonomic}

Logging:
Log output configuration:
 #0: stdout all=warning uptime,level,tags
 #1: stderr all=off uptime,level,tags

Environment Variables:
PATH=C:/Users/janme/.p2/pool/plugins/org.eclipse.justj.openjdk.hotspot.jre.full.win32.x86_64_15.0.2.v20210201-0955/jre/bin/server;C:/Users/janme/.p2/pool/plugins/org.eclipse.justj.openjdk.hotspot.jre.full.win32.x86_64_15.0.2.v20210201-0955/jre/bin;C:\Program Files\AdoptOpenJDK\jdk-8.0.282.8-hotspot\bin;C:\Program Files (x86)\Common Files\Oracle\Java\javapath;C:\Windows\system32;C:\Windows;C:\Windows\System32\Wbem;C:\Windows\System32\WindowsPowerShell\v1.0\;C:\Windows\System32\OpenSSH\;C:\Program Files (x86)\NVIDIA Corporation\PhysX\Common;C:\WINDOWS\system32;C:\WINDOWS;C:\WINDOWS\System32\Wbem;C:\WINDOWS\System32\WindowsPowerShell\v1.0\;C:\WINDOWS\System32\OpenSSH\;C:\Program Files\Docker\Docker\resources\bin;C:\ProgramData\DockerDesktop\version-bin;C:\Program Files\Git\cmd;C:\Users\janme\AppData\Local\Microsoft\WindowsApps;C:\Users\janme\AppData\Local\atom\bin;C:\Users\janme\AppData\Local\Microsoft\WindowsApps;C:\Users\janme\AppData\Local\GitHubDesktop\bin;C:\Users\janme\AppData\Roaming\OpenShell\Pinned;
USERNAME=janme
OS=Windows_NT
PROCESSOR_IDENTIFIER=Intel64 Family 6 Model 158 Stepping 12, GenuineIntel



---------------  S Y S T E M  ---------------

OS:
 Windows 10 , 64 bit Build 19041 (10.0.19041.1151)
OS uptime: 1 days 1:25 hours
HyperV virtualization detected

CPU: total 6 (initial active 6) (6 cores per cpu, 1 threads per core) family 6 model 158 stepping 12 microcode 0xde, cmov, cx8, fxsr, mmx, sse, sse2, sse3, ssse3, sse4.1, sse4.2, popcnt, vzeroupper, avx, avx2, aes, clmul, erms, 3dnowpref, lzcnt, tsc, tscinvbit, bmi1, bmi2, adx, fma, clflush, clflushopt

Memory: 4k page, system-wide physical 16310M (3767M free)
TotalPageFile size 16310M (AvailPageFile size 5M)
current process WorkingSet (physical memory assigned to process): 288M, peak: 288M
current process commit charge ("private bytes"): 432M, peak: 432M

vm_info: OpenJDK 64-Bit Server VM (15.0.2+7-27) for windows-amd64 JRE (15.0.2+7-27), built on Dec  7 2020 20:02:38 by "mach5one" with unknown MS VC++:1925

END.
